Running --model vgg19 --noise --prune_criterion weight_squared_div_flips --seed 42 --prune_freq 70 --prune_rate 0.5 --comment=vgg19_crit=weight_squared_div_flips_pf=70_seed=42 --save_model=pre-finetune/vgg19_weight_squared_div_flips_pf70_s42 --logdir=criterion_experiment_no_bias/vgg19
******************************
Running
{
    "model": "vgg19",
    "dataset": "cifar10",
    "batch_size": 128,
    "test_batch_size": 2000,
    "epochs": 350,
    "lr": 0.1,
    "device": "cuda",
    "seed": 42,
    "prune_criterion": "weight_squared_div_flips",
    "prune_freq": 70,
    "prune_rate": 0.5,
    "sensitivity": 0,
    "flip_threshold": 1,
    "stop_pruning_at": -1,
    "prune_bias": false,
    "prune_bnorm": false,
    "use_ema_flips": false,
    "beta_ema_flips": null,
    "reset_flip_cts": false,
    "normalize_magnitudes": false,
    "beta_ema_maghists": null,
    "logdir": "criterion_experiment_no_bias/vgg19",
    "opt": "sgd",
    "momentum": 0.9,
    "use_scheduler": true,
    "milestones": [
        150,
        250
    ],
    "reg_type": "wdecay",
    "lambda": 0.0005,
    "anneal_lambda": false,
    "anneal_lr": false,
    "add_noise": true,
    "scale_noise_by_lr": false,
    "stop_noise_at": -1,
    "noise_only_prunable": false,
    "noise_scale_factor": 1,
    "snip_sparsity": 0.0,
    "beta_ema": 0.999,
    "lambas": [
        1.0,
        1.0,
        1.0,
        1.0
    ],
    "local_rep": false,
    "temperature": 0.6666666666666666,
    "save_model": "pre-finetune/vgg19_weight_squared_div_flips_pf70_s42",
    "load_model": null,
    "parallel": false
}
******************************
Files already downloaded and verified
Files already downloaded and verified
Total prunable params of model: 20024000
Model has 20040522 total params.
num_weights=20029504
num_biases=11018
num.prunable=20024000
---Biases omitted from pruning---
---Bnorm omitted from pruning---
========== Epoch 1 ==========
LR =  0.1
Train - acc:        0.104000 loss:        2.718243
Test - acc:         0.130700 loss:        2.376117
Sparsity :          0.0000
Wdecay :        0.000500
========== Epoch 2 ==========
LR =  0.1
Train - acc:        0.217760 loss:        2.006799
Test - acc:         0.271900 loss:        1.870665
Sparsity :          0.0000
Wdecay :        0.000500
========== Epoch 3 ==========
LR =  0.1
Train - acc:        0.297260 loss:        1.794897
Test - acc:         0.362200 loss:        1.644529
Sparsity :          0.0000
Wdecay :        0.000500
========== Epoch 4 ==========
LR =  0.1
Train - acc:        0.414420 loss:        1.527382
Test - acc:         0.384000 loss:        1.644484
Sparsity :          0.0000
Wdecay :        0.000500
========== Epoch 5 ==========
LR =  0.1
Train - acc:        0.518700 loss:        1.326566
Test - acc:         0.503400 loss:        1.491033
Sparsity :          0.0000
Wdecay :        0.000500
========== Epoch 6 ==========
LR =  0.1
Train - acc:        0.615080 loss:        1.108830
Test - acc:         0.505000 loss:        1.498029
Sparsity :          0.0000
Wdecay :        0.000500
========== Epoch 7 ==========
LR =  0.1
Train - acc:        0.666460 loss:        0.988673
Test - acc:         0.658400 loss:        1.002956
Sparsity :          0.0000
Wdecay :        0.000500
========== Epoch 8 ==========
LR =  0.1
Train - acc:        0.709120 loss:        0.874903
Test - acc:         0.636600 loss:        1.287662
Sparsity :          0.0000
Wdecay :        0.000500
========== Epoch 9 ==========
LR =  0.1
Train - acc:        0.731720 loss:        0.813348
Test - acc:         0.651400 loss:        1.223787
Sparsity :          0.0000
Wdecay :        0.000500
========== Epoch 10 ==========
LR =  0.1
Train - acc:        0.754900 loss:        0.745460
Test - acc:         0.735700 loss:        0.818550
Sparsity :          0.0000
Wdecay :        0.000500
========== Epoch 11 ==========
LR =  0.1
Train - acc:        0.764920 loss:        0.715788
Test - acc:         0.657100 loss:        1.178176
Sparsity :          0.0000
Wdecay :        0.000500
========== Epoch 12 ==========
LR =  0.1
Train - acc:        0.774980 loss:        0.689548
Test - acc:         0.657900 loss:        1.163287
Sparsity :          0.0000
Wdecay :        0.000500
========== Epoch 13 ==========
LR =  0.1
Train - acc:        0.781380 loss:        0.667972
Test - acc:         0.743100 loss:        0.805025
Sparsity :          0.0000
Wdecay :        0.000500
========== Epoch 14 ==========
LR =  0.1
Train - acc:        0.785520 loss:        0.660618
Test - acc:         0.684300 loss:        1.101409
Sparsity :          0.0000
Wdecay :        0.000500
========== Epoch 15 ==========
LR =  0.1
Train - acc:        0.791480 loss:        0.644370
Test - acc:         0.723200 loss:        0.861721
Sparsity :          0.0000
Wdecay :        0.000500
========== Epoch 16 ==========
LR =  0.1
Train - acc:        0.793940 loss:        0.635592
Test - acc:         0.744500 loss:        0.907952
Sparsity :          0.0000
Wdecay :        0.000500
========== Epoch 17 ==========
LR =  0.1
Train - acc:        0.797740 loss:        0.621285
Test - acc:         0.762100 loss:        0.729169
Sparsity :          0.0000
Wdecay :        0.000500
========== Epoch 18 ==========
LR =  0.1
Train - acc:        0.800700 loss:        0.613860
Test - acc:         0.710300 loss:        0.907862
Sparsity :          0.0000
Wdecay :        0.000500
========== Epoch 19 ==========
LR =  0.1
Train - acc:        0.803760 loss:        0.610200
Test - acc:         0.732300 loss:        0.853393
Sparsity :          0.0000
Wdecay :        0.000500
========== Epoch 20 ==========
LR =  0.1
Train - acc:        0.807740 loss:        0.595498
Test - acc:         0.784000 loss:        0.705477
Sparsity :          0.0000
Wdecay :        0.000500
========== Epoch 21 ==========
LR =  0.1
Train - acc:        0.807560 loss:        0.594736
Test - acc:         0.752500 loss:        0.779057
Sparsity :          0.0000
Wdecay :        0.000500
========== Epoch 22 ==========
LR =  0.1
Train - acc:        0.810820 loss:        0.585076
Test - acc:         0.727100 loss:        0.870213
Sparsity :          0.0000
Wdecay :        0.000500
========== Epoch 23 ==========
LR =  0.1
Train - acc:        0.814800 loss:        0.570571
Test - acc:         0.791400 loss:        0.632741
Sparsity :          0.0000
Wdecay :        0.000500
========== Epoch 24 ==========
LR =  0.1
Train - acc:        0.816760 loss:        0.566251
Test - acc:         0.787500 loss:        0.667275
Sparsity :          0.0000
Wdecay :        0.000500
========== Epoch 25 ==========
LR =  0.1
Train - acc:        0.812280 loss:        0.579204
Test - acc:         0.770000 loss:        0.714722
Sparsity :          0.0000
Wdecay :        0.000500
========== Epoch 26 ==========
LR =  0.1
Train - acc:        0.821540 loss:        0.552373
Test - acc:         0.793600 loss:        0.638860
Sparsity :          0.0000
Wdecay :        0.000500
========== Epoch 27 ==========
LR =  0.1
Train - acc:        0.820720 loss:        0.557908
Test - acc:         0.741500 loss:        0.878304
Sparsity :          0.0000
Wdecay :        0.000500
========== Epoch 28 ==========
LR =  0.1
Train - acc:        0.821660 loss:        0.553534
Test - acc:         0.713300 loss:        0.984538
Sparsity :          0.0000
Wdecay :        0.000500
========== Epoch 29 ==========
LR =  0.1
Train - acc:        0.820440 loss:        0.560757
Test - acc:         0.782900 loss:        0.690656
Sparsity :          0.0000
Wdecay :        0.000500
========== Epoch 30 ==========
LR =  0.1
Train - acc:        0.821300 loss:        0.555406
Test - acc:         0.809300 loss:        0.617641
Sparsity :          0.0000
Wdecay :        0.000500
========== Epoch 31 ==========
LR =  0.1
Train - acc:        0.825080 loss:        0.546125
Test - acc:         0.715200 loss:        0.889496
Sparsity :          0.0000
Wdecay :        0.000500
========== Epoch 32 ==========
LR =  0.1
Train - acc:        0.823620 loss:        0.546504
Test - acc:         0.801200 loss:        0.608614
Sparsity :          0.0000
Wdecay :        0.000500
========== Epoch 33 ==========
LR =  0.1
Train - acc:        0.823600 loss:        0.541720
Test - acc:         0.753000 loss:        0.784193
Sparsity :          0.0000
Wdecay :        0.000500
========== Epoch 34 ==========
LR =  0.1
Train - acc:        0.825180 loss:        0.543560
Test - acc:         0.720800 loss:        0.915281
Sparsity :          0.0000
Wdecay :        0.000500
========== Epoch 35 ==========
LR =  0.1
Train - acc:        0.829380 loss:        0.531755
Test - acc:         0.771600 loss:        0.697956
Sparsity :          0.0000
Wdecay :        0.000500
========== Epoch 36 ==========
LR =  0.1
Train - acc:        0.830860 loss:        0.520896
Test - acc:         0.791900 loss:        0.642480
Sparsity :          0.0000
Wdecay :        0.000500
========== Epoch 37 ==========
LR =  0.1
Train - acc:        0.827600 loss:        0.528385
Test - acc:         0.752500 loss:        0.794267
Sparsity :          0.0000
Wdecay :        0.000500
========== Epoch 38 ==========
LR =  0.1
Train - acc:        0.829860 loss:        0.529083
Test - acc:         0.750200 loss:        0.786398
Sparsity :          0.0000
Wdecay :        0.000500
========== Epoch 39 ==========
LR =  0.1
Train - acc:        0.827200 loss:        0.533626
Test - acc:         0.767200 loss:        0.753464
Sparsity :          0.0000
Wdecay :        0.000500
========== Epoch 40 ==========
LR =  0.1
Train - acc:        0.828980 loss:        0.529054
Test - acc:         0.755600 loss:        0.772111
Sparsity :          0.0000
Wdecay :        0.000500
========== Epoch 41 ==========
LR =  0.1
Train - acc:        0.831460 loss:        0.516624
Test - acc:         0.744000 loss:        0.883261
Sparsity :          0.0000
Wdecay :        0.000500
========== Epoch 42 ==========
LR =  0.1
Train - acc:        0.829180 loss:        0.530973
Test - acc:         0.685600 loss:        1.067758
Sparsity :          0.0000
Wdecay :        0.000500
========== Epoch 43 ==========
LR =  0.1
Train - acc:        0.834460 loss:        0.513079
Test - acc:         0.741700 loss:        0.838087
Sparsity :          0.0000
Wdecay :        0.000500
========== Epoch 44 ==========
LR =  0.1
Train - acc:        0.832240 loss:        0.517125
Test - acc:         0.701400 loss:        1.078249
Sparsity :          0.0000
Wdecay :        0.000500
========== Epoch 45 ==========
LR =  0.1
Train - acc:        0.831760 loss:        0.517794
Test - acc:         0.728200 loss:        0.983483
Sparsity :          0.0000
Wdecay :        0.000500
========== Epoch 46 ==========
LR =  0.1
Train - acc:        0.830700 loss:        0.521428
Test - acc:         0.790300 loss:        0.680382
Sparsity :          0.0000
Wdecay :        0.000500
========== Epoch 47 ==========
LR =  0.1
Train - acc:        0.833560 loss:        0.514616
Test - acc:         0.774600 loss:        0.733232
Sparsity :          0.0000
Wdecay :        0.000500
========== Epoch 48 ==========
LR =  0.1
Train - acc:        0.828540 loss:        0.523976
Test - acc:         0.806700 loss:        0.601056
Sparsity :          0.0000
Wdecay :        0.000500
========== Epoch 49 ==========
LR =  0.1
Train - acc:        0.832060 loss:        0.518902
Test - acc:         0.811300 loss:        0.584603
Sparsity :          0.0000
Wdecay :        0.000500
========== Epoch 50 ==========
LR =  0.1
Train - acc:        0.833400 loss:        0.516480
Test - acc:         0.713000 loss:        1.028625
Sparsity :          0.0000
Wdecay :        0.000500
========== Epoch 51 ==========
LR =  0.1
Train - acc:        0.838600 loss:        0.504641
Test - acc:         0.767100 loss:        0.742977
Sparsity :          0.0000
Wdecay :        0.000500
========== Epoch 52 ==========
LR =  0.1
Train - acc:        0.835040 loss:        0.509355
Test - acc:         0.820500 loss:        0.549420
Sparsity :          0.0000
Wdecay :        0.000500
========== Epoch 53 ==========
LR =  0.1
Train - acc:        0.832780 loss:        0.513038
Test - acc:         0.714300 loss:        0.981904
Sparsity :          0.0000
Wdecay :        0.000500
========== Epoch 54 ==========
LR =  0.1
Train - acc:        0.835920 loss:        0.500362
Test - acc:         0.758500 loss:        0.836022
Sparsity :          0.0000
Wdecay :        0.000500
========== Epoch 55 ==========
LR =  0.1
Train - acc:        0.835240 loss:        0.508194
Test - acc:         0.807600 loss:        0.581282
Sparsity :          0.0000
Wdecay :        0.000500
========== Epoch 56 ==========
LR =  0.1
Train - acc:        0.837800 loss:        0.501709
Test - acc:         0.749000 loss:        0.914120
Sparsity :          0.0000
Wdecay :        0.000500
========== Epoch 57 ==========
LR =  0.1
Train - acc:        0.838320 loss:        0.499909
Test - acc:         0.716600 loss:        1.024931
Sparsity :          0.0000
Wdecay :        0.000500
========== Epoch 58 ==========
LR =  0.1
Train - acc:        0.835120 loss:        0.513518
Test - acc:         0.753300 loss:        0.808087
Sparsity :          0.0000
Wdecay :        0.000500
========== Epoch 59 ==========
LR =  0.1
Train - acc:        0.835680 loss:        0.511122
Test - acc:         0.814600 loss:        0.581844
Sparsity :          0.0000
Wdecay :        0.000500
========== Epoch 60 ==========
LR =  0.1
Train - acc:        0.836320 loss:        0.505902
Test - acc:         0.744700 loss:        0.858349
Sparsity :          0.0000
Wdecay :        0.000500
========== Epoch 61 ==========
LR =  0.1
Train - acc:        0.839860 loss:        0.496297
Test - acc:         0.786600 loss:        0.699814
Sparsity :          0.0000
Wdecay :        0.000500
========== Epoch 62 ==========
LR =  0.1
Train - acc:        0.835320 loss:        0.509374
Test - acc:         0.786600 loss:        0.680175
Sparsity :          0.0000
Wdecay :        0.000500
========== Epoch 63 ==========
LR =  0.1
Train - acc:        0.836600 loss:        0.503886
Test - acc:         0.757500 loss:        0.745542
Sparsity :          0.0000
Wdecay :        0.000500
========== Epoch 64 ==========
LR =  0.1
Train - acc:        0.841480 loss:        0.493082
Test - acc:         0.763500 loss:        0.717087
Sparsity :          0.0000
Wdecay :        0.000500
========== Epoch 65 ==========
LR =  0.1
Train - acc:        0.834220 loss:        0.511518
Test - acc:         0.753800 loss:        0.839775
Sparsity :          0.0000
Wdecay :        0.000500
========== Epoch 66 ==========
LR =  0.1
Train - acc:        0.836740 loss:        0.502315
Test - acc:         0.711300 loss:        0.951431
Sparsity :          0.0000
Wdecay :        0.000500
========== Epoch 67 ==========
LR =  0.1
Train - acc:        0.839060 loss:        0.493319
Test - acc:         0.783800 loss:        0.693896
Sparsity :          0.0000
Wdecay :        0.000500
========== Epoch 68 ==========
LR =  0.1
Train - acc:        0.834680 loss:        0.508782
Test - acc:         0.784300 loss:        0.667291
Sparsity :          0.0000
Wdecay :        0.000500
========== Epoch 69 ==========
LR =  0.1
Train - acc:        0.838880 loss:        0.499109
Test - acc:         0.836700 loss:        0.524212
Sparsity :          0.0000
Wdecay :        0.000500
========== Epoch 70 ==========
LR =  0.1
Train - acc:        0.838860 loss:        0.495167
Test - acc:         0.783600 loss:        0.694457
Sparsity :          0.5000
Wdecay :        0.000500
========== Epoch 71 ==========
LR =  0.1
Train - acc:        0.841420 loss:        0.486252
Test - acc:         0.763600 loss:        0.737055
Sparsity :          0.5000
Wdecay :        0.000500
========== Epoch 72 ==========
LR =  0.1
Train - acc:        0.843160 loss:        0.485364
Test - acc:         0.807900 loss:        0.618088
Sparsity :          0.5000
Wdecay :        0.000500
========== Epoch 73 ==========
LR =  0.1
Train - acc:        0.841700 loss:        0.485929
Test - acc:         0.781500 loss:        0.695701
Sparsity :          0.5000
Wdecay :        0.000500
========== Epoch 74 ==========
LR =  0.1
Train - acc:        0.842040 loss:        0.490172
Test - acc:         0.823200 loss:        0.535399
Sparsity :          0.5000
Wdecay :        0.000500
========== Epoch 75 ==========
LR =  0.1
Train - acc:        0.843060 loss:        0.483150
Test - acc:         0.792900 loss:        0.666929
Sparsity :          0.5000
Wdecay :        0.000500
========== Epoch 76 ==========
LR =  0.1
Train - acc:        0.843840 loss:        0.483041
Test - acc:         0.725000 loss:        0.890698
Sparsity :          0.5000
Wdecay :        0.000500
========== Epoch 77 ==========
LR =  0.1
Train - acc:        0.839060 loss:        0.489812
Test - acc:         0.786500 loss:        0.676524
Sparsity :          0.5000
Wdecay :        0.000500
========== Epoch 78 ==========
LR =  0.1
Train - acc:        0.841500 loss:        0.487288
Test - acc:         0.750500 loss:        0.832445
Sparsity :          0.5000
Wdecay :        0.000500
========== Epoch 79 ==========
LR =  0.1
Train - acc:        0.841240 loss:        0.482132
Test - acc:         0.790200 loss:        0.655105
Sparsity :          0.5000
Wdecay :        0.000500
========== Epoch 80 ==========
LR =  0.1
Train - acc:        0.841000 loss:        0.492855
Test - acc:         0.802100 loss:        0.603827
Sparsity :          0.5000
Wdecay :        0.000500
========== Epoch 81 ==========
LR =  0.1
Train - acc:        0.841320 loss:        0.481225
Test - acc:         0.733600 loss:        0.876797
Sparsity :          0.5000
Wdecay :        0.000500
========== Epoch 82 ==========
LR =  0.1
Train - acc:        0.843620 loss:        0.475693
Test - acc:         0.786100 loss:        0.696696
Sparsity :          0.5000
Wdecay :        0.000500
========== Epoch 83 ==========
LR =  0.1
Train - acc:        0.839460 loss:        0.491044
Test - acc:         0.733700 loss:        0.902036
Sparsity :          0.5000
Wdecay :        0.000500
========== Epoch 84 ==========
LR =  0.1
Train - acc:        0.842320 loss:        0.482167
Test - acc:         0.772500 loss:        0.732025
Sparsity :          0.5000
Wdecay :        0.000500
========== Epoch 85 ==========
LR =  0.1
Train - acc:        0.842880 loss:        0.480709
Test - acc:         0.806000 loss:        0.623421
Sparsity :          0.5000
Wdecay :        0.000500
========== Epoch 86 ==========
LR =  0.1
Train - acc:        0.845480 loss:        0.477060
Test - acc:         0.764300 loss:        0.751213
Sparsity :          0.5000
Wdecay :        0.000500
========== Epoch 87 ==========
LR =  0.1
Train - acc:        0.842000 loss:        0.488146
Test - acc:         0.792900 loss:        0.636123
Sparsity :          0.5000
Wdecay :        0.000500
========== Epoch 88 ==========
LR =  0.1
Train - acc:        0.842020 loss:        0.481468
Test - acc:         0.789800 loss:        0.642583
Sparsity :          0.5000
Wdecay :        0.000500
========== Epoch 89 ==========
LR =  0.1
Train - acc:        0.841060 loss:        0.488749
Test - acc:         0.754200 loss:        0.761690
Sparsity :          0.5000
Wdecay :        0.000500
========== Epoch 90 ==========
LR =  0.1
Train - acc:        0.842080 loss:        0.484113
Test - acc:         0.648800 loss:        1.380589
Sparsity :          0.5000
Wdecay :        0.000500
========== Epoch 91 ==========
LR =  0.1
Train - acc:        0.844420 loss:        0.476320
Test - acc:         0.819000 loss:        0.539241
Sparsity :          0.5000
Wdecay :        0.000500
========== Epoch 92 ==========
LR =  0.1
Train - acc:        0.842280 loss:        0.481999
Test - acc:         0.805800 loss:        0.623604
Sparsity :          0.5000
Wdecay :        0.000500
========== Epoch 93 ==========
LR =  0.1
Train - acc:        0.844040 loss:        0.475978
Test - acc:         0.774500 loss:        0.724632
Sparsity :          0.5000
Wdecay :        0.000500
========== Epoch 94 ==========
LR =  0.1
Train - acc:        0.843400 loss:        0.480103
Test - acc:         0.819000 loss:        0.589678
Sparsity :          0.5000
Wdecay :        0.000500
========== Epoch 95 ==========
LR =  0.1
Train - acc:        0.845160 loss:        0.475007
Test - acc:         0.800600 loss:        0.625465
Sparsity :          0.5000
Wdecay :        0.000500
========== Epoch 96 ==========
LR =  0.1
Train - acc:        0.846760 loss:        0.471031
Test - acc:         0.810400 loss:        0.596603
Sparsity :          0.5000
Wdecay :        0.000500
========== Epoch 97 ==========
LR =  0.1
Train - acc:        0.843440 loss:        0.482890
Test - acc:         0.719000 loss:        0.897324
Sparsity :          0.5000
Wdecay :        0.000500
========== Epoch 98 ==========
LR =  0.1
Train - acc:        0.847120 loss:        0.471433
Test - acc:         0.820700 loss:        0.562625
Sparsity :          0.5000
Wdecay :        0.000500
========== Epoch 99 ==========
LR =  0.1
Train - acc:        0.842420 loss:        0.484585
Test - acc:         0.788900 loss:        0.667861
Sparsity :          0.5000
Wdecay :        0.000500
========== Epoch 100 ==========
LR =  0.1
Train - acc:        0.845140 loss:        0.472292
Test - acc:         0.799700 loss:        0.607724
Sparsity :          0.5000
Wdecay :        0.000500
========== Epoch 101 ==========
LR =  0.1
Train - acc:        0.844680 loss:        0.475909
Test - acc:         0.817400 loss:        0.555644
Sparsity :          0.5000
Wdecay :        0.000500
========== Epoch 102 ==========
LR =  0.1
Train - acc:        0.845140 loss:        0.474970
Test - acc:         0.748800 loss:        0.797982
Sparsity :          0.5000
Wdecay :        0.000500
========== Epoch 103 ==========
LR =  0.1
Train - acc:        0.845500 loss:        0.477786
Test - acc:         0.777900 loss:        0.736284
Sparsity :          0.5000
Wdecay :        0.000500
========== Epoch 104 ==========
LR =  0.1
Train - acc:        0.843520 loss:        0.481995
Test - acc:         0.807100 loss:        0.625417
Sparsity :          0.5000
Wdecay :        0.000500
========== Epoch 105 ==========
LR =  0.1
Train - acc:        0.849220 loss:        0.465939
Test - acc:         0.828500 loss:        0.543780
Sparsity :          0.5000
Wdecay :        0.000500
========== Epoch 106 ==========
LR =  0.1
Train - acc:        0.842520 loss:        0.485826
Test - acc:         0.598600 loss:        1.511293
Sparsity :          0.5000
Wdecay :        0.000500
========== Epoch 107 ==========
LR =  0.1
Train - acc:        0.845580 loss:        0.475615
Test - acc:         0.812200 loss:        0.583693
Sparsity :          0.5000
Wdecay :        0.000500
========== Epoch 108 ==========
LR =  0.1
Train - acc:        0.847660 loss:        0.467109
Test - acc:         0.796000 loss:        0.619707
Sparsity :          0.5000
Wdecay :        0.000500
========== Epoch 109 ==========
LR =  0.1
Train - acc:        0.841980 loss:        0.487274
Test - acc:         0.825700 loss:        0.556131
Sparsity :          0.5000
Wdecay :        0.000500
========== Epoch 110 ==========
LR =  0.1
Train - acc:        0.846160 loss:        0.471370
Test - acc:         0.810800 loss:        0.589318
Sparsity :          0.5000
Wdecay :        0.000500
========== Epoch 111 ==========
LR =  0.1
Train - acc:        0.844320 loss:        0.477846
Test - acc:         0.747700 loss:        0.806429
Sparsity :          0.5000
Wdecay :        0.000500
========== Epoch 112 ==========
LR =  0.1
Train - acc:        0.840680 loss:        0.485583
Test - acc:         0.838200 loss:        0.513119
Sparsity :          0.5000
Wdecay :        0.000500
========== Epoch 113 ==========
LR =  0.1
Train - acc:        0.844000 loss:        0.477462
Test - acc:         0.797500 loss:        0.651817
Sparsity :          0.5000
Wdecay :        0.000500
========== Epoch 114 ==========
LR =  0.1
Train - acc:        0.845160 loss:        0.474974
Test - acc:         0.829500 loss:        0.535987
Sparsity :          0.5000
Wdecay :        0.000500
========== Epoch 115 ==========
LR =  0.1
Train - acc:        0.845280 loss:        0.477874
Test - acc:         0.794000 loss:        0.660411
Sparsity :          0.5000
Wdecay :        0.000500
========== Epoch 116 ==========
LR =  0.1
Train - acc:        0.843760 loss:        0.480789
Test - acc:         0.753600 loss:        0.862750
Sparsity :          0.5000
Wdecay :        0.000500
========== Epoch 117 ==========
LR =  0.1
Train - acc:        0.846660 loss:        0.471812
Test - acc:         0.783600 loss:        0.754227
Sparsity :          0.5000
Wdecay :        0.000500
========== Epoch 118 ==========
LR =  0.1
Train - acc:        0.845660 loss:        0.474127
Test - acc:         0.782700 loss:        0.683550
Sparsity :          0.5000
Wdecay :        0.000500
========== Epoch 119 ==========
LR =  0.1
Train - acc:        0.845360 loss:        0.474316
Test - acc:         0.834200 loss:        0.499924
Sparsity :          0.5000
Wdecay :        0.000500
========== Epoch 120 ==========
LR =  0.1
Train - acc:        0.843380 loss:        0.478514
Test - acc:         0.768300 loss:        0.741297
Sparsity :          0.5000
Wdecay :        0.000500
========== Epoch 121 ==========
LR =  0.1
Train - acc:        0.842160 loss:        0.480577
Test - acc:         0.809300 loss:        0.612470
Sparsity :          0.5000
Wdecay :        0.000500
========== Epoch 122 ==========
LR =  0.1
Train - acc:        0.845040 loss:        0.475295
Test - acc:         0.784700 loss:        0.651071
Sparsity :          0.5000
Wdecay :        0.000500
========== Epoch 123 ==========
LR =  0.1
Train - acc:        0.846020 loss:        0.476347
Test - acc:         0.781100 loss:        0.673767
Sparsity :          0.5000
Wdecay :        0.000500
========== Epoch 124 ==========
LR =  0.1
Train - acc:        0.843220 loss:        0.479488
Test - acc:         0.787700 loss:        0.680552
Sparsity :          0.5000
Wdecay :        0.000500
========== Epoch 125 ==========
LR =  0.1
Train - acc:        0.844080 loss:        0.475938
Test - acc:         0.770500 loss:        0.718436
Sparsity :          0.5000
Wdecay :        0.000500
========== Epoch 126 ==========
LR =  0.1
Train - acc:        0.845980 loss:        0.470446
Test - acc:         0.791500 loss:        0.684488
Sparsity :          0.5000
Wdecay :        0.000500
========== Epoch 127 ==========
LR =  0.1
Train - acc:        0.843200 loss:        0.478303
Test - acc:         0.815000 loss:        0.570782
Sparsity :          0.5000
Wdecay :        0.000500
========== Epoch 128 ==========
LR =  0.1
Train - acc:        0.843820 loss:        0.475233
Test - acc:         0.744000 loss:        0.807932
Sparsity :          0.5000
Wdecay :        0.000500
========== Epoch 129 ==========
LR =  0.1
Train - acc:        0.846820 loss:        0.470440
Test - acc:         0.809100 loss:        0.578801
Sparsity :          0.5000
Wdecay :        0.000500
========== Epoch 130 ==========
LR =  0.1
Train - acc:        0.848240 loss:        0.469730
Test - acc:         0.791000 loss:        0.694791
Sparsity :          0.5000
Wdecay :        0.000500
========== Epoch 131 ==========
LR =  0.1
Train - acc:        0.845660 loss:        0.474263
Test - acc:         0.792400 loss:        0.630622
Sparsity :          0.5000
Wdecay :        0.000500
========== Epoch 132 ==========
LR =  0.1
Train - acc:        0.847380 loss:        0.474512
Test - acc:         0.809600 loss:        0.617254
Sparsity :          0.5000
Wdecay :        0.000500
========== Epoch 133 ==========
LR =  0.1
Train - acc:        0.844800 loss:        0.475559
Test - acc:         0.710200 loss:        0.885265
Sparsity :          0.5000
Wdecay :        0.000500
========== Epoch 134 ==========
LR =  0.1
Train - acc:        0.845280 loss:        0.477489
Test - acc:         0.770800 loss:        0.715720
Sparsity :          0.5000
Wdecay :        0.000500
========== Epoch 135 ==========
LR =  0.1
Train - acc:        0.843280 loss:        0.476748
Test - acc:         0.776300 loss:        0.708099
Sparsity :          0.5000
Wdecay :        0.000500
========== Epoch 136 ==========
LR =  0.1
Train - acc:        0.844420 loss:        0.477207
Test - acc:         0.778800 loss:        0.688556
Sparsity :          0.5000
Wdecay :        0.000500
========== Epoch 137 ==========
LR =  0.1
Train - acc:        0.845860 loss:        0.470470
Test - acc:         0.779400 loss:        0.701047
Sparsity :          0.5000
Wdecay :        0.000500
========== Epoch 138 ==========
LR =  0.1
Train - acc:        0.849580 loss:        0.463031
Test - acc:         0.792300 loss:        0.663315
Sparsity :          0.5000
Wdecay :        0.000500
========== Epoch 139 ==========
LR =  0.1
Train - acc:        0.847000 loss:        0.469137
Test - acc:         0.777000 loss:        0.710171
Sparsity :          0.5000
Wdecay :        0.000500
========== Epoch 140 ==========
LR =  0.1
Train - acc:        0.848000 loss:        0.466501
Test - acc:         0.755700 loss:        0.821862
Sparsity :          0.7500
Wdecay :        0.000500
========== Epoch 141 ==========
LR =  0.1
Train - acc:        0.851600 loss:        0.456750
Test - acc:         0.832000 loss:        0.515107
Sparsity :          0.7500
Wdecay :        0.000500
========== Epoch 142 ==========
LR =  0.1
Train - acc:        0.847460 loss:        0.465109
Test - acc:         0.764800 loss:        0.783748
Sparsity :          0.7500
Wdecay :        0.000500
========== Epoch 143 ==========
LR =  0.1
Train - acc:        0.848520 loss:        0.468640
Test - acc:         0.789300 loss:        0.660473
Sparsity :          0.7500
Wdecay :        0.000500
========== Epoch 144 ==========
LR =  0.1
Train - acc:        0.845180 loss:        0.473401
Test - acc:         0.734800 loss:        0.902495
Sparsity :          0.7500
Wdecay :        0.000500
========== Epoch 145 ==========
LR =  0.1
Train - acc:        0.849160 loss:        0.463514
Test - acc:         0.649800 loss:        1.641065
Sparsity :          0.7500
Wdecay :        0.000500
========== Epoch 146 ==========
LR =  0.1
Train - acc:        0.849280 loss:        0.464051
Test - acc:         0.803400 loss:        0.597614
Sparsity :          0.7500
Wdecay :        0.000500
========== Epoch 147 ==========
LR =  0.1
Train - acc:        0.846160 loss:        0.469397
Test - acc:         0.781500 loss:        0.666691
Sparsity :          0.7500
Wdecay :        0.000500
========== Epoch 148 ==========
LR =  0.1
Train - acc:        0.845740 loss:        0.470711
Test - acc:         0.812400 loss:        0.577761
Sparsity :          0.7500
Wdecay :        0.000500
========== Epoch 149 ==========
LR =  0.1
Train - acc:        0.850580 loss:        0.461365
Test - acc:         0.795200 loss:        0.698805
Sparsity :          0.7500
Wdecay :        0.000500
========== Epoch 150 ==========
LR =  0.010000000000000002
Train - acc:        0.846520 loss:        0.472615
Test - acc:         0.817200 loss:        0.571519
Sparsity :          0.7500
Wdecay :        0.000500
========== Epoch 151 ==========
LR =  0.010000000000000002
Train - acc:        0.907200 loss:        0.280924
Test - acc:         0.895700 loss:        0.316852
Sparsity :          0.7500
Wdecay :        0.000500
========== Epoch 152 ==========
LR =  0.010000000000000002
Train - acc:        0.924020 loss:        0.228888
Test - acc:         0.905600 loss:        0.297814
Sparsity :          0.7500
Wdecay :        0.000500
========== Epoch 153 ==========
LR =  0.010000000000000002
Train - acc:        0.932600 loss:        0.204461
Test - acc:         0.902900 loss:        0.292735
Sparsity :          0.7500
Wdecay :        0.000500
========== Epoch 154 ==========
LR =  0.010000000000000002
Train - acc:        0.936280 loss:        0.190635
Test - acc:         0.910200 loss:        0.283284
Sparsity :          0.7500
Wdecay :        0.000500
========== Epoch 155 ==========
LR =  0.010000000000000002
Train - acc:        0.941840 loss:        0.176428
Test - acc:         0.908700 loss:        0.296472
Sparsity :          0.7500
Wdecay :        0.000500
========== Epoch 156 ==========
LR =  0.010000000000000002
Train - acc:        0.943660 loss:        0.170356
Test - acc:         0.908800 loss:        0.291050
Sparsity :          0.7500
Wdecay :        0.000500
========== Epoch 157 ==========
LR =  0.010000000000000002
Train - acc:        0.946940 loss:        0.158509
Test - acc:         0.909900 loss:        0.282413
Sparsity :          0.7500
Wdecay :        0.000500
========== Epoch 158 ==========
LR =  0.010000000000000002
Train - acc:        0.949140 loss:        0.154622
Test - acc:         0.908400 loss:        0.289631
Sparsity :          0.7500
Wdecay :        0.000500
========== Epoch 159 ==========
LR =  0.010000000000000002
Train - acc:        0.951840 loss:        0.146172
Test - acc:         0.905400 loss:        0.302997
Sparsity :          0.7500
Wdecay :        0.000500
========== Epoch 160 ==========
LR =  0.010000000000000002
Train - acc:        0.954260 loss:        0.137395
Test - acc:         0.909200 loss:        0.292799
Sparsity :          0.7500
Wdecay :        0.000500
========== Epoch 161 ==========
LR =  0.010000000000000002
Train - acc:        0.954240 loss:        0.135195
Test - acc:         0.909300 loss:        0.297199
Sparsity :          0.7500
Wdecay :        0.000500
========== Epoch 162 ==========
LR =  0.010000000000000002
Train - acc:        0.956800 loss:        0.131084
Test - acc:         0.904100 loss:        0.312907
Sparsity :          0.7500
Wdecay :        0.000500
========== Epoch 163 ==========
LR =  0.010000000000000002
Train - acc:        0.956780 loss:        0.126095
Test - acc:         0.905700 loss:        0.317072
Sparsity :          0.7500
Wdecay :        0.000500
========== Epoch 164 ==========
LR =  0.010000000000000002
Train - acc:        0.959440 loss:        0.120869
Test - acc:         0.907300 loss:        0.310424
Sparsity :          0.7500
Wdecay :        0.000500
========== Epoch 165 ==========
LR =  0.010000000000000002
Train - acc:        0.958960 loss:        0.120916
Test - acc:         0.901200 loss:        0.327588
Sparsity :          0.7500
Wdecay :        0.000500
========== Epoch 166 ==========
LR =  0.010000000000000002
Train - acc:        0.959940 loss:        0.116555
Test - acc:         0.905000 loss:        0.323393
Sparsity :          0.7500
Wdecay :        0.000500
========== Epoch 167 ==========
LR =  0.010000000000000002
Train - acc:        0.960760 loss:        0.116255
Test - acc:         0.908600 loss:        0.311600
Sparsity :          0.7500
Wdecay :        0.000500
========== Epoch 168 ==========
LR =  0.010000000000000002
Train - acc:        0.961040 loss:        0.112461
Test - acc:         0.903800 loss:        0.321365
Sparsity :          0.7500
Wdecay :        0.000500
========== Epoch 169 ==========
LR =  0.010000000000000002
Train - acc:        0.962440 loss:        0.110496
Test - acc:         0.905600 loss:        0.328699
Sparsity :          0.7500
Wdecay :        0.000500
========== Epoch 170 ==========
LR =  0.010000000000000002
Train - acc:        0.962120 loss:        0.110815
Test - acc:         0.908100 loss:        0.325931
Sparsity :          0.7500
Wdecay :        0.000500
========== Epoch 171 ==========
LR =  0.010000000000000002
Train - acc:        0.963840 loss:        0.108358
Test - acc:         0.901400 loss:        0.338326
Sparsity :          0.7500
Wdecay :        0.000500
========== Epoch 172 ==========
LR =  0.010000000000000002
Train - acc:        0.962200 loss:        0.108772
Test - acc:         0.902600 loss:        0.345388
Sparsity :          0.7500
Wdecay :        0.000500
========== Epoch 173 ==========
LR =  0.010000000000000002
Train - acc:        0.962340 loss:        0.110464
Test - acc:         0.903000 loss:        0.341171
Sparsity :          0.7500
Wdecay :        0.000500
========== Epoch 174 ==========
LR =  0.010000000000000002
Train - acc:        0.963060 loss:        0.108240
Test - acc:         0.902500 loss:        0.343566
Sparsity :          0.7500
Wdecay :        0.000500
========== Epoch 175 ==========
LR =  0.010000000000000002
Train - acc:        0.965960 loss:        0.102271
Test - acc:         0.903100 loss:        0.342518
Sparsity :          0.7500
Wdecay :        0.000500
========== Epoch 176 ==========
LR =  0.010000000000000002
Train - acc:        0.964140 loss:        0.108038
Test - acc:         0.902200 loss:        0.351093
Sparsity :          0.7500
Wdecay :        0.000500
========== Epoch 177 ==========
LR =  0.010000000000000002
Train - acc:        0.962780 loss:        0.108630
Test - acc:         0.909300 loss:        0.312851
Sparsity :          0.7500
Wdecay :        0.000500
========== Epoch 178 ==========
LR =  0.010000000000000002
Train - acc:        0.965000 loss:        0.105838
Test - acc:         0.900000 loss:        0.355346
Sparsity :          0.7500
Wdecay :        0.000500
========== Epoch 179 ==========
LR =  0.010000000000000002
Train - acc:        0.961980 loss:        0.111824
Test - acc:         0.900700 loss:        0.344160
Sparsity :          0.7500
Wdecay :        0.000500
========== Epoch 180 ==========
LR =  0.010000000000000002
Train - acc:        0.962540 loss:        0.109262
Test - acc:         0.896300 loss:        0.367672
Sparsity :          0.7500
Wdecay :        0.000500
========== Epoch 181 ==========
LR =  0.010000000000000002
Train - acc:        0.965440 loss:        0.103066
Test - acc:         0.888300 loss:        0.402366
Sparsity :          0.7500
Wdecay :        0.000500
========== Epoch 182 ==========
LR =  0.010000000000000002
Train - acc:        0.962460 loss:        0.111710
Test - acc:         0.903700 loss:        0.344205
Sparsity :          0.7500
Wdecay :        0.000500
========== Epoch 183 ==========
LR =  0.010000000000000002
Train - acc:        0.963860 loss:        0.107987
Test - acc:         0.900700 loss:        0.358795
Sparsity :          0.7500
Wdecay :        0.000500
========== Epoch 184 ==========
LR =  0.010000000000000002
Train - acc:        0.963520 loss:        0.108336
Test - acc:         0.903400 loss:        0.337559
Sparsity :          0.7500
Wdecay :        0.000500
========== Epoch 185 ==========
LR =  0.010000000000000002
Train - acc:        0.963600 loss:        0.107759
Test - acc:         0.898200 loss:        0.355653
Sparsity :          0.7500
Wdecay :        0.000500
========== Epoch 186 ==========
LR =  0.010000000000000002
Train - acc:        0.962400 loss:        0.110211
Test - acc:         0.899600 loss:        0.334757
Sparsity :          0.7500
Wdecay :        0.000500
========== Epoch 187 ==========
LR =  0.010000000000000002
Train - acc:        0.965300 loss:        0.104073
Test - acc:         0.904900 loss:        0.331137
Sparsity :          0.7500
Wdecay :        0.000500
========== Epoch 188 ==========
LR =  0.010000000000000002
Train - acc:        0.962620 loss:        0.108832
Test - acc:         0.899200 loss:        0.345770
Sparsity :          0.7500
Wdecay :        0.000500
========== Epoch 189 ==========
LR =  0.010000000000000002
Train - acc:        0.964280 loss:        0.106715
Test - acc:         0.902500 loss:        0.339895
Sparsity :          0.7500
Wdecay :        0.000500
========== Epoch 190 ==========
LR =  0.010000000000000002
Train - acc:        0.964040 loss:        0.107245
Test - acc:         0.892500 loss:        0.373939
Sparsity :          0.7500
Wdecay :        0.000500
========== Epoch 191 ==========
LR =  0.010000000000000002
Train - acc:        0.963940 loss:        0.109259
Test - acc:         0.901300 loss:        0.362201
Sparsity :          0.7500
Wdecay :        0.000500
========== Epoch 192 ==========
LR =  0.010000000000000002
Train - acc:        0.962360 loss:        0.109724
Test - acc:         0.889000 loss:        0.394481
Sparsity :          0.7500
Wdecay :        0.000500
========== Epoch 193 ==========
LR =  0.010000000000000002
Train - acc:        0.962520 loss:        0.111233
Test - acc:         0.889300 loss:        0.382466
Sparsity :          0.7500
Wdecay :        0.000500
========== Epoch 194 ==========
LR =  0.010000000000000002
Train - acc:        0.963440 loss:        0.109714
Test - acc:         0.899300 loss:        0.352980
Sparsity :          0.7500
Wdecay :        0.000500
========== Epoch 195 ==========
LR =  0.010000000000000002
Train - acc:        0.962820 loss:        0.108374
Test - acc:         0.895700 loss:        0.371494
Sparsity :          0.7500
Wdecay :        0.000500
========== Epoch 196 ==========
LR =  0.010000000000000002
Train - acc:        0.962920 loss:        0.111741
Test - acc:         0.902300 loss:        0.335722
Sparsity :          0.7500
Wdecay :        0.000500
========== Epoch 197 ==========
LR =  0.010000000000000002
Train - acc:        0.963680 loss:        0.107433
Test - acc:         0.900900 loss:        0.345419
Sparsity :          0.7500
Wdecay :        0.000500
========== Epoch 198 ==========
LR =  0.010000000000000002
Train - acc:        0.964260 loss:        0.107078
Test - acc:         0.897400 loss:        0.382545
Sparsity :          0.7500
Wdecay :        0.000500
========== Epoch 199 ==========
LR =  0.010000000000000002
Train - acc:        0.962660 loss:        0.110282
Test - acc:         0.898500 loss:        0.354206
Sparsity :          0.7500
Wdecay :        0.000500
========== Epoch 200 ==========
LR =  0.010000000000000002
Train - acc:        0.965400 loss:        0.103814
Test - acc:         0.898200 loss:        0.352579
Sparsity :          0.7500
Wdecay :        0.000500
========== Epoch 201 ==========
LR =  0.010000000000000002
Train - acc:        0.963340 loss:        0.107949
Test - acc:         0.901900 loss:        0.343298
Sparsity :          0.7500
Wdecay :        0.000500
========== Epoch 202 ==========
LR =  0.010000000000000002
Train - acc:        0.963840 loss:        0.109062
Test - acc:         0.897400 loss:        0.369776
Sparsity :          0.7500
Wdecay :        0.000500
========== Epoch 203 ==========
LR =  0.010000000000000002
Train - acc:        0.963520 loss:        0.107774
Test - acc:         0.904400 loss:        0.341978
Sparsity :          0.7500
Wdecay :        0.000500
========== Epoch 204 ==========
LR =  0.010000000000000002
Train - acc:        0.963720 loss:        0.107415
Test - acc:         0.895500 loss:        0.375992
Sparsity :          0.7500
Wdecay :        0.000500
========== Epoch 205 ==========
LR =  0.010000000000000002
Train - acc:        0.963800 loss:        0.107791
Test - acc:         0.896100 loss:        0.360276
Sparsity :          0.7500
Wdecay :        0.000500
========== Epoch 206 ==========
LR =  0.010000000000000002
Train - acc:        0.961740 loss:        0.110688
Test - acc:         0.897500 loss:        0.376696
Sparsity :          0.7500
Wdecay :        0.000500
========== Epoch 207 ==========
LR =  0.010000000000000002
Train - acc:        0.962960 loss:        0.109617
Test - acc:         0.897900 loss:        0.359616
Sparsity :          0.7500
Wdecay :        0.000500
========== Epoch 208 ==========
LR =  0.010000000000000002
Train - acc:        0.965120 loss:        0.104507
Test - acc:         0.890500 loss:        0.396963
Sparsity :          0.7500
Wdecay :        0.000500
========== Epoch 209 ==========
LR =  0.010000000000000002
Train - acc:        0.962940 loss:        0.108975
Test - acc:         0.896000 loss:        0.370575
Sparsity :          0.7500
Wdecay :        0.000500
========== Epoch 210 ==========
LR =  0.010000000000000002
Train - acc:        0.964600 loss:        0.106250
Test - acc:         0.906100 loss:        0.328538
Sparsity :          0.8750
Wdecay :        0.000500
========== Epoch 211 ==========
LR =  0.010000000000000002
Train - acc:        0.968520 loss:        0.096323
Test - acc:         0.900800 loss:        0.361086
Sparsity :          0.8750
Wdecay :        0.000500
========== Epoch 212 ==========
LR =  0.010000000000000002
Train - acc:        0.969360 loss:        0.090798
Test - acc:         0.892700 loss:        0.373296
Sparsity :          0.8750
Wdecay :        0.000500
========== Epoch 213 ==========
LR =  0.010000000000000002
Train - acc:        0.965820 loss:        0.100810
Test - acc:         0.897900 loss:        0.383929
Sparsity :          0.8750
Wdecay :        0.000500
========== Epoch 214 ==========
LR =  0.010000000000000002
Train - acc:        0.968340 loss:        0.094399
Test - acc:         0.891200 loss:        0.404033
Sparsity :          0.8750
Wdecay :        0.000500
========== Epoch 215 ==========
LR =  0.010000000000000002
Train - acc:        0.967340 loss:        0.095962
Test - acc:         0.904500 loss:        0.349881
Sparsity :          0.8750
Wdecay :        0.000500
========== Epoch 216 ==========
LR =  0.010000000000000002
Train - acc:        0.967260 loss:        0.096155
Test - acc:         0.903200 loss:        0.358876
Sparsity :          0.8750
Wdecay :        0.000500
========== Epoch 217 ==========
LR =  0.010000000000000002
Train - acc:        0.967360 loss:        0.098276
Test - acc:         0.897000 loss:        0.374087
Sparsity :          0.8750
Wdecay :        0.000500
========== Epoch 218 ==========
LR =  0.010000000000000002
Train - acc:        0.968860 loss:        0.093717
Test - acc:         0.897300 loss:        0.395077
Sparsity :          0.8750
Wdecay :        0.000500
========== Epoch 219 ==========
LR =  0.010000000000000002
Train - acc:        0.968740 loss:        0.093807
Test - acc:         0.898100 loss:        0.369367
Sparsity :          0.8750
Wdecay :        0.000500
========== Epoch 220 ==========
LR =  0.010000000000000002
Train - acc:        0.967640 loss:        0.095243
Test - acc:         0.907500 loss:        0.325441
Sparsity :          0.8750
Wdecay :        0.000500
========== Epoch 221 ==========
LR =  0.010000000000000002
Train - acc:        0.967860 loss:        0.097442
Test - acc:         0.895400 loss:        0.382644
Sparsity :          0.8750
Wdecay :        0.000500
========== Epoch 222 ==========
LR =  0.010000000000000002
Train - acc:        0.967300 loss:        0.098337
Test - acc:         0.905100 loss:        0.347292
Sparsity :          0.8750
Wdecay :        0.000500
========== Epoch 223 ==========
LR =  0.010000000000000002
Train - acc:        0.968120 loss:        0.094862
Test - acc:         0.889400 loss:        0.418270
Sparsity :          0.8750
Wdecay :        0.000500
========== Epoch 224 ==========
LR =  0.010000000000000002
Train - acc:        0.966260 loss:        0.103318
Test - acc:         0.891300 loss:        0.404109
Sparsity :          0.8750
Wdecay :        0.000500
========== Epoch 225 ==========
LR =  0.010000000000000002
Train - acc:        0.965820 loss:        0.100630
Test - acc:         0.900700 loss:        0.348546
Sparsity :          0.8750
Wdecay :        0.000500
========== Epoch 226 ==========
LR =  0.010000000000000002
Train - acc:        0.969020 loss:        0.092492
Test - acc:         0.897700 loss:        0.376316
Sparsity :          0.8750
Wdecay :        0.000500
========== Epoch 227 ==========
LR =  0.010000000000000002
Train - acc:        0.963380 loss:        0.106303
Test - acc:         0.900500 loss:        0.347052
Sparsity :          0.8750
Wdecay :        0.000500
========== Epoch 228 ==========
LR =  0.010000000000000002
Train - acc:        0.966640 loss:        0.099444
Test - acc:         0.892600 loss:        0.392494
Sparsity :          0.8750
Wdecay :        0.000500
========== Epoch 229 ==========
LR =  0.010000000000000002
Train - acc:        0.966720 loss:        0.097938
Test - acc:         0.900200 loss:        0.359684
Sparsity :          0.8750
Wdecay :        0.000500
========== Epoch 230 ==========
LR =  0.010000000000000002
Train - acc:        0.967900 loss:        0.096138
Test - acc:         0.896700 loss:        0.378613
Sparsity :          0.8750
Wdecay :        0.000500
========== Epoch 231 ==========
LR =  0.010000000000000002
Train - acc:        0.967220 loss:        0.098392
Test - acc:         0.894700 loss:        0.399084
Sparsity :          0.8750
Wdecay :        0.000500
========== Epoch 232 ==========
LR =  0.010000000000000002
Train - acc:        0.966200 loss:        0.100640
Test - acc:         0.902000 loss:        0.360690
Sparsity :          0.8750
Wdecay :        0.000500
========== Epoch 233 ==========
LR =  0.010000000000000002
Train - acc:        0.967780 loss:        0.097092
Test - acc:         0.897800 loss:        0.377990
Sparsity :          0.8750
Wdecay :        0.000500
========== Epoch 234 ==========
LR =  0.010000000000000002
Train - acc:        0.966760 loss:        0.098416
Test - acc:         0.904000 loss:        0.347324
Sparsity :          0.8750
Wdecay :        0.000500
========== Epoch 235 ==========
LR =  0.010000000000000002
Train - acc:        0.968580 loss:        0.096433
Test - acc:         0.886300 loss:        0.426659
Sparsity :          0.8750
Wdecay :        0.000500
========== Epoch 236 ==========
LR =  0.010000000000000002
Train - acc:        0.969360 loss:        0.092400
Test - acc:         0.903400 loss:        0.356596
Sparsity :          0.8750
Wdecay :        0.000500
========== Epoch 237 ==========
LR =  0.010000000000000002
Train - acc:        0.967920 loss:        0.097600
Test - acc:         0.902300 loss:        0.352834
Sparsity :          0.8750
Wdecay :        0.000500
========== Epoch 238 ==========
LR =  0.010000000000000002
Train - acc:        0.966680 loss:        0.097496
Test - acc:         0.906600 loss:        0.330771
Sparsity :          0.8750
Wdecay :        0.000500
========== Epoch 239 ==========
LR =  0.010000000000000002
Train - acc:        0.968200 loss:        0.094836
Test - acc:         0.901900 loss:        0.370356
Sparsity :          0.8750
Wdecay :        0.000500
========== Epoch 240 ==========
LR =  0.010000000000000002
Train - acc:        0.970980 loss:        0.088094
Test - acc:         0.910100 loss:        0.337898
Sparsity :          0.8750
Wdecay :        0.000500
========== Epoch 241 ==========
LR =  0.010000000000000002
Train - acc:        0.968480 loss:        0.094110
Test - acc:         0.892800 loss:        0.416946
Sparsity :          0.8750
Wdecay :        0.000500
========== Epoch 242 ==========
LR =  0.010000000000000002
Train - acc:        0.967060 loss:        0.099025
Test - acc:         0.904800 loss:        0.362807
Sparsity :          0.8750
Wdecay :        0.000500
========== Epoch 243 ==========
LR =  0.010000000000000002
Train - acc:        0.969540 loss:        0.091740
Test - acc:         0.897300 loss:        0.376259
Sparsity :          0.8750
Wdecay :        0.000500
========== Epoch 244 ==========
LR =  0.010000000000000002
Train - acc:        0.967760 loss:        0.096212
Test - acc:         0.894900 loss:        0.384228
Sparsity :          0.8750
Wdecay :        0.000500
========== Epoch 245 ==========
LR =  0.010000000000000002
Train - acc:        0.970200 loss:        0.088742
Test - acc:         0.899800 loss:        0.362163
Sparsity :          0.8750
Wdecay :        0.000500
========== Epoch 246 ==========
LR =  0.010000000000000002
Train - acc:        0.969340 loss:        0.091676
Test - acc:         0.895700 loss:        0.401585
Sparsity :          0.8750
Wdecay :        0.000500
========== Epoch 247 ==========
LR =  0.010000000000000002
Train - acc:        0.969840 loss:        0.090165
Test - acc:         0.905100 loss:        0.365213
Sparsity :          0.8750
Wdecay :        0.000500
========== Epoch 248 ==========
LR =  0.010000000000000002
Train - acc:        0.969900 loss:        0.089757
Test - acc:         0.902600 loss:        0.365284
Sparsity :          0.8750
Wdecay :        0.000500
========== Epoch 249 ==========
LR =  0.010000000000000002
Train - acc:        0.967160 loss:        0.098115
Test - acc:         0.910300 loss:        0.331593
Sparsity :          0.8750
Wdecay :        0.000500
========== Epoch 250 ==========
LR =  0.0010000000000000002
Train - acc:        0.969600 loss:        0.091093
Test - acc:         0.905500 loss:        0.334149
Sparsity :          0.8750
Wdecay :        0.000500
========== Epoch 251 ==========
LR =  0.0010000000000000002
Train - acc:        0.984340 loss:        0.050002
Test - acc:         0.921000 loss:        0.288737
Sparsity :          0.8750
Wdecay :        0.000500
========== Epoch 252 ==========
LR =  0.0010000000000000002
Train - acc:        0.990140 loss:        0.033366
Test - acc:         0.921900 loss:        0.293401
Sparsity :          0.8750
Wdecay :        0.000500
========== Epoch 253 ==========
LR =  0.0010000000000000002
Train - acc:        0.991440 loss:        0.027153
Test - acc:         0.922400 loss:        0.295247
Sparsity :          0.8750
Wdecay :        0.000500
========== Epoch 254 ==========
LR =  0.0010000000000000002
Train - acc:        0.992800 loss:        0.024029
Test - acc:         0.923200 loss:        0.298346
Sparsity :          0.8750
Wdecay :        0.000500
========== Epoch 255 ==========
LR =  0.0010000000000000002
Train - acc:        0.993960 loss:        0.020540
Test - acc:         0.923000 loss:        0.304450
Sparsity :          0.8750
Wdecay :        0.000500
========== Epoch 256 ==========
LR =  0.0010000000000000002
Train - acc:        0.994160 loss:        0.019296
Test - acc:         0.922300 loss:        0.310038
Sparsity :          0.8750
Wdecay :        0.000500
========== Epoch 257 ==========
LR =  0.0010000000000000002
Train - acc:        0.994760 loss:        0.017387
Test - acc:         0.925500 loss:        0.308705
Sparsity :          0.8750
Wdecay :        0.000500
========== Epoch 258 ==========
LR =  0.0010000000000000002
Train - acc:        0.995320 loss:        0.016697
Test - acc:         0.924300 loss:        0.310095
Sparsity :          0.8750
Wdecay :        0.000500
========== Epoch 259 ==========
LR =  0.0010000000000000002
Train - acc:        0.996240 loss:        0.013972
Test - acc:         0.925200 loss:        0.311630
Sparsity :          0.8750
Wdecay :        0.000500
========== Epoch 260 ==========
LR =  0.0010000000000000002
Train - acc:        0.996540 loss:        0.012833
Test - acc:         0.925300 loss:        0.313973
Sparsity :          0.8750
Wdecay :        0.000500
========== Epoch 261 ==========
LR =  0.0010000000000000002
Train - acc:        0.996600 loss:        0.012602
Test - acc:         0.927100 loss:        0.311988
Sparsity :          0.8750
Wdecay :        0.000500
========== Epoch 262 ==========
LR =  0.0010000000000000002
Train - acc:        0.996640 loss:        0.012016
Test - acc:         0.927100 loss:        0.316113
Sparsity :          0.8750
Wdecay :        0.000500
========== Epoch 263 ==========
LR =  0.0010000000000000002
Train - acc:        0.996360 loss:        0.011806
Test - acc:         0.927500 loss:        0.314914
Sparsity :          0.8750
Wdecay :        0.000500
========== Epoch 264 ==========
LR =  0.0010000000000000002
Train - acc:        0.996980 loss:        0.010954
Test - acc:         0.925900 loss:        0.320407
Sparsity :          0.8750
Wdecay :        0.000500
========== Epoch 265 ==========
LR =  0.0010000000000000002
Train - acc:        0.996700 loss:        0.011617
Test - acc:         0.924700 loss:        0.324761
Sparsity :          0.8750
Wdecay :        0.000500
========== Epoch 266 ==========
LR =  0.0010000000000000002
Train - acc:        0.996800 loss:        0.010717
Test - acc:         0.927600 loss:        0.323013
Sparsity :          0.8750
Wdecay :        0.000500
========== Epoch 267 ==========
LR =  0.0010000000000000002
Train - acc:        0.997200 loss:        0.009884
Test - acc:         0.926100 loss:        0.324231
Sparsity :          0.8750
Wdecay :        0.000500
========== Epoch 268 ==========
LR =  0.0010000000000000002
Train - acc:        0.997520 loss:        0.009388
Test - acc:         0.928000 loss:        0.325731
Sparsity :          0.8750
Wdecay :        0.000500
========== Epoch 269 ==========
LR =  0.0010000000000000002
Train - acc:        0.997060 loss:        0.009563
Test - acc:         0.926700 loss:        0.324894
Sparsity :          0.8750
Wdecay :        0.000500
========== Epoch 270 ==========
LR =  0.0010000000000000002
Train - acc:        0.997620 loss:        0.008377
Test - acc:         0.925600 loss:        0.330246
Sparsity :          0.8750
Wdecay :        0.000500
========== Epoch 271 ==========
LR =  0.0010000000000000002
Train - acc:        0.997660 loss:        0.008576
Test - acc:         0.926700 loss:        0.330350
Sparsity :          0.8750
Wdecay :        0.000500
========== Epoch 272 ==========
LR =  0.0010000000000000002
Train - acc:        0.997860 loss:        0.008276
Test - acc:         0.926300 loss:        0.331365
Sparsity :          0.8750
Wdecay :        0.000500
========== Epoch 273 ==========
LR =  0.0010000000000000002
Train - acc:        0.997580 loss:        0.007988
Test - acc:         0.926900 loss:        0.327337
Sparsity :          0.8750
Wdecay :        0.000500
========== Epoch 274 ==========
LR =  0.0010000000000000002
Train - acc:        0.998080 loss:        0.007300
Test - acc:         0.926600 loss:        0.333329
Sparsity :          0.8750
Wdecay :        0.000500
========== Epoch 275 ==========
LR =  0.0010000000000000002
Train - acc:        0.998440 loss:        0.006434
Test - acc:         0.926500 loss:        0.335554
Sparsity :          0.8750
Wdecay :        0.000500
========== Epoch 276 ==========
LR =  0.0010000000000000002
Train - acc:        0.998160 loss:        0.007510
Test - acc:         0.926400 loss:        0.335413
Sparsity :          0.8750
Wdecay :        0.000500
========== Epoch 277 ==========
LR =  0.0010000000000000002
Train - acc:        0.998200 loss:        0.006873
Test - acc:         0.927800 loss:        0.337171
Sparsity :          0.8750
Wdecay :        0.000500
========== Epoch 278 ==========
LR =  0.0010000000000000002
Train - acc:        0.997760 loss:        0.007427
Test - acc:         0.928100 loss:        0.340525
Sparsity :          0.8750
Wdecay :        0.000500
========== Epoch 279 ==========
LR =  0.0010000000000000002
Train - acc:        0.998180 loss:        0.007127
Test - acc:         0.926700 loss:        0.339764
Sparsity :          0.8750
Wdecay :        0.000500
========== Epoch 280 ==========
LR =  0.0010000000000000002
Train - acc:        0.998260 loss:        0.006421
Test - acc:         0.926900 loss:        0.341668
Sparsity :          0.9375
Wdecay :        0.000500
========== Epoch 281 ==========
LR =  0.0010000000000000002
Train - acc:        0.998060 loss:        0.007722
Test - acc:         0.925400 loss:        0.330102
Sparsity :          0.9375
Wdecay :        0.000500
========== Epoch 282 ==========
LR =  0.0010000000000000002
Train - acc:        0.998180 loss:        0.007434
Test - acc:         0.926400 loss:        0.328726
Sparsity :          0.9375
Wdecay :        0.000500
========== Epoch 283 ==========
LR =  0.0010000000000000002
Train - acc:        0.998260 loss:        0.007111
Test - acc:         0.926700 loss:        0.335305
Sparsity :          0.9375
Wdecay :        0.000500
========== Epoch 284 ==========
LR =  0.0010000000000000002
Train - acc:        0.998100 loss:        0.007260
Test - acc:         0.926100 loss:        0.335038
Sparsity :          0.9375
Wdecay :        0.000500
========== Epoch 285 ==========
LR =  0.0010000000000000002
Train - acc:        0.998540 loss:        0.006165
Test - acc:         0.926700 loss:        0.338719
Sparsity :          0.9375
Wdecay :        0.000500
========== Epoch 286 ==========
LR =  0.0010000000000000002
Train - acc:        0.998620 loss:        0.005912
Test - acc:         0.928200 loss:        0.337920
Sparsity :          0.9375
Wdecay :        0.000500
========== Epoch 287 ==========
LR =  0.0010000000000000002
Train - acc:        0.998540 loss:        0.006374
Test - acc:         0.926200 loss:        0.344821
Sparsity :          0.9375
Wdecay :        0.000500
========== Epoch 288 ==========
LR =  0.0010000000000000002
Train - acc:        0.998560 loss:        0.006074
Test - acc:         0.927000 loss:        0.342192
Sparsity :          0.9375
Wdecay :        0.000500
========== Epoch 289 ==========
LR =  0.0010000000000000002
Train - acc:        0.998500 loss:        0.005715
Test - acc:         0.928200 loss:        0.338850
Sparsity :          0.9375
Wdecay :        0.000500
========== Epoch 290 ==========
LR =  0.0010000000000000002
Train - acc:        0.998460 loss:        0.005773
Test - acc:         0.927700 loss:        0.345764
Sparsity :          0.9375
Wdecay :        0.000500
========== Epoch 291 ==========
LR =  0.0010000000000000002
Train - acc:        0.998780 loss:        0.005364
Test - acc:         0.925900 loss:        0.345018
Sparsity :          0.9375
Wdecay :        0.000500
========== Epoch 292 ==========
LR =  0.0010000000000000002
Train - acc:        0.998460 loss:        0.005987
Test - acc:         0.926800 loss:        0.346810
Sparsity :          0.9375
Wdecay :        0.000500
========== Epoch 293 ==========
LR =  0.0010000000000000002
Train - acc:        0.998780 loss:        0.005505
Test - acc:         0.927500 loss:        0.347023
Sparsity :          0.9375
Wdecay :        0.000500
========== Epoch 294 ==========
LR =  0.0010000000000000002
Train - acc:        0.998800 loss:        0.005097
Test - acc:         0.927100 loss:        0.345008
Sparsity :          0.9375
Wdecay :        0.000500
========== Epoch 295 ==========
LR =  0.0010000000000000002
Train - acc:        0.998760 loss:        0.005175
Test - acc:         0.929000 loss:        0.346493
Sparsity :          0.9375
Wdecay :        0.000500
========== Epoch 296 ==========
LR =  0.0010000000000000002
Train - acc:        0.998820 loss:        0.004998
Test - acc:         0.928600 loss:        0.346271
Sparsity :          0.9375
Wdecay :        0.000500
========== Epoch 297 ==========
LR =  0.0010000000000000002
Train - acc:        0.998780 loss:        0.004790
Test - acc:         0.927900 loss:        0.348274
Sparsity :          0.9375
Wdecay :        0.000500
========== Epoch 298 ==========
LR =  0.0010000000000000002
Train - acc:        0.998780 loss:        0.004862
Test - acc:         0.928000 loss:        0.346567
Sparsity :          0.9375
Wdecay :        0.000500
========== Epoch 299 ==========
LR =  0.0010000000000000002
Train - acc:        0.998660 loss:        0.004922
Test - acc:         0.926400 loss:        0.344832
Sparsity :          0.9375
Wdecay :        0.000500
========== Epoch 300 ==========
LR =  0.0010000000000000002
Train - acc:        0.998760 loss:        0.004918
Test - acc:         0.926900 loss:        0.349360
Sparsity :          0.9375
Wdecay :        0.000500
========== Epoch 301 ==========
LR =  0.0010000000000000002
Train - acc:        0.998980 loss:        0.004476
Test - acc:         0.927900 loss:        0.349764
Sparsity :          0.9375
Wdecay :        0.000500
========== Epoch 302 ==========
LR =  0.0010000000000000002
Train - acc:        0.999040 loss:        0.004254
Test - acc:         0.927300 loss:        0.351470
Sparsity :          0.9375
Wdecay :        0.000500
========== Epoch 303 ==========
LR =  0.0010000000000000002
Train - acc:        0.998480 loss:        0.004973
Test - acc:         0.926300 loss:        0.354119
Sparsity :          0.9375
Wdecay :        0.000500
========== Epoch 304 ==========
LR =  0.0010000000000000002
Train - acc:        0.998720 loss:        0.005066
Test - acc:         0.926800 loss:        0.347711
Sparsity :          0.9375
Wdecay :        0.000500
========== Epoch 305 ==========
LR =  0.0010000000000000002
Train - acc:        0.998760 loss:        0.005310
Test - acc:         0.928200 loss:        0.351535
Sparsity :          0.9375
Wdecay :        0.000500
========== Epoch 306 ==========
LR =  0.0010000000000000002
Train - acc:        0.998860 loss:        0.004848
Test - acc:         0.927600 loss:        0.358293
Sparsity :          0.9375
Wdecay :        0.000500
========== Epoch 307 ==========
LR =  0.0010000000000000002
Train - acc:        0.999040 loss:        0.004633
Test - acc:         0.926800 loss:        0.358584
Sparsity :          0.9375
Wdecay :        0.000500
========== Epoch 308 ==========
LR =  0.0010000000000000002
Train - acc:        0.998880 loss:        0.004557
Test - acc:         0.927800 loss:        0.360359
Sparsity :          0.9375
Wdecay :        0.000500
========== Epoch 309 ==========
LR =  0.0010000000000000002
Train - acc:        0.999180 loss:        0.004126
Test - acc:         0.928000 loss:        0.362196
Sparsity :          0.9375
Wdecay :        0.000500
========== Epoch 310 ==========
LR =  0.0010000000000000002
Train - acc:        0.999040 loss:        0.004085
Test - acc:         0.927900 loss:        0.356763
Sparsity :          0.9375
Wdecay :        0.000500
========== Epoch 311 ==========
LR =  0.0010000000000000002
Train - acc:        0.999000 loss:        0.003985
Test - acc:         0.926700 loss:        0.358956
Sparsity :          0.9375
Wdecay :        0.000500
========== Epoch 312 ==========
LR =  0.0010000000000000002
Train - acc:        0.998980 loss:        0.004252
Test - acc:         0.926600 loss:        0.355765
Sparsity :          0.9375
Wdecay :        0.000500
========== Epoch 313 ==========
LR =  0.0010000000000000002
Train - acc:        0.999280 loss:        0.003379
Test - acc:         0.926600 loss:        0.362278
Sparsity :          0.9375
Wdecay :        0.000500
========== Epoch 314 ==========
LR =  0.0010000000000000002
Train - acc:        0.999100 loss:        0.003949
Test - acc:         0.927500 loss:        0.359510
Sparsity :          0.9375
Wdecay :        0.000500
========== Epoch 315 ==========
LR =  0.0010000000000000002
Train - acc:        0.998980 loss:        0.004283
Test - acc:         0.927900 loss:        0.362737
Sparsity :          0.9375
Wdecay :        0.000500
========== Epoch 316 ==========
LR =  0.0010000000000000002
Train - acc:        0.999120 loss:        0.003997
Test - acc:         0.928300 loss:        0.364492
Sparsity :          0.9375
Wdecay :        0.000500
========== Epoch 317 ==========
LR =  0.0010000000000000002
Train - acc:        0.999000 loss:        0.004150
Test - acc:         0.927300 loss:        0.361395
Sparsity :          0.9375
Wdecay :        0.000500
========== Epoch 318 ==========
LR =  0.0010000000000000002
Train - acc:        0.999040 loss:        0.003939
Test - acc:         0.927200 loss:        0.358189
Sparsity :          0.9375
Wdecay :        0.000500
========== Epoch 319 ==========
LR =  0.0010000000000000002
Train - acc:        0.999160 loss:        0.003742
Test - acc:         0.927700 loss:        0.359681
Sparsity :          0.9375
Wdecay :        0.000500
========== Epoch 320 ==========
LR =  0.0010000000000000002
Train - acc:        0.998880 loss:        0.003953
Test - acc:         0.926300 loss:        0.365833
Sparsity :          0.9375
Wdecay :        0.000500
========== Epoch 321 ==========
LR =  0.0010000000000000002
Train - acc:        0.999020 loss:        0.004294
Test - acc:         0.927400 loss:        0.362898
Sparsity :          0.9375
Wdecay :        0.000500
========== Epoch 322 ==========
LR =  0.0010000000000000002
Train - acc:        0.999060 loss:        0.003800
Test - acc:         0.927100 loss:        0.365908
Sparsity :          0.9375
Wdecay :        0.000500
========== Epoch 323 ==========
LR =  0.0010000000000000002
Train - acc:        0.998920 loss:        0.003868
Test - acc:         0.926300 loss:        0.365479
Sparsity :          0.9375
Wdecay :        0.000500
========== Epoch 324 ==========
LR =  0.0010000000000000002
Train - acc:        0.999440 loss:        0.002983
Test - acc:         0.927200 loss:        0.362694
Sparsity :          0.9375
Wdecay :        0.000500
========== Epoch 325 ==========
LR =  0.0010000000000000002
Train - acc:        0.999120 loss:        0.003693
Test - acc:         0.926700 loss:        0.365351
Sparsity :          0.9375
Wdecay :        0.000500
========== Epoch 326 ==========
LR =  0.0010000000000000002
Train - acc:        0.999080 loss:        0.003444
Test - acc:         0.926100 loss:        0.367873
Sparsity :          0.9375
Wdecay :        0.000500
========== Epoch 327 ==========
LR =  0.0010000000000000002
Train - acc:        0.999280 loss:        0.003524
Test - acc:         0.927000 loss:        0.370572
Sparsity :          0.9375
Wdecay :        0.000500
========== Epoch 328 ==========
LR =  0.0010000000000000002
Train - acc:        0.999000 loss:        0.003930
Test - acc:         0.928600 loss:        0.367585
Sparsity :          0.9375
Wdecay :        0.000500
========== Epoch 329 ==========
LR =  0.0010000000000000002
Train - acc:        0.999060 loss:        0.003824
Test - acc:         0.926500 loss:        0.365689
Sparsity :          0.9375
Wdecay :        0.000500
========== Epoch 330 ==========
LR =  0.0010000000000000002
Train - acc:        0.999220 loss:        0.003563
Test - acc:         0.928200 loss:        0.363804
Sparsity :          0.9375
Wdecay :        0.000500
========== Epoch 331 ==========
LR =  0.0010000000000000002
Train - acc:        0.999080 loss:        0.003776
Test - acc:         0.928200 loss:        0.366786
Sparsity :          0.9375
Wdecay :        0.000500
========== Epoch 332 ==========
LR =  0.0010000000000000002
Train - acc:        0.999020 loss:        0.003736
Test - acc:         0.926700 loss:        0.358006
Sparsity :          0.9375
Wdecay :        0.000500
========== Epoch 333 ==========
LR =  0.0010000000000000002
Train - acc:        0.999120 loss:        0.003552
Test - acc:         0.927500 loss:        0.360942
Sparsity :          0.9375
Wdecay :        0.000500
========== Epoch 334 ==========
LR =  0.0010000000000000002
Train - acc:        0.999120 loss:        0.003405
Test - acc:         0.926300 loss:        0.366499
Sparsity :          0.9375
Wdecay :        0.000500
========== Epoch 335 ==========
LR =  0.0010000000000000002
Train - acc:        0.999260 loss:        0.003156
Test - acc:         0.927000 loss:        0.362522
Sparsity :          0.9375
Wdecay :        0.000500
========== Epoch 336 ==========
LR =  0.0010000000000000002
Train - acc:        0.999200 loss:        0.003513
Test - acc:         0.927300 loss:        0.360066
Sparsity :          0.9375
Wdecay :        0.000500
========== Epoch 337 ==========
LR =  0.0010000000000000002
Train - acc:        0.999060 loss:        0.003734
Test - acc:         0.927200 loss:        0.364931
Sparsity :          0.9375
Wdecay :        0.000500
========== Epoch 338 ==========
LR =  0.0010000000000000002
Train - acc:        0.999500 loss:        0.002930
Test - acc:         0.926800 loss:        0.362243
Sparsity :          0.9375
Wdecay :        0.000500
========== Epoch 339 ==========
LR =  0.0010000000000000002
Train - acc:        0.999240 loss:        0.003583
Test - acc:         0.926500 loss:        0.363759
Sparsity :          0.9375
Wdecay :        0.000500
========== Epoch 340 ==========
LR =  0.0010000000000000002
Train - acc:        0.999200 loss:        0.003132
Test - acc:         0.927800 loss:        0.369324
Sparsity :          0.9375
Wdecay :        0.000500
========== Epoch 341 ==========
LR =  0.0010000000000000002
Train - acc:        0.999160 loss:        0.003182
Test - acc:         0.927100 loss:        0.368506
Sparsity :          0.9375
Wdecay :        0.000500
========== Epoch 342 ==========
LR =  0.0010000000000000002
Train - acc:        0.999360 loss:        0.003208
Test - acc:         0.927800 loss:        0.365570
Sparsity :          0.9375
Wdecay :        0.000500
========== Epoch 343 ==========
LR =  0.0010000000000000002
Train - acc:        0.999160 loss:        0.003173
Test - acc:         0.928600 loss:        0.362924
Sparsity :          0.9375
Wdecay :        0.000500
========== Epoch 344 ==========
LR =  0.0010000000000000002
Train - acc:        0.999200 loss:        0.003304
Test - acc:         0.927900 loss:        0.372992
Sparsity :          0.9375
Wdecay :        0.000500
========== Epoch 345 ==========
LR =  0.0010000000000000002
Train - acc:        0.999340 loss:        0.003096
Test - acc:         0.927600 loss:        0.367773
Sparsity :          0.9375
Wdecay :        0.000500
========== Epoch 346 ==========
LR =  0.0010000000000000002
Train - acc:        0.999220 loss:        0.003136
Test - acc:         0.926800 loss:        0.368557
Sparsity :          0.9375
Wdecay :        0.000500
========== Epoch 347 ==========
LR =  0.0010000000000000002
Train - acc:        0.999340 loss:        0.003332
Test - acc:         0.927600 loss:        0.369259
Sparsity :          0.9375
Wdecay :        0.000500
========== Epoch 348 ==========
LR =  0.0010000000000000002
Train - acc:        0.999100 loss:        0.003698
Test - acc:         0.926900 loss:        0.367053
Sparsity :          0.9375
Wdecay :        0.000500
========== Epoch 349 ==========
LR =  0.0010000000000000002
Train - acc:        0.999280 loss:        0.003283
Test - acc:         0.927600 loss:        0.367357
Sparsity :          0.9375
Wdecay :        0.000500
========== Epoch 350 ==========
LR =  0.0010000000000000002
Train - acc:        0.999340 loss:        0.003221
Test - acc:         0.927000 loss:        0.372595
Sparsity :          0.9375
Wdecay :        0.000500
