Running --model vgg19 --noise --prune_criterion weight_squared_div_flips --seed 42 --prune_freq 117 --prune_rate 0.5 --comment=vgg19_crit=weight_squared_div_flips_pf=117_seed=42 --save_model=pre-finetune/vgg19_weight_squared_div_flips_pf117_s42 --logdir=criterion_experiment_no_bias/vgg19
******************************
Running
{
    "model": "vgg19",
    "dataset": "cifar10",
    "batch_size": 128,
    "test_batch_size": 2000,
    "epochs": 350,
    "lr": 0.1,
    "device": "cuda",
    "seed": 42,
    "prune_criterion": "weight_squared_div_flips",
    "prune_freq": 117,
    "prune_rate": 0.5,
    "sensitivity": 0,
    "flip_threshold": 1,
    "stop_pruning_at": -1,
    "prune_bias": false,
    "prune_bnorm": false,
    "use_ema_flips": false,
    "beta_ema_flips": null,
    "reset_flip_cts": false,
    "normalize_magnitudes": false,
    "beta_ema_maghists": null,
    "logdir": "criterion_experiment_no_bias/vgg19",
    "opt": "sgd",
    "momentum": 0.9,
    "use_scheduler": true,
    "milestones": [
        150,
        250
    ],
    "reg_type": "wdecay",
    "lambda": 0.0005,
    "anneal_lambda": false,
    "anneal_lr": false,
    "add_noise": true,
    "scale_noise_by_lr": false,
    "stop_noise_at": -1,
    "noise_only_prunable": false,
    "noise_scale_factor": 1,
    "snip_sparsity": 0.0,
    "beta_ema": 0.999,
    "lambas": [
        1.0,
        1.0,
        1.0,
        1.0
    ],
    "local_rep": false,
    "temperature": 0.6666666666666666,
    "save_model": "pre-finetune/vgg19_weight_squared_div_flips_pf117_s42",
    "load_model": null,
    "parallel": false
}
******************************
Files already downloaded and verified
Files already downloaded and verified
Total prunable params of model: 20024000
Model has 20040522 total params.
num_weights=20029504
num_biases=11018
num.prunable=20024000
---Biases omitted from pruning---
---Bnorm omitted from pruning---
========== Epoch 1 ==========
LR =  0.1
Train - acc:        0.104000 loss:        2.718243
Test - acc:         0.130700 loss:        2.376117
Sparsity :          0.0000
Wdecay :        0.000500
========== Epoch 2 ==========
LR =  0.1
Train - acc:        0.217760 loss:        2.006799
Test - acc:         0.271900 loss:        1.870665
Sparsity :          0.0000
Wdecay :        0.000500
========== Epoch 3 ==========
LR =  0.1
Train - acc:        0.297260 loss:        1.794897
Test - acc:         0.362200 loss:        1.644529
Sparsity :          0.0000
Wdecay :        0.000500
========== Epoch 4 ==========
LR =  0.1
Train - acc:        0.414420 loss:        1.527382
Test - acc:         0.384000 loss:        1.644484
Sparsity :          0.0000
Wdecay :        0.000500
========== Epoch 5 ==========
LR =  0.1
Train - acc:        0.518700 loss:        1.326566
Test - acc:         0.503400 loss:        1.491033
Sparsity :          0.0000
Wdecay :        0.000500
========== Epoch 6 ==========
LR =  0.1
Train - acc:        0.615080 loss:        1.108830
Test - acc:         0.505000 loss:        1.498029
Sparsity :          0.0000
Wdecay :        0.000500
========== Epoch 7 ==========
LR =  0.1
Train - acc:        0.666460 loss:        0.988673
Test - acc:         0.658400 loss:        1.002956
Sparsity :          0.0000
Wdecay :        0.000500
========== Epoch 8 ==========
LR =  0.1
Train - acc:        0.709120 loss:        0.874903
Test - acc:         0.636600 loss:        1.287662
Sparsity :          0.0000
Wdecay :        0.000500
========== Epoch 9 ==========
LR =  0.1
Train - acc:        0.731720 loss:        0.813348
Test - acc:         0.651400 loss:        1.223787
Sparsity :          0.0000
Wdecay :        0.000500
========== Epoch 10 ==========
LR =  0.1
Train - acc:        0.754900 loss:        0.745460
Test - acc:         0.735700 loss:        0.818550
Sparsity :          0.0000
Wdecay :        0.000500
========== Epoch 11 ==========
LR =  0.1
Train - acc:        0.764920 loss:        0.715788
Test - acc:         0.657100 loss:        1.178176
Sparsity :          0.0000
Wdecay :        0.000500
========== Epoch 12 ==========
LR =  0.1
Train - acc:        0.774980 loss:        0.689548
Test - acc:         0.657900 loss:        1.163287
Sparsity :          0.0000
Wdecay :        0.000500
========== Epoch 13 ==========
LR =  0.1
Train - acc:        0.781380 loss:        0.667972
Test - acc:         0.743100 loss:        0.805025
Sparsity :          0.0000
Wdecay :        0.000500
========== Epoch 14 ==========
LR =  0.1
Train - acc:        0.785520 loss:        0.660618
Test - acc:         0.684300 loss:        1.101409
Sparsity :          0.0000
Wdecay :        0.000500
========== Epoch 15 ==========
LR =  0.1
Train - acc:        0.791480 loss:        0.644370
Test - acc:         0.723200 loss:        0.861721
Sparsity :          0.0000
Wdecay :        0.000500
========== Epoch 16 ==========
LR =  0.1
Train - acc:        0.793940 loss:        0.635592
Test - acc:         0.744500 loss:        0.907952
Sparsity :          0.0000
Wdecay :        0.000500
========== Epoch 17 ==========
LR =  0.1
Train - acc:        0.797740 loss:        0.621285
Test - acc:         0.762100 loss:        0.729169
Sparsity :          0.0000
Wdecay :        0.000500
========== Epoch 18 ==========
LR =  0.1
Train - acc:        0.800700 loss:        0.613860
Test - acc:         0.710300 loss:        0.907862
Sparsity :          0.0000
Wdecay :        0.000500
========== Epoch 19 ==========
LR =  0.1
Train - acc:        0.803760 loss:        0.610200
Test - acc:         0.732300 loss:        0.853393
Sparsity :          0.0000
Wdecay :        0.000500
========== Epoch 20 ==========
LR =  0.1
Train - acc:        0.807740 loss:        0.595498
Test - acc:         0.784000 loss:        0.705477
Sparsity :          0.0000
Wdecay :        0.000500
========== Epoch 21 ==========
LR =  0.1
Train - acc:        0.807560 loss:        0.594736
Test - acc:         0.752500 loss:        0.779057
Sparsity :          0.0000
Wdecay :        0.000500
========== Epoch 22 ==========
LR =  0.1
Train - acc:        0.810820 loss:        0.585076
Test - acc:         0.727100 loss:        0.870213
Sparsity :          0.0000
Wdecay :        0.000500
========== Epoch 23 ==========
LR =  0.1
Train - acc:        0.814800 loss:        0.570571
Test - acc:         0.791400 loss:        0.632741
Sparsity :          0.0000
Wdecay :        0.000500
========== Epoch 24 ==========
LR =  0.1
Train - acc:        0.816760 loss:        0.566251
Test - acc:         0.787500 loss:        0.667275
Sparsity :          0.0000
Wdecay :        0.000500
========== Epoch 25 ==========
LR =  0.1
Train - acc:        0.812280 loss:        0.579204
Test - acc:         0.770000 loss:        0.714722
Sparsity :          0.0000
Wdecay :        0.000500
========== Epoch 26 ==========
LR =  0.1
Train - acc:        0.821540 loss:        0.552373
Test - acc:         0.793600 loss:        0.638860
Sparsity :          0.0000
Wdecay :        0.000500
========== Epoch 27 ==========
LR =  0.1
Train - acc:        0.820720 loss:        0.557908
Test - acc:         0.741500 loss:        0.878304
Sparsity :          0.0000
Wdecay :        0.000500
========== Epoch 28 ==========
LR =  0.1
Train - acc:        0.821660 loss:        0.553534
Test - acc:         0.713300 loss:        0.984538
Sparsity :          0.0000
Wdecay :        0.000500
========== Epoch 29 ==========
LR =  0.1
Train - acc:        0.820440 loss:        0.560757
Test - acc:         0.782900 loss:        0.690656
Sparsity :          0.0000
Wdecay :        0.000500
========== Epoch 30 ==========
LR =  0.1
Train - acc:        0.821300 loss:        0.555406
Test - acc:         0.809300 loss:        0.617641
Sparsity :          0.0000
Wdecay :        0.000500
========== Epoch 31 ==========
LR =  0.1
Train - acc:        0.825080 loss:        0.546125
Test - acc:         0.715200 loss:        0.889496
Sparsity :          0.0000
Wdecay :        0.000500
========== Epoch 32 ==========
LR =  0.1
Train - acc:        0.823620 loss:        0.546504
Test - acc:         0.801200 loss:        0.608614
Sparsity :          0.0000
Wdecay :        0.000500
========== Epoch 33 ==========
LR =  0.1
Train - acc:        0.823600 loss:        0.541720
Test - acc:         0.753000 loss:        0.784193
Sparsity :          0.0000
Wdecay :        0.000500
========== Epoch 34 ==========
LR =  0.1
Train - acc:        0.825180 loss:        0.543560
Test - acc:         0.720800 loss:        0.915281
Sparsity :          0.0000
Wdecay :        0.000500
========== Epoch 35 ==========
LR =  0.1
Train - acc:        0.829380 loss:        0.531755
Test - acc:         0.771600 loss:        0.697956
Sparsity :          0.0000
Wdecay :        0.000500
========== Epoch 36 ==========
LR =  0.1
Train - acc:        0.830860 loss:        0.520896
Test - acc:         0.791900 loss:        0.642480
Sparsity :          0.0000
Wdecay :        0.000500
========== Epoch 37 ==========
LR =  0.1
Train - acc:        0.827600 loss:        0.528385
Test - acc:         0.752500 loss:        0.794267
Sparsity :          0.0000
Wdecay :        0.000500
========== Epoch 38 ==========
LR =  0.1
Train - acc:        0.829860 loss:        0.529083
Test - acc:         0.750200 loss:        0.786398
Sparsity :          0.0000
Wdecay :        0.000500
========== Epoch 39 ==========
LR =  0.1
Train - acc:        0.827200 loss:        0.533626
Test - acc:         0.767200 loss:        0.753464
Sparsity :          0.0000
Wdecay :        0.000500
========== Epoch 40 ==========
LR =  0.1
Train - acc:        0.828980 loss:        0.529054
Test - acc:         0.755600 loss:        0.772111
Sparsity :          0.0000
Wdecay :        0.000500
========== Epoch 41 ==========
LR =  0.1
Train - acc:        0.831460 loss:        0.516624
Test - acc:         0.744000 loss:        0.883261
Sparsity :          0.0000
Wdecay :        0.000500
========== Epoch 42 ==========
LR =  0.1
Train - acc:        0.829180 loss:        0.530973
Test - acc:         0.685600 loss:        1.067758
Sparsity :          0.0000
Wdecay :        0.000500
========== Epoch 43 ==========
LR =  0.1
Train - acc:        0.834460 loss:        0.513079
Test - acc:         0.741700 loss:        0.838087
Sparsity :          0.0000
Wdecay :        0.000500
========== Epoch 44 ==========
LR =  0.1
Train - acc:        0.832240 loss:        0.517125
Test - acc:         0.701400 loss:        1.078249
Sparsity :          0.0000
Wdecay :        0.000500
========== Epoch 45 ==========
LR =  0.1
Train - acc:        0.831760 loss:        0.517794
Test - acc:         0.728200 loss:        0.983483
Sparsity :          0.0000
Wdecay :        0.000500
========== Epoch 46 ==========
LR =  0.1
Train - acc:        0.830700 loss:        0.521428
Test - acc:         0.790300 loss:        0.680382
Sparsity :          0.0000
Wdecay :        0.000500
========== Epoch 47 ==========
LR =  0.1
Train - acc:        0.833560 loss:        0.514616
Test - acc:         0.774600 loss:        0.733232
Sparsity :          0.0000
Wdecay :        0.000500
========== Epoch 48 ==========
LR =  0.1
Train - acc:        0.828540 loss:        0.523976
Test - acc:         0.806700 loss:        0.601056
Sparsity :          0.0000
Wdecay :        0.000500
========== Epoch 49 ==========
LR =  0.1
Train - acc:        0.832060 loss:        0.518902
Test - acc:         0.811300 loss:        0.584603
Sparsity :          0.0000
Wdecay :        0.000500
========== Epoch 50 ==========
LR =  0.1
Train - acc:        0.833400 loss:        0.516480
Test - acc:         0.713000 loss:        1.028625
Sparsity :          0.0000
Wdecay :        0.000500
========== Epoch 51 ==========
LR =  0.1
Train - acc:        0.838600 loss:        0.504641
Test - acc:         0.767100 loss:        0.742977
Sparsity :          0.0000
Wdecay :        0.000500
========== Epoch 52 ==========
LR =  0.1
Train - acc:        0.835040 loss:        0.509355
Test - acc:         0.820500 loss:        0.549420
Sparsity :          0.0000
Wdecay :        0.000500
========== Epoch 53 ==========
LR =  0.1
Train - acc:        0.832780 loss:        0.513038
Test - acc:         0.714300 loss:        0.981904
Sparsity :          0.0000
Wdecay :        0.000500
========== Epoch 54 ==========
LR =  0.1
Train - acc:        0.835920 loss:        0.500362
Test - acc:         0.758500 loss:        0.836022
Sparsity :          0.0000
Wdecay :        0.000500
========== Epoch 55 ==========
LR =  0.1
Train - acc:        0.835240 loss:        0.508194
Test - acc:         0.807600 loss:        0.581282
Sparsity :          0.0000
Wdecay :        0.000500
========== Epoch 56 ==========
LR =  0.1
Train - acc:        0.837800 loss:        0.501709
Test - acc:         0.749000 loss:        0.914120
Sparsity :          0.0000
Wdecay :        0.000500
========== Epoch 57 ==========
LR =  0.1
Train - acc:        0.838320 loss:        0.499909
Test - acc:         0.716600 loss:        1.024931
Sparsity :          0.0000
Wdecay :        0.000500
========== Epoch 58 ==========
LR =  0.1
Train - acc:        0.835120 loss:        0.513518
Test - acc:         0.753300 loss:        0.808087
Sparsity :          0.0000
Wdecay :        0.000500
========== Epoch 59 ==========
LR =  0.1
Train - acc:        0.835680 loss:        0.511122
Test - acc:         0.814600 loss:        0.581844
Sparsity :          0.0000
Wdecay :        0.000500
========== Epoch 60 ==========
LR =  0.1
Train - acc:        0.836320 loss:        0.505902
Test - acc:         0.744700 loss:        0.858349
Sparsity :          0.0000
Wdecay :        0.000500
========== Epoch 61 ==========
LR =  0.1
Train - acc:        0.839860 loss:        0.496297
Test - acc:         0.786600 loss:        0.699814
Sparsity :          0.0000
Wdecay :        0.000500
========== Epoch 62 ==========
LR =  0.1
Train - acc:        0.835320 loss:        0.509374
Test - acc:         0.786600 loss:        0.680175
Sparsity :          0.0000
Wdecay :        0.000500
========== Epoch 63 ==========
LR =  0.1
Train - acc:        0.836600 loss:        0.503886
Test - acc:         0.757500 loss:        0.745542
Sparsity :          0.0000
Wdecay :        0.000500
========== Epoch 64 ==========
LR =  0.1
Train - acc:        0.841480 loss:        0.493082
Test - acc:         0.763500 loss:        0.717087
Sparsity :          0.0000
Wdecay :        0.000500
========== Epoch 65 ==========
LR =  0.1
Train - acc:        0.834220 loss:        0.511518
Test - acc:         0.753800 loss:        0.839775
Sparsity :          0.0000
Wdecay :        0.000500
========== Epoch 66 ==========
LR =  0.1
Train - acc:        0.836740 loss:        0.502315
Test - acc:         0.711300 loss:        0.951431
Sparsity :          0.0000
Wdecay :        0.000500
========== Epoch 67 ==========
LR =  0.1
Train - acc:        0.839060 loss:        0.493319
Test - acc:         0.783800 loss:        0.693896
Sparsity :          0.0000
Wdecay :        0.000500
========== Epoch 68 ==========
LR =  0.1
Train - acc:        0.834680 loss:        0.508782
Test - acc:         0.784300 loss:        0.667291
Sparsity :          0.0000
Wdecay :        0.000500
========== Epoch 69 ==========
LR =  0.1
Train - acc:        0.838880 loss:        0.499109
Test - acc:         0.836700 loss:        0.524212
Sparsity :          0.0000
Wdecay :        0.000500
========== Epoch 70 ==========
LR =  0.1
Train - acc:        0.838860 loss:        0.495167
Test - acc:         0.783600 loss:        0.694457
Sparsity :          0.0000
Wdecay :        0.000500
========== Epoch 71 ==========
LR =  0.1
Train - acc:        0.837020 loss:        0.500874
Test - acc:         0.687100 loss:        1.128399
Sparsity :          0.0000
Wdecay :        0.000500
========== Epoch 72 ==========
LR =  0.1
Train - acc:        0.838200 loss:        0.501963
Test - acc:         0.789100 loss:        0.677333
Sparsity :          0.0000
Wdecay :        0.000500
========== Epoch 73 ==========
LR =  0.1
Train - acc:        0.839320 loss:        0.495603
Test - acc:         0.805200 loss:        0.605151
Sparsity :          0.0000
Wdecay :        0.000500
========== Epoch 74 ==========
LR =  0.1
Train - acc:        0.837400 loss:        0.502991
Test - acc:         0.740800 loss:        0.820763
Sparsity :          0.0000
Wdecay :        0.000500
========== Epoch 75 ==========
LR =  0.1
Train - acc:        0.836880 loss:        0.503126
Test - acc:         0.769900 loss:        0.765156
Sparsity :          0.0000
Wdecay :        0.000500
========== Epoch 76 ==========
LR =  0.1
Train - acc:        0.840840 loss:        0.493258
Test - acc:         0.782900 loss:        0.677268
Sparsity :          0.0000
Wdecay :        0.000500
========== Epoch 77 ==========
LR =  0.1
Train - acc:        0.836760 loss:        0.501146
Test - acc:         0.733100 loss:        0.830447
Sparsity :          0.0000
Wdecay :        0.000500
========== Epoch 78 ==========
LR =  0.1
Train - acc:        0.839420 loss:        0.496037
Test - acc:         0.730300 loss:        0.821898
Sparsity :          0.0000
Wdecay :        0.000500
========== Epoch 79 ==========
LR =  0.1
Train - acc:        0.840220 loss:        0.494466
Test - acc:         0.812800 loss:        0.583716
Sparsity :          0.0000
Wdecay :        0.000500
========== Epoch 80 ==========
LR =  0.1
Train - acc:        0.836380 loss:        0.500825
Test - acc:         0.757400 loss:        0.798130
Sparsity :          0.0000
Wdecay :        0.000500
========== Epoch 81 ==========
LR =  0.1
Train - acc:        0.840120 loss:        0.496124
Test - acc:         0.679100 loss:        1.259988
Sparsity :          0.0000
Wdecay :        0.000500
========== Epoch 82 ==========
LR =  0.1
Train - acc:        0.841440 loss:        0.486500
Test - acc:         0.758000 loss:        0.785288
Sparsity :          0.0000
Wdecay :        0.000500
========== Epoch 83 ==========
LR =  0.1
Train - acc:        0.838040 loss:        0.503239
Test - acc:         0.694600 loss:        0.962399
Sparsity :          0.0000
Wdecay :        0.000500
========== Epoch 84 ==========
LR =  0.1
Train - acc:        0.841440 loss:        0.490551
Test - acc:         0.771700 loss:        0.739980
Sparsity :          0.0000
Wdecay :        0.000500
========== Epoch 85 ==========
LR =  0.1
Train - acc:        0.841540 loss:        0.489810
Test - acc:         0.782600 loss:        0.686320
Sparsity :          0.0000
Wdecay :        0.000500
========== Epoch 86 ==========
LR =  0.1
Train - acc:        0.840060 loss:        0.491260
Test - acc:         0.766000 loss:        0.756286
Sparsity :          0.0000
Wdecay :        0.000500
========== Epoch 87 ==========
LR =  0.1
Train - acc:        0.839160 loss:        0.495751
Test - acc:         0.728200 loss:        0.991828
Sparsity :          0.0000
Wdecay :        0.000500
========== Epoch 88 ==========
LR =  0.1
Train - acc:        0.842180 loss:        0.491251
Test - acc:         0.708900 loss:        1.052832
Sparsity :          0.0000
Wdecay :        0.000500
========== Epoch 89 ==========
LR =  0.1
Train - acc:        0.839320 loss:        0.498001
Test - acc:         0.763900 loss:        0.741274
Sparsity :          0.0000
Wdecay :        0.000500
========== Epoch 90 ==========
LR =  0.1
Train - acc:        0.839300 loss:        0.492639
Test - acc:         0.745300 loss:        0.833980
Sparsity :          0.0000
Wdecay :        0.000500
========== Epoch 91 ==========
LR =  0.1
Train - acc:        0.838320 loss:        0.499501
Test - acc:         0.778000 loss:        0.736712
Sparsity :          0.0000
Wdecay :        0.000500
========== Epoch 92 ==========
LR =  0.1
Train - acc:        0.840960 loss:        0.490392
Test - acc:         0.781400 loss:        0.728196
Sparsity :          0.0000
Wdecay :        0.000500
========== Epoch 93 ==========
LR =  0.1
Train - acc:        0.841220 loss:        0.487455
Test - acc:         0.751400 loss:        0.752275
Sparsity :          0.0000
Wdecay :        0.000500
========== Epoch 94 ==========
LR =  0.1
Train - acc:        0.841420 loss:        0.487523
Test - acc:         0.771800 loss:        0.781172
Sparsity :          0.0000
Wdecay :        0.000500
========== Epoch 95 ==========
LR =  0.1
Train - acc:        0.841620 loss:        0.492323
Test - acc:         0.763000 loss:        0.764237
Sparsity :          0.0000
Wdecay :        0.000500
========== Epoch 96 ==========
LR =  0.1
Train - acc:        0.843360 loss:        0.487350
Test - acc:         0.800800 loss:        0.635566
Sparsity :          0.0000
Wdecay :        0.000500
========== Epoch 97 ==========
LR =  0.1
Train - acc:        0.840940 loss:        0.493737
Test - acc:         0.680500 loss:        1.334738
Sparsity :          0.0000
Wdecay :        0.000500
========== Epoch 98 ==========
LR =  0.1
Train - acc:        0.843220 loss:        0.483343
Test - acc:         0.759100 loss:        0.791160
Sparsity :          0.0000
Wdecay :        0.000500
========== Epoch 99 ==========
LR =  0.1
Train - acc:        0.841720 loss:        0.488205
Test - acc:         0.753600 loss:        0.775352
Sparsity :          0.0000
Wdecay :        0.000500
========== Epoch 100 ==========
LR =  0.1
Train - acc:        0.843800 loss:        0.483771
Test - acc:         0.747100 loss:        0.835867
Sparsity :          0.0000
Wdecay :        0.000500
========== Epoch 101 ==========
LR =  0.1
Train - acc:        0.840280 loss:        0.488032
Test - acc:         0.789300 loss:        0.676995
Sparsity :          0.0000
Wdecay :        0.000500
========== Epoch 102 ==========
LR =  0.1
Train - acc:        0.842000 loss:        0.490631
Test - acc:         0.795200 loss:        0.638173
Sparsity :          0.0000
Wdecay :        0.000500
========== Epoch 103 ==========
LR =  0.1
Train - acc:        0.843540 loss:        0.481267
Test - acc:         0.754200 loss:        0.814181
Sparsity :          0.0000
Wdecay :        0.000500
========== Epoch 104 ==========
LR =  0.1
Train - acc:        0.842460 loss:        0.486311
Test - acc:         0.727800 loss:        0.975378
Sparsity :          0.0000
Wdecay :        0.000500
========== Epoch 105 ==========
LR =  0.1
Train - acc:        0.843920 loss:        0.481988
Test - acc:         0.778000 loss:        0.695547
Sparsity :          0.0000
Wdecay :        0.000500
========== Epoch 106 ==========
LR =  0.1
Train - acc:        0.842240 loss:        0.492696
Test - acc:         0.786500 loss:        0.672763
Sparsity :          0.0000
Wdecay :        0.000500
========== Epoch 107 ==========
LR =  0.1
Train - acc:        0.840560 loss:        0.491081
Test - acc:         0.761200 loss:        0.777642
Sparsity :          0.0000
Wdecay :        0.000500
========== Epoch 108 ==========
LR =  0.1
Train - acc:        0.845520 loss:        0.479352
Test - acc:         0.824100 loss:        0.571649
Sparsity :          0.0000
Wdecay :        0.000500
========== Epoch 109 ==========
LR =  0.1
Train - acc:        0.841720 loss:        0.490373
Test - acc:         0.793500 loss:        0.674845
Sparsity :          0.0000
Wdecay :        0.000500
========== Epoch 110 ==========
LR =  0.1
Train - acc:        0.840660 loss:        0.491196
Test - acc:         0.789400 loss:        0.663552
Sparsity :          0.0000
Wdecay :        0.000500
========== Epoch 111 ==========
LR =  0.1
Train - acc:        0.842320 loss:        0.483896
Test - acc:         0.765800 loss:        0.766448
Sparsity :          0.0000
Wdecay :        0.000500
========== Epoch 112 ==========
LR =  0.1
Train - acc:        0.843360 loss:        0.483960
Test - acc:         0.828200 loss:        0.537803
Sparsity :          0.0000
Wdecay :        0.000500
========== Epoch 113 ==========
LR =  0.1
Train - acc:        0.841660 loss:        0.490935
Test - acc:         0.733900 loss:        0.973000
Sparsity :          0.0000
Wdecay :        0.000500
========== Epoch 114 ==========
LR =  0.1
Train - acc:        0.841560 loss:        0.491505
Test - acc:         0.810100 loss:        0.597838
Sparsity :          0.0000
Wdecay :        0.000500
========== Epoch 115 ==========
LR =  0.1
Train - acc:        0.840080 loss:        0.496344
Test - acc:         0.781300 loss:        0.754862
Sparsity :          0.0000
Wdecay :        0.000500
========== Epoch 116 ==========
LR =  0.1
Train - acc:        0.841840 loss:        0.485798
Test - acc:         0.797200 loss:        0.648608
Sparsity :          0.0000
Wdecay :        0.000500
========== Epoch 117 ==========
LR =  0.1
Train - acc:        0.841140 loss:        0.492479
Test - acc:         0.785100 loss:        0.695143
Sparsity :          0.5000
Wdecay :        0.000500
========== Epoch 118 ==========
LR =  0.1
Train - acc:        0.845440 loss:        0.473607
Test - acc:         0.831800 loss:        0.518405
Sparsity :          0.5000
Wdecay :        0.000500
========== Epoch 119 ==========
LR =  0.1
Train - acc:        0.847580 loss:        0.470571
Test - acc:         0.828700 loss:        0.545611
Sparsity :          0.5000
Wdecay :        0.000500
========== Epoch 120 ==========
LR =  0.1
Train - acc:        0.844880 loss:        0.475929
Test - acc:         0.771000 loss:        0.705333
Sparsity :          0.5000
Wdecay :        0.000500
========== Epoch 121 ==========
LR =  0.1
Train - acc:        0.841520 loss:        0.486571
Test - acc:         0.805600 loss:        0.625988
Sparsity :          0.5000
Wdecay :        0.000500
========== Epoch 122 ==========
LR =  0.1
Train - acc:        0.846340 loss:        0.473632
Test - acc:         0.786200 loss:        0.669519
Sparsity :          0.5000
Wdecay :        0.000500
========== Epoch 123 ==========
LR =  0.1
Train - acc:        0.843640 loss:        0.484487
Test - acc:         0.705600 loss:        1.009317
Sparsity :          0.5000
Wdecay :        0.000500
========== Epoch 124 ==========
LR =  0.1
Train - acc:        0.846060 loss:        0.473943
Test - acc:         0.772900 loss:        0.741994
Sparsity :          0.5000
Wdecay :        0.000500
========== Epoch 125 ==========
LR =  0.1
Train - acc:        0.845460 loss:        0.476623
Test - acc:         0.786700 loss:        0.684199
Sparsity :          0.5000
Wdecay :        0.000500
========== Epoch 126 ==========
LR =  0.1
Train - acc:        0.842960 loss:        0.480174
Test - acc:         0.790200 loss:        0.677724
Sparsity :          0.5000
Wdecay :        0.000500
========== Epoch 127 ==========
LR =  0.1
Train - acc:        0.846140 loss:        0.477665
Test - acc:         0.812500 loss:        0.586395
Sparsity :          0.5000
Wdecay :        0.000500
========== Epoch 128 ==========
LR =  0.1
Train - acc:        0.845600 loss:        0.476330
Test - acc:         0.673100 loss:        1.139117
Sparsity :          0.5000
Wdecay :        0.000500
========== Epoch 129 ==========
LR =  0.1
Train - acc:        0.845880 loss:        0.473725
Test - acc:         0.805400 loss:        0.614867
Sparsity :          0.5000
Wdecay :        0.000500
========== Epoch 130 ==========
LR =  0.1
Train - acc:        0.843940 loss:        0.479539
Test - acc:         0.811800 loss:        0.613984
Sparsity :          0.5000
Wdecay :        0.000500
========== Epoch 131 ==========
LR =  0.1
Train - acc:        0.846860 loss:        0.473398
Test - acc:         0.769800 loss:        0.721855
Sparsity :          0.5000
Wdecay :        0.000500
========== Epoch 132 ==========
LR =  0.1
Train - acc:        0.843460 loss:        0.484458
Test - acc:         0.805300 loss:        0.603362
Sparsity :          0.5000
Wdecay :        0.000500
========== Epoch 133 ==========
LR =  0.1
Train - acc:        0.845440 loss:        0.473622
Test - acc:         0.799200 loss:        0.630604
Sparsity :          0.5000
Wdecay :        0.000500
========== Epoch 134 ==========
LR =  0.1
Train - acc:        0.843180 loss:        0.479594
Test - acc:         0.793500 loss:        0.627525
Sparsity :          0.5000
Wdecay :        0.000500
========== Epoch 135 ==========
LR =  0.1
Train - acc:        0.846640 loss:        0.469524
Test - acc:         0.807600 loss:        0.597045
Sparsity :          0.5000
Wdecay :        0.000500
========== Epoch 136 ==========
LR =  0.1
Train - acc:        0.845680 loss:        0.477749
Test - acc:         0.768700 loss:        0.758311
Sparsity :          0.5000
Wdecay :        0.000500
========== Epoch 137 ==========
LR =  0.1
Train - acc:        0.843560 loss:        0.477071
Test - acc:         0.786300 loss:        0.694346
Sparsity :          0.5000
Wdecay :        0.000500
========== Epoch 138 ==========
LR =  0.1
Train - acc:        0.846420 loss:        0.474995
Test - acc:         0.814400 loss:        0.597536
Sparsity :          0.5000
Wdecay :        0.000500
========== Epoch 139 ==========
LR =  0.1
Train - acc:        0.846520 loss:        0.472978
Test - acc:         0.800100 loss:        0.621169
Sparsity :          0.5000
Wdecay :        0.000500
========== Epoch 140 ==========
LR =  0.1
Train - acc:        0.846460 loss:        0.471056
Test - acc:         0.779900 loss:        0.784481
Sparsity :          0.5000
Wdecay :        0.000500
========== Epoch 141 ==========
LR =  0.1
Train - acc:        0.845600 loss:        0.475675
Test - acc:         0.837200 loss:        0.520427
Sparsity :          0.5000
Wdecay :        0.000500
========== Epoch 142 ==========
LR =  0.1
Train - acc:        0.846420 loss:        0.472279
Test - acc:         0.738800 loss:        0.884199
Sparsity :          0.5000
Wdecay :        0.000500
========== Epoch 143 ==========
LR =  0.1
Train - acc:        0.846820 loss:        0.472319
Test - acc:         0.799500 loss:        0.624846
Sparsity :          0.5000
Wdecay :        0.000500
========== Epoch 144 ==========
LR =  0.1
Train - acc:        0.844720 loss:        0.479008
Test - acc:         0.814100 loss:        0.598459
Sparsity :          0.5000
Wdecay :        0.000500
========== Epoch 145 ==========
LR =  0.1
Train - acc:        0.844520 loss:        0.475375
Test - acc:         0.793000 loss:        0.666367
Sparsity :          0.5000
Wdecay :        0.000500
========== Epoch 146 ==========
LR =  0.1
Train - acc:        0.847640 loss:        0.474587
Test - acc:         0.772700 loss:        0.707823
Sparsity :          0.5000
Wdecay :        0.000500
========== Epoch 147 ==========
LR =  0.1
Train - acc:        0.844880 loss:        0.478604
Test - acc:         0.752500 loss:        0.979901
Sparsity :          0.5000
Wdecay :        0.000500
========== Epoch 148 ==========
LR =  0.1
Train - acc:        0.842160 loss:        0.480950
Test - acc:         0.799500 loss:        0.637401
Sparsity :          0.5000
Wdecay :        0.000500
========== Epoch 149 ==========
LR =  0.1
Train - acc:        0.846900 loss:        0.471965
Test - acc:         0.722100 loss:        0.997431
Sparsity :          0.5000
Wdecay :        0.000500
========== Epoch 150 ==========
LR =  0.010000000000000002
Train - acc:        0.844440 loss:        0.474366
Test - acc:         0.803800 loss:        0.625658
Sparsity :          0.5000
Wdecay :        0.000500
========== Epoch 151 ==========
LR =  0.010000000000000002
Train - acc:        0.905960 loss:        0.288277
Test - acc:         0.899200 loss:        0.313098
Sparsity :          0.5000
Wdecay :        0.000500
========== Epoch 152 ==========
LR =  0.010000000000000002
Train - acc:        0.922500 loss:        0.235106
Test - acc:         0.905100 loss:        0.295371
Sparsity :          0.5000
Wdecay :        0.000500
========== Epoch 153 ==========
LR =  0.010000000000000002
Train - acc:        0.929700 loss:        0.213788
Test - acc:         0.907400 loss:        0.294659
Sparsity :          0.5000
Wdecay :        0.000500
========== Epoch 154 ==========
LR =  0.010000000000000002
Train - acc:        0.934520 loss:        0.197075
Test - acc:         0.907000 loss:        0.287334
Sparsity :          0.5000
Wdecay :        0.000500
========== Epoch 155 ==========
LR =  0.010000000000000002
Train - acc:        0.939620 loss:        0.179479
Test - acc:         0.900400 loss:        0.306129
Sparsity :          0.5000
Wdecay :        0.000500
========== Epoch 156 ==========
LR =  0.010000000000000002
Train - acc:        0.942800 loss:        0.170907
Test - acc:         0.908200 loss:        0.289261
Sparsity :          0.5000
Wdecay :        0.000500
========== Epoch 157 ==========
LR =  0.010000000000000002
Train - acc:        0.946080 loss:        0.162781
Test - acc:         0.908800 loss:        0.290271
Sparsity :          0.5000
Wdecay :        0.000500
========== Epoch 158 ==========
LR =  0.010000000000000002
Train - acc:        0.947820 loss:        0.158132
Test - acc:         0.907900 loss:        0.293382
Sparsity :          0.5000
Wdecay :        0.000500
========== Epoch 159 ==========
LR =  0.010000000000000002
Train - acc:        0.950120 loss:        0.149489
Test - acc:         0.909500 loss:        0.293784
Sparsity :          0.5000
Wdecay :        0.000500
========== Epoch 160 ==========
LR =  0.010000000000000002
Train - acc:        0.954120 loss:        0.140594
Test - acc:         0.910100 loss:        0.290177
Sparsity :          0.5000
Wdecay :        0.000500
========== Epoch 161 ==========
LR =  0.010000000000000002
Train - acc:        0.953940 loss:        0.136686
Test - acc:         0.910600 loss:        0.290487
Sparsity :          0.5000
Wdecay :        0.000500
========== Epoch 162 ==========
LR =  0.010000000000000002
Train - acc:        0.955400 loss:        0.131229
Test - acc:         0.911400 loss:        0.292247
Sparsity :          0.5000
Wdecay :        0.000500
========== Epoch 163 ==========
LR =  0.010000000000000002
Train - acc:        0.956660 loss:        0.129288
Test - acc:         0.910400 loss:        0.292240
Sparsity :          0.5000
Wdecay :        0.000500
========== Epoch 164 ==========
LR =  0.010000000000000002
Train - acc:        0.959020 loss:        0.123294
Test - acc:         0.907100 loss:        0.311224
Sparsity :          0.5000
Wdecay :        0.000500
========== Epoch 165 ==========
LR =  0.010000000000000002
Train - acc:        0.958340 loss:        0.122761
Test - acc:         0.906800 loss:        0.309534
Sparsity :          0.5000
Wdecay :        0.000500
========== Epoch 166 ==========
LR =  0.010000000000000002
Train - acc:        0.960900 loss:        0.116777
Test - acc:         0.906200 loss:        0.324670
Sparsity :          0.5000
Wdecay :        0.000500
========== Epoch 167 ==========
LR =  0.010000000000000002
Train - acc:        0.960880 loss:        0.116836
Test - acc:         0.909100 loss:        0.312023
Sparsity :          0.5000
Wdecay :        0.000500
========== Epoch 168 ==========
LR =  0.010000000000000002
Train - acc:        0.961920 loss:        0.114164
Test - acc:         0.903800 loss:        0.340406
Sparsity :          0.5000
Wdecay :        0.000500
========== Epoch 169 ==========
LR =  0.010000000000000002
Train - acc:        0.963420 loss:        0.109247
Test - acc:         0.900500 loss:        0.361557
Sparsity :          0.5000
Wdecay :        0.000500
========== Epoch 170 ==========
LR =  0.010000000000000002
Train - acc:        0.962220 loss:        0.111567
Test - acc:         0.907200 loss:        0.317233
Sparsity :          0.5000
Wdecay :        0.000500
========== Epoch 171 ==========
LR =  0.010000000000000002
Train - acc:        0.962400 loss:        0.110716
Test - acc:         0.908000 loss:        0.323509
Sparsity :          0.5000
Wdecay :        0.000500
========== Epoch 172 ==========
LR =  0.010000000000000002
Train - acc:        0.961980 loss:        0.111940
Test - acc:         0.903300 loss:        0.340925
Sparsity :          0.5000
Wdecay :        0.000500
========== Epoch 173 ==========
LR =  0.010000000000000002
Train - acc:        0.962600 loss:        0.109757
Test - acc:         0.898800 loss:        0.348242
Sparsity :          0.5000
Wdecay :        0.000500
========== Epoch 174 ==========
LR =  0.010000000000000002
Train - acc:        0.963340 loss:        0.109589
Test - acc:         0.906100 loss:        0.316783
Sparsity :          0.5000
Wdecay :        0.000500
========== Epoch 175 ==========
LR =  0.010000000000000002
Train - acc:        0.962840 loss:        0.109471
Test - acc:         0.904100 loss:        0.330814
Sparsity :          0.5000
Wdecay :        0.000500
========== Epoch 176 ==========
LR =  0.010000000000000002
Train - acc:        0.962680 loss:        0.109743
Test - acc:         0.906300 loss:        0.321060
Sparsity :          0.5000
Wdecay :        0.000500
========== Epoch 177 ==========
LR =  0.010000000000000002
Train - acc:        0.963060 loss:        0.109999
Test - acc:         0.905500 loss:        0.320401
Sparsity :          0.5000
Wdecay :        0.000500
========== Epoch 178 ==========
LR =  0.010000000000000002
Train - acc:        0.963500 loss:        0.108394
Test - acc:         0.900500 loss:        0.365251
Sparsity :          0.5000
Wdecay :        0.000500
========== Epoch 179 ==========
LR =  0.010000000000000002
Train - acc:        0.965020 loss:        0.104976
Test - acc:         0.893500 loss:        0.371863
Sparsity :          0.5000
Wdecay :        0.000500
========== Epoch 180 ==========
LR =  0.010000000000000002
Train - acc:        0.961920 loss:        0.113097
Test - acc:         0.896300 loss:        0.369310
Sparsity :          0.5000
Wdecay :        0.000500
========== Epoch 181 ==========
LR =  0.010000000000000002
Train - acc:        0.964660 loss:        0.105591
Test - acc:         0.898800 loss:        0.371125
Sparsity :          0.5000
Wdecay :        0.000500
========== Epoch 182 ==========
LR =  0.010000000000000002
Train - acc:        0.962760 loss:        0.111184
Test - acc:         0.891900 loss:        0.381754
Sparsity :          0.5000
Wdecay :        0.000500
========== Epoch 183 ==========
LR =  0.010000000000000002
Train - acc:        0.964620 loss:        0.104820
Test - acc:         0.898600 loss:        0.352923
Sparsity :          0.5000
Wdecay :        0.000500
========== Epoch 184 ==========
LR =  0.010000000000000002
Train - acc:        0.962520 loss:        0.108590
Test - acc:         0.897500 loss:        0.370247
Sparsity :          0.5000
Wdecay :        0.000500
========== Epoch 185 ==========
LR =  0.010000000000000002
Train - acc:        0.961440 loss:        0.113098
Test - acc:         0.895300 loss:        0.367999
Sparsity :          0.5000
Wdecay :        0.000500
========== Epoch 186 ==========
LR =  0.010000000000000002
Train - acc:        0.962380 loss:        0.112584
Test - acc:         0.899400 loss:        0.356230
Sparsity :          0.5000
Wdecay :        0.000500
========== Epoch 187 ==========
LR =  0.010000000000000002
Train - acc:        0.963700 loss:        0.107578
Test - acc:         0.903400 loss:        0.346086
Sparsity :          0.5000
Wdecay :        0.000500
========== Epoch 188 ==========
LR =  0.010000000000000002
Train - acc:        0.964380 loss:        0.106909
Test - acc:         0.899100 loss:        0.348397
Sparsity :          0.5000
Wdecay :        0.000500
========== Epoch 189 ==========
LR =  0.010000000000000002
Train - acc:        0.964260 loss:        0.108204
Test - acc:         0.888700 loss:        0.389766
Sparsity :          0.5000
Wdecay :        0.000500
========== Epoch 190 ==========
LR =  0.010000000000000002
Train - acc:        0.963820 loss:        0.107927
Test - acc:         0.899900 loss:        0.358131
Sparsity :          0.5000
Wdecay :        0.000500
========== Epoch 191 ==========
LR =  0.010000000000000002
Train - acc:        0.963040 loss:        0.112350
Test - acc:         0.905500 loss:        0.327034
Sparsity :          0.5000
Wdecay :        0.000500
========== Epoch 192 ==========
LR =  0.010000000000000002
Train - acc:        0.964200 loss:        0.108268
Test - acc:         0.894900 loss:        0.391572
Sparsity :          0.5000
Wdecay :        0.000500
========== Epoch 193 ==========
LR =  0.010000000000000002
Train - acc:        0.962640 loss:        0.110356
Test - acc:         0.893200 loss:        0.396422
Sparsity :          0.5000
Wdecay :        0.000500
========== Epoch 194 ==========
LR =  0.010000000000000002
Train - acc:        0.961960 loss:        0.114539
Test - acc:         0.902900 loss:        0.339211
Sparsity :          0.5000
Wdecay :        0.000500
========== Epoch 195 ==========
LR =  0.010000000000000002
Train - acc:        0.962240 loss:        0.111568
Test - acc:         0.897800 loss:        0.352082
Sparsity :          0.5000
Wdecay :        0.000500
========== Epoch 196 ==========
LR =  0.010000000000000002
Train - acc:        0.963260 loss:        0.110478
Test - acc:         0.896200 loss:        0.362840
Sparsity :          0.5000
Wdecay :        0.000500
========== Epoch 197 ==========
LR =  0.010000000000000002
Train - acc:        0.963360 loss:        0.108344
Test - acc:         0.901700 loss:        0.338204
Sparsity :          0.5000
Wdecay :        0.000500
========== Epoch 198 ==========
LR =  0.010000000000000002
Train - acc:        0.963320 loss:        0.108996
Test - acc:         0.902200 loss:        0.354333
Sparsity :          0.5000
Wdecay :        0.000500
========== Epoch 199 ==========
LR =  0.010000000000000002
Train - acc:        0.963420 loss:        0.108922
Test - acc:         0.900800 loss:        0.352574
Sparsity :          0.5000
Wdecay :        0.000500
========== Epoch 200 ==========
LR =  0.010000000000000002
Train - acc:        0.964960 loss:        0.104396
Test - acc:         0.900900 loss:        0.377579
Sparsity :          0.5000
Wdecay :        0.000500
========== Epoch 201 ==========
LR =  0.010000000000000002
Train - acc:        0.961740 loss:        0.112263
Test - acc:         0.897300 loss:        0.360293
Sparsity :          0.5000
Wdecay :        0.000500
========== Epoch 202 ==========
LR =  0.010000000000000002
Train - acc:        0.963080 loss:        0.109626
Test - acc:         0.900500 loss:        0.364174
Sparsity :          0.5000
Wdecay :        0.000500
========== Epoch 203 ==========
LR =  0.010000000000000002
Train - acc:        0.963060 loss:        0.109650
Test - acc:         0.900700 loss:        0.354361
Sparsity :          0.5000
Wdecay :        0.000500
========== Epoch 204 ==========
LR =  0.010000000000000002
Train - acc:        0.964520 loss:        0.107508
Test - acc:         0.899500 loss:        0.352591
Sparsity :          0.5000
Wdecay :        0.000500
========== Epoch 205 ==========
LR =  0.010000000000000002
Train - acc:        0.964360 loss:        0.107154
Test - acc:         0.899900 loss:        0.350857
Sparsity :          0.5000
Wdecay :        0.000500
========== Epoch 206 ==========
LR =  0.010000000000000002
Train - acc:        0.962820 loss:        0.111601
Test - acc:         0.895900 loss:        0.385058
Sparsity :          0.5000
Wdecay :        0.000500
========== Epoch 207 ==========
LR =  0.010000000000000002
Train - acc:        0.963440 loss:        0.109435
Test - acc:         0.897500 loss:        0.362569
Sparsity :          0.5000
Wdecay :        0.000500
========== Epoch 208 ==========
LR =  0.010000000000000002
Train - acc:        0.963920 loss:        0.107418
Test - acc:         0.886500 loss:        0.404399
Sparsity :          0.5000
Wdecay :        0.000500
========== Epoch 209 ==========
LR =  0.010000000000000002
Train - acc:        0.964740 loss:        0.105628
Test - acc:         0.893300 loss:        0.382399
Sparsity :          0.5000
Wdecay :        0.000500
========== Epoch 210 ==========
LR =  0.010000000000000002
Train - acc:        0.964540 loss:        0.107622
Test - acc:         0.900600 loss:        0.352058
Sparsity :          0.5000
Wdecay :        0.000500
========== Epoch 211 ==========
LR =  0.010000000000000002
Train - acc:        0.963740 loss:        0.110417
Test - acc:         0.899600 loss:        0.352700
Sparsity :          0.5000
Wdecay :        0.000500
========== Epoch 212 ==========
LR =  0.010000000000000002
Train - acc:        0.963600 loss:        0.108988
Test - acc:         0.899600 loss:        0.352518
Sparsity :          0.5000
Wdecay :        0.000500
========== Epoch 213 ==========
LR =  0.010000000000000002
Train - acc:        0.965580 loss:        0.104322
Test - acc:         0.885200 loss:        0.422410
Sparsity :          0.5000
Wdecay :        0.000500
========== Epoch 214 ==========
LR =  0.010000000000000002
Train - acc:        0.965300 loss:        0.103702
Test - acc:         0.886600 loss:        0.401983
Sparsity :          0.5000
Wdecay :        0.000500
========== Epoch 215 ==========
LR =  0.010000000000000002
Train - acc:        0.965500 loss:        0.104040
Test - acc:         0.898700 loss:        0.365049
Sparsity :          0.5000
Wdecay :        0.000500
========== Epoch 216 ==========
LR =  0.010000000000000002
Train - acc:        0.965960 loss:        0.104489
Test - acc:         0.903300 loss:        0.354841
Sparsity :          0.5000
Wdecay :        0.000500
========== Epoch 217 ==========
LR =  0.010000000000000002
Train - acc:        0.965300 loss:        0.105273
Test - acc:         0.878600 loss:        0.426159
Sparsity :          0.5000
Wdecay :        0.000500
========== Epoch 218 ==========
LR =  0.010000000000000002
Train - acc:        0.965880 loss:        0.103010
Test - acc:         0.885700 loss:        0.411562
Sparsity :          0.5000
Wdecay :        0.000500
========== Epoch 219 ==========
LR =  0.010000000000000002
Train - acc:        0.964560 loss:        0.104615
Test - acc:         0.894200 loss:        0.388820
Sparsity :          0.5000
Wdecay :        0.000500
========== Epoch 220 ==========
LR =  0.010000000000000002
Train - acc:        0.965180 loss:        0.104698
Test - acc:         0.900200 loss:        0.358928
Sparsity :          0.5000
Wdecay :        0.000500
========== Epoch 221 ==========
LR =  0.010000000000000002
Train - acc:        0.963100 loss:        0.109156
Test - acc:         0.894200 loss:        0.374245
Sparsity :          0.5000
Wdecay :        0.000500
========== Epoch 222 ==========
LR =  0.010000000000000002
Train - acc:        0.967820 loss:        0.097277
Test - acc:         0.903500 loss:        0.348340
Sparsity :          0.5000
Wdecay :        0.000500
========== Epoch 223 ==========
LR =  0.010000000000000002
Train - acc:        0.965680 loss:        0.104317
Test - acc:         0.900600 loss:        0.356790
Sparsity :          0.5000
Wdecay :        0.000500
========== Epoch 224 ==========
LR =  0.010000000000000002
Train - acc:        0.963580 loss:        0.109275
Test - acc:         0.894500 loss:        0.388987
Sparsity :          0.5000
Wdecay :        0.000500
========== Epoch 225 ==========
LR =  0.010000000000000002
Train - acc:        0.965760 loss:        0.099879
Test - acc:         0.896100 loss:        0.375917
Sparsity :          0.5000
Wdecay :        0.000500
========== Epoch 226 ==========
LR =  0.010000000000000002
Train - acc:        0.965060 loss:        0.104740
Test - acc:         0.895800 loss:        0.384062
Sparsity :          0.5000
Wdecay :        0.000500
========== Epoch 227 ==========
LR =  0.010000000000000002
Train - acc:        0.964700 loss:        0.103393
Test - acc:         0.890000 loss:        0.396589
Sparsity :          0.5000
Wdecay :        0.000500
========== Epoch 228 ==========
LR =  0.010000000000000002
Train - acc:        0.966820 loss:        0.100316
Test - acc:         0.892100 loss:        0.381580
Sparsity :          0.5000
Wdecay :        0.000500
========== Epoch 229 ==========
LR =  0.010000000000000002
Train - acc:        0.966420 loss:        0.102279
Test - acc:         0.879600 loss:        0.445045
Sparsity :          0.5000
Wdecay :        0.000500
========== Epoch 230 ==========
LR =  0.010000000000000002
Train - acc:        0.966640 loss:        0.101899
Test - acc:         0.907700 loss:        0.344409
Sparsity :          0.5000
Wdecay :        0.000500
========== Epoch 231 ==========
LR =  0.010000000000000002
Train - acc:        0.965200 loss:        0.105572
Test - acc:         0.895100 loss:        0.399481
Sparsity :          0.5000
Wdecay :        0.000500
========== Epoch 232 ==========
LR =  0.010000000000000002
Train - acc:        0.966100 loss:        0.102673
Test - acc:         0.897900 loss:        0.386192
Sparsity :          0.5000
Wdecay :        0.000500
========== Epoch 233 ==========
LR =  0.010000000000000002
Train - acc:        0.964840 loss:        0.104783
Test - acc:         0.902400 loss:        0.350304
Sparsity :          0.5000
Wdecay :        0.000500
========== Epoch 234 ==========
LR =  0.010000000000000002
Train - acc:        0.965140 loss:        0.103381
Test - acc:         0.903100 loss:        0.339886
Sparsity :          0.7500
Wdecay :        0.000500
========== Epoch 235 ==========
LR =  0.010000000000000002
Train - acc:        0.968340 loss:        0.094520
Test - acc:         0.897100 loss:        0.373044
Sparsity :          0.7500
Wdecay :        0.000500
========== Epoch 236 ==========
LR =  0.010000000000000002
Train - acc:        0.968040 loss:        0.094406
Test - acc:         0.897100 loss:        0.392293
Sparsity :          0.7500
Wdecay :        0.000500
========== Epoch 237 ==========
LR =  0.010000000000000002
Train - acc:        0.967680 loss:        0.096790
Test - acc:         0.898700 loss:        0.389186
Sparsity :          0.7500
Wdecay :        0.000500
========== Epoch 238 ==========
LR =  0.010000000000000002
Train - acc:        0.968240 loss:        0.094279
Test - acc:         0.899500 loss:        0.361070
Sparsity :          0.7500
Wdecay :        0.000500
========== Epoch 239 ==========
LR =  0.010000000000000002
Train - acc:        0.967160 loss:        0.098163
Test - acc:         0.903800 loss:        0.350271
Sparsity :          0.7500
Wdecay :        0.000500
========== Epoch 240 ==========
LR =  0.010000000000000002
Train - acc:        0.967200 loss:        0.096594
Test - acc:         0.894600 loss:        0.393787
Sparsity :          0.7500
Wdecay :        0.000500
========== Epoch 241 ==========
LR =  0.010000000000000002
Train - acc:        0.968120 loss:        0.096051
Test - acc:         0.903700 loss:        0.357654
Sparsity :          0.7500
Wdecay :        0.000500
========== Epoch 242 ==========
LR =  0.010000000000000002
Train - acc:        0.970100 loss:        0.088334
Test - acc:         0.890000 loss:        0.405422
Sparsity :          0.7500
Wdecay :        0.000500
========== Epoch 243 ==========
LR =  0.010000000000000002
Train - acc:        0.966880 loss:        0.098313
Test - acc:         0.887500 loss:        0.444168
Sparsity :          0.7500
Wdecay :        0.000500
========== Epoch 244 ==========
LR =  0.010000000000000002
Train - acc:        0.968560 loss:        0.094989
Test - acc:         0.902100 loss:        0.366890
Sparsity :          0.7500
Wdecay :        0.000500
========== Epoch 245 ==========
LR =  0.010000000000000002
Train - acc:        0.970380 loss:        0.089266
Test - acc:         0.888700 loss:        0.413636
Sparsity :          0.7500
Wdecay :        0.000500
========== Epoch 246 ==========
LR =  0.010000000000000002
Train - acc:        0.965200 loss:        0.102950
Test - acc:         0.888800 loss:        0.438402
Sparsity :          0.7500
Wdecay :        0.000500
========== Epoch 247 ==========
LR =  0.010000000000000002
Train - acc:        0.968360 loss:        0.092302
Test - acc:         0.895300 loss:        0.369925
Sparsity :          0.7500
Wdecay :        0.000500
========== Epoch 248 ==========
LR =  0.010000000000000002
Train - acc:        0.968900 loss:        0.093958
Test - acc:         0.893700 loss:        0.386127
Sparsity :          0.7500
Wdecay :        0.000500
========== Epoch 249 ==========
LR =  0.010000000000000002
Train - acc:        0.968140 loss:        0.092479
Test - acc:         0.903100 loss:        0.363606
Sparsity :          0.7500
Wdecay :        0.000500
========== Epoch 250 ==========
LR =  0.0010000000000000002
Train - acc:        0.967860 loss:        0.094778
Test - acc:         0.900500 loss:        0.352175
Sparsity :          0.7500
Wdecay :        0.000500
========== Epoch 251 ==========
LR =  0.0010000000000000002
Train - acc:        0.982800 loss:        0.053136
Test - acc:         0.921300 loss:        0.277003
Sparsity :          0.7500
Wdecay :        0.000500
========== Epoch 252 ==========
LR =  0.0010000000000000002
Train - acc:        0.989620 loss:        0.033636
Test - acc:         0.923400 loss:        0.280968
Sparsity :          0.7500
Wdecay :        0.000500
========== Epoch 253 ==========
LR =  0.0010000000000000002
Train - acc:        0.991700 loss:        0.026794
Test - acc:         0.925500 loss:        0.280078
Sparsity :          0.7500
Wdecay :        0.000500
========== Epoch 254 ==========
LR =  0.0010000000000000002
Train - acc:        0.992340 loss:        0.024548
Test - acc:         0.924800 loss:        0.288721
Sparsity :          0.7500
Wdecay :        0.000500
========== Epoch 255 ==========
LR =  0.0010000000000000002
Train - acc:        0.994200 loss:        0.019704
Test - acc:         0.925400 loss:        0.295354
Sparsity :          0.7500
Wdecay :        0.000500
========== Epoch 256 ==========
LR =  0.0010000000000000002
Train - acc:        0.994680 loss:        0.019250
Test - acc:         0.924900 loss:        0.296148
Sparsity :          0.7500
Wdecay :        0.000500
========== Epoch 257 ==========
LR =  0.0010000000000000002
Train - acc:        0.994440 loss:        0.018118
Test - acc:         0.926100 loss:        0.296284
Sparsity :          0.7500
Wdecay :        0.000500
========== Epoch 258 ==========
LR =  0.0010000000000000002
Train - acc:        0.995340 loss:        0.015956
Test - acc:         0.928200 loss:        0.297284
Sparsity :          0.7500
Wdecay :        0.000500
========== Epoch 259 ==========
LR =  0.0010000000000000002
Train - acc:        0.996200 loss:        0.013773
Test - acc:         0.926100 loss:        0.301373
Sparsity :          0.7500
Wdecay :        0.000500
========== Epoch 260 ==========
LR =  0.0010000000000000002
Train - acc:        0.996320 loss:        0.013297
Test - acc:         0.926200 loss:        0.302762
Sparsity :          0.7500
Wdecay :        0.000500
========== Epoch 261 ==========
LR =  0.0010000000000000002
Train - acc:        0.996880 loss:        0.010925
Test - acc:         0.925800 loss:        0.309535
Sparsity :          0.7500
Wdecay :        0.000500
========== Epoch 262 ==========
LR =  0.0010000000000000002
Train - acc:        0.996980 loss:        0.011255
Test - acc:         0.926500 loss:        0.313404
Sparsity :          0.7500
Wdecay :        0.000500
========== Epoch 263 ==========
LR =  0.0010000000000000002
Train - acc:        0.996460 loss:        0.011600
Test - acc:         0.925500 loss:        0.317859
Sparsity :          0.7500
Wdecay :        0.000500
========== Epoch 264 ==========
LR =  0.0010000000000000002
Train - acc:        0.996880 loss:        0.011183
Test - acc:         0.926700 loss:        0.319778
Sparsity :          0.7500
Wdecay :        0.000500
========== Epoch 265 ==========
LR =  0.0010000000000000002
Train - acc:        0.997400 loss:        0.009934
Test - acc:         0.928800 loss:        0.317342
Sparsity :          0.7500
Wdecay :        0.000500
========== Epoch 266 ==========
LR =  0.0010000000000000002
Train - acc:        0.997400 loss:        0.009220
Test - acc:         0.926300 loss:        0.316379
Sparsity :          0.7500
Wdecay :        0.000500
========== Epoch 267 ==========
LR =  0.0010000000000000002
Train - acc:        0.997460 loss:        0.009652
Test - acc:         0.928400 loss:        0.314024
Sparsity :          0.7500
Wdecay :        0.000500
========== Epoch 268 ==========
LR =  0.0010000000000000002
Train - acc:        0.997680 loss:        0.009227
Test - acc:         0.928000 loss:        0.320811
Sparsity :          0.7500
Wdecay :        0.000500
========== Epoch 269 ==========
LR =  0.0010000000000000002
Train - acc:        0.997420 loss:        0.008653
Test - acc:         0.926700 loss:        0.324248
Sparsity :          0.7500
Wdecay :        0.000500
========== Epoch 270 ==========
LR =  0.0010000000000000002
Train - acc:        0.997600 loss:        0.008602
Test - acc:         0.928500 loss:        0.324321
Sparsity :          0.7500
Wdecay :        0.000500
========== Epoch 271 ==========
LR =  0.0010000000000000002
Train - acc:        0.998160 loss:        0.007701
Test - acc:         0.927600 loss:        0.328497
Sparsity :          0.7500
Wdecay :        0.000500
========== Epoch 272 ==========
LR =  0.0010000000000000002
Train - acc:        0.997700 loss:        0.008511
Test - acc:         0.926000 loss:        0.330814
Sparsity :          0.7500
Wdecay :        0.000500
========== Epoch 273 ==========
LR =  0.0010000000000000002
Train - acc:        0.997900 loss:        0.007827
Test - acc:         0.927400 loss:        0.326686
Sparsity :          0.7500
Wdecay :        0.000500
========== Epoch 274 ==========
LR =  0.0010000000000000002
Train - acc:        0.998340 loss:        0.006269
Test - acc:         0.926800 loss:        0.335568
Sparsity :          0.7500
Wdecay :        0.000500
========== Epoch 275 ==========
LR =  0.0010000000000000002
Train - acc:        0.998140 loss:        0.007002
Test - acc:         0.925700 loss:        0.332303
Sparsity :          0.7500
Wdecay :        0.000500
========== Epoch 276 ==========
LR =  0.0010000000000000002
Train - acc:        0.998220 loss:        0.006778
Test - acc:         0.925500 loss:        0.332329
Sparsity :          0.7500
Wdecay :        0.000500
========== Epoch 277 ==========
LR =  0.0010000000000000002
Train - acc:        0.998240 loss:        0.006713
Test - acc:         0.926600 loss:        0.337689
Sparsity :          0.7500
Wdecay :        0.000500
========== Epoch 278 ==========
LR =  0.0010000000000000002
Train - acc:        0.998060 loss:        0.006636
Test - acc:         0.925800 loss:        0.335610
Sparsity :          0.7500
Wdecay :        0.000500
========== Epoch 279 ==========
LR =  0.0010000000000000002
Train - acc:        0.998560 loss:        0.006134
Test - acc:         0.925800 loss:        0.340281
Sparsity :          0.7500
Wdecay :        0.000500
========== Epoch 280 ==========
LR =  0.0010000000000000002
Train - acc:        0.998500 loss:        0.006124
Test - acc:         0.927200 loss:        0.339351
Sparsity :          0.7500
Wdecay :        0.000500
========== Epoch 281 ==========
LR =  0.0010000000000000002
Train - acc:        0.998440 loss:        0.005922
Test - acc:         0.924600 loss:        0.342294
Sparsity :          0.7500
Wdecay :        0.000500
========== Epoch 282 ==========
LR =  0.0010000000000000002
Train - acc:        0.998300 loss:        0.006526
Test - acc:         0.926500 loss:        0.340836
Sparsity :          0.7500
Wdecay :        0.000500
========== Epoch 283 ==========
LR =  0.0010000000000000002
Train - acc:        0.998700 loss:        0.005559
Test - acc:         0.926800 loss:        0.339096
Sparsity :          0.7500
Wdecay :        0.000500
========== Epoch 284 ==========
LR =  0.0010000000000000002
Train - acc:        0.998980 loss:        0.004749
Test - acc:         0.926000 loss:        0.340764
Sparsity :          0.7500
Wdecay :        0.000500
========== Epoch 285 ==========
LR =  0.0010000000000000002
Train - acc:        0.998100 loss:        0.006398
Test - acc:         0.925300 loss:        0.344669
Sparsity :          0.7500
Wdecay :        0.000500
========== Epoch 286 ==========
LR =  0.0010000000000000002
Train - acc:        0.998260 loss:        0.006298
Test - acc:         0.926700 loss:        0.340144
Sparsity :          0.7500
Wdecay :        0.000500
========== Epoch 287 ==========
LR =  0.0010000000000000002
Train - acc:        0.998380 loss:        0.005463
Test - acc:         0.923500 loss:        0.348817
Sparsity :          0.7500
Wdecay :        0.000500
========== Epoch 288 ==========
LR =  0.0010000000000000002
Train - acc:        0.998540 loss:        0.005589
Test - acc:         0.925900 loss:        0.349438
Sparsity :          0.7500
Wdecay :        0.000500
========== Epoch 289 ==========
LR =  0.0010000000000000002
Train - acc:        0.998800 loss:        0.004857
Test - acc:         0.927000 loss:        0.348441
Sparsity :          0.7500
Wdecay :        0.000500
========== Epoch 290 ==========
LR =  0.0010000000000000002
Train - acc:        0.998660 loss:        0.005002
Test - acc:         0.928300 loss:        0.343558
Sparsity :          0.7500
Wdecay :        0.000500
========== Epoch 291 ==========
LR =  0.0010000000000000002
Train - acc:        0.998600 loss:        0.005057
Test - acc:         0.927800 loss:        0.340128
Sparsity :          0.7500
Wdecay :        0.000500
========== Epoch 292 ==========
LR =  0.0010000000000000002
Train - acc:        0.998400 loss:        0.005290
Test - acc:         0.926300 loss:        0.346813
Sparsity :          0.7500
Wdecay :        0.000500
========== Epoch 293 ==========
LR =  0.0010000000000000002
Train - acc:        0.999140 loss:        0.004452
Test - acc:         0.927400 loss:        0.345205
Sparsity :          0.7500
Wdecay :        0.000500
========== Epoch 294 ==========
LR =  0.0010000000000000002
Train - acc:        0.998780 loss:        0.004484
Test - acc:         0.927400 loss:        0.342155
Sparsity :          0.7500
Wdecay :        0.000500
========== Epoch 295 ==========
LR =  0.0010000000000000002
Train - acc:        0.998880 loss:        0.004398
Test - acc:         0.927700 loss:        0.346314
Sparsity :          0.7500
Wdecay :        0.000500
========== Epoch 296 ==========
LR =  0.0010000000000000002
Train - acc:        0.998580 loss:        0.005324
Test - acc:         0.929500 loss:        0.344229
Sparsity :          0.7500
Wdecay :        0.000500
========== Epoch 297 ==========
LR =  0.0010000000000000002
Train - acc:        0.999140 loss:        0.004210
Test - acc:         0.925300 loss:        0.351769
Sparsity :          0.7500
Wdecay :        0.000500
========== Epoch 298 ==========
LR =  0.0010000000000000002
Train - acc:        0.998880 loss:        0.004444
Test - acc:         0.927800 loss:        0.344320
Sparsity :          0.7500
Wdecay :        0.000500
========== Epoch 299 ==========
LR =  0.0010000000000000002
Train - acc:        0.998500 loss:        0.005032
Test - acc:         0.927400 loss:        0.345541
Sparsity :          0.7500
Wdecay :        0.000500
========== Epoch 300 ==========
LR =  0.0010000000000000002
Train - acc:        0.998600 loss:        0.004685
Test - acc:         0.928800 loss:        0.345390
Sparsity :          0.7500
Wdecay :        0.000500
========== Epoch 301 ==========
LR =  0.0010000000000000002
Train - acc:        0.998940 loss:        0.004409
Test - acc:         0.928400 loss:        0.343228
Sparsity :          0.7500
Wdecay :        0.000500
========== Epoch 302 ==========
LR =  0.0010000000000000002
Train - acc:        0.998980 loss:        0.004266
Test - acc:         0.929000 loss:        0.347701
Sparsity :          0.7500
Wdecay :        0.000500
========== Epoch 303 ==========
LR =  0.0010000000000000002
Train - acc:        0.999040 loss:        0.003950
Test - acc:         0.927200 loss:        0.355798
Sparsity :          0.7500
Wdecay :        0.000500
========== Epoch 304 ==========
LR =  0.0010000000000000002
Train - acc:        0.998720 loss:        0.004721
Test - acc:         0.926100 loss:        0.351250
Sparsity :          0.7500
Wdecay :        0.000500
========== Epoch 305 ==========
LR =  0.0010000000000000002
Train - acc:        0.999060 loss:        0.003789
Test - acc:         0.927900 loss:        0.352223
Sparsity :          0.7500
Wdecay :        0.000500
========== Epoch 306 ==========
LR =  0.0010000000000000002
Train - acc:        0.998900 loss:        0.004397
Test - acc:         0.927000 loss:        0.350647
Sparsity :          0.7500
Wdecay :        0.000500
========== Epoch 307 ==========
LR =  0.0010000000000000002
Train - acc:        0.999020 loss:        0.003782
Test - acc:         0.927300 loss:        0.351203
Sparsity :          0.7500
Wdecay :        0.000500
========== Epoch 308 ==========
LR =  0.0010000000000000002
Train - acc:        0.998820 loss:        0.004370
Test - acc:         0.926400 loss:        0.348306
Sparsity :          0.7500
Wdecay :        0.000500
========== Epoch 309 ==========
LR =  0.0010000000000000002
Train - acc:        0.999160 loss:        0.003397
Test - acc:         0.926800 loss:        0.348731
Sparsity :          0.7500
Wdecay :        0.000500
========== Epoch 310 ==========
LR =  0.0010000000000000002
Train - acc:        0.998840 loss:        0.004144
Test - acc:         0.924800 loss:        0.357544
Sparsity :          0.7500
Wdecay :        0.000500
========== Epoch 311 ==========
LR =  0.0010000000000000002
Train - acc:        0.999100 loss:        0.003545
Test - acc:         0.926900 loss:        0.352119
Sparsity :          0.7500
Wdecay :        0.000500
========== Epoch 312 ==========
LR =  0.0010000000000000002
Train - acc:        0.999120 loss:        0.003912
Test - acc:         0.926600 loss:        0.348146
Sparsity :          0.7500
Wdecay :        0.000500
========== Epoch 313 ==========
LR =  0.0010000000000000002
Train - acc:        0.999020 loss:        0.003679
Test - acc:         0.926500 loss:        0.353801
Sparsity :          0.7500
Wdecay :        0.000500
========== Epoch 314 ==========
LR =  0.0010000000000000002
Train - acc:        0.999160 loss:        0.003301
Test - acc:         0.927900 loss:        0.348464
Sparsity :          0.7500
Wdecay :        0.000500
========== Epoch 315 ==========
LR =  0.0010000000000000002
Train - acc:        0.999180 loss:        0.003629
Test - acc:         0.928400 loss:        0.350211
Sparsity :          0.7500
Wdecay :        0.000500
========== Epoch 316 ==========
LR =  0.0010000000000000002
Train - acc:        0.999040 loss:        0.003826
Test - acc:         0.926500 loss:        0.353771
Sparsity :          0.7500
Wdecay :        0.000500
========== Epoch 317 ==========
LR =  0.0010000000000000002
Train - acc:        0.998960 loss:        0.003810
Test - acc:         0.926800 loss:        0.354848
Sparsity :          0.7500
Wdecay :        0.000500
========== Epoch 318 ==========
LR =  0.0010000000000000002
Train - acc:        0.999200 loss:        0.003411
Test - acc:         0.926200 loss:        0.358115
Sparsity :          0.7500
Wdecay :        0.000500
========== Epoch 319 ==========
LR =  0.0010000000000000002
Train - acc:        0.999080 loss:        0.003710
Test - acc:         0.926700 loss:        0.353664
Sparsity :          0.7500
Wdecay :        0.000500
========== Epoch 320 ==========
LR =  0.0010000000000000002
Train - acc:        0.999360 loss:        0.003295
Test - acc:         0.927600 loss:        0.353666
Sparsity :          0.7500
Wdecay :        0.000500
========== Epoch 321 ==========
LR =  0.0010000000000000002
Train - acc:        0.999200 loss:        0.003613
Test - acc:         0.927100 loss:        0.354303
Sparsity :          0.7500
Wdecay :        0.000500
========== Epoch 322 ==========
LR =  0.0010000000000000002
Train - acc:        0.998840 loss:        0.004001
Test - acc:         0.927200 loss:        0.358714
Sparsity :          0.7500
Wdecay :        0.000500
========== Epoch 323 ==========
LR =  0.0010000000000000002
Train - acc:        0.999080 loss:        0.003843
Test - acc:         0.926900 loss:        0.359462
Sparsity :          0.7500
Wdecay :        0.000500
========== Epoch 324 ==========
LR =  0.0010000000000000002
Train - acc:        0.999020 loss:        0.003826
Test - acc:         0.927300 loss:        0.354938
Sparsity :          0.7500
Wdecay :        0.000500
========== Epoch 325 ==========
LR =  0.0010000000000000002
Train - acc:        0.999180 loss:        0.003406
Test - acc:         0.927200 loss:        0.351408
Sparsity :          0.7500
Wdecay :        0.000500
========== Epoch 326 ==========
LR =  0.0010000000000000002
Train - acc:        0.999280 loss:        0.003094
Test - acc:         0.928000 loss:        0.351760
Sparsity :          0.7500
Wdecay :        0.000500
========== Epoch 327 ==========
LR =  0.0010000000000000002
Train - acc:        0.999120 loss:        0.003852
Test - acc:         0.926400 loss:        0.362240
Sparsity :          0.7500
Wdecay :        0.000500
========== Epoch 328 ==========
LR =  0.0010000000000000002
Train - acc:        0.999220 loss:        0.003110
Test - acc:         0.926700 loss:        0.354162
Sparsity :          0.7500
Wdecay :        0.000500
========== Epoch 329 ==========
LR =  0.0010000000000000002
Train - acc:        0.999240 loss:        0.003258
Test - acc:         0.927500 loss:        0.356081
Sparsity :          0.7500
Wdecay :        0.000500
========== Epoch 330 ==========
LR =  0.0010000000000000002
Train - acc:        0.999000 loss:        0.003349
Test - acc:         0.927000 loss:        0.357082
Sparsity :          0.7500
Wdecay :        0.000500
========== Epoch 331 ==========
LR =  0.0010000000000000002
Train - acc:        0.999180 loss:        0.003328
Test - acc:         0.927800 loss:        0.353504
Sparsity :          0.7500
Wdecay :        0.000500
========== Epoch 332 ==========
LR =  0.0010000000000000002
Train - acc:        0.999420 loss:        0.002727
Test - acc:         0.928500 loss:        0.355487
Sparsity :          0.7500
Wdecay :        0.000500
========== Epoch 333 ==========
LR =  0.0010000000000000002
Train - acc:        0.999300 loss:        0.003402
Test - acc:         0.928700 loss:        0.362208
Sparsity :          0.7500
Wdecay :        0.000500
========== Epoch 334 ==========
LR =  0.0010000000000000002
Train - acc:        0.999240 loss:        0.003157
Test - acc:         0.928000 loss:        0.357795
Sparsity :          0.7500
Wdecay :        0.000500
========== Epoch 335 ==========
LR =  0.0010000000000000002
Train - acc:        0.999360 loss:        0.002903
Test - acc:         0.926800 loss:        0.363896
Sparsity :          0.7500
Wdecay :        0.000500
========== Epoch 336 ==========
LR =  0.0010000000000000002
Train - acc:        0.999280 loss:        0.003180
Test - acc:         0.927500 loss:        0.360465
Sparsity :          0.7500
Wdecay :        0.000500
========== Epoch 337 ==========
LR =  0.0010000000000000002
Train - acc:        0.999280 loss:        0.003329
Test - acc:         0.925200 loss:        0.364571
Sparsity :          0.7500
Wdecay :        0.000500
========== Epoch 338 ==========
LR =  0.0010000000000000002
Train - acc:        0.999200 loss:        0.003612
Test - acc:         0.926800 loss:        0.362123
Sparsity :          0.7500
Wdecay :        0.000500
========== Epoch 339 ==========
LR =  0.0010000000000000002
Train - acc:        0.999260 loss:        0.003174
Test - acc:         0.928600 loss:        0.357906
Sparsity :          0.7500
Wdecay :        0.000500
========== Epoch 340 ==========
LR =  0.0010000000000000002
Train - acc:        0.999000 loss:        0.003818
Test - acc:         0.928400 loss:        0.357887
Sparsity :          0.7500
Wdecay :        0.000500
========== Epoch 341 ==========
LR =  0.0010000000000000002
Train - acc:        0.999040 loss:        0.003575
Test - acc:         0.928400 loss:        0.357595
Sparsity :          0.7500
Wdecay :        0.000500
========== Epoch 342 ==========
LR =  0.0010000000000000002
Train - acc:        0.999200 loss:        0.003439
Test - acc:         0.928400 loss:        0.364329
Sparsity :          0.7500
Wdecay :        0.000500
========== Epoch 343 ==========
LR =  0.0010000000000000002
Train - acc:        0.999200 loss:        0.003242
Test - acc:         0.926900 loss:        0.357032
Sparsity :          0.7500
Wdecay :        0.000500
========== Epoch 344 ==========
LR =  0.0010000000000000002
Train - acc:        0.999400 loss:        0.002750
Test - acc:         0.926800 loss:        0.366184
Sparsity :          0.7500
Wdecay :        0.000500
========== Epoch 345 ==========
LR =  0.0010000000000000002
Train - acc:        0.999340 loss:        0.002796
Test - acc:         0.928200 loss:        0.352355
Sparsity :          0.7500
Wdecay :        0.000500
========== Epoch 346 ==========
LR =  0.0010000000000000002
Train - acc:        0.999320 loss:        0.003025
Test - acc:         0.927800 loss:        0.356781
Sparsity :          0.7500
Wdecay :        0.000500
========== Epoch 347 ==========
LR =  0.0010000000000000002
Train - acc:        0.999080 loss:        0.003772
Test - acc:         0.926300 loss:        0.361791
Sparsity :          0.7500
Wdecay :        0.000500
========== Epoch 348 ==========
LR =  0.0010000000000000002
Train - acc:        0.999160 loss:        0.003732
Test - acc:         0.928600 loss:        0.358291
Sparsity :          0.7500
Wdecay :        0.000500
========== Epoch 349 ==========
LR =  0.0010000000000000002
Train - acc:        0.999240 loss:        0.003198
Test - acc:         0.926200 loss:        0.367416
Sparsity :          0.7500
Wdecay :        0.000500
========== Epoch 350 ==========
LR =  0.0010000000000000002
Train - acc:        0.999320 loss:        0.002933
Test - acc:         0.927900 loss:        0.359335
Sparsity :          0.7500
Wdecay :        0.000500
