Running --model vgg19 --noise --prune_criterion weight_squared_div_flips --seed 43 --prune_freq 50 --prune_rate 0.5 --comment=vgg19_crit=weight_squared_div_flips_pf=50_seed=43 --save_model=pre-finetune/vgg19_weight_squared_div_flips_pf50_s43 --logdir=criterion_experiment_no_bias/vgg19
******************************
Running
{
    "model": "vgg19",
    "dataset": "cifar10",
    "batch_size": 128,
    "test_batch_size": 2000,
    "epochs": 350,
    "lr": 0.1,
    "device": "cuda",
    "seed": 43,
    "prune_criterion": "weight_squared_div_flips",
    "prune_freq": 50,
    "prune_rate": 0.5,
    "sensitivity": 0,
    "flip_threshold": 1,
    "stop_pruning_at": -1,
    "prune_bias": false,
    "prune_bnorm": false,
    "use_ema_flips": false,
    "beta_ema_flips": null,
    "reset_flip_cts": false,
    "normalize_magnitudes": false,
    "beta_ema_maghists": null,
    "logdir": "criterion_experiment_no_bias/vgg19",
    "opt": "sgd",
    "momentum": 0.9,
    "use_scheduler": true,
    "milestones": [
        150,
        250
    ],
    "reg_type": "wdecay",
    "lambda": 0.0005,
    "anneal_lambda": false,
    "anneal_lr": false,
    "add_noise": true,
    "scale_noise_by_lr": false,
    "stop_noise_at": -1,
    "noise_only_prunable": false,
    "noise_scale_factor": 1,
    "snip_sparsity": 0.0,
    "beta_ema": 0.999,
    "lambas": [
        1.0,
        1.0,
        1.0,
        1.0
    ],
    "local_rep": false,
    "temperature": 0.6666666666666666,
    "save_model": "pre-finetune/vgg19_weight_squared_div_flips_pf50_s43",
    "load_model": null,
    "parallel": false
}
******************************
Files already downloaded and verified
Files already downloaded and verified
Total prunable params of model: 20024000
Model has 20040522 total params.
num_weights=20029504
num_biases=11018
num.prunable=20024000
---Biases omitted from pruning---
---Bnorm omitted from pruning---
========== Epoch 1 ==========
LR =  0.1
Train - acc:        0.105080 loss:        3.010980
Test - acc:         0.123000 loss:        2.359551
Sparsity :          0.0000
Wdecay :        0.000500
========== Epoch 2 ==========
LR =  0.1
Train - acc:        0.174860 loss:        2.110594
Test - acc:         0.220300 loss:        1.926493
Sparsity :          0.0000
Wdecay :        0.000500
========== Epoch 3 ==========
LR =  0.1
Train - acc:        0.228320 loss:        1.910866
Test - acc:         0.260400 loss:        1.855760
Sparsity :          0.0000
Wdecay :        0.000500
========== Epoch 4 ==========
LR =  0.1
Train - acc:        0.280100 loss:        1.830354
Test - acc:         0.280900 loss:        1.853899
Sparsity :          0.0000
Wdecay :        0.000500
========== Epoch 5 ==========
LR =  0.1
Train - acc:        0.337380 loss:        1.708202
Test - acc:         0.334500 loss:        1.776725
Sparsity :          0.0000
Wdecay :        0.000500
========== Epoch 6 ==========
LR =  0.1
Train - acc:        0.462520 loss:        1.424452
Test - acc:         0.521400 loss:        1.340117
Sparsity :          0.0000
Wdecay :        0.000500
========== Epoch 7 ==========
LR =  0.1
Train - acc:        0.580400 loss:        1.178112
Test - acc:         0.606200 loss:        1.185553
Sparsity :          0.0000
Wdecay :        0.000500
========== Epoch 8 ==========
LR =  0.1
Train - acc:        0.652880 loss:        1.000811
Test - acc:         0.627500 loss:        1.159720
Sparsity :          0.0000
Wdecay :        0.000500
========== Epoch 9 ==========
LR =  0.1
Train - acc:        0.695780 loss:        0.890398
Test - acc:         0.423400 loss:        2.100009
Sparsity :          0.0000
Wdecay :        0.000500
========== Epoch 10 ==========
LR =  0.1
Train - acc:        0.726660 loss:        0.822717
Test - acc:         0.596000 loss:        1.244230
Sparsity :          0.0000
Wdecay :        0.000500
========== Epoch 11 ==========
LR =  0.1
Train - acc:        0.742400 loss:        0.778924
Test - acc:         0.633200 loss:        1.214685
Sparsity :          0.0000
Wdecay :        0.000500
========== Epoch 12 ==========
LR =  0.1
Train - acc:        0.756740 loss:        0.737486
Test - acc:         0.703600 loss:        0.920415
Sparsity :          0.0000
Wdecay :        0.000500
========== Epoch 13 ==========
LR =  0.1
Train - acc:        0.765240 loss:        0.717637
Test - acc:         0.699700 loss:        0.949451
Sparsity :          0.0000
Wdecay :        0.000500
========== Epoch 14 ==========
LR =  0.1
Train - acc:        0.769120 loss:        0.701513
Test - acc:         0.711200 loss:        0.881064
Sparsity :          0.0000
Wdecay :        0.000500
========== Epoch 15 ==========
LR =  0.1
Train - acc:        0.779120 loss:        0.674703
Test - acc:         0.733500 loss:        0.862860
Sparsity :          0.0000
Wdecay :        0.000500
========== Epoch 16 ==========
LR =  0.1
Train - acc:        0.783200 loss:        0.666881
Test - acc:         0.703900 loss:        0.881886
Sparsity :          0.0000
Wdecay :        0.000500
========== Epoch 17 ==========
LR =  0.1
Train - acc:        0.789080 loss:        0.649335
Test - acc:         0.656300 loss:        1.096627
Sparsity :          0.0000
Wdecay :        0.000500
========== Epoch 18 ==========
LR =  0.1
Train - acc:        0.790460 loss:        0.640201
Test - acc:         0.726200 loss:        0.868548
Sparsity :          0.0000
Wdecay :        0.000500
========== Epoch 19 ==========
LR =  0.1
Train - acc:        0.793520 loss:        0.634689
Test - acc:         0.695700 loss:        0.978369
Sparsity :          0.0000
Wdecay :        0.000500
========== Epoch 20 ==========
LR =  0.1
Train - acc:        0.799100 loss:        0.619804
Test - acc:         0.743000 loss:        0.818328
Sparsity :          0.0000
Wdecay :        0.000500
========== Epoch 21 ==========
LR =  0.1
Train - acc:        0.798620 loss:        0.618211
Test - acc:         0.759600 loss:        0.749610
Sparsity :          0.0000
Wdecay :        0.000500
========== Epoch 22 ==========
LR =  0.1
Train - acc:        0.801900 loss:        0.610053
Test - acc:         0.771800 loss:        0.715111
Sparsity :          0.0000
Wdecay :        0.000500
========== Epoch 23 ==========
LR =  0.1
Train - acc:        0.803940 loss:        0.601588
Test - acc:         0.746400 loss:        0.797954
Sparsity :          0.0000
Wdecay :        0.000500
========== Epoch 24 ==========
LR =  0.1
Train - acc:        0.806880 loss:        0.595910
Test - acc:         0.749800 loss:        0.763987
Sparsity :          0.0000
Wdecay :        0.000500
========== Epoch 25 ==========
LR =  0.1
Train - acc:        0.806680 loss:        0.596324
Test - acc:         0.764100 loss:        0.743477
Sparsity :          0.0000
Wdecay :        0.000500
========== Epoch 26 ==========
LR =  0.1
Train - acc:        0.811680 loss:        0.583949
Test - acc:         0.740500 loss:        0.875080
Sparsity :          0.0000
Wdecay :        0.000500
========== Epoch 27 ==========
LR =  0.1
Train - acc:        0.813120 loss:        0.581808
Test - acc:         0.771900 loss:        0.738781
Sparsity :          0.0000
Wdecay :        0.000500
========== Epoch 28 ==========
LR =  0.1
Train - acc:        0.810200 loss:        0.591224
Test - acc:         0.796400 loss:        0.653327
Sparsity :          0.0000
Wdecay :        0.000500
========== Epoch 29 ==========
LR =  0.1
Train - acc:        0.815840 loss:        0.575764
Test - acc:         0.768500 loss:        0.731990
Sparsity :          0.0000
Wdecay :        0.000500
========== Epoch 30 ==========
LR =  0.1
Train - acc:        0.818460 loss:        0.565293
Test - acc:         0.714600 loss:        1.062118
Sparsity :          0.0000
Wdecay :        0.000500
========== Epoch 31 ==========
LR =  0.1
Train - acc:        0.815740 loss:        0.568747
Test - acc:         0.728600 loss:        0.906000
Sparsity :          0.0000
Wdecay :        0.000500
========== Epoch 32 ==========
LR =  0.1
Train - acc:        0.820140 loss:        0.556274
Test - acc:         0.751500 loss:        0.763809
Sparsity :          0.0000
Wdecay :        0.000500
========== Epoch 33 ==========
LR =  0.1
Train - acc:        0.821360 loss:        0.550424
Test - acc:         0.742300 loss:        0.803933
Sparsity :          0.0000
Wdecay :        0.000500
========== Epoch 34 ==========
LR =  0.1
Train - acc:        0.824640 loss:        0.536757
Test - acc:         0.737600 loss:        0.848563
Sparsity :          0.0000
Wdecay :        0.000500
========== Epoch 35 ==========
LR =  0.1
Train - acc:        0.821820 loss:        0.548264
Test - acc:         0.769800 loss:        0.700512
Sparsity :          0.0000
Wdecay :        0.000500
========== Epoch 36 ==========
LR =  0.1
Train - acc:        0.825780 loss:        0.531818
Test - acc:         0.803300 loss:        0.611700
Sparsity :          0.0000
Wdecay :        0.000500
========== Epoch 37 ==========
LR =  0.1
Train - acc:        0.825700 loss:        0.535579
Test - acc:         0.762300 loss:        0.728204
Sparsity :          0.0000
Wdecay :        0.000500
========== Epoch 38 ==========
LR =  0.1
Train - acc:        0.823540 loss:        0.540783
Test - acc:         0.700600 loss:        1.089660
Sparsity :          0.0000
Wdecay :        0.000500
========== Epoch 39 ==========
LR =  0.1
Train - acc:        0.832020 loss:        0.518581
Test - acc:         0.781100 loss:        0.668750
Sparsity :          0.0000
Wdecay :        0.000500
========== Epoch 40 ==========
LR =  0.1
Train - acc:        0.825920 loss:        0.525356
Test - acc:         0.666000 loss:        1.032864
Sparsity :          0.0000
Wdecay :        0.000500
========== Epoch 41 ==========
LR =  0.1
Train - acc:        0.827940 loss:        0.532092
Test - acc:         0.796600 loss:        0.641124
Sparsity :          0.0000
Wdecay :        0.000500
========== Epoch 42 ==========
LR =  0.1
Train - acc:        0.830740 loss:        0.518151
Test - acc:         0.778200 loss:        0.710261
Sparsity :          0.0000
Wdecay :        0.000500
========== Epoch 43 ==========
LR =  0.1
Train - acc:        0.830560 loss:        0.521638
Test - acc:         0.788600 loss:        0.680467
Sparsity :          0.0000
Wdecay :        0.000500
========== Epoch 44 ==========
LR =  0.1
Train - acc:        0.831600 loss:        0.509270
Test - acc:         0.732500 loss:        0.964182
Sparsity :          0.0000
Wdecay :        0.000500
========== Epoch 45 ==========
LR =  0.1
Train - acc:        0.832740 loss:        0.514588
Test - acc:         0.697400 loss:        1.052124
Sparsity :          0.0000
Wdecay :        0.000500
========== Epoch 46 ==========
LR =  0.1
Train - acc:        0.828900 loss:        0.529269
Test - acc:         0.768000 loss:        0.714781
Sparsity :          0.0000
Wdecay :        0.000500
========== Epoch 47 ==========
LR =  0.1
Train - acc:        0.832320 loss:        0.512289
Test - acc:         0.735000 loss:        0.923304
Sparsity :          0.0000
Wdecay :        0.000500
========== Epoch 48 ==========
LR =  0.1
Train - acc:        0.834720 loss:        0.510133
Test - acc:         0.739700 loss:        0.807287
Sparsity :          0.0000
Wdecay :        0.000500
========== Epoch 49 ==========
LR =  0.1
Train - acc:        0.833980 loss:        0.509278
Test - acc:         0.746400 loss:        0.758677
Sparsity :          0.0000
Wdecay :        0.000500
========== Epoch 50 ==========
LR =  0.1
Train - acc:        0.832760 loss:        0.516091
Test - acc:         0.797600 loss:        0.630031
Sparsity :          0.5000
Wdecay :        0.000500
========== Epoch 51 ==========
LR =  0.1
Train - acc:        0.839120 loss:        0.487832
Test - acc:         0.774200 loss:        0.736725
Sparsity :          0.5000
Wdecay :        0.000500
========== Epoch 52 ==========
LR =  0.1
Train - acc:        0.838280 loss:        0.496399
Test - acc:         0.786100 loss:        0.694652
Sparsity :          0.5000
Wdecay :        0.000500
========== Epoch 53 ==========
LR =  0.1
Train - acc:        0.838480 loss:        0.490526
Test - acc:         0.753600 loss:        0.798401
Sparsity :          0.5000
Wdecay :        0.000500
========== Epoch 54 ==========
LR =  0.1
Train - acc:        0.842140 loss:        0.488558
Test - acc:         0.821300 loss:        0.562275
Sparsity :          0.5000
Wdecay :        0.000500
========== Epoch 55 ==========
LR =  0.1
Train - acc:        0.842120 loss:        0.481934
Test - acc:         0.704700 loss:        1.032153
Sparsity :          0.5000
Wdecay :        0.000500
========== Epoch 56 ==========
LR =  0.1
Train - acc:        0.835920 loss:        0.500749
Test - acc:         0.817200 loss:        0.554653
Sparsity :          0.5000
Wdecay :        0.000500
========== Epoch 57 ==========
LR =  0.1
Train - acc:        0.838020 loss:        0.496204
Test - acc:         0.777900 loss:        0.736693
Sparsity :          0.5000
Wdecay :        0.000500
========== Epoch 58 ==========
LR =  0.1
Train - acc:        0.837060 loss:        0.492845
Test - acc:         0.804500 loss:        0.608980
Sparsity :          0.5000
Wdecay :        0.000500
========== Epoch 59 ==========
LR =  0.1
Train - acc:        0.841320 loss:        0.484783
Test - acc:         0.829500 loss:        0.511755
Sparsity :          0.5000
Wdecay :        0.000500
========== Epoch 60 ==========
LR =  0.1
Train - acc:        0.837940 loss:        0.494653
Test - acc:         0.808200 loss:        0.606749
Sparsity :          0.5000
Wdecay :        0.000500
========== Epoch 61 ==========
LR =  0.1
Train - acc:        0.840320 loss:        0.479987
Test - acc:         0.828600 loss:        0.569530
Sparsity :          0.5000
Wdecay :        0.000500
========== Epoch 62 ==========
LR =  0.1
Train - acc:        0.840720 loss:        0.485010
Test - acc:         0.792800 loss:        0.653078
Sparsity :          0.5000
Wdecay :        0.000500
========== Epoch 63 ==========
LR =  0.1
Train - acc:        0.839880 loss:        0.488110
Test - acc:         0.801600 loss:        0.631221
Sparsity :          0.5000
Wdecay :        0.000500
========== Epoch 64 ==========
LR =  0.1
Train - acc:        0.837680 loss:        0.492835
Test - acc:         0.739900 loss:        0.863375
Sparsity :          0.5000
Wdecay :        0.000500
========== Epoch 65 ==========
LR =  0.1
Train - acc:        0.839420 loss:        0.493752
Test - acc:         0.760000 loss:        0.795971
Sparsity :          0.5000
Wdecay :        0.000500
========== Epoch 66 ==========
LR =  0.1
Train - acc:        0.840880 loss:        0.488214
Test - acc:         0.786000 loss:        0.651134
Sparsity :          0.5000
Wdecay :        0.000500
========== Epoch 67 ==========
LR =  0.1
Train - acc:        0.844640 loss:        0.478166
Test - acc:         0.791300 loss:        0.663362
Sparsity :          0.5000
Wdecay :        0.000500
========== Epoch 68 ==========
LR =  0.1
Train - acc:        0.841620 loss:        0.484007
Test - acc:         0.791300 loss:        0.682768
Sparsity :          0.5000
Wdecay :        0.000500
========== Epoch 69 ==========
LR =  0.1
Train - acc:        0.840180 loss:        0.487070
Test - acc:         0.762000 loss:        0.765523
Sparsity :          0.5000
Wdecay :        0.000500
========== Epoch 70 ==========
LR =  0.1
Train - acc:        0.841060 loss:        0.486372
Test - acc:         0.786000 loss:        0.697873
Sparsity :          0.5000
Wdecay :        0.000500
========== Epoch 71 ==========
LR =  0.1
Train - acc:        0.841140 loss:        0.484078
Test - acc:         0.737900 loss:        0.895920
Sparsity :          0.5000
Wdecay :        0.000500
========== Epoch 72 ==========
LR =  0.1
Train - acc:        0.840500 loss:        0.483660
Test - acc:         0.752900 loss:        0.752487
Sparsity :          0.5000
Wdecay :        0.000500
========== Epoch 73 ==========
LR =  0.1
Train - acc:        0.843360 loss:        0.479971
Test - acc:         0.802000 loss:        0.673301
Sparsity :          0.5000
Wdecay :        0.000500
========== Epoch 74 ==========
LR =  0.1
Train - acc:        0.847020 loss:        0.469263
Test - acc:         0.765700 loss:        0.766578
Sparsity :          0.5000
Wdecay :        0.000500
========== Epoch 75 ==========
LR =  0.1
Train - acc:        0.840660 loss:        0.484480
Test - acc:         0.744600 loss:        0.814978
Sparsity :          0.5000
Wdecay :        0.000500
========== Epoch 76 ==========
LR =  0.1
Train - acc:        0.843000 loss:        0.478361
Test - acc:         0.779100 loss:        0.705482
Sparsity :          0.5000
Wdecay :        0.000500
========== Epoch 77 ==========
LR =  0.1
Train - acc:        0.840760 loss:        0.483581
Test - acc:         0.776800 loss:        0.697898
Sparsity :          0.5000
Wdecay :        0.000500
========== Epoch 78 ==========
LR =  0.1
Train - acc:        0.844360 loss:        0.479176
Test - acc:         0.820000 loss:        0.588891
Sparsity :          0.5000
Wdecay :        0.000500
========== Epoch 79 ==========
LR =  0.1
Train - acc:        0.844180 loss:        0.480359
Test - acc:         0.760200 loss:        0.730068
Sparsity :          0.5000
Wdecay :        0.000500
========== Epoch 80 ==========
LR =  0.1
Train - acc:        0.840700 loss:        0.482562
Test - acc:         0.765400 loss:        0.736010
Sparsity :          0.5000
Wdecay :        0.000500
========== Epoch 81 ==========
LR =  0.1
Train - acc:        0.841200 loss:        0.483487
Test - acc:         0.691700 loss:        1.103479
Sparsity :          0.5000
Wdecay :        0.000500
========== Epoch 82 ==========
LR =  0.1
Train - acc:        0.844260 loss:        0.477693
Test - acc:         0.764700 loss:        0.757862
Sparsity :          0.5000
Wdecay :        0.000500
========== Epoch 83 ==========
LR =  0.1
Train - acc:        0.844280 loss:        0.478270
Test - acc:         0.802900 loss:        0.620240
Sparsity :          0.5000
Wdecay :        0.000500
========== Epoch 84 ==========
LR =  0.1
Train - acc:        0.846260 loss:        0.471008
Test - acc:         0.717900 loss:        0.966493
Sparsity :          0.5000
Wdecay :        0.000500
========== Epoch 85 ==========
LR =  0.1
Train - acc:        0.840800 loss:        0.482556
Test - acc:         0.816400 loss:        0.563883
Sparsity :          0.5000
Wdecay :        0.000500
========== Epoch 86 ==========
LR =  0.1
Train - acc:        0.844360 loss:        0.476320
Test - acc:         0.780200 loss:        0.706394
Sparsity :          0.5000
Wdecay :        0.000500
========== Epoch 87 ==========
LR =  0.1
Train - acc:        0.845360 loss:        0.472124
Test - acc:         0.809300 loss:        0.591215
Sparsity :          0.5000
Wdecay :        0.000500
========== Epoch 88 ==========
LR =  0.1
Train - acc:        0.844340 loss:        0.473565
Test - acc:         0.718900 loss:        0.914199
Sparsity :          0.5000
Wdecay :        0.000500
========== Epoch 89 ==========
LR =  0.1
Train - acc:        0.843820 loss:        0.477888
Test - acc:         0.753900 loss:        0.803884
Sparsity :          0.5000
Wdecay :        0.000500
========== Epoch 90 ==========
LR =  0.1
Train - acc:        0.844320 loss:        0.473825
Test - acc:         0.793600 loss:        0.666115
Sparsity :          0.5000
Wdecay :        0.000500
========== Epoch 91 ==========
LR =  0.1
Train - acc:        0.842560 loss:        0.478981
Test - acc:         0.781100 loss:        0.723741
Sparsity :          0.5000
Wdecay :        0.000500
========== Epoch 92 ==========
LR =  0.1
Train - acc:        0.844140 loss:        0.475212
Test - acc:         0.730200 loss:        0.901064
Sparsity :          0.5000
Wdecay :        0.000500
========== Epoch 93 ==========
LR =  0.1
Train - acc:        0.842500 loss:        0.475029
Test - acc:         0.803100 loss:        0.612596
Sparsity :          0.5000
Wdecay :        0.000500
========== Epoch 94 ==========
LR =  0.1
Train - acc:        0.843640 loss:        0.475145
Test - acc:         0.801200 loss:        0.594631
Sparsity :          0.5000
Wdecay :        0.000500
========== Epoch 95 ==========
LR =  0.1
Train - acc:        0.844720 loss:        0.472783
Test - acc:         0.799200 loss:        0.649550
Sparsity :          0.5000
Wdecay :        0.000500
========== Epoch 96 ==========
LR =  0.1
Train - acc:        0.844440 loss:        0.475164
Test - acc:         0.742700 loss:        0.807323
Sparsity :          0.5000
Wdecay :        0.000500
========== Epoch 97 ==========
LR =  0.1
Train - acc:        0.845980 loss:        0.476683
Test - acc:         0.824600 loss:        0.552868
Sparsity :          0.5000
Wdecay :        0.000500
========== Epoch 98 ==========
LR =  0.1
Train - acc:        0.845180 loss:        0.472456
Test - acc:         0.759200 loss:        0.774389
Sparsity :          0.5000
Wdecay :        0.000500
========== Epoch 99 ==========
LR =  0.1
Train - acc:        0.843020 loss:        0.474483
Test - acc:         0.792800 loss:        0.667338
Sparsity :          0.5000
Wdecay :        0.000500
========== Epoch 100 ==========
LR =  0.1
Train - acc:        0.845240 loss:        0.471318
Test - acc:         0.764400 loss:        0.708030
Sparsity :          0.7500
Wdecay :        0.000500
========== Epoch 101 ==========
LR =  0.1
Train - acc:        0.848520 loss:        0.461489
Test - acc:         0.837000 loss:        0.497126
Sparsity :          0.7500
Wdecay :        0.000500
========== Epoch 102 ==========
LR =  0.1
Train - acc:        0.851580 loss:        0.455863
Test - acc:         0.801100 loss:        0.625920
Sparsity :          0.7500
Wdecay :        0.000500
========== Epoch 103 ==========
LR =  0.1
Train - acc:        0.846120 loss:        0.467224
Test - acc:         0.759400 loss:        0.765628
Sparsity :          0.7500
Wdecay :        0.000500
========== Epoch 104 ==========
LR =  0.1
Train - acc:        0.848500 loss:        0.459123
Test - acc:         0.840600 loss:        0.490622
Sparsity :          0.7500
Wdecay :        0.000500
========== Epoch 105 ==========
LR =  0.1
Train - acc:        0.845440 loss:        0.467054
Test - acc:         0.787900 loss:        0.663690
Sparsity :          0.7500
Wdecay :        0.000500
========== Epoch 106 ==========
LR =  0.1
Train - acc:        0.846640 loss:        0.468477
Test - acc:         0.732500 loss:        0.855862
Sparsity :          0.7500
Wdecay :        0.000500
========== Epoch 107 ==========
LR =  0.1
Train - acc:        0.849120 loss:        0.461127
Test - acc:         0.797500 loss:        0.648107
Sparsity :          0.7500
Wdecay :        0.000500
========== Epoch 108 ==========
LR =  0.1
Train - acc:        0.847280 loss:        0.465284
Test - acc:         0.781400 loss:        0.703799
Sparsity :          0.7500
Wdecay :        0.000500
========== Epoch 109 ==========
LR =  0.1
Train - acc:        0.846100 loss:        0.461646
Test - acc:         0.799300 loss:        0.615567
Sparsity :          0.7500
Wdecay :        0.000500
========== Epoch 110 ==========
LR =  0.1
Train - acc:        0.848940 loss:        0.458109
Test - acc:         0.776100 loss:        0.681091
Sparsity :          0.7500
Wdecay :        0.000500
========== Epoch 111 ==========
LR =  0.1
Train - acc:        0.848400 loss:        0.460366
Test - acc:         0.816600 loss:        0.598915
Sparsity :          0.7500
Wdecay :        0.000500
========== Epoch 112 ==========
LR =  0.1
Train - acc:        0.850960 loss:        0.455405
Test - acc:         0.778600 loss:        0.702507
Sparsity :          0.7500
Wdecay :        0.000500
========== Epoch 113 ==========
LR =  0.1
Train - acc:        0.849360 loss:        0.454829
Test - acc:         0.799100 loss:        0.646186
Sparsity :          0.7500
Wdecay :        0.000500
========== Epoch 114 ==========
LR =  0.1
Train - acc:        0.847900 loss:        0.461975
Test - acc:         0.814600 loss:        0.568315
Sparsity :          0.7500
Wdecay :        0.000500
========== Epoch 115 ==========
LR =  0.1
Train - acc:        0.850540 loss:        0.454148
Test - acc:         0.833600 loss:        0.494310
Sparsity :          0.7500
Wdecay :        0.000500
========== Epoch 116 ==========
LR =  0.1
Train - acc:        0.850520 loss:        0.455499
Test - acc:         0.834400 loss:        0.501272
Sparsity :          0.7500
Wdecay :        0.000500
========== Epoch 117 ==========
LR =  0.1
Train - acc:        0.849820 loss:        0.459876
Test - acc:         0.792100 loss:        0.657542
Sparsity :          0.7500
Wdecay :        0.000500
========== Epoch 118 ==========
LR =  0.1
Train - acc:        0.849200 loss:        0.459105
Test - acc:         0.798400 loss:        0.619420
Sparsity :          0.7500
Wdecay :        0.000500
========== Epoch 119 ==========
LR =  0.1
Train - acc:        0.849800 loss:        0.457161
Test - acc:         0.784400 loss:        0.663551
Sparsity :          0.7500
Wdecay :        0.000500
========== Epoch 120 ==========
LR =  0.1
Train - acc:        0.848400 loss:        0.458259
Test - acc:         0.810100 loss:        0.598260
Sparsity :          0.7500
Wdecay :        0.000500
========== Epoch 121 ==========
LR =  0.1
Train - acc:        0.846400 loss:        0.461327
Test - acc:         0.814700 loss:        0.573009
Sparsity :          0.7500
Wdecay :        0.000500
========== Epoch 122 ==========
LR =  0.1
Train - acc:        0.850840 loss:        0.450113
Test - acc:         0.779000 loss:        0.654145
Sparsity :          0.7500
Wdecay :        0.000500
========== Epoch 123 ==========
LR =  0.1
Train - acc:        0.847300 loss:        0.460614
Test - acc:         0.797900 loss:        0.649133
Sparsity :          0.7500
Wdecay :        0.000500
========== Epoch 124 ==========
LR =  0.1
Train - acc:        0.849260 loss:        0.456397
Test - acc:         0.791000 loss:        0.648796
Sparsity :          0.7500
Wdecay :        0.000500
========== Epoch 125 ==========
LR =  0.1
Train - acc:        0.849560 loss:        0.454030
Test - acc:         0.816700 loss:        0.557746
Sparsity :          0.7500
Wdecay :        0.000500
========== Epoch 126 ==========
LR =  0.1
Train - acc:        0.849060 loss:        0.457136
Test - acc:         0.712800 loss:        0.899605
Sparsity :          0.7500
Wdecay :        0.000500
========== Epoch 127 ==========
LR =  0.1
Train - acc:        0.847540 loss:        0.461912
Test - acc:         0.783500 loss:        0.666417
Sparsity :          0.7500
Wdecay :        0.000500
========== Epoch 128 ==========
LR =  0.1
Train - acc:        0.848080 loss:        0.454774
Test - acc:         0.802300 loss:        0.642223
Sparsity :          0.7500
Wdecay :        0.000500
========== Epoch 129 ==========
LR =  0.1
Train - acc:        0.848320 loss:        0.457760
Test - acc:         0.787400 loss:        0.725168
Sparsity :          0.7500
Wdecay :        0.000500
========== Epoch 130 ==========
LR =  0.1
Train - acc:        0.849440 loss:        0.454798
Test - acc:         0.803500 loss:        0.624588
Sparsity :          0.7500
Wdecay :        0.000500
========== Epoch 131 ==========
LR =  0.1
Train - acc:        0.848000 loss:        0.461428
Test - acc:         0.828600 loss:        0.541485
Sparsity :          0.7500
Wdecay :        0.000500
========== Epoch 132 ==========
LR =  0.1
Train - acc:        0.849180 loss:        0.456019
Test - acc:         0.812000 loss:        0.621494
Sparsity :          0.7500
Wdecay :        0.000500
========== Epoch 133 ==========
LR =  0.1
Train - acc:        0.850640 loss:        0.456478
Test - acc:         0.717700 loss:        0.931394
Sparsity :          0.7500
Wdecay :        0.000500
========== Epoch 134 ==========
LR =  0.1
Train - acc:        0.849260 loss:        0.459314
Test - acc:         0.768800 loss:        0.750224
Sparsity :          0.7500
Wdecay :        0.000500
========== Epoch 135 ==========
LR =  0.1
Train - acc:        0.852100 loss:        0.449405
Test - acc:         0.787800 loss:        0.661748
Sparsity :          0.7500
Wdecay :        0.000500
========== Epoch 136 ==========
LR =  0.1
Train - acc:        0.846560 loss:        0.460620
Test - acc:         0.762300 loss:        0.787405
Sparsity :          0.7500
Wdecay :        0.000500
========== Epoch 137 ==========
LR =  0.1
Train - acc:        0.852420 loss:        0.454073
Test - acc:         0.791300 loss:        0.671865
Sparsity :          0.7500
Wdecay :        0.000500
========== Epoch 138 ==========
LR =  0.1
Train - acc:        0.849000 loss:        0.454159
Test - acc:         0.824600 loss:        0.527075
Sparsity :          0.7500
Wdecay :        0.000500
========== Epoch 139 ==========
LR =  0.1
Train - acc:        0.851480 loss:        0.451191
Test - acc:         0.782800 loss:        0.721295
Sparsity :          0.7500
Wdecay :        0.000500
========== Epoch 140 ==========
LR =  0.1
Train - acc:        0.845100 loss:        0.460044
Test - acc:         0.755700 loss:        0.780180
Sparsity :          0.7500
Wdecay :        0.000500
========== Epoch 141 ==========
LR =  0.1
Train - acc:        0.853760 loss:        0.446257
Test - acc:         0.791200 loss:        0.691709
Sparsity :          0.7500
Wdecay :        0.000500
========== Epoch 142 ==========
LR =  0.1
Train - acc:        0.848620 loss:        0.453659
Test - acc:         0.825900 loss:        0.536030
Sparsity :          0.7500
Wdecay :        0.000500
========== Epoch 143 ==========
LR =  0.1
Train - acc:        0.853820 loss:        0.452194
Test - acc:         0.829100 loss:        0.521373
Sparsity :          0.7500
Wdecay :        0.000500
========== Epoch 144 ==========
LR =  0.1
Train - acc:        0.851360 loss:        0.451118
Test - acc:         0.745700 loss:        0.821376
Sparsity :          0.7500
Wdecay :        0.000500
========== Epoch 145 ==========
LR =  0.1
Train - acc:        0.850860 loss:        0.454323
Test - acc:         0.762100 loss:        0.800177
Sparsity :          0.7500
Wdecay :        0.000500
========== Epoch 146 ==========
LR =  0.1
Train - acc:        0.851220 loss:        0.454957
Test - acc:         0.809000 loss:        0.612462
Sparsity :          0.7500
Wdecay :        0.000500
========== Epoch 147 ==========
LR =  0.1
Train - acc:        0.850460 loss:        0.457449
Test - acc:         0.826400 loss:        0.534687
Sparsity :          0.7500
Wdecay :        0.000500
========== Epoch 148 ==========
LR =  0.1
Train - acc:        0.850720 loss:        0.450823
Test - acc:         0.780300 loss:        0.696311
Sparsity :          0.7500
Wdecay :        0.000500
========== Epoch 149 ==========
LR =  0.1
Train - acc:        0.852520 loss:        0.445377
Test - acc:         0.771200 loss:        0.761860
Sparsity :          0.7500
Wdecay :        0.000500
========== Epoch 150 ==========
LR =  0.010000000000000002
Train - acc:        0.848940 loss:        0.461559
Test - acc:         0.801200 loss:        0.645640
Sparsity :          0.8750
Wdecay :        0.000500
========== Epoch 151 ==========
LR =  0.010000000000000002
Train - acc:        0.908000 loss:        0.277735
Test - acc:         0.901300 loss:        0.303597
Sparsity :          0.8750
Wdecay :        0.000500
========== Epoch 152 ==========
LR =  0.010000000000000002
Train - acc:        0.925560 loss:        0.222774
Test - acc:         0.905500 loss:        0.290737
Sparsity :          0.8750
Wdecay :        0.000500
========== Epoch 153 ==========
LR =  0.010000000000000002
Train - acc:        0.932020 loss:        0.200507
Test - acc:         0.907500 loss:        0.280488
Sparsity :          0.8750
Wdecay :        0.000500
========== Epoch 154 ==========
LR =  0.010000000000000002
Train - acc:        0.936900 loss:        0.188137
Test - acc:         0.908200 loss:        0.277069
Sparsity :          0.8750
Wdecay :        0.000500
========== Epoch 155 ==========
LR =  0.010000000000000002
Train - acc:        0.941080 loss:        0.174066
Test - acc:         0.909700 loss:        0.282806
Sparsity :          0.8750
Wdecay :        0.000500
========== Epoch 156 ==========
LR =  0.010000000000000002
Train - acc:        0.942600 loss:        0.167348
Test - acc:         0.911300 loss:        0.275727
Sparsity :          0.8750
Wdecay :        0.000500
========== Epoch 157 ==========
LR =  0.010000000000000002
Train - acc:        0.948020 loss:        0.154877
Test - acc:         0.911100 loss:        0.274327
Sparsity :          0.8750
Wdecay :        0.000500
========== Epoch 158 ==========
LR =  0.010000000000000002
Train - acc:        0.952000 loss:        0.142221
Test - acc:         0.912900 loss:        0.276534
Sparsity :          0.8750
Wdecay :        0.000500
========== Epoch 159 ==========
LR =  0.010000000000000002
Train - acc:        0.953260 loss:        0.138316
Test - acc:         0.911500 loss:        0.283996
Sparsity :          0.8750
Wdecay :        0.000500
========== Epoch 160 ==========
LR =  0.010000000000000002
Train - acc:        0.954640 loss:        0.131726
Test - acc:         0.910200 loss:        0.291377
Sparsity :          0.8750
Wdecay :        0.000500
========== Epoch 161 ==========
LR =  0.010000000000000002
Train - acc:        0.955640 loss:        0.127184
Test - acc:         0.910200 loss:        0.294312
Sparsity :          0.8750
Wdecay :        0.000500
========== Epoch 162 ==========
LR =  0.010000000000000002
Train - acc:        0.957880 loss:        0.122304
Test - acc:         0.912400 loss:        0.289793
Sparsity :          0.8750
Wdecay :        0.000500
========== Epoch 163 ==========
LR =  0.010000000000000002
Train - acc:        0.958580 loss:        0.120891
Test - acc:         0.910800 loss:        0.292155
Sparsity :          0.8750
Wdecay :        0.000500
========== Epoch 164 ==========
LR =  0.010000000000000002
Train - acc:        0.961540 loss:        0.113657
Test - acc:         0.912200 loss:        0.281453
Sparsity :          0.8750
Wdecay :        0.000500
========== Epoch 165 ==========
LR =  0.010000000000000002
Train - acc:        0.961740 loss:        0.110289
Test - acc:         0.910400 loss:        0.300066
Sparsity :          0.8750
Wdecay :        0.000500
========== Epoch 166 ==========
LR =  0.010000000000000002
Train - acc:        0.962140 loss:        0.110583
Test - acc:         0.904800 loss:        0.326527
Sparsity :          0.8750
Wdecay :        0.000500
========== Epoch 167 ==========
LR =  0.010000000000000002
Train - acc:        0.964160 loss:        0.105732
Test - acc:         0.906900 loss:        0.330014
Sparsity :          0.8750
Wdecay :        0.000500
========== Epoch 168 ==========
LR =  0.010000000000000002
Train - acc:        0.962960 loss:        0.109352
Test - acc:         0.909100 loss:        0.311933
Sparsity :          0.8750
Wdecay :        0.000500
========== Epoch 169 ==========
LR =  0.010000000000000002
Train - acc:        0.964560 loss:        0.103859
Test - acc:         0.905300 loss:        0.320958
Sparsity :          0.8750
Wdecay :        0.000500
========== Epoch 170 ==========
LR =  0.010000000000000002
Train - acc:        0.964180 loss:        0.105357
Test - acc:         0.903100 loss:        0.333462
Sparsity :          0.8750
Wdecay :        0.000500
========== Epoch 171 ==========
LR =  0.010000000000000002
Train - acc:        0.965260 loss:        0.102301
Test - acc:         0.903600 loss:        0.325394
Sparsity :          0.8750
Wdecay :        0.000500
========== Epoch 172 ==========
LR =  0.010000000000000002
Train - acc:        0.965880 loss:        0.101214
Test - acc:         0.910500 loss:        0.309561
Sparsity :          0.8750
Wdecay :        0.000500
========== Epoch 173 ==========
LR =  0.010000000000000002
Train - acc:        0.964360 loss:        0.103478
Test - acc:         0.905100 loss:        0.318076
Sparsity :          0.8750
Wdecay :        0.000500
========== Epoch 174 ==========
LR =  0.010000000000000002
Train - acc:        0.963880 loss:        0.105373
Test - acc:         0.907400 loss:        0.321201
Sparsity :          0.8750
Wdecay :        0.000500
========== Epoch 175 ==========
LR =  0.010000000000000002
Train - acc:        0.965860 loss:        0.098271
Test - acc:         0.903000 loss:        0.342934
Sparsity :          0.8750
Wdecay :        0.000500
========== Epoch 176 ==========
LR =  0.010000000000000002
Train - acc:        0.964020 loss:        0.105351
Test - acc:         0.901500 loss:        0.338864
Sparsity :          0.8750
Wdecay :        0.000500
========== Epoch 177 ==========
LR =  0.010000000000000002
Train - acc:        0.965580 loss:        0.101012
Test - acc:         0.903900 loss:        0.317157
Sparsity :          0.8750
Wdecay :        0.000500
========== Epoch 178 ==========
LR =  0.010000000000000002
Train - acc:        0.965420 loss:        0.102787
Test - acc:         0.899300 loss:        0.344098
Sparsity :          0.8750
Wdecay :        0.000500
========== Epoch 179 ==========
LR =  0.010000000000000002
Train - acc:        0.964380 loss:        0.101218
Test - acc:         0.900400 loss:        0.343193
Sparsity :          0.8750
Wdecay :        0.000500
========== Epoch 180 ==========
LR =  0.010000000000000002
Train - acc:        0.966080 loss:        0.099160
Test - acc:         0.898700 loss:        0.353472
Sparsity :          0.8750
Wdecay :        0.000500
========== Epoch 181 ==========
LR =  0.010000000000000002
Train - acc:        0.965460 loss:        0.099796
Test - acc:         0.898900 loss:        0.364959
Sparsity :          0.8750
Wdecay :        0.000500
========== Epoch 182 ==========
LR =  0.010000000000000002
Train - acc:        0.965640 loss:        0.102311
Test - acc:         0.906500 loss:        0.324877
Sparsity :          0.8750
Wdecay :        0.000500
========== Epoch 183 ==========
LR =  0.010000000000000002
Train - acc:        0.965180 loss:        0.100436
Test - acc:         0.897600 loss:        0.357678
Sparsity :          0.8750
Wdecay :        0.000500
========== Epoch 184 ==========
LR =  0.010000000000000002
Train - acc:        0.965980 loss:        0.101370
Test - acc:         0.899100 loss:        0.354177
Sparsity :          0.8750
Wdecay :        0.000500
========== Epoch 185 ==========
LR =  0.010000000000000002
Train - acc:        0.965400 loss:        0.100961
Test - acc:         0.900300 loss:        0.340413
Sparsity :          0.8750
Wdecay :        0.000500
========== Epoch 186 ==========
LR =  0.010000000000000002
Train - acc:        0.964820 loss:        0.101676
Test - acc:         0.895800 loss:        0.365570
Sparsity :          0.8750
Wdecay :        0.000500
========== Epoch 187 ==========
LR =  0.010000000000000002
Train - acc:        0.964460 loss:        0.103219
Test - acc:         0.894100 loss:        0.387489
Sparsity :          0.8750
Wdecay :        0.000500
========== Epoch 188 ==========
LR =  0.010000000000000002
Train - acc:        0.965160 loss:        0.102916
Test - acc:         0.903000 loss:        0.332058
Sparsity :          0.8750
Wdecay :        0.000500
========== Epoch 189 ==========
LR =  0.010000000000000002
Train - acc:        0.964920 loss:        0.102336
Test - acc:         0.902800 loss:        0.351125
Sparsity :          0.8750
Wdecay :        0.000500
========== Epoch 190 ==========
LR =  0.010000000000000002
Train - acc:        0.964600 loss:        0.101952
Test - acc:         0.905000 loss:        0.335184
Sparsity :          0.8750
Wdecay :        0.000500
========== Epoch 191 ==========
LR =  0.010000000000000002
Train - acc:        0.966580 loss:        0.100586
Test - acc:         0.901800 loss:        0.350767
Sparsity :          0.8750
Wdecay :        0.000500
========== Epoch 192 ==========
LR =  0.010000000000000002
Train - acc:        0.964960 loss:        0.105214
Test - acc:         0.903400 loss:        0.336540
Sparsity :          0.8750
Wdecay :        0.000500
========== Epoch 193 ==========
LR =  0.010000000000000002
Train - acc:        0.965780 loss:        0.101884
Test - acc:         0.897900 loss:        0.343759
Sparsity :          0.8750
Wdecay :        0.000500
========== Epoch 194 ==========
LR =  0.010000000000000002
Train - acc:        0.963980 loss:        0.106297
Test - acc:         0.897700 loss:        0.357882
Sparsity :          0.8750
Wdecay :        0.000500
========== Epoch 195 ==========
LR =  0.010000000000000002
Train - acc:        0.965100 loss:        0.101696
Test - acc:         0.901800 loss:        0.355288
Sparsity :          0.8750
Wdecay :        0.000500
========== Epoch 196 ==========
LR =  0.010000000000000002
Train - acc:        0.964500 loss:        0.103860
Test - acc:         0.905200 loss:        0.346018
Sparsity :          0.8750
Wdecay :        0.000500
========== Epoch 197 ==========
LR =  0.010000000000000002
Train - acc:        0.965620 loss:        0.100001
Test - acc:         0.898600 loss:        0.358873
Sparsity :          0.8750
Wdecay :        0.000500
========== Epoch 198 ==========
LR =  0.010000000000000002
Train - acc:        0.964020 loss:        0.105651
Test - acc:         0.900000 loss:        0.347286
Sparsity :          0.8750
Wdecay :        0.000500
========== Epoch 199 ==========
LR =  0.010000000000000002
Train - acc:        0.966080 loss:        0.100247
Test - acc:         0.890900 loss:        0.390047
Sparsity :          0.8750
Wdecay :        0.000500
========== Epoch 200 ==========
LR =  0.010000000000000002
Train - acc:        0.962540 loss:        0.108169
Test - acc:         0.900500 loss:        0.338637
Sparsity :          0.9375
Wdecay :        0.000500
========== Epoch 201 ==========
LR =  0.010000000000000002
Train - acc:        0.970480 loss:        0.087520
Test - acc:         0.905500 loss:        0.345461
Sparsity :          0.9375
Wdecay :        0.000500
========== Epoch 202 ==========
LR =  0.010000000000000002
Train - acc:        0.971820 loss:        0.083155
Test - acc:         0.906800 loss:        0.343125
Sparsity :          0.9375
Wdecay :        0.000500
========== Epoch 203 ==========
LR =  0.010000000000000002
Train - acc:        0.969920 loss:        0.087687
Test - acc:         0.903800 loss:        0.346809
Sparsity :          0.9375
Wdecay :        0.000500
========== Epoch 204 ==========
LR =  0.010000000000000002
Train - acc:        0.971280 loss:        0.085922
Test - acc:         0.903400 loss:        0.351396
Sparsity :          0.9375
Wdecay :        0.000500
========== Epoch 205 ==========
LR =  0.010000000000000002
Train - acc:        0.970540 loss:        0.085671
Test - acc:         0.902500 loss:        0.343675
Sparsity :          0.9375
Wdecay :        0.000500
========== Epoch 206 ==========
LR =  0.010000000000000002
Train - acc:        0.969520 loss:        0.088993
Test - acc:         0.900500 loss:        0.360396
Sparsity :          0.9375
Wdecay :        0.000500
========== Epoch 207 ==========
LR =  0.010000000000000002
Train - acc:        0.971000 loss:        0.086189
Test - acc:         0.899100 loss:        0.373264
Sparsity :          0.9375
Wdecay :        0.000500
========== Epoch 208 ==========
LR =  0.010000000000000002
Train - acc:        0.970700 loss:        0.084886
Test - acc:         0.907800 loss:        0.319575
Sparsity :          0.9375
Wdecay :        0.000500
========== Epoch 209 ==========
LR =  0.010000000000000002
Train - acc:        0.970840 loss:        0.084531
Test - acc:         0.897800 loss:        0.365574
Sparsity :          0.9375
Wdecay :        0.000500
========== Epoch 210 ==========
LR =  0.010000000000000002
Train - acc:        0.968300 loss:        0.092172
Test - acc:         0.903100 loss:        0.343883
Sparsity :          0.9375
Wdecay :        0.000500
========== Epoch 211 ==========
LR =  0.010000000000000002
Train - acc:        0.969660 loss:        0.090178
Test - acc:         0.901300 loss:        0.341471
Sparsity :          0.9375
Wdecay :        0.000500
========== Epoch 212 ==========
LR =  0.010000000000000002
Train - acc:        0.969040 loss:        0.089671
Test - acc:         0.901800 loss:        0.342482
Sparsity :          0.9375
Wdecay :        0.000500
========== Epoch 213 ==========
LR =  0.010000000000000002
Train - acc:        0.969380 loss:        0.089233
Test - acc:         0.903700 loss:        0.348368
Sparsity :          0.9375
Wdecay :        0.000500
========== Epoch 214 ==========
LR =  0.010000000000000002
Train - acc:        0.969260 loss:        0.090804
Test - acc:         0.895600 loss:        0.372036
Sparsity :          0.9375
Wdecay :        0.000500
========== Epoch 215 ==========
LR =  0.010000000000000002
Train - acc:        0.968200 loss:        0.090589
Test - acc:         0.890800 loss:        0.392688
Sparsity :          0.9375
Wdecay :        0.000500
========== Epoch 216 ==========
LR =  0.010000000000000002
Train - acc:        0.969080 loss:        0.090359
Test - acc:         0.900800 loss:        0.358636
Sparsity :          0.9375
Wdecay :        0.000500
========== Epoch 217 ==========
LR =  0.010000000000000002
Train - acc:        0.969220 loss:        0.090492
Test - acc:         0.896900 loss:        0.378883
Sparsity :          0.9375
Wdecay :        0.000500
========== Epoch 218 ==========
LR =  0.010000000000000002
Train - acc:        0.968360 loss:        0.092308
Test - acc:         0.896300 loss:        0.366476
Sparsity :          0.9375
Wdecay :        0.000500
========== Epoch 219 ==========
LR =  0.010000000000000002
Train - acc:        0.968740 loss:        0.091515
Test - acc:         0.898400 loss:        0.363854
Sparsity :          0.9375
Wdecay :        0.000500
========== Epoch 220 ==========
LR =  0.010000000000000002
Train - acc:        0.970460 loss:        0.087612
Test - acc:         0.897700 loss:        0.369281
Sparsity :          0.9375
Wdecay :        0.000500
========== Epoch 221 ==========
LR =  0.010000000000000002
Train - acc:        0.968520 loss:        0.091838
Test - acc:         0.898100 loss:        0.375956
Sparsity :          0.9375
Wdecay :        0.000500
========== Epoch 222 ==========
LR =  0.010000000000000002
Train - acc:        0.969560 loss:        0.088473
Test - acc:         0.891400 loss:        0.400683
Sparsity :          0.9375
Wdecay :        0.000500
========== Epoch 223 ==========
LR =  0.010000000000000002
Train - acc:        0.968660 loss:        0.092385
Test - acc:         0.891000 loss:        0.385026
Sparsity :          0.9375
Wdecay :        0.000500
========== Epoch 224 ==========
LR =  0.010000000000000002
Train - acc:        0.969740 loss:        0.088283
Test - acc:         0.900200 loss:        0.370117
Sparsity :          0.9375
Wdecay :        0.000500
========== Epoch 225 ==========
LR =  0.010000000000000002
Train - acc:        0.969560 loss:        0.090948
Test - acc:         0.899100 loss:        0.360332
Sparsity :          0.9375
Wdecay :        0.000500
========== Epoch 226 ==========
LR =  0.010000000000000002
Train - acc:        0.968480 loss:        0.093513
Test - acc:         0.897900 loss:        0.366355
Sparsity :          0.9375
Wdecay :        0.000500
========== Epoch 227 ==========
LR =  0.010000000000000002
Train - acc:        0.969940 loss:        0.089358
Test - acc:         0.890200 loss:        0.395741
Sparsity :          0.9375
Wdecay :        0.000500
========== Epoch 228 ==========
LR =  0.010000000000000002
Train - acc:        0.967680 loss:        0.095130
Test - acc:         0.900100 loss:        0.361981
Sparsity :          0.9375
Wdecay :        0.000500
========== Epoch 229 ==========
LR =  0.010000000000000002
Train - acc:        0.968860 loss:        0.089939
Test - acc:         0.878800 loss:        0.425282
Sparsity :          0.9375
Wdecay :        0.000500
========== Epoch 230 ==========
LR =  0.010000000000000002
Train - acc:        0.969860 loss:        0.091406
Test - acc:         0.889900 loss:        0.409038
Sparsity :          0.9375
Wdecay :        0.000500
========== Epoch 231 ==========
LR =  0.010000000000000002
Train - acc:        0.968040 loss:        0.093126
Test - acc:         0.900500 loss:        0.350933
Sparsity :          0.9375
Wdecay :        0.000500
========== Epoch 232 ==========
LR =  0.010000000000000002
Train - acc:        0.969960 loss:        0.088839
Test - acc:         0.901500 loss:        0.345474
Sparsity :          0.9375
Wdecay :        0.000500
========== Epoch 233 ==========
LR =  0.010000000000000002
Train - acc:        0.968060 loss:        0.093312
Test - acc:         0.899400 loss:        0.370468
Sparsity :          0.9375
Wdecay :        0.000500
========== Epoch 234 ==========
LR =  0.010000000000000002
Train - acc:        0.969980 loss:        0.090796
Test - acc:         0.903400 loss:        0.342126
Sparsity :          0.9375
Wdecay :        0.000500
========== Epoch 235 ==========
LR =  0.010000000000000002
Train - acc:        0.970220 loss:        0.087703
Test - acc:         0.901900 loss:        0.366143
Sparsity :          0.9375
Wdecay :        0.000500
========== Epoch 236 ==========
LR =  0.010000000000000002
Train - acc:        0.969300 loss:        0.089158
Test - acc:         0.897100 loss:        0.388676
Sparsity :          0.9375
Wdecay :        0.000500
========== Epoch 237 ==========
LR =  0.010000000000000002
Train - acc:        0.968640 loss:        0.091746
Test - acc:         0.906100 loss:        0.325827
Sparsity :          0.9375
Wdecay :        0.000500
========== Epoch 238 ==========
LR =  0.010000000000000002
Train - acc:        0.970320 loss:        0.085596
Test - acc:         0.904900 loss:        0.353478
Sparsity :          0.9375
Wdecay :        0.000500
========== Epoch 239 ==========
LR =  0.010000000000000002
Train - acc:        0.969600 loss:        0.088602
Test - acc:         0.897300 loss:        0.405671
Sparsity :          0.9375
Wdecay :        0.000500
========== Epoch 240 ==========
LR =  0.010000000000000002
Train - acc:        0.970260 loss:        0.088942
Test - acc:         0.889500 loss:        0.416298
Sparsity :          0.9375
Wdecay :        0.000500
========== Epoch 241 ==========
LR =  0.010000000000000002
Train - acc:        0.968880 loss:        0.090302
Test - acc:         0.893300 loss:        0.424650
Sparsity :          0.9375
Wdecay :        0.000500
========== Epoch 242 ==========
LR =  0.010000000000000002
Train - acc:        0.970440 loss:        0.088905
Test - acc:         0.901900 loss:        0.373371
Sparsity :          0.9375
Wdecay :        0.000500
========== Epoch 243 ==========
LR =  0.010000000000000002
Train - acc:        0.970260 loss:        0.088585
Test - acc:         0.896300 loss:        0.392226
Sparsity :          0.9375
Wdecay :        0.000500
========== Epoch 244 ==========
LR =  0.010000000000000002
Train - acc:        0.969020 loss:        0.091032
Test - acc:         0.896500 loss:        0.383722
Sparsity :          0.9375
Wdecay :        0.000500
========== Epoch 245 ==========
LR =  0.010000000000000002
Train - acc:        0.971040 loss:        0.087235
Test - acc:         0.901400 loss:        0.352937
Sparsity :          0.9375
Wdecay :        0.000500
========== Epoch 246 ==========
LR =  0.010000000000000002
Train - acc:        0.970920 loss:        0.084517
Test - acc:         0.898600 loss:        0.372495
Sparsity :          0.9375
Wdecay :        0.000500
========== Epoch 247 ==========
LR =  0.010000000000000002
Train - acc:        0.970140 loss:        0.087739
Test - acc:         0.889900 loss:        0.429972
Sparsity :          0.9375
Wdecay :        0.000500
========== Epoch 248 ==========
LR =  0.010000000000000002
Train - acc:        0.969220 loss:        0.089729
Test - acc:         0.895100 loss:        0.377916
Sparsity :          0.9375
Wdecay :        0.000500
========== Epoch 249 ==========
LR =  0.010000000000000002
Train - acc:        0.969940 loss:        0.088256
Test - acc:         0.901900 loss:        0.367967
Sparsity :          0.9375
Wdecay :        0.000500
========== Epoch 250 ==========
LR =  0.0010000000000000002
Train - acc:        0.967840 loss:        0.093943
Test - acc:         0.899200 loss:        0.368452
Sparsity :          0.9688
Wdecay :        0.000500
========== Epoch 251 ==========
LR =  0.0010000000000000002
Train - acc:        0.982400 loss:        0.056732
Test - acc:         0.919600 loss:        0.281936
Sparsity :          0.9688
Wdecay :        0.000500
========== Epoch 252 ==========
LR =  0.0010000000000000002
Train - acc:        0.987120 loss:        0.040260
Test - acc:         0.921800 loss:        0.279094
Sparsity :          0.9688
Wdecay :        0.000500
========== Epoch 253 ==========
LR =  0.0010000000000000002
Train - acc:        0.989860 loss:        0.033189
Test - acc:         0.923000 loss:        0.282404
Sparsity :          0.9688
Wdecay :        0.000500
========== Epoch 254 ==========
LR =  0.0010000000000000002
Train - acc:        0.991540 loss:        0.029474
Test - acc:         0.922500 loss:        0.284078
Sparsity :          0.9688
Wdecay :        0.000500
========== Epoch 255 ==========
LR =  0.0010000000000000002
Train - acc:        0.992560 loss:        0.025535
Test - acc:         0.923700 loss:        0.283490
Sparsity :          0.9688
Wdecay :        0.000500
========== Epoch 256 ==========
LR =  0.0010000000000000002
Train - acc:        0.992780 loss:        0.023730
Test - acc:         0.924300 loss:        0.288537
Sparsity :          0.9688
Wdecay :        0.000500
========== Epoch 257 ==========
LR =  0.0010000000000000002
Train - acc:        0.993920 loss:        0.021750
Test - acc:         0.924600 loss:        0.290553
Sparsity :          0.9688
Wdecay :        0.000500
========== Epoch 258 ==========
LR =  0.0010000000000000002
Train - acc:        0.993980 loss:        0.021378
Test - acc:         0.925800 loss:        0.294767
Sparsity :          0.9688
Wdecay :        0.000500
========== Epoch 259 ==========
LR =  0.0010000000000000002
Train - acc:        0.995220 loss:        0.018092
Test - acc:         0.924800 loss:        0.299196
Sparsity :          0.9688
Wdecay :        0.000500
========== Epoch 260 ==========
LR =  0.0010000000000000002
Train - acc:        0.994800 loss:        0.018437
Test - acc:         0.926400 loss:        0.295473
Sparsity :          0.9688
Wdecay :        0.000500
========== Epoch 261 ==========
LR =  0.0010000000000000002
Train - acc:        0.995300 loss:        0.016897
Test - acc:         0.925500 loss:        0.300971
Sparsity :          0.9688
Wdecay :        0.000500
========== Epoch 262 ==========
LR =  0.0010000000000000002
Train - acc:        0.995060 loss:        0.016622
Test - acc:         0.927400 loss:        0.297496
Sparsity :          0.9688
Wdecay :        0.000500
========== Epoch 263 ==========
LR =  0.0010000000000000002
Train - acc:        0.995620 loss:        0.015781
Test - acc:         0.926900 loss:        0.296599
Sparsity :          0.9688
Wdecay :        0.000500
========== Epoch 264 ==========
LR =  0.0010000000000000002
Train - acc:        0.995260 loss:        0.015875
Test - acc:         0.926900 loss:        0.300365
Sparsity :          0.9688
Wdecay :        0.000500
========== Epoch 265 ==========
LR =  0.0010000000000000002
Train - acc:        0.995840 loss:        0.014619
Test - acc:         0.926300 loss:        0.304465
Sparsity :          0.9688
Wdecay :        0.000500
========== Epoch 266 ==========
LR =  0.0010000000000000002
Train - acc:        0.996720 loss:        0.012020
Test - acc:         0.927600 loss:        0.300621
Sparsity :          0.9688
Wdecay :        0.000500
========== Epoch 267 ==========
LR =  0.0010000000000000002
Train - acc:        0.996380 loss:        0.013121
Test - acc:         0.925800 loss:        0.307031
Sparsity :          0.9688
Wdecay :        0.000500
========== Epoch 268 ==========
LR =  0.0010000000000000002
Train - acc:        0.996560 loss:        0.012278
Test - acc:         0.926900 loss:        0.309408
Sparsity :          0.9688
Wdecay :        0.000500
========== Epoch 269 ==========
LR =  0.0010000000000000002
Train - acc:        0.996660 loss:        0.012000
Test - acc:         0.927200 loss:        0.308420
Sparsity :          0.9688
Wdecay :        0.000500
========== Epoch 270 ==========
LR =  0.0010000000000000002
Train - acc:        0.997260 loss:        0.010452
Test - acc:         0.925500 loss:        0.314058
Sparsity :          0.9688
Wdecay :        0.000500
========== Epoch 271 ==========
LR =  0.0010000000000000002
Train - acc:        0.996760 loss:        0.011522
Test - acc:         0.926000 loss:        0.312928
Sparsity :          0.9688
Wdecay :        0.000500
========== Epoch 272 ==========
LR =  0.0010000000000000002
Train - acc:        0.997380 loss:        0.010477
Test - acc:         0.925800 loss:        0.318513
Sparsity :          0.9688
Wdecay :        0.000500
========== Epoch 273 ==========
LR =  0.0010000000000000002
Train - acc:        0.997240 loss:        0.010603
Test - acc:         0.927000 loss:        0.313979
Sparsity :          0.9688
Wdecay :        0.000500
========== Epoch 274 ==========
LR =  0.0010000000000000002
Train - acc:        0.997260 loss:        0.010152
Test - acc:         0.926200 loss:        0.320172
Sparsity :          0.9688
Wdecay :        0.000500
========== Epoch 275 ==========
LR =  0.0010000000000000002
Train - acc:        0.996900 loss:        0.010784
Test - acc:         0.926200 loss:        0.317302
Sparsity :          0.9688
Wdecay :        0.000500
========== Epoch 276 ==========
LR =  0.0010000000000000002
Train - acc:        0.997420 loss:        0.009435
Test - acc:         0.928000 loss:        0.318393
Sparsity :          0.9688
Wdecay :        0.000500
========== Epoch 277 ==========
LR =  0.0010000000000000002
Train - acc:        0.997340 loss:        0.009407
Test - acc:         0.927200 loss:        0.321764
Sparsity :          0.9688
Wdecay :        0.000500
========== Epoch 278 ==========
LR =  0.0010000000000000002
Train - acc:        0.997640 loss:        0.009154
Test - acc:         0.926500 loss:        0.323602
Sparsity :          0.9688
Wdecay :        0.000500
========== Epoch 279 ==========
LR =  0.0010000000000000002
Train - acc:        0.997940 loss:        0.008737
Test - acc:         0.926100 loss:        0.322641
Sparsity :          0.9688
Wdecay :        0.000500
========== Epoch 280 ==========
LR =  0.0010000000000000002
Train - acc:        0.997640 loss:        0.008811
Test - acc:         0.926300 loss:        0.324908
Sparsity :          0.9688
Wdecay :        0.000500
========== Epoch 281 ==========
LR =  0.0010000000000000002
Train - acc:        0.997440 loss:        0.008622
Test - acc:         0.925800 loss:        0.325063
Sparsity :          0.9688
Wdecay :        0.000500
========== Epoch 282 ==========
LR =  0.0010000000000000002
Train - acc:        0.997480 loss:        0.008781
Test - acc:         0.926900 loss:        0.324692
Sparsity :          0.9688
Wdecay :        0.000500
========== Epoch 283 ==========
LR =  0.0010000000000000002
Train - acc:        0.998100 loss:        0.007893
Test - acc:         0.927500 loss:        0.328991
Sparsity :          0.9688
Wdecay :        0.000500
========== Epoch 284 ==========
LR =  0.0010000000000000002
Train - acc:        0.997680 loss:        0.007693
Test - acc:         0.926900 loss:        0.332561
Sparsity :          0.9688
Wdecay :        0.000500
========== Epoch 285 ==========
LR =  0.0010000000000000002
Train - acc:        0.998080 loss:        0.006999
Test - acc:         0.927100 loss:        0.330028
Sparsity :          0.9688
Wdecay :        0.000500
========== Epoch 286 ==========
LR =  0.0010000000000000002
Train - acc:        0.997880 loss:        0.007863
Test - acc:         0.926900 loss:        0.331283
Sparsity :          0.9688
Wdecay :        0.000500
========== Epoch 287 ==========
LR =  0.0010000000000000002
Train - acc:        0.997840 loss:        0.007578
Test - acc:         0.926200 loss:        0.330589
Sparsity :          0.9688
Wdecay :        0.000500
========== Epoch 288 ==========
LR =  0.0010000000000000002
Train - acc:        0.998660 loss:        0.006470
Test - acc:         0.926300 loss:        0.334238
Sparsity :          0.9688
Wdecay :        0.000500
========== Epoch 289 ==========
LR =  0.0010000000000000002
Train - acc:        0.997940 loss:        0.007477
Test - acc:         0.925800 loss:        0.334210
Sparsity :          0.9688
Wdecay :        0.000500
========== Epoch 290 ==========
LR =  0.0010000000000000002
Train - acc:        0.998180 loss:        0.007170
Test - acc:         0.925400 loss:        0.340002
Sparsity :          0.9688
Wdecay :        0.000500
========== Epoch 291 ==========
LR =  0.0010000000000000002
Train - acc:        0.998300 loss:        0.006990
Test - acc:         0.927100 loss:        0.334004
Sparsity :          0.9688
Wdecay :        0.000500
========== Epoch 292 ==========
LR =  0.0010000000000000002
Train - acc:        0.998180 loss:        0.007120
Test - acc:         0.926500 loss:        0.340951
Sparsity :          0.9688
Wdecay :        0.000500
========== Epoch 293 ==========
LR =  0.0010000000000000002
Train - acc:        0.998340 loss:        0.006276
Test - acc:         0.926700 loss:        0.336185
Sparsity :          0.9688
Wdecay :        0.000500
========== Epoch 294 ==========
LR =  0.0010000000000000002
Train - acc:        0.998100 loss:        0.006737
Test - acc:         0.925700 loss:        0.341374
Sparsity :          0.9688
Wdecay :        0.000500
========== Epoch 295 ==========
LR =  0.0010000000000000002
Train - acc:        0.998260 loss:        0.006911
Test - acc:         0.927300 loss:        0.339017
Sparsity :          0.9688
Wdecay :        0.000500
========== Epoch 296 ==========
LR =  0.0010000000000000002
Train - acc:        0.998440 loss:        0.005890
Test - acc:         0.926600 loss:        0.343235
Sparsity :          0.9688
Wdecay :        0.000500
========== Epoch 297 ==========
LR =  0.0010000000000000002
Train - acc:        0.998460 loss:        0.005911
Test - acc:         0.927300 loss:        0.345564
Sparsity :          0.9688
Wdecay :        0.000500
========== Epoch 298 ==========
LR =  0.0010000000000000002
Train - acc:        0.998460 loss:        0.006228
Test - acc:         0.925700 loss:        0.347053
Sparsity :          0.9688
Wdecay :        0.000500
========== Epoch 299 ==========
LR =  0.0010000000000000002
Train - acc:        0.998520 loss:        0.005766
Test - acc:         0.925700 loss:        0.346439
Sparsity :          0.9688
Wdecay :        0.000500
========== Epoch 300 ==========
LR =  0.0010000000000000002
Train - acc:        0.998700 loss:        0.005449
Test - acc:         0.926900 loss:        0.344338
Sparsity :          0.9844
Wdecay :        0.000500
========== Epoch 301 ==========
LR =  0.0010000000000000002
Train - acc:        0.989120 loss:        0.032908
Test - acc:         0.918100 loss:        0.345488
Sparsity :          0.9844
Wdecay :        0.000500
========== Epoch 302 ==========
LR =  0.0010000000000000002
Train - acc:        0.992540 loss:        0.024038
Test - acc:         0.919800 loss:        0.345178
Sparsity :          0.9844
Wdecay :        0.000500
========== Epoch 303 ==========
LR =  0.0010000000000000002
Train - acc:        0.993440 loss:        0.020107
Test - acc:         0.920600 loss:        0.343857
Sparsity :          0.9844
Wdecay :        0.000500
========== Epoch 304 ==========
LR =  0.0010000000000000002
Train - acc:        0.993900 loss:        0.019618
Test - acc:         0.921000 loss:        0.338002
Sparsity :          0.9844
Wdecay :        0.000500
========== Epoch 305 ==========
LR =  0.0010000000000000002
Train - acc:        0.994280 loss:        0.019648
Test - acc:         0.921800 loss:        0.337816
Sparsity :          0.9844
Wdecay :        0.000500
========== Epoch 306 ==========
LR =  0.0010000000000000002
Train - acc:        0.994820 loss:        0.017571
Test - acc:         0.921500 loss:        0.339579
Sparsity :          0.9844
Wdecay :        0.000500
========== Epoch 307 ==========
LR =  0.0010000000000000002
Train - acc:        0.994920 loss:        0.017531
Test - acc:         0.921700 loss:        0.340507
Sparsity :          0.9844
Wdecay :        0.000500
========== Epoch 308 ==========
LR =  0.0010000000000000002
Train - acc:        0.995260 loss:        0.015200
Test - acc:         0.921400 loss:        0.341751
Sparsity :          0.9844
Wdecay :        0.000500
========== Epoch 309 ==========
LR =  0.0010000000000000002
Train - acc:        0.996500 loss:        0.013242
Test - acc:         0.920900 loss:        0.340502
Sparsity :          0.9844
Wdecay :        0.000500
========== Epoch 310 ==========
LR =  0.0010000000000000002
Train - acc:        0.996160 loss:        0.013448
Test - acc:         0.923100 loss:        0.344311
Sparsity :          0.9844
Wdecay :        0.000500
========== Epoch 311 ==========
LR =  0.0010000000000000002
Train - acc:        0.995960 loss:        0.013436
Test - acc:         0.922600 loss:        0.346174
Sparsity :          0.9844
Wdecay :        0.000500
========== Epoch 312 ==========
LR =  0.0010000000000000002
Train - acc:        0.995820 loss:        0.014578
Test - acc:         0.924400 loss:        0.343202
Sparsity :          0.9844
Wdecay :        0.000500
========== Epoch 313 ==========
LR =  0.0010000000000000002
Train - acc:        0.996080 loss:        0.013032
Test - acc:         0.923300 loss:        0.347076
Sparsity :          0.9844
Wdecay :        0.000500
========== Epoch 314 ==========
LR =  0.0010000000000000002
Train - acc:        0.996020 loss:        0.013270
Test - acc:         0.920900 loss:        0.354849
Sparsity :          0.9844
Wdecay :        0.000500
========== Epoch 315 ==========
LR =  0.0010000000000000002
Train - acc:        0.995800 loss:        0.013735
Test - acc:         0.924500 loss:        0.345897
Sparsity :          0.9844
Wdecay :        0.000500
========== Epoch 316 ==========
LR =  0.0010000000000000002
Train - acc:        0.996460 loss:        0.012226
Test - acc:         0.923700 loss:        0.347192
Sparsity :          0.9844
Wdecay :        0.000500
========== Epoch 317 ==========
LR =  0.0010000000000000002
Train - acc:        0.996420 loss:        0.011857
Test - acc:         0.922400 loss:        0.348193
Sparsity :          0.9844
Wdecay :        0.000500
========== Epoch 318 ==========
LR =  0.0010000000000000002
Train - acc:        0.996980 loss:        0.010629
Test - acc:         0.924300 loss:        0.348924
Sparsity :          0.9844
Wdecay :        0.000500
========== Epoch 319 ==========
LR =  0.0010000000000000002
Train - acc:        0.996600 loss:        0.011651
Test - acc:         0.927200 loss:        0.352149
Sparsity :          0.9844
Wdecay :        0.000500
========== Epoch 320 ==========
LR =  0.0010000000000000002
Train - acc:        0.996580 loss:        0.011598
Test - acc:         0.924100 loss:        0.350245
Sparsity :          0.9844
Wdecay :        0.000500
========== Epoch 321 ==========
LR =  0.0010000000000000002
Train - acc:        0.996520 loss:        0.011722
Test - acc:         0.922900 loss:        0.348760
Sparsity :          0.9844
Wdecay :        0.000500
========== Epoch 322 ==========
LR =  0.0010000000000000002
Train - acc:        0.996920 loss:        0.010604
Test - acc:         0.923800 loss:        0.356957
Sparsity :          0.9844
Wdecay :        0.000500
========== Epoch 323 ==========
LR =  0.0010000000000000002
Train - acc:        0.997120 loss:        0.009894
Test - acc:         0.922900 loss:        0.353666
Sparsity :          0.9844
Wdecay :        0.000500
========== Epoch 324 ==========
LR =  0.0010000000000000002
Train - acc:        0.997380 loss:        0.009448
Test - acc:         0.922300 loss:        0.353828
Sparsity :          0.9844
Wdecay :        0.000500
========== Epoch 325 ==========
LR =  0.0010000000000000002
Train - acc:        0.997220 loss:        0.009820
Test - acc:         0.923600 loss:        0.352922
Sparsity :          0.9844
Wdecay :        0.000500
========== Epoch 326 ==========
LR =  0.0010000000000000002
Train - acc:        0.997060 loss:        0.010106
Test - acc:         0.923300 loss:        0.358015
Sparsity :          0.9844
Wdecay :        0.000500
========== Epoch 327 ==========
LR =  0.0010000000000000002
Train - acc:        0.997080 loss:        0.010321
Test - acc:         0.922600 loss:        0.355587
Sparsity :          0.9844
Wdecay :        0.000500
========== Epoch 328 ==========
LR =  0.0010000000000000002
Train - acc:        0.997500 loss:        0.009162
Test - acc:         0.924900 loss:        0.352846
Sparsity :          0.9844
Wdecay :        0.000500
========== Epoch 329 ==========
LR =  0.0010000000000000002
Train - acc:        0.997000 loss:        0.009722
Test - acc:         0.923700 loss:        0.355695
Sparsity :          0.9844
Wdecay :        0.000500
========== Epoch 330 ==========
LR =  0.0010000000000000002
Train - acc:        0.997120 loss:        0.010028
Test - acc:         0.925000 loss:        0.354465
Sparsity :          0.9844
Wdecay :        0.000500
========== Epoch 331 ==========
LR =  0.0010000000000000002
Train - acc:        0.997600 loss:        0.009202
Test - acc:         0.922400 loss:        0.359438
Sparsity :          0.9844
Wdecay :        0.000500
========== Epoch 332 ==========
LR =  0.0010000000000000002
Train - acc:        0.997500 loss:        0.008478
Test - acc:         0.924000 loss:        0.355891
Sparsity :          0.9844
Wdecay :        0.000500
========== Epoch 333 ==========
LR =  0.0010000000000000002
Train - acc:        0.997280 loss:        0.008864
Test - acc:         0.920800 loss:        0.368633
Sparsity :          0.9844
Wdecay :        0.000500
========== Epoch 334 ==========
LR =  0.0010000000000000002
Train - acc:        0.997300 loss:        0.008977
Test - acc:         0.923200 loss:        0.361227
Sparsity :          0.9844
Wdecay :        0.000500
========== Epoch 335 ==========
LR =  0.0010000000000000002
Train - acc:        0.997080 loss:        0.009248
Test - acc:         0.921400 loss:        0.363191
Sparsity :          0.9844
Wdecay :        0.000500
========== Epoch 336 ==========
LR =  0.0010000000000000002
Train - acc:        0.997580 loss:        0.008526
Test - acc:         0.921400 loss:        0.366534
Sparsity :          0.9844
Wdecay :        0.000500
========== Epoch 337 ==========
LR =  0.0010000000000000002
Train - acc:        0.997520 loss:        0.008798
Test - acc:         0.923200 loss:        0.366986
Sparsity :          0.9844
Wdecay :        0.000500
========== Epoch 338 ==========
LR =  0.0010000000000000002
Train - acc:        0.997940 loss:        0.007907
Test - acc:         0.922900 loss:        0.371860
Sparsity :          0.9844
Wdecay :        0.000500
========== Epoch 339 ==========
LR =  0.0010000000000000002
Train - acc:        0.997700 loss:        0.008309
Test - acc:         0.921100 loss:        0.372923
Sparsity :          0.9844
Wdecay :        0.000500
========== Epoch 340 ==========
LR =  0.0010000000000000002
Train - acc:        0.997820 loss:        0.007691
Test - acc:         0.921800 loss:        0.366842
Sparsity :          0.9844
Wdecay :        0.000500
========== Epoch 341 ==========
LR =  0.0010000000000000002
Train - acc:        0.997880 loss:        0.007844
Test - acc:         0.923700 loss:        0.362696
Sparsity :          0.9844
Wdecay :        0.000500
========== Epoch 342 ==========
LR =  0.0010000000000000002
Train - acc:        0.997840 loss:        0.007508
Test - acc:         0.923300 loss:        0.364403
Sparsity :          0.9844
Wdecay :        0.000500
========== Epoch 343 ==========
LR =  0.0010000000000000002
Train - acc:        0.997620 loss:        0.008158
Test - acc:         0.923900 loss:        0.361241
Sparsity :          0.9844
Wdecay :        0.000500
========== Epoch 344 ==========
LR =  0.0010000000000000002
Train - acc:        0.998100 loss:        0.006782
Test - acc:         0.923000 loss:        0.368922
Sparsity :          0.9844
Wdecay :        0.000500
========== Epoch 345 ==========
LR =  0.0010000000000000002
Train - acc:        0.997680 loss:        0.007955
Test - acc:         0.921700 loss:        0.369695
Sparsity :          0.9844
Wdecay :        0.000500
========== Epoch 346 ==========
LR =  0.0010000000000000002
Train - acc:        0.997760 loss:        0.007570
Test - acc:         0.922400 loss:        0.373294
Sparsity :          0.9844
Wdecay :        0.000500
========== Epoch 347 ==========
LR =  0.0010000000000000002
Train - acc:        0.997740 loss:        0.008076
Test - acc:         0.922400 loss:        0.377481
Sparsity :          0.9844
Wdecay :        0.000500
========== Epoch 348 ==========
LR =  0.0010000000000000002
Train - acc:        0.997920 loss:        0.007066
Test - acc:         0.923400 loss:        0.374968
Sparsity :          0.9844
Wdecay :        0.000500
========== Epoch 349 ==========
LR =  0.0010000000000000002
Train - acc:        0.998080 loss:        0.006768
Test - acc:         0.923000 loss:        0.376532
Sparsity :          0.9844
Wdecay :        0.000500
========== Epoch 350 ==========
LR =  0.0010000000000000002
Train - acc:        0.998400 loss:        0.006715
Test - acc:         0.921400 loss:        0.379105
Sparsity :          0.9844
Wdecay :        0.000500
