Running --model resnet18 --noise --prune_criterion weight_div_flips --seed 43 --prune_freq 70 --prune_rate 0.5 --comment=resnet18_crit=weight_div_flips_pf=70_seed=43 --save_model=pre-finetune/resnet18_weight_div_flips_pf70_s43 --logdir=criterion_experiment_no_bias/resnet18
******************************
Running
{
    "model": "resnet18",
    "dataset": "cifar10",
    "batch_size": 128,
    "test_batch_size": 2000,
    "epochs": 350,
    "lr": 0.1,
    "device": "cuda",
    "seed": 43,
    "prune_criterion": "weight_div_flips",
    "prune_freq": 70,
    "prune_rate": 0.5,
    "sensitivity": 0,
    "flip_threshold": 1,
    "stop_pruning_at": -1,
    "prune_bias": false,
    "prune_bnorm": false,
    "use_ema_flips": false,
    "beta_ema_flips": null,
    "reset_flip_cts": false,
    "normalize_magnitudes": false,
    "beta_ema_maghists": null,
    "logdir": "criterion_experiment_no_bias/resnet18",
    "opt": "sgd",
    "momentum": 0.9,
    "use_scheduler": true,
    "milestones": [
        150,
        250
    ],
    "reg_type": "wdecay",
    "lambda": 0.0005,
    "anneal_lambda": false,
    "anneal_lr": false,
    "add_noise": true,
    "scale_noise_by_lr": false,
    "stop_noise_at": -1,
    "noise_only_prunable": false,
    "noise_scale_factor": 1,
    "snip_sparsity": 0.0,
    "beta_ema": 0.999,
    "lambas": [
        1.0,
        1.0,
        1.0,
        1.0
    ],
    "local_rep": false,
    "temperature": 0.6666666666666666,
    "save_model": "pre-finetune/resnet18_weight_div_flips_pf70_s43",
    "load_model": null,
    "parallel": false
}
******************************
Files already downloaded and verified
Files already downloaded and verified
Total prunable params of model: 11164352
Model has 11173962 total params.
num_weights=11169152
num_biases=4810
---Biases omitted from pruning---
========== Epoch 1 ==========
LR =  0.1
Train - acc:        0.275580 loss:        2.206162
Test - acc:         0.379300 loss:        1.773930
Sparsity :          0.0000
Wdecay :        0.000500
========== Epoch 2 ==========
LR =  0.1
Train - acc:        0.448080 loss:        1.503151
Test - acc:         0.529700 loss:        1.350102
Sparsity :          0.0000
Wdecay :        0.000500
========== Epoch 3 ==========
LR =  0.1
Train - acc:        0.561660 loss:        1.220748
Test - acc:         0.589900 loss:        1.153149
Sparsity :          0.0000
Wdecay :        0.000500
========== Epoch 4 ==========
LR =  0.1
Train - acc:        0.644920 loss:        1.002910
Test - acc:         0.641300 loss:        1.060353
Sparsity :          0.0000
Wdecay :        0.000500
========== Epoch 5 ==========
LR =  0.1
Train - acc:        0.705420 loss:        0.837933
Test - acc:         0.662400 loss:        0.967185
Sparsity :          0.0000
Wdecay :        0.000500
========== Epoch 6 ==========
LR =  0.1
Train - acc:        0.753280 loss:        0.707195
Test - acc:         0.719800 loss:        0.820684
Sparsity :          0.0000
Wdecay :        0.000500
========== Epoch 7 ==========
LR =  0.1
Train - acc:        0.778140 loss:        0.637992
Test - acc:         0.746700 loss:        0.735908
Sparsity :          0.0000
Wdecay :        0.000500
========== Epoch 8 ==========
LR =  0.1
Train - acc:        0.797340 loss:        0.584231
Test - acc:         0.764400 loss:        0.731834
Sparsity :          0.0000
Wdecay :        0.000500
========== Epoch 9 ==========
LR =  0.1
Train - acc:        0.810600 loss:        0.549598
Test - acc:         0.739700 loss:        0.764843
Sparsity :          0.0000
Wdecay :        0.000500
========== Epoch 10 ==========
LR =  0.1
Train - acc:        0.816060 loss:        0.533603
Test - acc:         0.747800 loss:        0.758131
Sparsity :          0.0000
Wdecay :        0.000500
========== Epoch 11 ==========
LR =  0.1
Train - acc:        0.822860 loss:        0.513958
Test - acc:         0.768500 loss:        0.701588
Sparsity :          0.0000
Wdecay :        0.000500
========== Epoch 12 ==========
LR =  0.1
Train - acc:        0.827900 loss:        0.501282
Test - acc:         0.816000 loss:        0.537637
Sparsity :          0.0000
Wdecay :        0.000500
========== Epoch 13 ==========
LR =  0.1
Train - acc:        0.833580 loss:        0.483668
Test - acc:         0.810200 loss:        0.568396
Sparsity :          0.0000
Wdecay :        0.000500
========== Epoch 14 ==========
LR =  0.1
Train - acc:        0.836280 loss:        0.476076
Test - acc:         0.768400 loss:        0.720073
Sparsity :          0.0000
Wdecay :        0.000500
========== Epoch 15 ==========
LR =  0.1
Train - acc:        0.839420 loss:        0.464692
Test - acc:         0.759300 loss:        0.735929
Sparsity :          0.0000
Wdecay :        0.000500
========== Epoch 16 ==========
LR =  0.1
Train - acc:        0.845000 loss:        0.453000
Test - acc:         0.824500 loss:        0.526457
Sparsity :          0.0000
Wdecay :        0.000500
========== Epoch 17 ==========
LR =  0.1
Train - acc:        0.849680 loss:        0.444501
Test - acc:         0.826500 loss:        0.520368
Sparsity :          0.0000
Wdecay :        0.000500
========== Epoch 18 ==========
LR =  0.1
Train - acc:        0.849380 loss:        0.438538
Test - acc:         0.798100 loss:        0.637503
Sparsity :          0.0000
Wdecay :        0.000500
========== Epoch 19 ==========
LR =  0.1
Train - acc:        0.850040 loss:        0.440032
Test - acc:         0.829700 loss:        0.507356
Sparsity :          0.0000
Wdecay :        0.000500
========== Epoch 20 ==========
LR =  0.1
Train - acc:        0.854180 loss:        0.426594
Test - acc:         0.802500 loss:        0.589427
Sparsity :          0.0000
Wdecay :        0.000500
========== Epoch 21 ==========
LR =  0.1
Train - acc:        0.855560 loss:        0.423533
Test - acc:         0.786400 loss:        0.632288
Sparsity :          0.0000
Wdecay :        0.000500
========== Epoch 22 ==========
LR =  0.1
Train - acc:        0.855960 loss:        0.420786
Test - acc:         0.789600 loss:        0.646576
Sparsity :          0.0000
Wdecay :        0.000500
========== Epoch 23 ==========
LR =  0.1
Train - acc:        0.858360 loss:        0.416946
Test - acc:         0.752800 loss:        0.756219
Sparsity :          0.0000
Wdecay :        0.000500
========== Epoch 24 ==========
LR =  0.1
Train - acc:        0.860040 loss:        0.415164
Test - acc:         0.812200 loss:        0.558783
Sparsity :          0.0000
Wdecay :        0.000500
========== Epoch 25 ==========
LR =  0.1
Train - acc:        0.858620 loss:        0.414178
Test - acc:         0.814800 loss:        0.577834
Sparsity :          0.0000
Wdecay :        0.000500
========== Epoch 26 ==========
LR =  0.1
Train - acc:        0.859180 loss:        0.410590
Test - acc:         0.813800 loss:        0.559850
Sparsity :          0.0000
Wdecay :        0.000500
========== Epoch 27 ==========
LR =  0.1
Train - acc:        0.860320 loss:        0.407069
Test - acc:         0.851000 loss:        0.442927
Sparsity :          0.0000
Wdecay :        0.000500
========== Epoch 28 ==========
LR =  0.1
Train - acc:        0.857900 loss:        0.414354
Test - acc:         0.838400 loss:        0.479358
Sparsity :          0.0000
Wdecay :        0.000500
========== Epoch 29 ==========
LR =  0.1
Train - acc:        0.861760 loss:        0.403122
Test - acc:         0.813600 loss:        0.552473
Sparsity :          0.0000
Wdecay :        0.000500
========== Epoch 30 ==========
LR =  0.1
Train - acc:        0.864300 loss:        0.400279
Test - acc:         0.798500 loss:        0.615302
Sparsity :          0.0000
Wdecay :        0.000500
========== Epoch 31 ==========
LR =  0.1
Train - acc:        0.864260 loss:        0.395054
Test - acc:         0.802800 loss:        0.596695
Sparsity :          0.0000
Wdecay :        0.000500
========== Epoch 32 ==========
LR =  0.1
Train - acc:        0.862920 loss:        0.397425
Test - acc:         0.813300 loss:        0.539908
Sparsity :          0.0000
Wdecay :        0.000500
========== Epoch 33 ==========
LR =  0.1
Train - acc:        0.863160 loss:        0.393080
Test - acc:         0.815100 loss:        0.580103
Sparsity :          0.0000
Wdecay :        0.000500
========== Epoch 34 ==========
LR =  0.1
Train - acc:        0.865860 loss:        0.394840
Test - acc:         0.824300 loss:        0.534873
Sparsity :          0.0000
Wdecay :        0.000500
========== Epoch 35 ==========
LR =  0.1
Train - acc:        0.864560 loss:        0.393687
Test - acc:         0.828400 loss:        0.520443
Sparsity :          0.0000
Wdecay :        0.000500
========== Epoch 36 ==========
LR =  0.1
Train - acc:        0.867500 loss:        0.385755
Test - acc:         0.811500 loss:        0.577941
Sparsity :          0.0000
Wdecay :        0.000500
========== Epoch 37 ==========
LR =  0.1
Train - acc:        0.864660 loss:        0.392658
Test - acc:         0.724200 loss:        0.831120
Sparsity :          0.0000
Wdecay :        0.000500
========== Epoch 38 ==========
LR =  0.1
Train - acc:        0.866840 loss:        0.389900
Test - acc:         0.847400 loss:        0.461297
Sparsity :          0.0000
Wdecay :        0.000500
========== Epoch 39 ==========
LR =  0.1
Train - acc:        0.869240 loss:        0.384570
Test - acc:         0.804400 loss:        0.615804
Sparsity :          0.0000
Wdecay :        0.000500
========== Epoch 40 ==========
LR =  0.1
Train - acc:        0.868220 loss:        0.392120
Test - acc:         0.835200 loss:        0.483585
Sparsity :          0.0000
Wdecay :        0.000500
========== Epoch 41 ==========
LR =  0.1
Train - acc:        0.868400 loss:        0.386378
Test - acc:         0.832600 loss:        0.516400
Sparsity :          0.0000
Wdecay :        0.000500
========== Epoch 42 ==========
LR =  0.1
Train - acc:        0.871260 loss:        0.379740
Test - acc:         0.803600 loss:        0.591817
Sparsity :          0.0000
Wdecay :        0.000500
========== Epoch 43 ==========
LR =  0.1
Train - acc:        0.868820 loss:        0.384890
Test - acc:         0.824800 loss:        0.553375
Sparsity :          0.0000
Wdecay :        0.000500
========== Epoch 44 ==========
LR =  0.1
Train - acc:        0.867840 loss:        0.387072
Test - acc:         0.832100 loss:        0.534749
Sparsity :          0.0000
Wdecay :        0.000500
========== Epoch 45 ==========
LR =  0.1
Train - acc:        0.869020 loss:        0.387383
Test - acc:         0.812300 loss:        0.552859
Sparsity :          0.0000
Wdecay :        0.000500
========== Epoch 46 ==========
LR =  0.1
Train - acc:        0.868060 loss:        0.383151
Test - acc:         0.788200 loss:        0.640874
Sparsity :          0.0000
Wdecay :        0.000500
========== Epoch 47 ==========
LR =  0.1
Train - acc:        0.870100 loss:        0.382418
Test - acc:         0.809300 loss:        0.578768
Sparsity :          0.0000
Wdecay :        0.000500
========== Epoch 48 ==========
LR =  0.1
Train - acc:        0.871020 loss:        0.381197
Test - acc:         0.852600 loss:        0.426795
Sparsity :          0.0000
Wdecay :        0.000500
========== Epoch 49 ==========
LR =  0.1
Train - acc:        0.869460 loss:        0.380910
Test - acc:         0.806300 loss:        0.583816
Sparsity :          0.0000
Wdecay :        0.000500
========== Epoch 50 ==========
LR =  0.1
Train - acc:        0.871240 loss:        0.376807
Test - acc:         0.826200 loss:        0.532606
Sparsity :          0.0000
Wdecay :        0.000500
========== Epoch 51 ==========
LR =  0.1
Train - acc:        0.870840 loss:        0.376128
Test - acc:         0.741300 loss:        0.833599
Sparsity :          0.0000
Wdecay :        0.000500
========== Epoch 52 ==========
LR =  0.1
Train - acc:        0.871800 loss:        0.376930
Test - acc:         0.803300 loss:        0.625899
Sparsity :          0.0000
Wdecay :        0.000500
========== Epoch 53 ==========
LR =  0.1
Train - acc:        0.872840 loss:        0.372406
Test - acc:         0.805600 loss:        0.615994
Sparsity :          0.0000
Wdecay :        0.000500
========== Epoch 54 ==========
LR =  0.1
Train - acc:        0.872480 loss:        0.377339
Test - acc:         0.808300 loss:        0.567164
Sparsity :          0.0000
Wdecay :        0.000500
========== Epoch 55 ==========
LR =  0.1
Train - acc:        0.872680 loss:        0.372489
Test - acc:         0.817000 loss:        0.557201
Sparsity :          0.0000
Wdecay :        0.000500
========== Epoch 56 ==========
LR =  0.1
Train - acc:        0.872240 loss:        0.375717
Test - acc:         0.820600 loss:        0.541011
Sparsity :          0.0000
Wdecay :        0.000500
========== Epoch 57 ==========
LR =  0.1
Train - acc:        0.871320 loss:        0.375434
Test - acc:         0.817900 loss:        0.565509
Sparsity :          0.0000
Wdecay :        0.000500
========== Epoch 58 ==========
LR =  0.1
Train - acc:        0.871360 loss:        0.374007
Test - acc:         0.827800 loss:        0.531900
Sparsity :          0.0000
Wdecay :        0.000500
========== Epoch 59 ==========
LR =  0.1
Train - acc:        0.873820 loss:        0.373272
Test - acc:         0.821500 loss:        0.544774
Sparsity :          0.0000
Wdecay :        0.000500
========== Epoch 60 ==========
LR =  0.1
Train - acc:        0.872140 loss:        0.377352
Test - acc:         0.797900 loss:        0.611422
Sparsity :          0.0000
Wdecay :        0.000500
========== Epoch 61 ==========
LR =  0.1
Train - acc:        0.870440 loss:        0.378227
Test - acc:         0.837500 loss:        0.477486
Sparsity :          0.0000
Wdecay :        0.000500
========== Epoch 62 ==========
LR =  0.1
Train - acc:        0.871900 loss:        0.375845
Test - acc:         0.833100 loss:        0.488383
Sparsity :          0.0000
Wdecay :        0.000500
========== Epoch 63 ==========
LR =  0.1
Train - acc:        0.874100 loss:        0.367354
Test - acc:         0.826500 loss:        0.539295
Sparsity :          0.0000
Wdecay :        0.000500
========== Epoch 64 ==========
LR =  0.1
Train - acc:        0.871080 loss:        0.375922
Test - acc:         0.841800 loss:        0.473066
Sparsity :          0.0000
Wdecay :        0.000500
========== Epoch 65 ==========
LR =  0.1
Train - acc:        0.874420 loss:        0.369489
Test - acc:         0.840400 loss:        0.472459
Sparsity :          0.0000
Wdecay :        0.000500
========== Epoch 66 ==========
LR =  0.1
Train - acc:        0.874260 loss:        0.373805
Test - acc:         0.819500 loss:        0.551145
Sparsity :          0.0000
Wdecay :        0.000500
========== Epoch 67 ==========
LR =  0.1
Train - acc:        0.874260 loss:        0.371657
Test - acc:         0.854800 loss:        0.430678
Sparsity :          0.0000
Wdecay :        0.000500
========== Epoch 68 ==========
LR =  0.1
Train - acc:        0.874440 loss:        0.364968
Test - acc:         0.855400 loss:        0.423692
Sparsity :          0.0000
Wdecay :        0.000500
========== Epoch 69 ==========
LR =  0.1
Train - acc:        0.870380 loss:        0.378505
Test - acc:         0.794900 loss:        0.651736
Sparsity :          0.0000
Wdecay :        0.000500
========== Epoch 70 ==========
LR =  0.1
Train - acc:        0.871280 loss:        0.374141
Test - acc:         0.820000 loss:        0.559046
Sparsity :          0.5000
Wdecay :        0.000500
========== Epoch 71 ==========
LR =  0.1
Train - acc:        0.883720 loss:        0.338919
Test - acc:         0.734200 loss:        0.915875
Sparsity :          0.5000
Wdecay :        0.000500
========== Epoch 72 ==========
LR =  0.1
Train - acc:        0.881680 loss:        0.345813
Test - acc:         0.793600 loss:        0.632484
Sparsity :          0.5000
Wdecay :        0.000500
========== Epoch 73 ==========
LR =  0.1
Train - acc:        0.879640 loss:        0.354475
Test - acc:         0.840000 loss:        0.490745
Sparsity :          0.5000
Wdecay :        0.000500
========== Epoch 74 ==========
LR =  0.1
Train - acc:        0.882200 loss:        0.348437
Test - acc:         0.825800 loss:        0.554560
Sparsity :          0.5000
Wdecay :        0.000500
========== Epoch 75 ==========
LR =  0.1
Train - acc:        0.879720 loss:        0.351348
Test - acc:         0.841500 loss:        0.495533
Sparsity :          0.5000
Wdecay :        0.000500
========== Epoch 76 ==========
LR =  0.1
Train - acc:        0.878980 loss:        0.353619
Test - acc:         0.837600 loss:        0.515373
Sparsity :          0.5000
Wdecay :        0.000500
========== Epoch 77 ==========
LR =  0.1
Train - acc:        0.878960 loss:        0.355200
Test - acc:         0.822600 loss:        0.525759
Sparsity :          0.5000
Wdecay :        0.000500
========== Epoch 78 ==========
LR =  0.1
Train - acc:        0.879960 loss:        0.351244
Test - acc:         0.844800 loss:        0.475762
Sparsity :          0.5000
Wdecay :        0.000500
========== Epoch 79 ==========
LR =  0.1
Train - acc:        0.876280 loss:        0.356755
Test - acc:         0.821500 loss:        0.590666
Sparsity :          0.5000
Wdecay :        0.000500
========== Epoch 80 ==========
LR =  0.1
Train - acc:        0.877580 loss:        0.355197
Test - acc:         0.760800 loss:        0.848757
Sparsity :          0.5000
Wdecay :        0.000500
========== Epoch 81 ==========
LR =  0.1
Train - acc:        0.878100 loss:        0.356088
Test - acc:         0.829200 loss:        0.504309
Sparsity :          0.5000
Wdecay :        0.000500
========== Epoch 82 ==========
LR =  0.1
Train - acc:        0.879120 loss:        0.354534
Test - acc:         0.834600 loss:        0.495009
Sparsity :          0.5000
Wdecay :        0.000500
========== Epoch 83 ==========
LR =  0.1
Train - acc:        0.877580 loss:        0.353772
Test - acc:         0.832400 loss:        0.493131
Sparsity :          0.5000
Wdecay :        0.000500
========== Epoch 84 ==========
LR =  0.1
Train - acc:        0.878440 loss:        0.354194
Test - acc:         0.839300 loss:        0.508379
Sparsity :          0.5000
Wdecay :        0.000500
========== Epoch 85 ==========
LR =  0.1
Train - acc:        0.879780 loss:        0.356372
Test - acc:         0.832500 loss:        0.520717
Sparsity :          0.5000
Wdecay :        0.000500
========== Epoch 86 ==========
LR =  0.1
Train - acc:        0.878320 loss:        0.357973
Test - acc:         0.826200 loss:        0.535057
Sparsity :          0.5000
Wdecay :        0.000500
========== Epoch 87 ==========
LR =  0.1
Train - acc:        0.882400 loss:        0.344739
Test - acc:         0.825100 loss:        0.532699
Sparsity :          0.5000
Wdecay :        0.000500
========== Epoch 88 ==========
LR =  0.1
Train - acc:        0.878020 loss:        0.358242
Test - acc:         0.822800 loss:        0.536751
Sparsity :          0.5000
Wdecay :        0.000500
========== Epoch 89 ==========
LR =  0.1
Train - acc:        0.877820 loss:        0.354249
Test - acc:         0.834100 loss:        0.498724
Sparsity :          0.5000
Wdecay :        0.000500
========== Epoch 90 ==========
LR =  0.1
Train - acc:        0.878240 loss:        0.356942
Test - acc:         0.838900 loss:        0.496970
Sparsity :          0.5000
Wdecay :        0.000500
========== Epoch 91 ==========
LR =  0.1
Train - acc:        0.875940 loss:        0.358996
Test - acc:         0.823300 loss:        0.536562
Sparsity :          0.5000
Wdecay :        0.000500
========== Epoch 92 ==========
LR =  0.1
Train - acc:        0.879580 loss:        0.353378
Test - acc:         0.845100 loss:        0.468168
Sparsity :          0.5000
Wdecay :        0.000500
========== Epoch 93 ==========
LR =  0.1
Train - acc:        0.881080 loss:        0.348932
Test - acc:         0.818300 loss:        0.552832
Sparsity :          0.5000
Wdecay :        0.000500
========== Epoch 94 ==========
LR =  0.1
Train - acc:        0.880340 loss:        0.351256
Test - acc:         0.730400 loss:        0.912434
Sparsity :          0.5000
Wdecay :        0.000500
========== Epoch 95 ==========
LR =  0.1
Train - acc:        0.877720 loss:        0.355302
Test - acc:         0.785200 loss:        0.694980
Sparsity :          0.5000
Wdecay :        0.000500
========== Epoch 96 ==========
LR =  0.1
Train - acc:        0.880940 loss:        0.353015
Test - acc:         0.788300 loss:        0.637348
Sparsity :          0.5000
Wdecay :        0.000500
========== Epoch 97 ==========
LR =  0.1
Train - acc:        0.880100 loss:        0.351908
Test - acc:         0.801400 loss:        0.597733
Sparsity :          0.5000
Wdecay :        0.000500
========== Epoch 98 ==========
LR =  0.1
Train - acc:        0.877520 loss:        0.354061
Test - acc:         0.687800 loss:        1.159052
Sparsity :          0.5000
Wdecay :        0.000500
========== Epoch 99 ==========
LR =  0.1
Train - acc:        0.877720 loss:        0.355544
Test - acc:         0.842400 loss:        0.484975
Sparsity :          0.5000
Wdecay :        0.000500
========== Epoch 100 ==========
LR =  0.1
Train - acc:        0.879840 loss:        0.351008
Test - acc:         0.830500 loss:        0.498819
Sparsity :          0.5000
Wdecay :        0.000500
========== Epoch 101 ==========
LR =  0.1
Train - acc:        0.878420 loss:        0.351029
Test - acc:         0.802800 loss:        0.631255
Sparsity :          0.5000
Wdecay :        0.000500
========== Epoch 102 ==========
LR =  0.1
Train - acc:        0.881120 loss:        0.349588
Test - acc:         0.808500 loss:        0.592623
Sparsity :          0.5000
Wdecay :        0.000500
========== Epoch 103 ==========
LR =  0.1
Train - acc:        0.880620 loss:        0.347662
Test - acc:         0.804300 loss:        0.613662
Sparsity :          0.5000
Wdecay :        0.000500
========== Epoch 104 ==========
LR =  0.1
Train - acc:        0.879440 loss:        0.356042
Test - acc:         0.817900 loss:        0.586697
Sparsity :          0.5000
Wdecay :        0.000500
========== Epoch 105 ==========
LR =  0.1
Train - acc:        0.879100 loss:        0.351162
Test - acc:         0.845300 loss:        0.466152
Sparsity :          0.5000
Wdecay :        0.000500
========== Epoch 106 ==========
LR =  0.1
Train - acc:        0.877360 loss:        0.359155
Test - acc:         0.835000 loss:        0.488489
Sparsity :          0.5000
Wdecay :        0.000500
========== Epoch 107 ==========
LR =  0.1
Train - acc:        0.878620 loss:        0.357982
Test - acc:         0.830500 loss:        0.507216
Sparsity :          0.5000
Wdecay :        0.000500
========== Epoch 108 ==========
LR =  0.1
Train - acc:        0.881600 loss:        0.347345
Test - acc:         0.856000 loss:        0.430833
Sparsity :          0.5000
Wdecay :        0.000500
========== Epoch 109 ==========
LR =  0.1
Train - acc:        0.880680 loss:        0.347381
Test - acc:         0.695600 loss:        1.096967
Sparsity :          0.5000
Wdecay :        0.000500
========== Epoch 110 ==========
LR =  0.1
Train - acc:        0.878080 loss:        0.354202
Test - acc:         0.839300 loss:        0.475599
Sparsity :          0.5000
Wdecay :        0.000500
========== Epoch 111 ==========
LR =  0.1
Train - acc:        0.880620 loss:        0.349250
Test - acc:         0.852900 loss:        0.450641
Sparsity :          0.5000
Wdecay :        0.000500
========== Epoch 112 ==========
LR =  0.1
Train - acc:        0.880300 loss:        0.354483
Test - acc:         0.841000 loss:        0.463894
Sparsity :          0.5000
Wdecay :        0.000500
========== Epoch 113 ==========
LR =  0.1
Train - acc:        0.879800 loss:        0.351304
Test - acc:         0.791900 loss:        0.664758
Sparsity :          0.5000
Wdecay :        0.000500
========== Epoch 114 ==========
LR =  0.1
Train - acc:        0.878960 loss:        0.354137
Test - acc:         0.859000 loss:        0.434189
Sparsity :          0.5000
Wdecay :        0.000500
========== Epoch 115 ==========
LR =  0.1
Train - acc:        0.879720 loss:        0.351023
Test - acc:         0.837500 loss:        0.490526
Sparsity :          0.5000
Wdecay :        0.000500
========== Epoch 116 ==========
LR =  0.1
Train - acc:        0.878960 loss:        0.356406
Test - acc:         0.849400 loss:        0.455388
Sparsity :          0.5000
Wdecay :        0.000500
========== Epoch 117 ==========
LR =  0.1
Train - acc:        0.879520 loss:        0.353316
Test - acc:         0.827900 loss:        0.544957
Sparsity :          0.5000
Wdecay :        0.000500
========== Epoch 118 ==========
LR =  0.1
Train - acc:        0.880740 loss:        0.349925
Test - acc:         0.843500 loss:        0.473715
Sparsity :          0.5000
Wdecay :        0.000500
========== Epoch 119 ==========
LR =  0.1
Train - acc:        0.880160 loss:        0.349706
Test - acc:         0.814300 loss:        0.559438
Sparsity :          0.5000
Wdecay :        0.000500
========== Epoch 120 ==========
LR =  0.1
Train - acc:        0.879240 loss:        0.353673
Test - acc:         0.831600 loss:        0.515474
Sparsity :          0.5000
Wdecay :        0.000500
========== Epoch 121 ==========
LR =  0.1
Train - acc:        0.880000 loss:        0.350565
Test - acc:         0.811700 loss:        0.580529
Sparsity :          0.5000
Wdecay :        0.000500
========== Epoch 122 ==========
LR =  0.1
Train - acc:        0.880240 loss:        0.347624
Test - acc:         0.842300 loss:        0.469135
Sparsity :          0.5000
Wdecay :        0.000500
========== Epoch 123 ==========
LR =  0.1
Train - acc:        0.880080 loss:        0.352424
Test - acc:         0.835000 loss:        0.511399
Sparsity :          0.5000
Wdecay :        0.000500
========== Epoch 124 ==========
LR =  0.1
Train - acc:        0.880720 loss:        0.350570
Test - acc:         0.824700 loss:        0.557709
Sparsity :          0.5000
Wdecay :        0.000500
========== Epoch 125 ==========
LR =  0.1
Train - acc:        0.880960 loss:        0.348539
Test - acc:         0.846600 loss:        0.451118
Sparsity :          0.5000
Wdecay :        0.000500
========== Epoch 126 ==========
LR =  0.1
Train - acc:        0.879500 loss:        0.353452
Test - acc:         0.816200 loss:        0.564787
Sparsity :          0.5000
Wdecay :        0.000500
========== Epoch 127 ==========
LR =  0.1
Train - acc:        0.882980 loss:        0.346582
Test - acc:         0.759700 loss:        0.819231
Sparsity :          0.5000
Wdecay :        0.000500
========== Epoch 128 ==========
LR =  0.1
Train - acc:        0.877740 loss:        0.355433
Test - acc:         0.851900 loss:        0.460728
Sparsity :          0.5000
Wdecay :        0.000500
========== Epoch 129 ==========
LR =  0.1
Train - acc:        0.881020 loss:        0.348954
Test - acc:         0.850900 loss:        0.452575
Sparsity :          0.5000
Wdecay :        0.000500
========== Epoch 130 ==========
LR =  0.1
Train - acc:        0.880920 loss:        0.348598
Test - acc:         0.797800 loss:        0.659425
Sparsity :          0.5000
Wdecay :        0.000500
========== Epoch 131 ==========
LR =  0.1
Train - acc:        0.880260 loss:        0.349388
Test - acc:         0.839200 loss:        0.493864
Sparsity :          0.5000
Wdecay :        0.000500
========== Epoch 132 ==========
LR =  0.1
Train - acc:        0.879040 loss:        0.349555
Test - acc:         0.760700 loss:        0.787131
Sparsity :          0.5000
Wdecay :        0.000500
========== Epoch 133 ==========
LR =  0.1
Train - acc:        0.879360 loss:        0.351875
Test - acc:         0.821900 loss:        0.534512
Sparsity :          0.5000
Wdecay :        0.000500
========== Epoch 134 ==========
LR =  0.1
Train - acc:        0.881700 loss:        0.345437
Test - acc:         0.854100 loss:        0.454769
Sparsity :          0.5000
Wdecay :        0.000500
========== Epoch 135 ==========
LR =  0.1
Train - acc:        0.880520 loss:        0.351201
Test - acc:         0.746000 loss:        0.823502
Sparsity :          0.5000
Wdecay :        0.000500
========== Epoch 136 ==========
LR =  0.1
Train - acc:        0.879080 loss:        0.353745
Test - acc:         0.811000 loss:        0.595612
Sparsity :          0.5000
Wdecay :        0.000500
========== Epoch 137 ==========
LR =  0.1
Train - acc:        0.879480 loss:        0.352297
Test - acc:         0.853500 loss:        0.430826
Sparsity :          0.5000
Wdecay :        0.000500
========== Epoch 138 ==========
LR =  0.1
Train - acc:        0.879040 loss:        0.352785
Test - acc:         0.852900 loss:        0.455610
Sparsity :          0.5000
Wdecay :        0.000500
========== Epoch 139 ==========
LR =  0.1
Train - acc:        0.879120 loss:        0.355634
Test - acc:         0.852800 loss:        0.429441
Sparsity :          0.5000
Wdecay :        0.000500
========== Epoch 140 ==========
LR =  0.1
Train - acc:        0.880480 loss:        0.350769
Test - acc:         0.825700 loss:        0.533275
Sparsity :          0.7500
Wdecay :        0.000500
========== Epoch 141 ==========
LR =  0.1
Train - acc:        0.891060 loss:        0.320366
Test - acc:         0.823900 loss:        0.552405
Sparsity :          0.7500
Wdecay :        0.000500
========== Epoch 142 ==========
LR =  0.1
Train - acc:        0.888980 loss:        0.327578
Test - acc:         0.851200 loss:        0.447003
Sparsity :          0.7500
Wdecay :        0.000500
========== Epoch 143 ==========
LR =  0.1
Train - acc:        0.886520 loss:        0.330387
Test - acc:         0.848900 loss:        0.451589
Sparsity :          0.7500
Wdecay :        0.000500
========== Epoch 144 ==========
LR =  0.1
Train - acc:        0.887400 loss:        0.329537
Test - acc:         0.824900 loss:        0.531106
Sparsity :          0.7500
Wdecay :        0.000500
========== Epoch 145 ==========
LR =  0.1
Train - acc:        0.885420 loss:        0.334617
Test - acc:         0.833800 loss:        0.507137
Sparsity :          0.7500
Wdecay :        0.000500
========== Epoch 146 ==========
LR =  0.1
Train - acc:        0.886860 loss:        0.330429
Test - acc:         0.865000 loss:        0.399761
Sparsity :          0.7500
Wdecay :        0.000500
========== Epoch 147 ==========
LR =  0.1
Train - acc:        0.885980 loss:        0.328339
Test - acc:         0.836800 loss:        0.508993
Sparsity :          0.7500
Wdecay :        0.000500
========== Epoch 148 ==========
LR =  0.1
Train - acc:        0.887480 loss:        0.331767
Test - acc:         0.859100 loss:        0.424984
Sparsity :          0.7500
Wdecay :        0.000500
========== Epoch 149 ==========
LR =  0.1
Train - acc:        0.884200 loss:        0.336282
Test - acc:         0.808700 loss:        0.613168
Sparsity :          0.7500
Wdecay :        0.000500
========== Epoch 150 ==========
LR =  0.010000000000000002
Train - acc:        0.887360 loss:        0.332185
Test - acc:         0.792000 loss:        0.649288
Sparsity :          0.7500
Wdecay :        0.000500
========== Epoch 151 ==========
LR =  0.010000000000000002
Train - acc:        0.935260 loss:        0.190446
Test - acc:         0.925900 loss:        0.219483
Sparsity :          0.7500
Wdecay :        0.000500
========== Epoch 152 ==========
LR =  0.010000000000000002
Train - acc:        0.950960 loss:        0.145293
Test - acc:         0.930600 loss:        0.212362
Sparsity :          0.7500
Wdecay :        0.000500
========== Epoch 153 ==========
LR =  0.010000000000000002
Train - acc:        0.957040 loss:        0.126905
Test - acc:         0.931000 loss:        0.204531
Sparsity :          0.7500
Wdecay :        0.000500
========== Epoch 154 ==========
LR =  0.010000000000000002
Train - acc:        0.960120 loss:        0.117145
Test - acc:         0.929600 loss:        0.209483
Sparsity :          0.7500
Wdecay :        0.000500
========== Epoch 155 ==========
LR =  0.010000000000000002
Train - acc:        0.963300 loss:        0.108563
Test - acc:         0.933100 loss:        0.204010
Sparsity :          0.7500
Wdecay :        0.000500
========== Epoch 156 ==========
LR =  0.010000000000000002
Train - acc:        0.966780 loss:        0.099623
Test - acc:         0.933800 loss:        0.205156
Sparsity :          0.7500
Wdecay :        0.000500
========== Epoch 157 ==========
LR =  0.010000000000000002
Train - acc:        0.969900 loss:        0.090197
Test - acc:         0.931600 loss:        0.208133
Sparsity :          0.7500
Wdecay :        0.000500
========== Epoch 158 ==========
LR =  0.010000000000000002
Train - acc:        0.970640 loss:        0.085004
Test - acc:         0.931500 loss:        0.211226
Sparsity :          0.7500
Wdecay :        0.000500
========== Epoch 159 ==========
LR =  0.010000000000000002
Train - acc:        0.972640 loss:        0.079993
Test - acc:         0.935200 loss:        0.207174
Sparsity :          0.7500
Wdecay :        0.000500
========== Epoch 160 ==========
LR =  0.010000000000000002
Train - acc:        0.974360 loss:        0.074749
Test - acc:         0.934500 loss:        0.211086
Sparsity :          0.7500
Wdecay :        0.000500
========== Epoch 161 ==========
LR =  0.010000000000000002
Train - acc:        0.975240 loss:        0.072862
Test - acc:         0.935300 loss:        0.212394
Sparsity :          0.7500
Wdecay :        0.000500
========== Epoch 162 ==========
LR =  0.010000000000000002
Train - acc:        0.977060 loss:        0.067384
Test - acc:         0.932500 loss:        0.216942
Sparsity :          0.7500
Wdecay :        0.000500
========== Epoch 163 ==========
LR =  0.010000000000000002
Train - acc:        0.978480 loss:        0.064337
Test - acc:         0.933000 loss:        0.219499
Sparsity :          0.7500
Wdecay :        0.000500
========== Epoch 164 ==========
LR =  0.010000000000000002
Train - acc:        0.979020 loss:        0.061542
Test - acc:         0.932000 loss:        0.228435
Sparsity :          0.7500
Wdecay :        0.000500
========== Epoch 165 ==========
LR =  0.010000000000000002
Train - acc:        0.979360 loss:        0.060595
Test - acc:         0.935000 loss:        0.226464
Sparsity :          0.7500
Wdecay :        0.000500
========== Epoch 166 ==========
LR =  0.010000000000000002
Train - acc:        0.979380 loss:        0.061184
Test - acc:         0.932600 loss:        0.225190
Sparsity :          0.7500
Wdecay :        0.000500
========== Epoch 167 ==========
LR =  0.010000000000000002
Train - acc:        0.981200 loss:        0.055581
Test - acc:         0.933700 loss:        0.231702
Sparsity :          0.7500
Wdecay :        0.000500
========== Epoch 168 ==========
LR =  0.010000000000000002
Train - acc:        0.981380 loss:        0.054388
Test - acc:         0.930800 loss:        0.240787
Sparsity :          0.7500
Wdecay :        0.000500
========== Epoch 169 ==========
LR =  0.010000000000000002
Train - acc:        0.981700 loss:        0.055502
Test - acc:         0.927500 loss:        0.252400
Sparsity :          0.7500
Wdecay :        0.000500
========== Epoch 170 ==========
LR =  0.010000000000000002
Train - acc:        0.982220 loss:        0.054155
Test - acc:         0.927800 loss:        0.254649
Sparsity :          0.7500
Wdecay :        0.000500
========== Epoch 171 ==========
LR =  0.010000000000000002
Train - acc:        0.981400 loss:        0.054843
Test - acc:         0.926800 loss:        0.261526
Sparsity :          0.7500
Wdecay :        0.000500
========== Epoch 172 ==========
LR =  0.010000000000000002
Train - acc:        0.981420 loss:        0.055832
Test - acc:         0.930000 loss:        0.243723
Sparsity :          0.7500
Wdecay :        0.000500
========== Epoch 173 ==========
LR =  0.010000000000000002
Train - acc:        0.982120 loss:        0.054258
Test - acc:         0.926600 loss:        0.256332
Sparsity :          0.7500
Wdecay :        0.000500
========== Epoch 174 ==========
LR =  0.010000000000000002
Train - acc:        0.982780 loss:        0.050732
Test - acc:         0.925100 loss:        0.265231
Sparsity :          0.7500
Wdecay :        0.000500
========== Epoch 175 ==========
LR =  0.010000000000000002
Train - acc:        0.982780 loss:        0.052394
Test - acc:         0.925400 loss:        0.262657
Sparsity :          0.7500
Wdecay :        0.000500
========== Epoch 176 ==========
LR =  0.010000000000000002
Train - acc:        0.982040 loss:        0.054126
Test - acc:         0.923100 loss:        0.268230
Sparsity :          0.7500
Wdecay :        0.000500
========== Epoch 177 ==========
LR =  0.010000000000000002
Train - acc:        0.981760 loss:        0.054409
Test - acc:         0.925900 loss:        0.258234
Sparsity :          0.7500
Wdecay :        0.000500
========== Epoch 178 ==========
LR =  0.010000000000000002
Train - acc:        0.982380 loss:        0.053622
Test - acc:         0.924600 loss:        0.263756
Sparsity :          0.7500
Wdecay :        0.000500
========== Epoch 179 ==========
LR =  0.010000000000000002
Train - acc:        0.980320 loss:        0.057366
Test - acc:         0.924900 loss:        0.262135
Sparsity :          0.7500
Wdecay :        0.000500
========== Epoch 180 ==========
LR =  0.010000000000000002
Train - acc:        0.982300 loss:        0.053903
Test - acc:         0.922900 loss:        0.266641
Sparsity :          0.7500
Wdecay :        0.000500
========== Epoch 181 ==========
LR =  0.010000000000000002
Train - acc:        0.981780 loss:        0.054017
Test - acc:         0.927000 loss:        0.253845
Sparsity :          0.7500
Wdecay :        0.000500
========== Epoch 182 ==========
LR =  0.010000000000000002
Train - acc:        0.981200 loss:        0.056206
Test - acc:         0.922500 loss:        0.273963
Sparsity :          0.7500
Wdecay :        0.000500
========== Epoch 183 ==========
LR =  0.010000000000000002
Train - acc:        0.980520 loss:        0.058441
Test - acc:         0.918200 loss:        0.294076
Sparsity :          0.7500
Wdecay :        0.000500
========== Epoch 184 ==========
LR =  0.010000000000000002
Train - acc:        0.981540 loss:        0.055369
Test - acc:         0.923900 loss:        0.275249
Sparsity :          0.7500
Wdecay :        0.000500
========== Epoch 185 ==========
LR =  0.010000000000000002
Train - acc:        0.978800 loss:        0.063523
Test - acc:         0.923800 loss:        0.272411
Sparsity :          0.7500
Wdecay :        0.000500
========== Epoch 186 ==========
LR =  0.010000000000000002
Train - acc:        0.979180 loss:        0.062140
Test - acc:         0.924400 loss:        0.260691
Sparsity :          0.7500
Wdecay :        0.000500
========== Epoch 187 ==========
LR =  0.010000000000000002
Train - acc:        0.979220 loss:        0.061087
Test - acc:         0.922000 loss:        0.282390
Sparsity :          0.7500
Wdecay :        0.000500
========== Epoch 188 ==========
LR =  0.010000000000000002
Train - acc:        0.978720 loss:        0.061839
Test - acc:         0.921400 loss:        0.275831
Sparsity :          0.7500
Wdecay :        0.000500
========== Epoch 189 ==========
LR =  0.010000000000000002
Train - acc:        0.979340 loss:        0.060694
Test - acc:         0.924600 loss:        0.261703
Sparsity :          0.7500
Wdecay :        0.000500
========== Epoch 190 ==========
LR =  0.010000000000000002
Train - acc:        0.979360 loss:        0.061456
Test - acc:         0.920500 loss:        0.286863
Sparsity :          0.7500
Wdecay :        0.000500
========== Epoch 191 ==========
LR =  0.010000000000000002
Train - acc:        0.978880 loss:        0.063658
Test - acc:         0.922500 loss:        0.260427
Sparsity :          0.7500
Wdecay :        0.000500
========== Epoch 192 ==========
LR =  0.010000000000000002
Train - acc:        0.978200 loss:        0.065379
Test - acc:         0.920200 loss:        0.281272
Sparsity :          0.7500
Wdecay :        0.000500
========== Epoch 193 ==========
LR =  0.010000000000000002
Train - acc:        0.978440 loss:        0.062721
Test - acc:         0.923500 loss:        0.256110
Sparsity :          0.7500
Wdecay :        0.000500
========== Epoch 194 ==========
LR =  0.010000000000000002
Train - acc:        0.980040 loss:        0.058300
Test - acc:         0.923700 loss:        0.271987
Sparsity :          0.7500
Wdecay :        0.000500
========== Epoch 195 ==========
LR =  0.010000000000000002
Train - acc:        0.979140 loss:        0.063736
Test - acc:         0.915200 loss:        0.290436
Sparsity :          0.7500
Wdecay :        0.000500
========== Epoch 196 ==========
LR =  0.010000000000000002
Train - acc:        0.978500 loss:        0.063560
Test - acc:         0.926600 loss:        0.255452
Sparsity :          0.7500
Wdecay :        0.000500
========== Epoch 197 ==========
LR =  0.010000000000000002
Train - acc:        0.978040 loss:        0.064835
Test - acc:         0.926000 loss:        0.249130
Sparsity :          0.7500
Wdecay :        0.000500
========== Epoch 198 ==========
LR =  0.010000000000000002
Train - acc:        0.978460 loss:        0.063947
Test - acc:         0.924000 loss:        0.268945
Sparsity :          0.7500
Wdecay :        0.000500
========== Epoch 199 ==========
LR =  0.010000000000000002
Train - acc:        0.977800 loss:        0.064235
Test - acc:         0.925000 loss:        0.257990
Sparsity :          0.7500
Wdecay :        0.000500
========== Epoch 200 ==========
LR =  0.010000000000000002
Train - acc:        0.978000 loss:        0.065632
Test - acc:         0.926800 loss:        0.260047
Sparsity :          0.7500
Wdecay :        0.000500
========== Epoch 201 ==========
LR =  0.010000000000000002
Train - acc:        0.978360 loss:        0.063688
Test - acc:         0.905700 loss:        0.340044
Sparsity :          0.7500
Wdecay :        0.000500
========== Epoch 202 ==========
LR =  0.010000000000000002
Train - acc:        0.978200 loss:        0.065162
Test - acc:         0.924900 loss:        0.263878
Sparsity :          0.7500
Wdecay :        0.000500
========== Epoch 203 ==========
LR =  0.010000000000000002
Train - acc:        0.979100 loss:        0.062178
Test - acc:         0.923400 loss:        0.265012
Sparsity :          0.7500
Wdecay :        0.000500
========== Epoch 204 ==========
LR =  0.010000000000000002
Train - acc:        0.976940 loss:        0.069030
Test - acc:         0.919400 loss:        0.285963
Sparsity :          0.7500
Wdecay :        0.000500
========== Epoch 205 ==========
LR =  0.010000000000000002
Train - acc:        0.977340 loss:        0.066710
Test - acc:         0.919600 loss:        0.282433
Sparsity :          0.7500
Wdecay :        0.000500
========== Epoch 206 ==========
LR =  0.010000000000000002
Train - acc:        0.979980 loss:        0.059614
Test - acc:         0.915900 loss:        0.296259
Sparsity :          0.7500
Wdecay :        0.000500
========== Epoch 207 ==========
LR =  0.010000000000000002
Train - acc:        0.978940 loss:        0.062547
Test - acc:         0.916100 loss:        0.298048
Sparsity :          0.7500
Wdecay :        0.000500
========== Epoch 208 ==========
LR =  0.010000000000000002
Train - acc:        0.979520 loss:        0.060549
Test - acc:         0.921600 loss:        0.269843
Sparsity :          0.7500
Wdecay :        0.000500
========== Epoch 209 ==========
LR =  0.010000000000000002
Train - acc:        0.976420 loss:        0.067726
Test - acc:         0.918800 loss:        0.285626
Sparsity :          0.7500
Wdecay :        0.000500
========== Epoch 210 ==========
LR =  0.010000000000000002
Train - acc:        0.977080 loss:        0.065942
Test - acc:         0.918500 loss:        0.287234
Sparsity :          0.8750
Wdecay :        0.000500
========== Epoch 211 ==========
LR =  0.010000000000000002
Train - acc:        0.984280 loss:        0.048702
Test - acc:         0.921500 loss:        0.278554
Sparsity :          0.8750
Wdecay :        0.000500
========== Epoch 212 ==========
LR =  0.010000000000000002
Train - acc:        0.984460 loss:        0.045724
Test - acc:         0.925500 loss:        0.271502
Sparsity :          0.8750
Wdecay :        0.000500
========== Epoch 213 ==========
LR =  0.010000000000000002
Train - acc:        0.987280 loss:        0.039255
Test - acc:         0.923800 loss:        0.280667
Sparsity :          0.8750
Wdecay :        0.000500
========== Epoch 214 ==========
LR =  0.010000000000000002
Train - acc:        0.985220 loss:        0.045996
Test - acc:         0.921300 loss:        0.295580
Sparsity :          0.8750
Wdecay :        0.000500
========== Epoch 215 ==========
LR =  0.010000000000000002
Train - acc:        0.985640 loss:        0.043240
Test - acc:         0.927700 loss:        0.263696
Sparsity :          0.8750
Wdecay :        0.000500
========== Epoch 216 ==========
LR =  0.010000000000000002
Train - acc:        0.985980 loss:        0.043174
Test - acc:         0.925900 loss:        0.272070
Sparsity :          0.8750
Wdecay :        0.000500
========== Epoch 217 ==========
LR =  0.010000000000000002
Train - acc:        0.984720 loss:        0.046630
Test - acc:         0.920400 loss:        0.288930
Sparsity :          0.8750
Wdecay :        0.000500
========== Epoch 218 ==========
LR =  0.010000000000000002
Train - acc:        0.982940 loss:        0.049261
Test - acc:         0.922600 loss:        0.275757
Sparsity :          0.8750
Wdecay :        0.000500
========== Epoch 219 ==========
LR =  0.010000000000000002
Train - acc:        0.982660 loss:        0.051551
Test - acc:         0.922300 loss:        0.277359
Sparsity :          0.8750
Wdecay :        0.000500
========== Epoch 220 ==========
LR =  0.010000000000000002
Train - acc:        0.986360 loss:        0.041571
Test - acc:         0.927000 loss:        0.267848
Sparsity :          0.8750
Wdecay :        0.000500
========== Epoch 221 ==========
LR =  0.010000000000000002
Train - acc:        0.982720 loss:        0.052029
Test - acc:         0.909100 loss:        0.352564
Sparsity :          0.8750
Wdecay :        0.000500
========== Epoch 222 ==========
LR =  0.010000000000000002
Train - acc:        0.983500 loss:        0.050465
Test - acc:         0.927400 loss:        0.262148
Sparsity :          0.8750
Wdecay :        0.000500
========== Epoch 223 ==========
LR =  0.010000000000000002
Train - acc:        0.982280 loss:        0.052171
Test - acc:         0.923200 loss:        0.263036
Sparsity :          0.8750
Wdecay :        0.000500
========== Epoch 224 ==========
LR =  0.010000000000000002
Train - acc:        0.981800 loss:        0.053108
Test - acc:         0.928400 loss:        0.248152
Sparsity :          0.8750
Wdecay :        0.000500
========== Epoch 225 ==========
LR =  0.010000000000000002
Train - acc:        0.983840 loss:        0.049445
Test - acc:         0.911700 loss:        0.316915
Sparsity :          0.8750
Wdecay :        0.000500
========== Epoch 226 ==========
LR =  0.010000000000000002
Train - acc:        0.982260 loss:        0.050990
Test - acc:         0.891800 loss:        0.402022
Sparsity :          0.8750
Wdecay :        0.000500
========== Epoch 227 ==========
LR =  0.010000000000000002
Train - acc:        0.982580 loss:        0.051860
Test - acc:         0.923600 loss:        0.272188
Sparsity :          0.8750
Wdecay :        0.000500
========== Epoch 228 ==========
LR =  0.010000000000000002
Train - acc:        0.982040 loss:        0.053747
Test - acc:         0.923800 loss:        0.270268
Sparsity :          0.8750
Wdecay :        0.000500
========== Epoch 229 ==========
LR =  0.010000000000000002
Train - acc:        0.982720 loss:        0.053654
Test - acc:         0.919300 loss:        0.287798
Sparsity :          0.8750
Wdecay :        0.000500
========== Epoch 230 ==========
LR =  0.010000000000000002
Train - acc:        0.982820 loss:        0.051585
Test - acc:         0.926900 loss:        0.269946
Sparsity :          0.8750
Wdecay :        0.000500
========== Epoch 231 ==========
LR =  0.010000000000000002
Train - acc:        0.983600 loss:        0.051179
Test - acc:         0.921700 loss:        0.285981
Sparsity :          0.8750
Wdecay :        0.000500
========== Epoch 232 ==========
LR =  0.010000000000000002
Train - acc:        0.981620 loss:        0.055149
Test - acc:         0.922500 loss:        0.266775
Sparsity :          0.8750
Wdecay :        0.000500
========== Epoch 233 ==========
LR =  0.010000000000000002
Train - acc:        0.980660 loss:        0.058254
Test - acc:         0.928700 loss:        0.252887
Sparsity :          0.8750
Wdecay :        0.000500
========== Epoch 234 ==========
LR =  0.010000000000000002
Train - acc:        0.984080 loss:        0.048712
Test - acc:         0.924600 loss:        0.274334
Sparsity :          0.8750
Wdecay :        0.000500
========== Epoch 235 ==========
LR =  0.010000000000000002
Train - acc:        0.982120 loss:        0.054313
Test - acc:         0.918700 loss:        0.291162
Sparsity :          0.8750
Wdecay :        0.000500
========== Epoch 236 ==========
LR =  0.010000000000000002
Train - acc:        0.981320 loss:        0.054707
Test - acc:         0.914900 loss:        0.309600
Sparsity :          0.8750
Wdecay :        0.000500
========== Epoch 237 ==========
LR =  0.010000000000000002
Train - acc:        0.981660 loss:        0.055346
Test - acc:         0.923200 loss:        0.281958
Sparsity :          0.8750
Wdecay :        0.000500
========== Epoch 238 ==========
LR =  0.010000000000000002
Train - acc:        0.980400 loss:        0.058142
Test - acc:         0.918500 loss:        0.297587
Sparsity :          0.8750
Wdecay :        0.000500
========== Epoch 239 ==========
LR =  0.010000000000000002
Train - acc:        0.981780 loss:        0.053633
Test - acc:         0.915000 loss:        0.312839
Sparsity :          0.8750
Wdecay :        0.000500
========== Epoch 240 ==========
LR =  0.010000000000000002
Train - acc:        0.982620 loss:        0.054708
Test - acc:         0.921400 loss:        0.269361
Sparsity :          0.8750
Wdecay :        0.000500
========== Epoch 241 ==========
LR =  0.010000000000000002
Train - acc:        0.982980 loss:        0.050926
Test - acc:         0.922300 loss:        0.280212
Sparsity :          0.8750
Wdecay :        0.000500
========== Epoch 242 ==========
LR =  0.010000000000000002
Train - acc:        0.980340 loss:        0.056353
Test - acc:         0.914300 loss:        0.295828
Sparsity :          0.8750
Wdecay :        0.000500
========== Epoch 243 ==========
LR =  0.010000000000000002
Train - acc:        0.981040 loss:        0.056885
Test - acc:         0.920500 loss:        0.282765
Sparsity :          0.8750
Wdecay :        0.000500
========== Epoch 244 ==========
LR =  0.010000000000000002
Train - acc:        0.982440 loss:        0.054040
Test - acc:         0.922100 loss:        0.276793
Sparsity :          0.8750
Wdecay :        0.000500
========== Epoch 245 ==========
LR =  0.010000000000000002
Train - acc:        0.980800 loss:        0.055764
Test - acc:         0.924100 loss:        0.269130
Sparsity :          0.8750
Wdecay :        0.000500
========== Epoch 246 ==========
LR =  0.010000000000000002
Train - acc:        0.983100 loss:        0.052760
Test - acc:         0.922700 loss:        0.283873
Sparsity :          0.8750
Wdecay :        0.000500
========== Epoch 247 ==========
LR =  0.010000000000000002
Train - acc:        0.983400 loss:        0.049788
Test - acc:         0.920500 loss:        0.288091
Sparsity :          0.8750
Wdecay :        0.000500
========== Epoch 248 ==========
LR =  0.010000000000000002
Train - acc:        0.979720 loss:        0.060054
Test - acc:         0.924700 loss:        0.255077
Sparsity :          0.8750
Wdecay :        0.000500
========== Epoch 249 ==========
LR =  0.010000000000000002
Train - acc:        0.980140 loss:        0.059874
Test - acc:         0.915800 loss:        0.290532
Sparsity :          0.8750
Wdecay :        0.000500
========== Epoch 250 ==========
LR =  0.0010000000000000002
Train - acc:        0.981380 loss:        0.055045
Test - acc:         0.918900 loss:        0.300233
Sparsity :          0.8750
Wdecay :        0.000500
========== Epoch 251 ==========
LR =  0.0010000000000000002
Train - acc:        0.991480 loss:        0.029281
Test - acc:         0.937600 loss:        0.219284
Sparsity :          0.8750
Wdecay :        0.000500
========== Epoch 252 ==========
LR =  0.0010000000000000002
Train - acc:        0.995440 loss:        0.017873
Test - acc:         0.939800 loss:        0.213527
Sparsity :          0.8750
Wdecay :        0.000500
========== Epoch 253 ==========
LR =  0.0010000000000000002
Train - acc:        0.996760 loss:        0.014506
Test - acc:         0.939400 loss:        0.213265
Sparsity :          0.8750
Wdecay :        0.000500
========== Epoch 254 ==========
LR =  0.0010000000000000002
Train - acc:        0.996900 loss:        0.013997
Test - acc:         0.941700 loss:        0.212908
Sparsity :          0.8750
Wdecay :        0.000500
========== Epoch 255 ==========
LR =  0.0010000000000000002
Train - acc:        0.996900 loss:        0.012988
Test - acc:         0.941000 loss:        0.210901
Sparsity :          0.8750
Wdecay :        0.000500
========== Epoch 256 ==========
LR =  0.0010000000000000002
Train - acc:        0.997520 loss:        0.011384
Test - acc:         0.940300 loss:        0.212552
Sparsity :          0.8750
Wdecay :        0.000500
========== Epoch 257 ==========
LR =  0.0010000000000000002
Train - acc:        0.998020 loss:        0.010205
Test - acc:         0.942400 loss:        0.212192
Sparsity :          0.8750
Wdecay :        0.000500
========== Epoch 258 ==========
LR =  0.0010000000000000002
Train - acc:        0.998040 loss:        0.010230
Test - acc:         0.943000 loss:        0.212143
Sparsity :          0.8750
Wdecay :        0.000500
========== Epoch 259 ==========
LR =  0.0010000000000000002
Train - acc:        0.998440 loss:        0.009017
Test - acc:         0.942200 loss:        0.212686
Sparsity :          0.8750
Wdecay :        0.000500
========== Epoch 260 ==========
LR =  0.0010000000000000002
Train - acc:        0.998420 loss:        0.008732
Test - acc:         0.943200 loss:        0.211840
Sparsity :          0.8750
Wdecay :        0.000500
========== Epoch 261 ==========
LR =  0.0010000000000000002
Train - acc:        0.998720 loss:        0.007504
Test - acc:         0.943100 loss:        0.210548
Sparsity :          0.8750
Wdecay :        0.000500
========== Epoch 262 ==========
LR =  0.0010000000000000002
Train - acc:        0.998560 loss:        0.008034
Test - acc:         0.943500 loss:        0.211869
Sparsity :          0.8750
Wdecay :        0.000500
========== Epoch 263 ==========
LR =  0.0010000000000000002
Train - acc:        0.999000 loss:        0.007302
Test - acc:         0.943500 loss:        0.210331
Sparsity :          0.8750
Wdecay :        0.000500
========== Epoch 264 ==========
LR =  0.0010000000000000002
Train - acc:        0.998740 loss:        0.007597
Test - acc:         0.942900 loss:        0.212768
Sparsity :          0.8750
Wdecay :        0.000500
========== Epoch 265 ==========
LR =  0.0010000000000000002
Train - acc:        0.998960 loss:        0.007262
Test - acc:         0.941800 loss:        0.213406
Sparsity :          0.8750
Wdecay :        0.000500
========== Epoch 266 ==========
LR =  0.0010000000000000002
Train - acc:        0.998980 loss:        0.006832
Test - acc:         0.943600 loss:        0.210038
Sparsity :          0.8750
Wdecay :        0.000500
========== Epoch 267 ==========
LR =  0.0010000000000000002
Train - acc:        0.999000 loss:        0.006709
Test - acc:         0.943900 loss:        0.210770
Sparsity :          0.8750
Wdecay :        0.000500
========== Epoch 268 ==========
LR =  0.0010000000000000002
Train - acc:        0.999100 loss:        0.006551
Test - acc:         0.944200 loss:        0.209806
Sparsity :          0.8750
Wdecay :        0.000500
========== Epoch 269 ==========
LR =  0.0010000000000000002
Train - acc:        0.999200 loss:        0.006191
Test - acc:         0.943900 loss:        0.211484
Sparsity :          0.8750
Wdecay :        0.000500
========== Epoch 270 ==========
LR =  0.0010000000000000002
Train - acc:        0.999140 loss:        0.006217
Test - acc:         0.943500 loss:        0.210346
Sparsity :          0.8750
Wdecay :        0.000500
========== Epoch 271 ==========
LR =  0.0010000000000000002
Train - acc:        0.999260 loss:        0.005823
Test - acc:         0.942800 loss:        0.211984
Sparsity :          0.8750
Wdecay :        0.000500
========== Epoch 272 ==========
LR =  0.0010000000000000002
Train - acc:        0.999140 loss:        0.005917
Test - acc:         0.943300 loss:        0.212656
Sparsity :          0.8750
Wdecay :        0.000500
========== Epoch 273 ==========
LR =  0.0010000000000000002
Train - acc:        0.999300 loss:        0.005633
Test - acc:         0.943200 loss:        0.210710
Sparsity :          0.8750
Wdecay :        0.000500
========== Epoch 274 ==========
LR =  0.0010000000000000002
Train - acc:        0.998960 loss:        0.006034
Test - acc:         0.944400 loss:        0.211177
Sparsity :          0.8750
Wdecay :        0.000500
========== Epoch 275 ==========
LR =  0.0010000000000000002
Train - acc:        0.999260 loss:        0.005666
Test - acc:         0.943800 loss:        0.212810
Sparsity :          0.8750
Wdecay :        0.000500
========== Epoch 276 ==========
LR =  0.0010000000000000002
Train - acc:        0.999180 loss:        0.005592
Test - acc:         0.944200 loss:        0.211961
Sparsity :          0.8750
Wdecay :        0.000500
========== Epoch 277 ==========
LR =  0.0010000000000000002
Train - acc:        0.999360 loss:        0.005217
Test - acc:         0.944900 loss:        0.209944
Sparsity :          0.8750
Wdecay :        0.000500
========== Epoch 278 ==========
LR =  0.0010000000000000002
Train - acc:        0.999480 loss:        0.005038
Test - acc:         0.945000 loss:        0.210278
Sparsity :          0.8750
Wdecay :        0.000500
========== Epoch 279 ==========
LR =  0.0010000000000000002
Train - acc:        0.999580 loss:        0.004542
Test - acc:         0.944000 loss:        0.211521
Sparsity :          0.8750
Wdecay :        0.000500
========== Epoch 280 ==========
LR =  0.0010000000000000002
Train - acc:        0.999240 loss:        0.005084
Test - acc:         0.945400 loss:        0.209478
Sparsity :          0.9375
Wdecay :        0.000500
========== Epoch 281 ==========
LR =  0.0010000000000000002
Train - acc:        0.998640 loss:        0.008521
Test - acc:         0.944900 loss:        0.209164
Sparsity :          0.9375
Wdecay :        0.000500
========== Epoch 282 ==========
LR =  0.0010000000000000002
Train - acc:        0.998900 loss:        0.007840
Test - acc:         0.944300 loss:        0.207849
Sparsity :          0.9375
Wdecay :        0.000500
========== Epoch 283 ==========
LR =  0.0010000000000000002
Train - acc:        0.998800 loss:        0.007646
Test - acc:         0.944400 loss:        0.207134
Sparsity :          0.9375
Wdecay :        0.000500
========== Epoch 284 ==========
LR =  0.0010000000000000002
Train - acc:        0.998840 loss:        0.007564
Test - acc:         0.942100 loss:        0.207923
Sparsity :          0.9375
Wdecay :        0.000500
========== Epoch 285 ==========
LR =  0.0010000000000000002
Train - acc:        0.999020 loss:        0.006932
Test - acc:         0.943500 loss:        0.208547
Sparsity :          0.9375
Wdecay :        0.000500
========== Epoch 286 ==========
LR =  0.0010000000000000002
Train - acc:        0.998980 loss:        0.006930
Test - acc:         0.943200 loss:        0.207270
Sparsity :          0.9375
Wdecay :        0.000500
========== Epoch 287 ==========
LR =  0.0010000000000000002
Train - acc:        0.998740 loss:        0.007632
Test - acc:         0.944400 loss:        0.207431
Sparsity :          0.9375
Wdecay :        0.000500
========== Epoch 288 ==========
LR =  0.0010000000000000002
Train - acc:        0.999140 loss:        0.006701
Test - acc:         0.942800 loss:        0.207786
Sparsity :          0.9375
Wdecay :        0.000500
========== Epoch 289 ==========
LR =  0.0010000000000000002
Train - acc:        0.999040 loss:        0.006735
Test - acc:         0.944300 loss:        0.209211
Sparsity :          0.9375
Wdecay :        0.000500
========== Epoch 290 ==========
LR =  0.0010000000000000002
Train - acc:        0.998900 loss:        0.006461
Test - acc:         0.944200 loss:        0.206822
Sparsity :          0.9375
Wdecay :        0.000500
========== Epoch 291 ==========
LR =  0.0010000000000000002
Train - acc:        0.999080 loss:        0.006258
Test - acc:         0.941600 loss:        0.207749
Sparsity :          0.9375
Wdecay :        0.000500
========== Epoch 292 ==========
LR =  0.0010000000000000002
Train - acc:        0.999140 loss:        0.006308
Test - acc:         0.944500 loss:        0.207521
Sparsity :          0.9375
Wdecay :        0.000500
========== Epoch 293 ==========
LR =  0.0010000000000000002
Train - acc:        0.999360 loss:        0.005610
Test - acc:         0.944500 loss:        0.206953
Sparsity :          0.9375
Wdecay :        0.000500
========== Epoch 294 ==========
LR =  0.0010000000000000002
Train - acc:        0.999460 loss:        0.005600
Test - acc:         0.944000 loss:        0.207456
Sparsity :          0.9375
Wdecay :        0.000500
========== Epoch 295 ==========
LR =  0.0010000000000000002
Train - acc:        0.999580 loss:        0.005605
Test - acc:         0.943200 loss:        0.208029
Sparsity :          0.9375
Wdecay :        0.000500
========== Epoch 296 ==========
LR =  0.0010000000000000002
Train - acc:        0.999320 loss:        0.005778
Test - acc:         0.944100 loss:        0.206528
Sparsity :          0.9375
Wdecay :        0.000500
========== Epoch 297 ==========
LR =  0.0010000000000000002
Train - acc:        0.999400 loss:        0.005639
Test - acc:         0.944100 loss:        0.206443
Sparsity :          0.9375
Wdecay :        0.000500
========== Epoch 298 ==========
LR =  0.0010000000000000002
Train - acc:        0.999480 loss:        0.005574
Test - acc:         0.943000 loss:        0.209297
Sparsity :          0.9375
Wdecay :        0.000500
========== Epoch 299 ==========
LR =  0.0010000000000000002
Train - acc:        0.999240 loss:        0.005673
Test - acc:         0.943500 loss:        0.207520
Sparsity :          0.9375
Wdecay :        0.000500
========== Epoch 300 ==========
LR =  0.0010000000000000002
Train - acc:        0.999220 loss:        0.005606
Test - acc:         0.944200 loss:        0.207514
Sparsity :          0.9375
Wdecay :        0.000500
========== Epoch 301 ==========
LR =  0.0010000000000000002
Train - acc:        0.999520 loss:        0.005093
Test - acc:         0.945400 loss:        0.207834
Sparsity :          0.9375
Wdecay :        0.000500
========== Epoch 302 ==========
LR =  0.0010000000000000002
Train - acc:        0.999440 loss:        0.005442
Test - acc:         0.943600 loss:        0.208823
Sparsity :          0.9375
Wdecay :        0.000500
========== Epoch 303 ==========
LR =  0.0010000000000000002
Train - acc:        0.999620 loss:        0.004988
Test - acc:         0.942300 loss:        0.208827
Sparsity :          0.9375
Wdecay :        0.000500
========== Epoch 304 ==========
LR =  0.0010000000000000002
Train - acc:        0.999280 loss:        0.005437
Test - acc:         0.944700 loss:        0.206963
Sparsity :          0.9375
Wdecay :        0.000500
========== Epoch 305 ==========
LR =  0.0010000000000000002
Train - acc:        0.999400 loss:        0.005283
Test - acc:         0.944500 loss:        0.207282
Sparsity :          0.9375
Wdecay :        0.000500
========== Epoch 306 ==========
LR =  0.0010000000000000002
Train - acc:        0.999540 loss:        0.004955
Test - acc:         0.944400 loss:        0.207283
Sparsity :          0.9375
Wdecay :        0.000500
========== Epoch 307 ==========
LR =  0.0010000000000000002
Train - acc:        0.999200 loss:        0.005535
Test - acc:         0.943700 loss:        0.210624
Sparsity :          0.9375
Wdecay :        0.000500
========== Epoch 308 ==========
LR =  0.0010000000000000002
Train - acc:        0.999460 loss:        0.005173
Test - acc:         0.944000 loss:        0.209817
Sparsity :          0.9375
Wdecay :        0.000500
========== Epoch 309 ==========
LR =  0.0010000000000000002
Train - acc:        0.999540 loss:        0.004880
Test - acc:         0.944900 loss:        0.208304
Sparsity :          0.9375
Wdecay :        0.000500
========== Epoch 310 ==========
LR =  0.0010000000000000002
Train - acc:        0.999480 loss:        0.004990
Test - acc:         0.944500 loss:        0.210324
Sparsity :          0.9375
Wdecay :        0.000500
========== Epoch 311 ==========
LR =  0.0010000000000000002
Train - acc:        0.999720 loss:        0.004643
Test - acc:         0.943900 loss:        0.210844
Sparsity :          0.9375
Wdecay :        0.000500
========== Epoch 312 ==========
LR =  0.0010000000000000002
Train - acc:        0.999520 loss:        0.004789
Test - acc:         0.943000 loss:        0.210345
Sparsity :          0.9375
Wdecay :        0.000500
========== Epoch 313 ==========
LR =  0.0010000000000000002
Train - acc:        0.999420 loss:        0.005019
Test - acc:         0.943900 loss:        0.209448
Sparsity :          0.9375
Wdecay :        0.000500
========== Epoch 314 ==========
LR =  0.0010000000000000002
Train - acc:        0.999340 loss:        0.004915
Test - acc:         0.944200 loss:        0.208839
Sparsity :          0.9375
Wdecay :        0.000500
========== Epoch 315 ==========
LR =  0.0010000000000000002
Train - acc:        0.999500 loss:        0.004601
Test - acc:         0.946000 loss:        0.208122
Sparsity :          0.9375
Wdecay :        0.000500
========== Epoch 316 ==========
LR =  0.0010000000000000002
Train - acc:        0.999640 loss:        0.004381
Test - acc:         0.945200 loss:        0.208496
Sparsity :          0.9375
Wdecay :        0.000500
========== Epoch 317 ==========
LR =  0.0010000000000000002
Train - acc:        0.999580 loss:        0.004444
Test - acc:         0.944100 loss:        0.208797
Sparsity :          0.9375
Wdecay :        0.000500
========== Epoch 318 ==========
LR =  0.0010000000000000002
Train - acc:        0.999560 loss:        0.004644
Test - acc:         0.944600 loss:        0.209215
Sparsity :          0.9375
Wdecay :        0.000500
========== Epoch 319 ==========
LR =  0.0010000000000000002
Train - acc:        0.999540 loss:        0.004437
Test - acc:         0.945100 loss:        0.207566
Sparsity :          0.9375
Wdecay :        0.000500
========== Epoch 320 ==========
LR =  0.0010000000000000002
Train - acc:        0.999680 loss:        0.004424
Test - acc:         0.944800 loss:        0.207691
Sparsity :          0.9375
Wdecay :        0.000500
========== Epoch 321 ==========
LR =  0.0010000000000000002
Train - acc:        0.999580 loss:        0.004379
Test - acc:         0.944200 loss:        0.209976
Sparsity :          0.9375
Wdecay :        0.000500
========== Epoch 322 ==========
LR =  0.0010000000000000002
Train - acc:        0.999560 loss:        0.004473
Test - acc:         0.945300 loss:        0.208455
Sparsity :          0.9375
Wdecay :        0.000500
========== Epoch 323 ==========
LR =  0.0010000000000000002
Train - acc:        0.999560 loss:        0.004370
Test - acc:         0.945000 loss:        0.208979
Sparsity :          0.9375
Wdecay :        0.000500
========== Epoch 324 ==========
LR =  0.0010000000000000002
Train - acc:        0.999580 loss:        0.004609
Test - acc:         0.944300 loss:        0.207988
Sparsity :          0.9375
Wdecay :        0.000500
========== Epoch 325 ==========
LR =  0.0010000000000000002
Train - acc:        0.999600 loss:        0.004207
Test - acc:         0.945300 loss:        0.208954
Sparsity :          0.9375
Wdecay :        0.000500
========== Epoch 326 ==========
LR =  0.0010000000000000002
Train - acc:        0.999640 loss:        0.004343
Test - acc:         0.944100 loss:        0.210323
Sparsity :          0.9375
Wdecay :        0.000500
========== Epoch 327 ==========
LR =  0.0010000000000000002
Train - acc:        0.999800 loss:        0.003904
Test - acc:         0.945400 loss:        0.210813
Sparsity :          0.9375
Wdecay :        0.000500
========== Epoch 328 ==========
LR =  0.0010000000000000002
Train - acc:        0.999540 loss:        0.004374
Test - acc:         0.943700 loss:        0.210656
Sparsity :          0.9375
Wdecay :        0.000500
========== Epoch 329 ==========
LR =  0.0010000000000000002
Train - acc:        0.999780 loss:        0.003972
Test - acc:         0.944100 loss:        0.210423
Sparsity :          0.9375
Wdecay :        0.000500
========== Epoch 330 ==========
LR =  0.0010000000000000002
Train - acc:        0.999460 loss:        0.004480
Test - acc:         0.943800 loss:        0.210687
Sparsity :          0.9375
Wdecay :        0.000500
========== Epoch 331 ==========
LR =  0.0010000000000000002
Train - acc:        0.999660 loss:        0.004049
Test - acc:         0.944500 loss:        0.209081
Sparsity :          0.9375
Wdecay :        0.000500
========== Epoch 332 ==========
LR =  0.0010000000000000002
Train - acc:        0.999620 loss:        0.004361
Test - acc:         0.943500 loss:        0.208522
Sparsity :          0.9375
Wdecay :        0.000500
========== Epoch 333 ==========
LR =  0.0010000000000000002
Train - acc:        0.999660 loss:        0.004438
Test - acc:         0.944200 loss:        0.211940
Sparsity :          0.9375
Wdecay :        0.000500
========== Epoch 334 ==========
LR =  0.0010000000000000002
Train - acc:        0.999580 loss:        0.004339
Test - acc:         0.944100 loss:        0.212348
Sparsity :          0.9375
Wdecay :        0.000500
========== Epoch 335 ==========
LR =  0.0010000000000000002
Train - acc:        0.999780 loss:        0.003779
Test - acc:         0.942700 loss:        0.211202
Sparsity :          0.9375
Wdecay :        0.000500
========== Epoch 336 ==========
LR =  0.0010000000000000002
Train - acc:        0.999620 loss:        0.004108
Test - acc:         0.943500 loss:        0.210590
Sparsity :          0.9375
Wdecay :        0.000500
========== Epoch 337 ==========
LR =  0.0010000000000000002
Train - acc:        0.999660 loss:        0.003882
Test - acc:         0.943900 loss:        0.208173
Sparsity :          0.9375
Wdecay :        0.000500
========== Epoch 338 ==========
LR =  0.0010000000000000002
Train - acc:        0.999680 loss:        0.004124
Test - acc:         0.944000 loss:        0.207941
Sparsity :          0.9375
Wdecay :        0.000500
========== Epoch 339 ==========
LR =  0.0010000000000000002
Train - acc:        0.999700 loss:        0.003941
Test - acc:         0.945300 loss:        0.207115
Sparsity :          0.9375
Wdecay :        0.000500
========== Epoch 340 ==========
LR =  0.0010000000000000002
Train - acc:        0.999600 loss:        0.004261
Test - acc:         0.943100 loss:        0.209886
Sparsity :          0.9375
Wdecay :        0.000500
========== Epoch 341 ==========
LR =  0.0010000000000000002
Train - acc:        0.999620 loss:        0.004077
Test - acc:         0.944400 loss:        0.207330
Sparsity :          0.9375
Wdecay :        0.000500
========== Epoch 342 ==========
LR =  0.0010000000000000002
Train - acc:        0.999740 loss:        0.004006
Test - acc:         0.943900 loss:        0.208279
Sparsity :          0.9375
Wdecay :        0.000500
========== Epoch 343 ==========
LR =  0.0010000000000000002
Train - acc:        0.999720 loss:        0.004193
Test - acc:         0.944100 loss:        0.208618
Sparsity :          0.9375
Wdecay :        0.000500
========== Epoch 344 ==========
LR =  0.0010000000000000002
Train - acc:        0.999680 loss:        0.004002
Test - acc:         0.943700 loss:        0.209917
Sparsity :          0.9375
Wdecay :        0.000500
========== Epoch 345 ==========
LR =  0.0010000000000000002
Train - acc:        0.999800 loss:        0.003719
Test - acc:         0.944700 loss:        0.207542
Sparsity :          0.9375
Wdecay :        0.000500
========== Epoch 346 ==========
LR =  0.0010000000000000002
Train - acc:        0.999880 loss:        0.003703
Test - acc:         0.945400 loss:        0.206329
Sparsity :          0.9375
Wdecay :        0.000500
========== Epoch 347 ==========
LR =  0.0010000000000000002
Train - acc:        0.999580 loss:        0.004060
Test - acc:         0.944900 loss:        0.210212
Sparsity :          0.9375
Wdecay :        0.000500
========== Epoch 348 ==========
LR =  0.0010000000000000002
Train - acc:        0.999740 loss:        0.003834
Test - acc:         0.945200 loss:        0.208177
Sparsity :          0.9375
Wdecay :        0.000500
========== Epoch 349 ==========
LR =  0.0010000000000000002
Train - acc:        0.999740 loss:        0.003822
Test - acc:         0.945000 loss:        0.209796
Sparsity :          0.9375
Wdecay :        0.000500
========== Epoch 350 ==========
LR =  0.0010000000000000002
Train - acc:        0.999660 loss:        0.003993
Test - acc:         0.945400 loss:        0.207091
Sparsity :          0.9375
Wdecay :        0.000500
