Running --model resnet18 --noise --prune_criterion weight_div_flips --seed 42 --prune_freq 117 --prune_rate 0.5 --comment=resnet18_crit=weight_div_flips_pf=117_seed=42 --save_model=pre-finetune/resnet18_weight_div_flips_pf117_s42 --logdir=criterion_experiment_no_bias/resnet18
******************************
Running
{
    "model": "resnet18",
    "dataset": "cifar10",
    "batch_size": 128,
    "test_batch_size": 2000,
    "epochs": 350,
    "lr": 0.1,
    "device": "cuda",
    "seed": 42,
    "prune_criterion": "weight_div_flips",
    "prune_freq": 117,
    "prune_rate": 0.5,
    "sensitivity": 0,
    "flip_threshold": 1,
    "stop_pruning_at": -1,
    "prune_bias": false,
    "prune_bnorm": false,
    "use_ema_flips": false,
    "beta_ema_flips": null,
    "reset_flip_cts": false,
    "normalize_magnitudes": false,
    "beta_ema_maghists": null,
    "logdir": "criterion_experiment_no_bias/resnet18",
    "opt": "sgd",
    "momentum": 0.9,
    "use_scheduler": true,
    "milestones": [
        150,
        250
    ],
    "reg_type": "wdecay",
    "lambda": 0.0005,
    "anneal_lambda": false,
    "anneal_lr": false,
    "add_noise": true,
    "scale_noise_by_lr": false,
    "stop_noise_at": -1,
    "noise_only_prunable": false,
    "noise_scale_factor": 1,
    "snip_sparsity": 0.0,
    "beta_ema": 0.999,
    "lambas": [
        1.0,
        1.0,
        1.0,
        1.0
    ],
    "local_rep": false,
    "temperature": 0.6666666666666666,
    "save_model": "pre-finetune/resnet18_weight_div_flips_pf117_s42",
    "load_model": null,
    "parallel": false
}
******************************
Files already downloaded and verified
Files already downloaded and verified
Total prunable params of model: 11164352
Model has 11173962 total params.
num_weights=11169152
num_biases=4810
---Biases omitted from pruning---
========== Epoch 1 ==========
LR =  0.1
Train - acc:        0.319760 loss:        2.027701
Test - acc:         0.373600 loss:        1.709656
Sparsity :          0.0000
Wdecay :        0.000500
========== Epoch 2 ==========
LR =  0.1
Train - acc:        0.483520 loss:        1.421054
Test - acc:         0.526700 loss:        1.263736
Sparsity :          0.0000
Wdecay :        0.000500
========== Epoch 3 ==========
LR =  0.1
Train - acc:        0.596320 loss:        1.129661
Test - acc:         0.595600 loss:        1.171379
Sparsity :          0.0000
Wdecay :        0.000500
========== Epoch 4 ==========
LR =  0.1
Train - acc:        0.673280 loss:        0.927933
Test - acc:         0.610100 loss:        1.134739
Sparsity :          0.0000
Wdecay :        0.000500
========== Epoch 5 ==========
LR =  0.1
Train - acc:        0.723460 loss:        0.790148
Test - acc:         0.705200 loss:        0.872062
Sparsity :          0.0000
Wdecay :        0.000500
========== Epoch 6 ==========
LR =  0.1
Train - acc:        0.766400 loss:        0.675023
Test - acc:         0.746900 loss:        0.720768
Sparsity :          0.0000
Wdecay :        0.000500
========== Epoch 7 ==========
LR =  0.1
Train - acc:        0.790000 loss:        0.608257
Test - acc:         0.766300 loss:        0.692052
Sparsity :          0.0000
Wdecay :        0.000500
========== Epoch 8 ==========
LR =  0.1
Train - acc:        0.805140 loss:        0.568890
Test - acc:         0.777000 loss:        0.661023
Sparsity :          0.0000
Wdecay :        0.000500
========== Epoch 9 ==========
LR =  0.1
Train - acc:        0.812440 loss:        0.540974
Test - acc:         0.748500 loss:        0.765813
Sparsity :          0.0000
Wdecay :        0.000500
========== Epoch 10 ==========
LR =  0.1
Train - acc:        0.823580 loss:        0.513555
Test - acc:         0.742700 loss:        0.756514
Sparsity :          0.0000
Wdecay :        0.000500
========== Epoch 11 ==========
LR =  0.1
Train - acc:        0.831620 loss:        0.490783
Test - acc:         0.778800 loss:        0.671311
Sparsity :          0.0000
Wdecay :        0.000500
========== Epoch 12 ==========
LR =  0.1
Train - acc:        0.834560 loss:        0.478143
Test - acc:         0.793000 loss:        0.626211
Sparsity :          0.0000
Wdecay :        0.000500
========== Epoch 13 ==========
LR =  0.1
Train - acc:        0.841480 loss:        0.462775
Test - acc:         0.792800 loss:        0.604948
Sparsity :          0.0000
Wdecay :        0.000500
========== Epoch 14 ==========
LR =  0.1
Train - acc:        0.838760 loss:        0.468699
Test - acc:         0.789100 loss:        0.624176
Sparsity :          0.0000
Wdecay :        0.000500
========== Epoch 15 ==========
LR =  0.1
Train - acc:        0.844780 loss:        0.450396
Test - acc:         0.816100 loss:        0.559841
Sparsity :          0.0000
Wdecay :        0.000500
========== Epoch 16 ==========
LR =  0.1
Train - acc:        0.846280 loss:        0.448807
Test - acc:         0.764600 loss:        0.719807
Sparsity :          0.0000
Wdecay :        0.000500
========== Epoch 17 ==========
LR =  0.1
Train - acc:        0.850540 loss:        0.438978
Test - acc:         0.818300 loss:        0.530640
Sparsity :          0.0000
Wdecay :        0.000500
========== Epoch 18 ==========
LR =  0.1
Train - acc:        0.850840 loss:        0.433470
Test - acc:         0.796600 loss:        0.604748
Sparsity :          0.0000
Wdecay :        0.000500
========== Epoch 19 ==========
LR =  0.1
Train - acc:        0.853620 loss:        0.425959
Test - acc:         0.841700 loss:        0.488544
Sparsity :          0.0000
Wdecay :        0.000500
========== Epoch 20 ==========
LR =  0.1
Train - acc:        0.854620 loss:        0.421329
Test - acc:         0.795500 loss:        0.623324
Sparsity :          0.0000
Wdecay :        0.000500
========== Epoch 21 ==========
LR =  0.1
Train - acc:        0.859220 loss:        0.417579
Test - acc:         0.823000 loss:        0.516899
Sparsity :          0.0000
Wdecay :        0.000500
========== Epoch 22 ==========
LR =  0.1
Train - acc:        0.856440 loss:        0.420470
Test - acc:         0.758600 loss:        0.712926
Sparsity :          0.0000
Wdecay :        0.000500
========== Epoch 23 ==========
LR =  0.1
Train - acc:        0.858640 loss:        0.411732
Test - acc:         0.793800 loss:        0.625225
Sparsity :          0.0000
Wdecay :        0.000500
========== Epoch 24 ==========
LR =  0.1
Train - acc:        0.858100 loss:        0.413444
Test - acc:         0.793100 loss:        0.628817
Sparsity :          0.0000
Wdecay :        0.000500
========== Epoch 25 ==========
LR =  0.1
Train - acc:        0.862000 loss:        0.407803
Test - acc:         0.819100 loss:        0.573117
Sparsity :          0.0000
Wdecay :        0.000500
========== Epoch 26 ==========
LR =  0.1
Train - acc:        0.861660 loss:        0.407108
Test - acc:         0.805500 loss:        0.599522
Sparsity :          0.0000
Wdecay :        0.000500
========== Epoch 27 ==========
LR =  0.1
Train - acc:        0.864180 loss:        0.397832
Test - acc:         0.836000 loss:        0.468893
Sparsity :          0.0000
Wdecay :        0.000500
========== Epoch 28 ==========
LR =  0.1
Train - acc:        0.863120 loss:        0.402166
Test - acc:         0.833700 loss:        0.486745
Sparsity :          0.0000
Wdecay :        0.000500
========== Epoch 29 ==========
LR =  0.1
Train - acc:        0.863140 loss:        0.396906
Test - acc:         0.855500 loss:        0.423829
Sparsity :          0.0000
Wdecay :        0.000500
========== Epoch 30 ==========
LR =  0.1
Train - acc:        0.867600 loss:        0.394886
Test - acc:         0.810100 loss:        0.579276
Sparsity :          0.0000
Wdecay :        0.000500
========== Epoch 31 ==========
LR =  0.1
Train - acc:        0.865620 loss:        0.394207
Test - acc:         0.853400 loss:        0.434255
Sparsity :          0.0000
Wdecay :        0.000500
========== Epoch 32 ==========
LR =  0.1
Train - acc:        0.866820 loss:        0.393427
Test - acc:         0.698200 loss:        1.116456
Sparsity :          0.0000
Wdecay :        0.000500
========== Epoch 33 ==========
LR =  0.1
Train - acc:        0.866560 loss:        0.390132
Test - acc:         0.833300 loss:        0.506263
Sparsity :          0.0000
Wdecay :        0.000500
========== Epoch 34 ==========
LR =  0.1
Train - acc:        0.866820 loss:        0.389891
Test - acc:         0.838100 loss:        0.489114
Sparsity :          0.0000
Wdecay :        0.000500
========== Epoch 35 ==========
LR =  0.1
Train - acc:        0.868660 loss:        0.383678
Test - acc:         0.817400 loss:        0.559010
Sparsity :          0.0000
Wdecay :        0.000500
========== Epoch 36 ==========
LR =  0.1
Train - acc:        0.868080 loss:        0.384254
Test - acc:         0.822300 loss:        0.562526
Sparsity :          0.0000
Wdecay :        0.000500
========== Epoch 37 ==========
LR =  0.1
Train - acc:        0.866740 loss:        0.387204
Test - acc:         0.820700 loss:        0.539781
Sparsity :          0.0000
Wdecay :        0.000500
========== Epoch 38 ==========
LR =  0.1
Train - acc:        0.868140 loss:        0.390223
Test - acc:         0.839300 loss:        0.510206
Sparsity :          0.0000
Wdecay :        0.000500
========== Epoch 39 ==========
LR =  0.1
Train - acc:        0.866480 loss:        0.388159
Test - acc:         0.846800 loss:        0.458624
Sparsity :          0.0000
Wdecay :        0.000500
========== Epoch 40 ==========
LR =  0.1
Train - acc:        0.870960 loss:        0.379702
Test - acc:         0.817800 loss:        0.564097
Sparsity :          0.0000
Wdecay :        0.000500
========== Epoch 41 ==========
LR =  0.1
Train - acc:        0.868080 loss:        0.387867
Test - acc:         0.835000 loss:        0.494873
Sparsity :          0.0000
Wdecay :        0.000500
========== Epoch 42 ==========
LR =  0.1
Train - acc:        0.872200 loss:        0.374784
Test - acc:         0.814500 loss:        0.557098
Sparsity :          0.0000
Wdecay :        0.000500
========== Epoch 43 ==========
LR =  0.1
Train - acc:        0.873960 loss:        0.370231
Test - acc:         0.826900 loss:        0.516385
Sparsity :          0.0000
Wdecay :        0.000500
========== Epoch 44 ==========
LR =  0.1
Train - acc:        0.869500 loss:        0.379596
Test - acc:         0.837700 loss:        0.498690
Sparsity :          0.0000
Wdecay :        0.000500
========== Epoch 45 ==========
LR =  0.1
Train - acc:        0.868400 loss:        0.381868
Test - acc:         0.857200 loss:        0.420949
Sparsity :          0.0000
Wdecay :        0.000500
========== Epoch 46 ==========
LR =  0.1
Train - acc:        0.871940 loss:        0.377637
Test - acc:         0.825900 loss:        0.547199
Sparsity :          0.0000
Wdecay :        0.000500
========== Epoch 47 ==========
LR =  0.1
Train - acc:        0.870680 loss:        0.378822
Test - acc:         0.831400 loss:        0.497769
Sparsity :          0.0000
Wdecay :        0.000500
========== Epoch 48 ==========
LR =  0.1
Train - acc:        0.872980 loss:        0.375904
Test - acc:         0.809000 loss:        0.558676
Sparsity :          0.0000
Wdecay :        0.000500
========== Epoch 49 ==========
LR =  0.1
Train - acc:        0.872880 loss:        0.375953
Test - acc:         0.809400 loss:        0.604101
Sparsity :          0.0000
Wdecay :        0.000500
========== Epoch 50 ==========
LR =  0.1
Train - acc:        0.870100 loss:        0.383866
Test - acc:         0.825900 loss:        0.523767
Sparsity :          0.0000
Wdecay :        0.000500
========== Epoch 51 ==========
LR =  0.1
Train - acc:        0.872160 loss:        0.374283
Test - acc:         0.840700 loss:        0.498610
Sparsity :          0.0000
Wdecay :        0.000500
========== Epoch 52 ==========
LR =  0.1
Train - acc:        0.871900 loss:        0.377476
Test - acc:         0.834900 loss:        0.492628
Sparsity :          0.0000
Wdecay :        0.000500
========== Epoch 53 ==========
LR =  0.1
Train - acc:        0.873540 loss:        0.372013
Test - acc:         0.839500 loss:        0.512746
Sparsity :          0.0000
Wdecay :        0.000500
========== Epoch 54 ==========
LR =  0.1
Train - acc:        0.875160 loss:        0.367331
Test - acc:         0.783200 loss:        0.708540
Sparsity :          0.0000
Wdecay :        0.000500
========== Epoch 55 ==========
LR =  0.1
Train - acc:        0.872760 loss:        0.372317
Test - acc:         0.844700 loss:        0.471319
Sparsity :          0.0000
Wdecay :        0.000500
========== Epoch 56 ==========
LR =  0.1
Train - acc:        0.873920 loss:        0.373323
Test - acc:         0.804200 loss:        0.609845
Sparsity :          0.0000
Wdecay :        0.000500
========== Epoch 57 ==========
LR =  0.1
Train - acc:        0.872460 loss:        0.372738
Test - acc:         0.838400 loss:        0.494782
Sparsity :          0.0000
Wdecay :        0.000500
========== Epoch 58 ==========
LR =  0.1
Train - acc:        0.874980 loss:        0.368934
Test - acc:         0.849200 loss:        0.455239
Sparsity :          0.0000
Wdecay :        0.000500
========== Epoch 59 ==========
LR =  0.1
Train - acc:        0.874020 loss:        0.370070
Test - acc:         0.832900 loss:        0.496336
Sparsity :          0.0000
Wdecay :        0.000500
========== Epoch 60 ==========
LR =  0.1
Train - acc:        0.868960 loss:        0.383798
Test - acc:         0.833700 loss:        0.486506
Sparsity :          0.0000
Wdecay :        0.000500
========== Epoch 61 ==========
LR =  0.1
Train - acc:        0.875740 loss:        0.366422
Test - acc:         0.816900 loss:        0.564454
Sparsity :          0.0000
Wdecay :        0.000500
========== Epoch 62 ==========
LR =  0.1
Train - acc:        0.871340 loss:        0.373256
Test - acc:         0.770400 loss:        0.749775
Sparsity :          0.0000
Wdecay :        0.000500
========== Epoch 63 ==========
LR =  0.1
Train - acc:        0.874920 loss:        0.370402
Test - acc:         0.812500 loss:        0.563316
Sparsity :          0.0000
Wdecay :        0.000500
========== Epoch 64 ==========
LR =  0.1
Train - acc:        0.870020 loss:        0.377690
Test - acc:         0.829500 loss:        0.520252
Sparsity :          0.0000
Wdecay :        0.000500
========== Epoch 65 ==========
LR =  0.1
Train - acc:        0.872820 loss:        0.375011
Test - acc:         0.829000 loss:        0.514941
Sparsity :          0.0000
Wdecay :        0.000500
========== Epoch 66 ==========
LR =  0.1
Train - acc:        0.873400 loss:        0.369956
Test - acc:         0.845400 loss:        0.471184
Sparsity :          0.0000
Wdecay :        0.000500
========== Epoch 67 ==========
LR =  0.1
Train - acc:        0.874660 loss:        0.368661
Test - acc:         0.806800 loss:        0.643070
Sparsity :          0.0000
Wdecay :        0.000500
========== Epoch 68 ==========
LR =  0.1
Train - acc:        0.870700 loss:        0.379846
Test - acc:         0.828100 loss:        0.530396
Sparsity :          0.0000
Wdecay :        0.000500
========== Epoch 69 ==========
LR =  0.1
Train - acc:        0.873640 loss:        0.371382
Test - acc:         0.850100 loss:        0.459919
Sparsity :          0.0000
Wdecay :        0.000500
========== Epoch 70 ==========
LR =  0.1
Train - acc:        0.874240 loss:        0.370829
Test - acc:         0.812700 loss:        0.568211
Sparsity :          0.0000
Wdecay :        0.000500
========== Epoch 71 ==========
LR =  0.1
Train - acc:        0.871920 loss:        0.371356
Test - acc:         0.838600 loss:        0.491291
Sparsity :          0.0000
Wdecay :        0.000500
========== Epoch 72 ==========
LR =  0.1
Train - acc:        0.874300 loss:        0.367651
Test - acc:         0.825600 loss:        0.516408
Sparsity :          0.0000
Wdecay :        0.000500
========== Epoch 73 ==========
LR =  0.1
Train - acc:        0.872340 loss:        0.371992
Test - acc:         0.813400 loss:        0.573294
Sparsity :          0.0000
Wdecay :        0.000500
========== Epoch 74 ==========
LR =  0.1
Train - acc:        0.872760 loss:        0.372022
Test - acc:         0.817600 loss:        0.551680
Sparsity :          0.0000
Wdecay :        0.000500
========== Epoch 75 ==========
LR =  0.1
Train - acc:        0.875300 loss:        0.364707
Test - acc:         0.817600 loss:        0.558815
Sparsity :          0.0000
Wdecay :        0.000500
========== Epoch 76 ==========
LR =  0.1
Train - acc:        0.876540 loss:        0.364900
Test - acc:         0.803700 loss:        0.638516
Sparsity :          0.0000
Wdecay :        0.000500
========== Epoch 77 ==========
LR =  0.1
Train - acc:        0.871800 loss:        0.373511
Test - acc:         0.828500 loss:        0.523702
Sparsity :          0.0000
Wdecay :        0.000500
========== Epoch 78 ==========
LR =  0.1
Train - acc:        0.875260 loss:        0.364778
Test - acc:         0.829400 loss:        0.497493
Sparsity :          0.0000
Wdecay :        0.000500
========== Epoch 79 ==========
LR =  0.1
Train - acc:        0.873320 loss:        0.369077
Test - acc:         0.830200 loss:        0.523613
Sparsity :          0.0000
Wdecay :        0.000500
========== Epoch 80 ==========
LR =  0.1
Train - acc:        0.877160 loss:        0.359279
Test - acc:         0.827500 loss:        0.515838
Sparsity :          0.0000
Wdecay :        0.000500
========== Epoch 81 ==========
LR =  0.1
Train - acc:        0.873540 loss:        0.370120
Test - acc:         0.838200 loss:        0.499637
Sparsity :          0.0000
Wdecay :        0.000500
========== Epoch 82 ==========
LR =  0.1
Train - acc:        0.875080 loss:        0.367636
Test - acc:         0.840200 loss:        0.484276
Sparsity :          0.0000
Wdecay :        0.000500
========== Epoch 83 ==========
LR =  0.1
Train - acc:        0.875420 loss:        0.365267
Test - acc:         0.804400 loss:        0.582410
Sparsity :          0.0000
Wdecay :        0.000500
========== Epoch 84 ==========
LR =  0.1
Train - acc:        0.877060 loss:        0.361161
Test - acc:         0.835000 loss:        0.506831
Sparsity :          0.0000
Wdecay :        0.000500
========== Epoch 85 ==========
LR =  0.1
Train - acc:        0.874740 loss:        0.367596
Test - acc:         0.831200 loss:        0.504311
Sparsity :          0.0000
Wdecay :        0.000500
========== Epoch 86 ==========
LR =  0.1
Train - acc:        0.871620 loss:        0.373685
Test - acc:         0.805300 loss:        0.615785
Sparsity :          0.0000
Wdecay :        0.000500
========== Epoch 87 ==========
LR =  0.1
Train - acc:        0.877660 loss:        0.363625
Test - acc:         0.824300 loss:        0.552115
Sparsity :          0.0000
Wdecay :        0.000500
========== Epoch 88 ==========
LR =  0.1
Train - acc:        0.875800 loss:        0.366994
Test - acc:         0.829800 loss:        0.502201
Sparsity :          0.0000
Wdecay :        0.000500
========== Epoch 89 ==========
LR =  0.1
Train - acc:        0.872900 loss:        0.370789
Test - acc:         0.836800 loss:        0.488239
Sparsity :          0.0000
Wdecay :        0.000500
========== Epoch 90 ==========
LR =  0.1
Train - acc:        0.873540 loss:        0.365068
Test - acc:         0.799600 loss:        0.606110
Sparsity :          0.0000
Wdecay :        0.000500
========== Epoch 91 ==========
LR =  0.1
Train - acc:        0.874580 loss:        0.367555
Test - acc:         0.831200 loss:        0.516118
Sparsity :          0.0000
Wdecay :        0.000500
========== Epoch 92 ==========
LR =  0.1
Train - acc:        0.876240 loss:        0.365434
Test - acc:         0.812700 loss:        0.558007
Sparsity :          0.0000
Wdecay :        0.000500
========== Epoch 93 ==========
LR =  0.1
Train - acc:        0.877420 loss:        0.358121
Test - acc:         0.779500 loss:        0.729430
Sparsity :          0.0000
Wdecay :        0.000500
========== Epoch 94 ==========
LR =  0.1
Train - acc:        0.876260 loss:        0.367313
Test - acc:         0.835900 loss:        0.486057
Sparsity :          0.0000
Wdecay :        0.000500
========== Epoch 95 ==========
LR =  0.1
Train - acc:        0.871900 loss:        0.371276
Test - acc:         0.812600 loss:        0.568572
Sparsity :          0.0000
Wdecay :        0.000500
========== Epoch 96 ==========
LR =  0.1
Train - acc:        0.874760 loss:        0.369046
Test - acc:         0.759600 loss:        0.766709
Sparsity :          0.0000
Wdecay :        0.000500
========== Epoch 97 ==========
LR =  0.1
Train - acc:        0.877380 loss:        0.363117
Test - acc:         0.815400 loss:        0.550091
Sparsity :          0.0000
Wdecay :        0.000500
========== Epoch 98 ==========
LR =  0.1
Train - acc:        0.877040 loss:        0.361768
Test - acc:         0.813000 loss:        0.559834
Sparsity :          0.0000
Wdecay :        0.000500
========== Epoch 99 ==========
LR =  0.1
Train - acc:        0.872960 loss:        0.369652
Test - acc:         0.849000 loss:        0.460558
Sparsity :          0.0000
Wdecay :        0.000500
========== Epoch 100 ==========
LR =  0.1
Train - acc:        0.874280 loss:        0.368308
Test - acc:         0.845400 loss:        0.459287
Sparsity :          0.0000
Wdecay :        0.000500
========== Epoch 101 ==========
LR =  0.1
Train - acc:        0.876100 loss:        0.363349
Test - acc:         0.837500 loss:        0.488353
Sparsity :          0.0000
Wdecay :        0.000500
========== Epoch 102 ==========
LR =  0.1
Train - acc:        0.876600 loss:        0.361156
Test - acc:         0.832900 loss:        0.511063
Sparsity :          0.0000
Wdecay :        0.000500
========== Epoch 103 ==========
LR =  0.1
Train - acc:        0.877920 loss:        0.361290
Test - acc:         0.801900 loss:        0.658242
Sparsity :          0.0000
Wdecay :        0.000500
========== Epoch 104 ==========
LR =  0.1
Train - acc:        0.875820 loss:        0.366558
Test - acc:         0.830400 loss:        0.519798
Sparsity :          0.0000
Wdecay :        0.000500
========== Epoch 105 ==========
LR =  0.1
Train - acc:        0.877340 loss:        0.360772
Test - acc:         0.811700 loss:        0.582200
Sparsity :          0.0000
Wdecay :        0.000500
========== Epoch 106 ==========
LR =  0.1
Train - acc:        0.877080 loss:        0.363867
Test - acc:         0.795000 loss:        0.681484
Sparsity :          0.0000
Wdecay :        0.000500
========== Epoch 107 ==========
LR =  0.1
Train - acc:        0.875640 loss:        0.365009
Test - acc:         0.815700 loss:        0.560748
Sparsity :          0.0000
Wdecay :        0.000500
========== Epoch 108 ==========
LR =  0.1
Train - acc:        0.878460 loss:        0.359031
Test - acc:         0.808400 loss:        0.621211
Sparsity :          0.0000
Wdecay :        0.000500
========== Epoch 109 ==========
LR =  0.1
Train - acc:        0.874280 loss:        0.368228
Test - acc:         0.859500 loss:        0.426024
Sparsity :          0.0000
Wdecay :        0.000500
========== Epoch 110 ==========
LR =  0.1
Train - acc:        0.878160 loss:        0.357391
Test - acc:         0.845100 loss:        0.458113
Sparsity :          0.0000
Wdecay :        0.000500
========== Epoch 111 ==========
LR =  0.1
Train - acc:        0.875620 loss:        0.365442
Test - acc:         0.840500 loss:        0.469550
Sparsity :          0.0000
Wdecay :        0.000500
========== Epoch 112 ==========
LR =  0.1
Train - acc:        0.878080 loss:        0.359484
Test - acc:         0.846000 loss:        0.456961
Sparsity :          0.0000
Wdecay :        0.000500
========== Epoch 113 ==========
LR =  0.1
Train - acc:        0.873780 loss:        0.370846
Test - acc:         0.829600 loss:        0.517806
Sparsity :          0.0000
Wdecay :        0.000500
========== Epoch 114 ==========
LR =  0.1
Train - acc:        0.876320 loss:        0.363029
Test - acc:         0.832500 loss:        0.505144
Sparsity :          0.0000
Wdecay :        0.000500
========== Epoch 115 ==========
LR =  0.1
Train - acc:        0.877120 loss:        0.360393
Test - acc:         0.841000 loss:        0.452716
Sparsity :          0.0000
Wdecay :        0.000500
========== Epoch 116 ==========
LR =  0.1
Train - acc:        0.876560 loss:        0.367453
Test - acc:         0.846300 loss:        0.476290
Sparsity :          0.0000
Wdecay :        0.000500
========== Epoch 117 ==========
LR =  0.1
Train - acc:        0.879920 loss:        0.354852
Test - acc:         0.782400 loss:        0.699978
Sparsity :          0.5000
Wdecay :        0.000500
========== Epoch 118 ==========
LR =  0.1
Train - acc:        0.883040 loss:        0.341264
Test - acc:         0.814100 loss:        0.561079
Sparsity :          0.5000
Wdecay :        0.000500
========== Epoch 119 ==========
LR =  0.1
Train - acc:        0.884000 loss:        0.339586
Test - acc:         0.801200 loss:        0.646986
Sparsity :          0.5000
Wdecay :        0.000500
========== Epoch 120 ==========
LR =  0.1
Train - acc:        0.880900 loss:        0.349099
Test - acc:         0.795100 loss:        0.640364
Sparsity :          0.5000
Wdecay :        0.000500
========== Epoch 121 ==========
LR =  0.1
Train - acc:        0.880960 loss:        0.348894
Test - acc:         0.828800 loss:        0.511869
Sparsity :          0.5000
Wdecay :        0.000500
========== Epoch 122 ==========
LR =  0.1
Train - acc:        0.880140 loss:        0.349821
Test - acc:         0.818800 loss:        0.569416
Sparsity :          0.5000
Wdecay :        0.000500
========== Epoch 123 ==========
LR =  0.1
Train - acc:        0.880880 loss:        0.349150
Test - acc:         0.834100 loss:        0.513595
Sparsity :          0.5000
Wdecay :        0.000500
========== Epoch 124 ==========
LR =  0.1
Train - acc:        0.880100 loss:        0.349663
Test - acc:         0.796000 loss:        0.666658
Sparsity :          0.5000
Wdecay :        0.000500
========== Epoch 125 ==========
LR =  0.1
Train - acc:        0.881360 loss:        0.348844
Test - acc:         0.847700 loss:        0.455821
Sparsity :          0.5000
Wdecay :        0.000500
========== Epoch 126 ==========
LR =  0.1
Train - acc:        0.881820 loss:        0.349520
Test - acc:         0.845700 loss:        0.452840
Sparsity :          0.5000
Wdecay :        0.000500
========== Epoch 127 ==========
LR =  0.1
Train - acc:        0.882120 loss:        0.351692
Test - acc:         0.843300 loss:        0.459781
Sparsity :          0.5000
Wdecay :        0.000500
========== Epoch 128 ==========
LR =  0.1
Train - acc:        0.881000 loss:        0.348059
Test - acc:         0.846800 loss:        0.467573
Sparsity :          0.5000
Wdecay :        0.000500
========== Epoch 129 ==========
LR =  0.1
Train - acc:        0.880980 loss:        0.350969
Test - acc:         0.839900 loss:        0.474345
Sparsity :          0.5000
Wdecay :        0.000500
========== Epoch 130 ==========
LR =  0.1
Train - acc:        0.879840 loss:        0.350448
Test - acc:         0.812900 loss:        0.583048
Sparsity :          0.5000
Wdecay :        0.000500
========== Epoch 131 ==========
LR =  0.1
Train - acc:        0.881280 loss:        0.346033
Test - acc:         0.824700 loss:        0.515208
Sparsity :          0.5000
Wdecay :        0.000500
========== Epoch 132 ==========
LR =  0.1
Train - acc:        0.880700 loss:        0.350544
Test - acc:         0.792100 loss:        0.638319
Sparsity :          0.5000
Wdecay :        0.000500
========== Epoch 133 ==========
LR =  0.1
Train - acc:        0.880500 loss:        0.349419
Test - acc:         0.845400 loss:        0.489198
Sparsity :          0.5000
Wdecay :        0.000500
========== Epoch 134 ==========
LR =  0.1
Train - acc:        0.879460 loss:        0.355205
Test - acc:         0.842600 loss:        0.493778
Sparsity :          0.5000
Wdecay :        0.000500
========== Epoch 135 ==========
LR =  0.1
Train - acc:        0.878660 loss:        0.353170
Test - acc:         0.856200 loss:        0.440380
Sparsity :          0.5000
Wdecay :        0.000500
========== Epoch 136 ==========
LR =  0.1
Train - acc:        0.881660 loss:        0.343968
Test - acc:         0.832500 loss:        0.518998
Sparsity :          0.5000
Wdecay :        0.000500
========== Epoch 137 ==========
LR =  0.1
Train - acc:        0.882360 loss:        0.349024
Test - acc:         0.842800 loss:        0.493903
Sparsity :          0.5000
Wdecay :        0.000500
========== Epoch 138 ==========
LR =  0.1
Train - acc:        0.880160 loss:        0.349196
Test - acc:         0.850500 loss:        0.447836
Sparsity :          0.5000
Wdecay :        0.000500
========== Epoch 139 ==========
LR =  0.1
Train - acc:        0.878440 loss:        0.356419
Test - acc:         0.807600 loss:        0.582294
Sparsity :          0.5000
Wdecay :        0.000500
========== Epoch 140 ==========
LR =  0.1
Train - acc:        0.879820 loss:        0.353180
Test - acc:         0.729700 loss:        0.993282
Sparsity :          0.5000
Wdecay :        0.000500
========== Epoch 141 ==========
LR =  0.1
Train - acc:        0.880800 loss:        0.350994
Test - acc:         0.815700 loss:        0.567069
Sparsity :          0.5000
Wdecay :        0.000500
========== Epoch 142 ==========
LR =  0.1
Train - acc:        0.881580 loss:        0.347051
Test - acc:         0.844100 loss:        0.481890
Sparsity :          0.5000
Wdecay :        0.000500
========== Epoch 143 ==========
LR =  0.1
Train - acc:        0.879560 loss:        0.348144
Test - acc:         0.814800 loss:        0.546707
Sparsity :          0.5000
Wdecay :        0.000500
========== Epoch 144 ==========
LR =  0.1
Train - acc:        0.879740 loss:        0.350955
Test - acc:         0.841000 loss:        0.501937
Sparsity :          0.5000
Wdecay :        0.000500
========== Epoch 145 ==========
LR =  0.1
Train - acc:        0.877440 loss:        0.356289
Test - acc:         0.839900 loss:        0.509641
Sparsity :          0.5000
Wdecay :        0.000500
========== Epoch 146 ==========
LR =  0.1
Train - acc:        0.878440 loss:        0.355969
Test - acc:         0.843100 loss:        0.483081
Sparsity :          0.5000
Wdecay :        0.000500
========== Epoch 147 ==========
LR =  0.1
Train - acc:        0.877720 loss:        0.352904
Test - acc:         0.849000 loss:        0.464777
Sparsity :          0.5000
Wdecay :        0.000500
========== Epoch 148 ==========
LR =  0.1
Train - acc:        0.879220 loss:        0.348492
Test - acc:         0.792000 loss:        0.699536
Sparsity :          0.5000
Wdecay :        0.000500
========== Epoch 149 ==========
LR =  0.1
Train - acc:        0.880180 loss:        0.350881
Test - acc:         0.834300 loss:        0.500043
Sparsity :          0.5000
Wdecay :        0.000500
========== Epoch 150 ==========
LR =  0.010000000000000002
Train - acc:        0.880400 loss:        0.349124
Test - acc:         0.832500 loss:        0.528252
Sparsity :          0.5000
Wdecay :        0.000500
========== Epoch 151 ==========
LR =  0.010000000000000002
Train - acc:        0.930820 loss:        0.204565
Test - acc:         0.922200 loss:        0.229282
Sparsity :          0.5000
Wdecay :        0.000500
========== Epoch 152 ==========
LR =  0.010000000000000002
Train - acc:        0.948800 loss:        0.152998
Test - acc:         0.927800 loss:        0.217864
Sparsity :          0.5000
Wdecay :        0.000500
========== Epoch 153 ==========
LR =  0.010000000000000002
Train - acc:        0.954080 loss:        0.136859
Test - acc:         0.928800 loss:        0.216628
Sparsity :          0.5000
Wdecay :        0.000500
========== Epoch 154 ==========
LR =  0.010000000000000002
Train - acc:        0.960140 loss:        0.118954
Test - acc:         0.929300 loss:        0.220870
Sparsity :          0.5000
Wdecay :        0.000500
========== Epoch 155 ==========
LR =  0.010000000000000002
Train - acc:        0.962540 loss:        0.112247
Test - acc:         0.929600 loss:        0.216519
Sparsity :          0.5000
Wdecay :        0.000500
========== Epoch 156 ==========
LR =  0.010000000000000002
Train - acc:        0.966040 loss:        0.100540
Test - acc:         0.928700 loss:        0.220231
Sparsity :          0.5000
Wdecay :        0.000500
========== Epoch 157 ==========
LR =  0.010000000000000002
Train - acc:        0.968640 loss:        0.093476
Test - acc:         0.930400 loss:        0.217343
Sparsity :          0.5000
Wdecay :        0.000500
========== Epoch 158 ==========
LR =  0.010000000000000002
Train - acc:        0.969840 loss:        0.089629
Test - acc:         0.931100 loss:        0.215017
Sparsity :          0.5000
Wdecay :        0.000500
========== Epoch 159 ==========
LR =  0.010000000000000002
Train - acc:        0.971080 loss:        0.084068
Test - acc:         0.928000 loss:        0.229321
Sparsity :          0.5000
Wdecay :        0.000500
========== Epoch 160 ==========
LR =  0.010000000000000002
Train - acc:        0.973340 loss:        0.078745
Test - acc:         0.931700 loss:        0.223496
Sparsity :          0.5000
Wdecay :        0.000500
========== Epoch 161 ==========
LR =  0.010000000000000002
Train - acc:        0.975020 loss:        0.073679
Test - acc:         0.930800 loss:        0.226125
Sparsity :          0.5000
Wdecay :        0.000500
========== Epoch 162 ==========
LR =  0.010000000000000002
Train - acc:        0.975800 loss:        0.070982
Test - acc:         0.928300 loss:        0.239241
Sparsity :          0.5000
Wdecay :        0.000500
========== Epoch 163 ==========
LR =  0.010000000000000002
Train - acc:        0.977520 loss:        0.066616
Test - acc:         0.932400 loss:        0.223855
Sparsity :          0.5000
Wdecay :        0.000500
========== Epoch 164 ==========
LR =  0.010000000000000002
Train - acc:        0.976680 loss:        0.066793
Test - acc:         0.931600 loss:        0.233410
Sparsity :          0.5000
Wdecay :        0.000500
========== Epoch 165 ==========
LR =  0.010000000000000002
Train - acc:        0.980940 loss:        0.058137
Test - acc:         0.930300 loss:        0.233199
Sparsity :          0.5000
Wdecay :        0.000500
========== Epoch 166 ==========
LR =  0.010000000000000002
Train - acc:        0.979740 loss:        0.060629
Test - acc:         0.927700 loss:        0.250638
Sparsity :          0.5000
Wdecay :        0.000500
========== Epoch 167 ==========
LR =  0.010000000000000002
Train - acc:        0.979960 loss:        0.059771
Test - acc:         0.929000 loss:        0.246785
Sparsity :          0.5000
Wdecay :        0.000500
========== Epoch 168 ==========
LR =  0.010000000000000002
Train - acc:        0.979580 loss:        0.059578
Test - acc:         0.927700 loss:        0.251324
Sparsity :          0.5000
Wdecay :        0.000500
========== Epoch 169 ==========
LR =  0.010000000000000002
Train - acc:        0.980080 loss:        0.058588
Test - acc:         0.928600 loss:        0.250732
Sparsity :          0.5000
Wdecay :        0.000500
========== Epoch 170 ==========
LR =  0.010000000000000002
Train - acc:        0.980980 loss:        0.057595
Test - acc:         0.924500 loss:        0.259376
Sparsity :          0.5000
Wdecay :        0.000500
========== Epoch 171 ==========
LR =  0.010000000000000002
Train - acc:        0.980560 loss:        0.056653
Test - acc:         0.931200 loss:        0.245251
Sparsity :          0.5000
Wdecay :        0.000500
========== Epoch 172 ==========
LR =  0.010000000000000002
Train - acc:        0.982280 loss:        0.053857
Test - acc:         0.928900 loss:        0.238068
Sparsity :          0.5000
Wdecay :        0.000500
========== Epoch 173 ==========
LR =  0.010000000000000002
Train - acc:        0.980400 loss:        0.057515
Test - acc:         0.926300 loss:        0.248412
Sparsity :          0.5000
Wdecay :        0.000500
========== Epoch 174 ==========
LR =  0.010000000000000002
Train - acc:        0.980380 loss:        0.056199
Test - acc:         0.927500 loss:        0.251638
Sparsity :          0.5000
Wdecay :        0.000500
========== Epoch 175 ==========
LR =  0.010000000000000002
Train - acc:        0.980320 loss:        0.059106
Test - acc:         0.925400 loss:        0.263856
Sparsity :          0.5000
Wdecay :        0.000500
========== Epoch 176 ==========
LR =  0.010000000000000002
Train - acc:        0.982000 loss:        0.054165
Test - acc:         0.925700 loss:        0.261850
Sparsity :          0.5000
Wdecay :        0.000500
========== Epoch 177 ==========
LR =  0.010000000000000002
Train - acc:        0.979960 loss:        0.058248
Test - acc:         0.928800 loss:        0.243011
Sparsity :          0.5000
Wdecay :        0.000500
========== Epoch 178 ==========
LR =  0.010000000000000002
Train - acc:        0.980600 loss:        0.056812
Test - acc:         0.923100 loss:        0.292335
Sparsity :          0.5000
Wdecay :        0.000500
========== Epoch 179 ==========
LR =  0.010000000000000002
Train - acc:        0.979840 loss:        0.058822
Test - acc:         0.922100 loss:        0.273318
Sparsity :          0.5000
Wdecay :        0.000500
========== Epoch 180 ==========
LR =  0.010000000000000002
Train - acc:        0.978360 loss:        0.063680
Test - acc:         0.921400 loss:        0.275326
Sparsity :          0.5000
Wdecay :        0.000500
========== Epoch 181 ==========
LR =  0.010000000000000002
Train - acc:        0.981180 loss:        0.058235
Test - acc:         0.926700 loss:        0.258115
Sparsity :          0.5000
Wdecay :        0.000500
========== Epoch 182 ==========
LR =  0.010000000000000002
Train - acc:        0.979840 loss:        0.058597
Test - acc:         0.924000 loss:        0.273995
Sparsity :          0.5000
Wdecay :        0.000500
========== Epoch 183 ==========
LR =  0.010000000000000002
Train - acc:        0.979320 loss:        0.059531
Test - acc:         0.924800 loss:        0.269462
Sparsity :          0.5000
Wdecay :        0.000500
========== Epoch 184 ==========
LR =  0.010000000000000002
Train - acc:        0.977640 loss:        0.064371
Test - acc:         0.921400 loss:        0.276027
Sparsity :          0.5000
Wdecay :        0.000500
========== Epoch 185 ==========
LR =  0.010000000000000002
Train - acc:        0.979240 loss:        0.060776
Test - acc:         0.926700 loss:        0.245118
Sparsity :          0.5000
Wdecay :        0.000500
========== Epoch 186 ==========
LR =  0.010000000000000002
Train - acc:        0.979320 loss:        0.062629
Test - acc:         0.926800 loss:        0.247321
Sparsity :          0.5000
Wdecay :        0.000500
========== Epoch 187 ==========
LR =  0.010000000000000002
Train - acc:        0.978120 loss:        0.064504
Test - acc:         0.923400 loss:        0.261072
Sparsity :          0.5000
Wdecay :        0.000500
========== Epoch 188 ==========
LR =  0.010000000000000002
Train - acc:        0.979700 loss:        0.060686
Test - acc:         0.927000 loss:        0.259147
Sparsity :          0.5000
Wdecay :        0.000500
========== Epoch 189 ==========
LR =  0.010000000000000002
Train - acc:        0.979540 loss:        0.060376
Test - acc:         0.922100 loss:        0.268526
Sparsity :          0.5000
Wdecay :        0.000500
========== Epoch 190 ==========
LR =  0.010000000000000002
Train - acc:        0.977480 loss:        0.064695
Test - acc:         0.915500 loss:        0.301126
Sparsity :          0.5000
Wdecay :        0.000500
========== Epoch 191 ==========
LR =  0.010000000000000002
Train - acc:        0.976960 loss:        0.067382
Test - acc:         0.928000 loss:        0.254057
Sparsity :          0.5000
Wdecay :        0.000500
========== Epoch 192 ==========
LR =  0.010000000000000002
Train - acc:        0.978460 loss:        0.063878
Test - acc:         0.920100 loss:        0.280641
Sparsity :          0.5000
Wdecay :        0.000500
========== Epoch 193 ==========
LR =  0.010000000000000002
Train - acc:        0.977020 loss:        0.067751
Test - acc:         0.924100 loss:        0.265919
Sparsity :          0.5000
Wdecay :        0.000500
========== Epoch 194 ==========
LR =  0.010000000000000002
Train - acc:        0.978080 loss:        0.064860
Test - acc:         0.921400 loss:        0.281415
Sparsity :          0.5000
Wdecay :        0.000500
========== Epoch 195 ==========
LR =  0.010000000000000002
Train - acc:        0.976760 loss:        0.066756
Test - acc:         0.925100 loss:        0.249521
Sparsity :          0.5000
Wdecay :        0.000500
========== Epoch 196 ==========
LR =  0.010000000000000002
Train - acc:        0.977160 loss:        0.067477
Test - acc:         0.922000 loss:        0.273103
Sparsity :          0.5000
Wdecay :        0.000500
========== Epoch 197 ==========
LR =  0.010000000000000002
Train - acc:        0.978440 loss:        0.063485
Test - acc:         0.913200 loss:        0.302760
Sparsity :          0.5000
Wdecay :        0.000500
========== Epoch 198 ==========
LR =  0.010000000000000002
Train - acc:        0.978280 loss:        0.065594
Test - acc:         0.926000 loss:        0.259190
Sparsity :          0.5000
Wdecay :        0.000500
========== Epoch 199 ==========
LR =  0.010000000000000002
Train - acc:        0.977260 loss:        0.065489
Test - acc:         0.916000 loss:        0.292558
Sparsity :          0.5000
Wdecay :        0.000500
========== Epoch 200 ==========
LR =  0.010000000000000002
Train - acc:        0.977380 loss:        0.067967
Test - acc:         0.923500 loss:        0.279093
Sparsity :          0.5000
Wdecay :        0.000500
========== Epoch 201 ==========
LR =  0.010000000000000002
Train - acc:        0.978380 loss:        0.063508
Test - acc:         0.919900 loss:        0.281057
Sparsity :          0.5000
Wdecay :        0.000500
========== Epoch 202 ==========
LR =  0.010000000000000002
Train - acc:        0.975900 loss:        0.069966
Test - acc:         0.919600 loss:        0.276364
Sparsity :          0.5000
Wdecay :        0.000500
========== Epoch 203 ==========
LR =  0.010000000000000002
Train - acc:        0.977200 loss:        0.067737
Test - acc:         0.921800 loss:        0.271912
Sparsity :          0.5000
Wdecay :        0.000500
========== Epoch 204 ==========
LR =  0.010000000000000002
Train - acc:        0.977720 loss:        0.065393
Test - acc:         0.918600 loss:        0.300389
Sparsity :          0.5000
Wdecay :        0.000500
========== Epoch 205 ==========
LR =  0.010000000000000002
Train - acc:        0.976900 loss:        0.066697
Test - acc:         0.919100 loss:        0.275467
Sparsity :          0.5000
Wdecay :        0.000500
========== Epoch 206 ==========
LR =  0.010000000000000002
Train - acc:        0.978540 loss:        0.064425
Test - acc:         0.916000 loss:        0.288886
Sparsity :          0.5000
Wdecay :        0.000500
========== Epoch 207 ==========
LR =  0.010000000000000002
Train - acc:        0.977200 loss:        0.067462
Test - acc:         0.923800 loss:        0.254286
Sparsity :          0.5000
Wdecay :        0.000500
========== Epoch 208 ==========
LR =  0.010000000000000002
Train - acc:        0.976200 loss:        0.068650
Test - acc:         0.912400 loss:        0.299492
Sparsity :          0.5000
Wdecay :        0.000500
========== Epoch 209 ==========
LR =  0.010000000000000002
Train - acc:        0.978480 loss:        0.064478
Test - acc:         0.921200 loss:        0.268618
Sparsity :          0.5000
Wdecay :        0.000500
========== Epoch 210 ==========
LR =  0.010000000000000002
Train - acc:        0.978120 loss:        0.065366
Test - acc:         0.919400 loss:        0.281592
Sparsity :          0.5000
Wdecay :        0.000500
========== Epoch 211 ==========
LR =  0.010000000000000002
Train - acc:        0.976280 loss:        0.070426
Test - acc:         0.918200 loss:        0.300922
Sparsity :          0.5000
Wdecay :        0.000500
========== Epoch 212 ==========
LR =  0.010000000000000002
Train - acc:        0.978060 loss:        0.064591
Test - acc:         0.924500 loss:        0.268433
Sparsity :          0.5000
Wdecay :        0.000500
========== Epoch 213 ==========
LR =  0.010000000000000002
Train - acc:        0.978120 loss:        0.066133
Test - acc:         0.923000 loss:        0.273634
Sparsity :          0.5000
Wdecay :        0.000500
========== Epoch 214 ==========
LR =  0.010000000000000002
Train - acc:        0.978140 loss:        0.064484
Test - acc:         0.922600 loss:        0.265314
Sparsity :          0.5000
Wdecay :        0.000500
========== Epoch 215 ==========
LR =  0.010000000000000002
Train - acc:        0.977920 loss:        0.065681
Test - acc:         0.918700 loss:        0.276668
Sparsity :          0.5000
Wdecay :        0.000500
========== Epoch 216 ==========
LR =  0.010000000000000002
Train - acc:        0.978260 loss:        0.063692
Test - acc:         0.919100 loss:        0.288877
Sparsity :          0.5000
Wdecay :        0.000500
========== Epoch 217 ==========
LR =  0.010000000000000002
Train - acc:        0.978300 loss:        0.065306
Test - acc:         0.921500 loss:        0.272614
Sparsity :          0.5000
Wdecay :        0.000500
========== Epoch 218 ==========
LR =  0.010000000000000002
Train - acc:        0.976080 loss:        0.068405
Test - acc:         0.919900 loss:        0.275057
Sparsity :          0.5000
Wdecay :        0.000500
========== Epoch 219 ==========
LR =  0.010000000000000002
Train - acc:        0.979000 loss:        0.061267
Test - acc:         0.925000 loss:        0.278526
Sparsity :          0.5000
Wdecay :        0.000500
========== Epoch 220 ==========
LR =  0.010000000000000002
Train - acc:        0.977860 loss:        0.066711
Test - acc:         0.923600 loss:        0.264488
Sparsity :          0.5000
Wdecay :        0.000500
========== Epoch 221 ==========
LR =  0.010000000000000002
Train - acc:        0.978780 loss:        0.062225
Test - acc:         0.912900 loss:        0.307896
Sparsity :          0.5000
Wdecay :        0.000500
========== Epoch 222 ==========
LR =  0.010000000000000002
Train - acc:        0.977060 loss:        0.066633
Test - acc:         0.913900 loss:        0.294280
Sparsity :          0.5000
Wdecay :        0.000500
========== Epoch 223 ==========
LR =  0.010000000000000002
Train - acc:        0.977580 loss:        0.064716
Test - acc:         0.920400 loss:        0.261367
Sparsity :          0.5000
Wdecay :        0.000500
========== Epoch 224 ==========
LR =  0.010000000000000002
Train - acc:        0.977480 loss:        0.066443
Test - acc:         0.925000 loss:        0.264794
Sparsity :          0.5000
Wdecay :        0.000500
========== Epoch 225 ==========
LR =  0.010000000000000002
Train - acc:        0.979320 loss:        0.062482
Test - acc:         0.915600 loss:        0.300350
Sparsity :          0.5000
Wdecay :        0.000500
========== Epoch 226 ==========
LR =  0.010000000000000002
Train - acc:        0.977740 loss:        0.065966
Test - acc:         0.917300 loss:        0.296319
Sparsity :          0.5000
Wdecay :        0.000500
========== Epoch 227 ==========
LR =  0.010000000000000002
Train - acc:        0.977140 loss:        0.067641
Test - acc:         0.916000 loss:        0.288954
Sparsity :          0.5000
Wdecay :        0.000500
========== Epoch 228 ==========
LR =  0.010000000000000002
Train - acc:        0.978060 loss:        0.064471
Test - acc:         0.921800 loss:        0.263906
Sparsity :          0.5000
Wdecay :        0.000500
========== Epoch 229 ==========
LR =  0.010000000000000002
Train - acc:        0.979920 loss:        0.060403
Test - acc:         0.924800 loss:        0.270446
Sparsity :          0.5000
Wdecay :        0.000500
========== Epoch 230 ==========
LR =  0.010000000000000002
Train - acc:        0.979120 loss:        0.062016
Test - acc:         0.904500 loss:        0.340000
Sparsity :          0.5000
Wdecay :        0.000500
========== Epoch 231 ==========
LR =  0.010000000000000002
Train - acc:        0.977600 loss:        0.066365
Test - acc:         0.911500 loss:        0.314174
Sparsity :          0.5000
Wdecay :        0.000500
========== Epoch 232 ==========
LR =  0.010000000000000002
Train - acc:        0.980640 loss:        0.058463
Test - acc:         0.916700 loss:        0.298600
Sparsity :          0.5000
Wdecay :        0.000500
========== Epoch 233 ==========
LR =  0.010000000000000002
Train - acc:        0.977780 loss:        0.066371
Test - acc:         0.918100 loss:        0.286841
Sparsity :          0.5000
Wdecay :        0.000500
========== Epoch 234 ==========
LR =  0.010000000000000002
Train - acc:        0.977020 loss:        0.067600
Test - acc:         0.914400 loss:        0.303965
Sparsity :          0.7500
Wdecay :        0.000500
========== Epoch 235 ==========
LR =  0.010000000000000002
Train - acc:        0.984440 loss:        0.047247
Test - acc:         0.928600 loss:        0.251217
Sparsity :          0.7500
Wdecay :        0.000500
========== Epoch 236 ==========
LR =  0.010000000000000002
Train - acc:        0.986440 loss:        0.041817
Test - acc:         0.926100 loss:        0.267513
Sparsity :          0.7500
Wdecay :        0.000500
========== Epoch 237 ==========
LR =  0.010000000000000002
Train - acc:        0.985160 loss:        0.044492
Test - acc:         0.922200 loss:        0.266761
Sparsity :          0.7500
Wdecay :        0.000500
========== Epoch 238 ==========
LR =  0.010000000000000002
Train - acc:        0.985200 loss:        0.045685
Test - acc:         0.925900 loss:        0.261523
Sparsity :          0.7500
Wdecay :        0.000500
========== Epoch 239 ==========
LR =  0.010000000000000002
Train - acc:        0.985200 loss:        0.044255
Test - acc:         0.919900 loss:        0.295671
Sparsity :          0.7500
Wdecay :        0.000500
========== Epoch 240 ==========
LR =  0.010000000000000002
Train - acc:        0.984340 loss:        0.047823
Test - acc:         0.927900 loss:        0.260390
Sparsity :          0.7500
Wdecay :        0.000500
========== Epoch 241 ==========
LR =  0.010000000000000002
Train - acc:        0.984840 loss:        0.045424
Test - acc:         0.923400 loss:        0.285759
Sparsity :          0.7500
Wdecay :        0.000500
========== Epoch 242 ==========
LR =  0.010000000000000002
Train - acc:        0.981160 loss:        0.053210
Test - acc:         0.918300 loss:        0.299964
Sparsity :          0.7500
Wdecay :        0.000500
========== Epoch 243 ==========
LR =  0.010000000000000002
Train - acc:        0.982660 loss:        0.053518
Test - acc:         0.915400 loss:        0.296538
Sparsity :          0.7500
Wdecay :        0.000500
========== Epoch 244 ==========
LR =  0.010000000000000002
Train - acc:        0.982660 loss:        0.054040
Test - acc:         0.927500 loss:        0.262695
Sparsity :          0.7500
Wdecay :        0.000500
========== Epoch 245 ==========
LR =  0.010000000000000002
Train - acc:        0.983260 loss:        0.051674
Test - acc:         0.923500 loss:        0.276420
Sparsity :          0.7500
Wdecay :        0.000500
========== Epoch 246 ==========
LR =  0.010000000000000002
Train - acc:        0.983860 loss:        0.049382
Test - acc:         0.919200 loss:        0.293295
Sparsity :          0.7500
Wdecay :        0.000500
========== Epoch 247 ==========
LR =  0.010000000000000002
Train - acc:        0.983640 loss:        0.049370
Test - acc:         0.920300 loss:        0.285472
Sparsity :          0.7500
Wdecay :        0.000500
========== Epoch 248 ==========
LR =  0.010000000000000002
Train - acc:        0.982300 loss:        0.051858
Test - acc:         0.924300 loss:        0.269382
Sparsity :          0.7500
Wdecay :        0.000500
========== Epoch 249 ==========
LR =  0.010000000000000002
Train - acc:        0.983140 loss:        0.051291
Test - acc:         0.925400 loss:        0.268659
Sparsity :          0.7500
Wdecay :        0.000500
========== Epoch 250 ==========
LR =  0.0010000000000000002
Train - acc:        0.981580 loss:        0.056760
Test - acc:         0.919900 loss:        0.293047
Sparsity :          0.7500
Wdecay :        0.000500
========== Epoch 251 ==========
LR =  0.0010000000000000002
Train - acc:        0.990760 loss:        0.030809
Test - acc:         0.938100 loss:        0.220094
Sparsity :          0.7500
Wdecay :        0.000500
========== Epoch 252 ==========
LR =  0.0010000000000000002
Train - acc:        0.995600 loss:        0.017738
Test - acc:         0.939600 loss:        0.214242
Sparsity :          0.7500
Wdecay :        0.000500
========== Epoch 253 ==========
LR =  0.0010000000000000002
Train - acc:        0.996780 loss:        0.014250
Test - acc:         0.941400 loss:        0.213876
Sparsity :          0.7500
Wdecay :        0.000500
========== Epoch 254 ==========
LR =  0.0010000000000000002
Train - acc:        0.997200 loss:        0.012178
Test - acc:         0.941700 loss:        0.211379
Sparsity :          0.7500
Wdecay :        0.000500
========== Epoch 255 ==========
LR =  0.0010000000000000002
Train - acc:        0.997620 loss:        0.010721
Test - acc:         0.940900 loss:        0.208519
Sparsity :          0.7500
Wdecay :        0.000500
========== Epoch 256 ==========
LR =  0.0010000000000000002
Train - acc:        0.998080 loss:        0.009689
Test - acc:         0.942500 loss:        0.207521
Sparsity :          0.7500
Wdecay :        0.000500
========== Epoch 257 ==========
LR =  0.0010000000000000002
Train - acc:        0.998040 loss:        0.009631
Test - acc:         0.942200 loss:        0.208954
Sparsity :          0.7500
Wdecay :        0.000500
========== Epoch 258 ==========
LR =  0.0010000000000000002
Train - acc:        0.998400 loss:        0.008549
Test - acc:         0.941900 loss:        0.208446
Sparsity :          0.7500
Wdecay :        0.000500
========== Epoch 259 ==========
LR =  0.0010000000000000002
Train - acc:        0.998700 loss:        0.007904
Test - acc:         0.943500 loss:        0.209918
Sparsity :          0.7500
Wdecay :        0.000500
========== Epoch 260 ==========
LR =  0.0010000000000000002
Train - acc:        0.998540 loss:        0.007589
Test - acc:         0.944100 loss:        0.206329
Sparsity :          0.7500
Wdecay :        0.000500
========== Epoch 261 ==========
LR =  0.0010000000000000002
Train - acc:        0.998920 loss:        0.006751
Test - acc:         0.944200 loss:        0.206819
Sparsity :          0.7500
Wdecay :        0.000500
========== Epoch 262 ==========
LR =  0.0010000000000000002
Train - acc:        0.998740 loss:        0.006894
Test - acc:         0.944100 loss:        0.204416
Sparsity :          0.7500
Wdecay :        0.000500
========== Epoch 263 ==========
LR =  0.0010000000000000002
Train - acc:        0.999080 loss:        0.006323
Test - acc:         0.944600 loss:        0.206701
Sparsity :          0.7500
Wdecay :        0.000500
========== Epoch 264 ==========
LR =  0.0010000000000000002
Train - acc:        0.998780 loss:        0.007052
Test - acc:         0.944500 loss:        0.207250
Sparsity :          0.7500
Wdecay :        0.000500
========== Epoch 265 ==========
LR =  0.0010000000000000002
Train - acc:        0.998960 loss:        0.006356
Test - acc:         0.943800 loss:        0.207038
Sparsity :          0.7500
Wdecay :        0.000500
========== Epoch 266 ==========
LR =  0.0010000000000000002
Train - acc:        0.999120 loss:        0.005988
Test - acc:         0.944400 loss:        0.209129
Sparsity :          0.7500
Wdecay :        0.000500
========== Epoch 267 ==========
LR =  0.0010000000000000002
Train - acc:        0.999140 loss:        0.005668
Test - acc:         0.944900 loss:        0.206168
Sparsity :          0.7500
Wdecay :        0.000500
========== Epoch 268 ==========
LR =  0.0010000000000000002
Train - acc:        0.999100 loss:        0.005682
Test - acc:         0.945400 loss:        0.207673
Sparsity :          0.7500
Wdecay :        0.000500
========== Epoch 269 ==========
LR =  0.0010000000000000002
Train - acc:        0.998960 loss:        0.005657
Test - acc:         0.944300 loss:        0.205383
Sparsity :          0.7500
Wdecay :        0.000500
========== Epoch 270 ==========
LR =  0.0010000000000000002
Train - acc:        0.999060 loss:        0.005483
Test - acc:         0.944900 loss:        0.205172
Sparsity :          0.7500
Wdecay :        0.000500
========== Epoch 271 ==========
LR =  0.0010000000000000002
Train - acc:        0.999380 loss:        0.004534
Test - acc:         0.944700 loss:        0.204500
Sparsity :          0.7500
Wdecay :        0.000500
========== Epoch 272 ==========
LR =  0.0010000000000000002
Train - acc:        0.999440 loss:        0.004991
Test - acc:         0.944600 loss:        0.203879
Sparsity :          0.7500
Wdecay :        0.000500
========== Epoch 273 ==========
LR =  0.0010000000000000002
Train - acc:        0.999500 loss:        0.004831
Test - acc:         0.945200 loss:        0.206791
Sparsity :          0.7500
Wdecay :        0.000500
========== Epoch 274 ==========
LR =  0.0010000000000000002
Train - acc:        0.999220 loss:        0.005000
Test - acc:         0.944000 loss:        0.205892
Sparsity :          0.7500
Wdecay :        0.000500
========== Epoch 275 ==========
LR =  0.0010000000000000002
Train - acc:        0.999300 loss:        0.004776
Test - acc:         0.944500 loss:        0.206005
Sparsity :          0.7500
Wdecay :        0.000500
========== Epoch 276 ==========
LR =  0.0010000000000000002
Train - acc:        0.999420 loss:        0.004460
Test - acc:         0.945200 loss:        0.205858
Sparsity :          0.7500
Wdecay :        0.000500
========== Epoch 277 ==========
LR =  0.0010000000000000002
Train - acc:        0.999600 loss:        0.004203
Test - acc:         0.945000 loss:        0.206857
Sparsity :          0.7500
Wdecay :        0.000500
========== Epoch 278 ==========
LR =  0.0010000000000000002
Train - acc:        0.999560 loss:        0.004340
Test - acc:         0.944400 loss:        0.205189
Sparsity :          0.7500
Wdecay :        0.000500
========== Epoch 279 ==========
LR =  0.0010000000000000002
Train - acc:        0.999380 loss:        0.004410
Test - acc:         0.945000 loss:        0.203238
Sparsity :          0.7500
Wdecay :        0.000500
========== Epoch 280 ==========
LR =  0.0010000000000000002
Train - acc:        0.999680 loss:        0.004034
Test - acc:         0.944500 loss:        0.206103
Sparsity :          0.7500
Wdecay :        0.000500
========== Epoch 281 ==========
LR =  0.0010000000000000002
Train - acc:        0.999380 loss:        0.004026
Test - acc:         0.944500 loss:        0.204237
Sparsity :          0.7500
Wdecay :        0.000500
========== Epoch 282 ==========
LR =  0.0010000000000000002
Train - acc:        0.999560 loss:        0.003912
Test - acc:         0.944700 loss:        0.205047
Sparsity :          0.7500
Wdecay :        0.000500
========== Epoch 283 ==========
LR =  0.0010000000000000002
Train - acc:        0.999400 loss:        0.004023
Test - acc:         0.945300 loss:        0.206703
Sparsity :          0.7500
Wdecay :        0.000500
========== Epoch 284 ==========
LR =  0.0010000000000000002
Train - acc:        0.999660 loss:        0.003980
Test - acc:         0.946000 loss:        0.204823
Sparsity :          0.7500
Wdecay :        0.000500
========== Epoch 285 ==========
LR =  0.0010000000000000002
Train - acc:        0.999660 loss:        0.003669
Test - acc:         0.944100 loss:        0.208338
Sparsity :          0.7500
Wdecay :        0.000500
========== Epoch 286 ==========
LR =  0.0010000000000000002
Train - acc:        0.999720 loss:        0.003611
Test - acc:         0.945600 loss:        0.204113
Sparsity :          0.7500
Wdecay :        0.000500
========== Epoch 287 ==========
LR =  0.0010000000000000002
Train - acc:        0.999780 loss:        0.003407
Test - acc:         0.944400 loss:        0.204921
Sparsity :          0.7500
Wdecay :        0.000500
========== Epoch 288 ==========
LR =  0.0010000000000000002
Train - acc:        0.999580 loss:        0.003632
Test - acc:         0.945600 loss:        0.203895
Sparsity :          0.7500
Wdecay :        0.000500
========== Epoch 289 ==========
LR =  0.0010000000000000002
Train - acc:        0.999620 loss:        0.003666
Test - acc:         0.944900 loss:        0.203612
Sparsity :          0.7500
Wdecay :        0.000500
========== Epoch 290 ==========
LR =  0.0010000000000000002
Train - acc:        0.999780 loss:        0.003569
Test - acc:         0.945600 loss:        0.206788
Sparsity :          0.7500
Wdecay :        0.000500
========== Epoch 291 ==========
LR =  0.0010000000000000002
Train - acc:        0.999460 loss:        0.003737
Test - acc:         0.946400 loss:        0.204484
Sparsity :          0.7500
Wdecay :        0.000500
========== Epoch 292 ==========
LR =  0.0010000000000000002
Train - acc:        0.999640 loss:        0.003653
Test - acc:         0.945500 loss:        0.203524
Sparsity :          0.7500
Wdecay :        0.000500
========== Epoch 293 ==========
LR =  0.0010000000000000002
Train - acc:        0.999720 loss:        0.003377
Test - acc:         0.945000 loss:        0.202963
Sparsity :          0.7500
Wdecay :        0.000500
========== Epoch 294 ==========
LR =  0.0010000000000000002
Train - acc:        0.999800 loss:        0.003168
Test - acc:         0.945400 loss:        0.206212
Sparsity :          0.7500
Wdecay :        0.000500
========== Epoch 295 ==========
LR =  0.0010000000000000002
Train - acc:        0.999620 loss:        0.003753
Test - acc:         0.946000 loss:        0.205165
Sparsity :          0.7500
Wdecay :        0.000500
========== Epoch 296 ==========
LR =  0.0010000000000000002
Train - acc:        0.999640 loss:        0.003488
Test - acc:         0.946300 loss:        0.205841
Sparsity :          0.7500
Wdecay :        0.000500
========== Epoch 297 ==========
LR =  0.0010000000000000002
Train - acc:        0.999560 loss:        0.003532
Test - acc:         0.946800 loss:        0.204242
Sparsity :          0.7500
Wdecay :        0.000500
========== Epoch 298 ==========
LR =  0.0010000000000000002
Train - acc:        0.999720 loss:        0.003243
Test - acc:         0.946000 loss:        0.202660
Sparsity :          0.7500
Wdecay :        0.000500
========== Epoch 299 ==========
LR =  0.0010000000000000002
Train - acc:        0.999720 loss:        0.003273
Test - acc:         0.946900 loss:        0.204311
Sparsity :          0.7500
Wdecay :        0.000500
========== Epoch 300 ==========
LR =  0.0010000000000000002
Train - acc:        0.999680 loss:        0.003332
Test - acc:         0.946000 loss:        0.204357
Sparsity :          0.7500
Wdecay :        0.000500
========== Epoch 301 ==========
LR =  0.0010000000000000002
Train - acc:        0.999700 loss:        0.003216
Test - acc:         0.945900 loss:        0.202278
Sparsity :          0.7500
Wdecay :        0.000500
========== Epoch 302 ==========
LR =  0.0010000000000000002
Train - acc:        0.999700 loss:        0.003164
Test - acc:         0.944900 loss:        0.202151
Sparsity :          0.7500
Wdecay :        0.000500
========== Epoch 303 ==========
LR =  0.0010000000000000002
Train - acc:        0.999760 loss:        0.003036
Test - acc:         0.946100 loss:        0.204317
Sparsity :          0.7500
Wdecay :        0.000500
========== Epoch 304 ==========
LR =  0.0010000000000000002
Train - acc:        0.999800 loss:        0.002840
Test - acc:         0.945500 loss:        0.203546
Sparsity :          0.7500
Wdecay :        0.000500
========== Epoch 305 ==========
LR =  0.0010000000000000002
Train - acc:        0.999720 loss:        0.003073
Test - acc:         0.946100 loss:        0.201873
Sparsity :          0.7500
Wdecay :        0.000500
========== Epoch 306 ==========
LR =  0.0010000000000000002
Train - acc:        0.999860 loss:        0.003009
Test - acc:         0.944500 loss:        0.202586
Sparsity :          0.7500
Wdecay :        0.000500
========== Epoch 307 ==========
LR =  0.0010000000000000002
Train - acc:        0.999680 loss:        0.003288
Test - acc:         0.946600 loss:        0.200835
Sparsity :          0.7500
Wdecay :        0.000500
========== Epoch 308 ==========
LR =  0.0010000000000000002
Train - acc:        0.999740 loss:        0.003038
Test - acc:         0.946000 loss:        0.203832
Sparsity :          0.7500
Wdecay :        0.000500
========== Epoch 309 ==========
LR =  0.0010000000000000002
Train - acc:        0.999700 loss:        0.003228
Test - acc:         0.945400 loss:        0.202514
Sparsity :          0.7500
Wdecay :        0.000500
========== Epoch 310 ==========
LR =  0.0010000000000000002
Train - acc:        0.999860 loss:        0.003005
Test - acc:         0.945800 loss:        0.202337
Sparsity :          0.7500
Wdecay :        0.000500
========== Epoch 311 ==========
LR =  0.0010000000000000002
Train - acc:        0.999760 loss:        0.003172
Test - acc:         0.945600 loss:        0.201239
Sparsity :          0.7500
Wdecay :        0.000500
========== Epoch 312 ==========
LR =  0.0010000000000000002
Train - acc:        0.999840 loss:        0.002789
Test - acc:         0.946400 loss:        0.201529
Sparsity :          0.7500
Wdecay :        0.000500
========== Epoch 313 ==========
LR =  0.0010000000000000002
Train - acc:        0.999800 loss:        0.002975
Test - acc:         0.946200 loss:        0.202801
Sparsity :          0.7500
Wdecay :        0.000500
========== Epoch 314 ==========
LR =  0.0010000000000000002
Train - acc:        0.999820 loss:        0.002871
Test - acc:         0.946700 loss:        0.201525
Sparsity :          0.7500
Wdecay :        0.000500
========== Epoch 315 ==========
LR =  0.0010000000000000002
Train - acc:        0.999780 loss:        0.002866
Test - acc:         0.945600 loss:        0.202347
Sparsity :          0.7500
Wdecay :        0.000500
========== Epoch 316 ==========
LR =  0.0010000000000000002
Train - acc:        0.999820 loss:        0.002740
Test - acc:         0.946300 loss:        0.201617
Sparsity :          0.7500
Wdecay :        0.000500
========== Epoch 317 ==========
LR =  0.0010000000000000002
Train - acc:        0.999780 loss:        0.002819
Test - acc:         0.946300 loss:        0.200895
Sparsity :          0.7500
Wdecay :        0.000500
========== Epoch 318 ==========
LR =  0.0010000000000000002
Train - acc:        0.999780 loss:        0.002803
Test - acc:         0.946600 loss:        0.201408
Sparsity :          0.7500
Wdecay :        0.000500
========== Epoch 319 ==========
LR =  0.0010000000000000002
Train - acc:        0.999640 loss:        0.003307
Test - acc:         0.946700 loss:        0.200469
Sparsity :          0.7500
Wdecay :        0.000500
========== Epoch 320 ==========
LR =  0.0010000000000000002
Train - acc:        0.999860 loss:        0.002687
Test - acc:         0.945500 loss:        0.201153
Sparsity :          0.7500
Wdecay :        0.000500
========== Epoch 321 ==========
LR =  0.0010000000000000002
Train - acc:        0.999780 loss:        0.002880
Test - acc:         0.946400 loss:        0.199410
Sparsity :          0.7500
Wdecay :        0.000500
========== Epoch 322 ==========
LR =  0.0010000000000000002
Train - acc:        0.999860 loss:        0.002754
Test - acc:         0.947100 loss:        0.201938
Sparsity :          0.7500
Wdecay :        0.000500
========== Epoch 323 ==========
LR =  0.0010000000000000002
Train - acc:        0.999720 loss:        0.003028
Test - acc:         0.946600 loss:        0.199660
Sparsity :          0.7500
Wdecay :        0.000500
========== Epoch 324 ==========
LR =  0.0010000000000000002
Train - acc:        0.999800 loss:        0.002902
Test - acc:         0.946300 loss:        0.200492
Sparsity :          0.7500
Wdecay :        0.000500
========== Epoch 325 ==========
LR =  0.0010000000000000002
Train - acc:        0.999780 loss:        0.002874
Test - acc:         0.946900 loss:        0.200647
Sparsity :          0.7500
Wdecay :        0.000500
========== Epoch 326 ==========
LR =  0.0010000000000000002
Train - acc:        0.999840 loss:        0.002691
Test - acc:         0.946000 loss:        0.198989
Sparsity :          0.7500
Wdecay :        0.000500
========== Epoch 327 ==========
LR =  0.0010000000000000002
Train - acc:        0.999680 loss:        0.002877
Test - acc:         0.945700 loss:        0.198414
Sparsity :          0.7500
Wdecay :        0.000500
========== Epoch 328 ==========
LR =  0.0010000000000000002
Train - acc:        0.999900 loss:        0.002821
Test - acc:         0.945800 loss:        0.199507
Sparsity :          0.7500
Wdecay :        0.000500
========== Epoch 329 ==========
LR =  0.0010000000000000002
Train - acc:        0.999840 loss:        0.002779
Test - acc:         0.946300 loss:        0.200338
Sparsity :          0.7500
Wdecay :        0.000500
========== Epoch 330 ==========
LR =  0.0010000000000000002
Train - acc:        0.999800 loss:        0.002714
Test - acc:         0.946500 loss:        0.198844
Sparsity :          0.7500
Wdecay :        0.000500
========== Epoch 331 ==========
LR =  0.0010000000000000002
Train - acc:        0.999920 loss:        0.002632
Test - acc:         0.946300 loss:        0.198234
Sparsity :          0.7500
Wdecay :        0.000500
========== Epoch 332 ==========
LR =  0.0010000000000000002
Train - acc:        0.999880 loss:        0.002788
Test - acc:         0.946800 loss:        0.198631
Sparsity :          0.7500
Wdecay :        0.000500
========== Epoch 333 ==========
LR =  0.0010000000000000002
Train - acc:        0.999940 loss:        0.002659
Test - acc:         0.947800 loss:        0.196526
Sparsity :          0.7500
Wdecay :        0.000500
========== Epoch 334 ==========
LR =  0.0010000000000000002
Train - acc:        0.999780 loss:        0.002695
Test - acc:         0.947500 loss:        0.198858
Sparsity :          0.7500
Wdecay :        0.000500
========== Epoch 335 ==========
LR =  0.0010000000000000002
Train - acc:        0.999840 loss:        0.002600
Test - acc:         0.947600 loss:        0.198611
Sparsity :          0.7500
Wdecay :        0.000500
========== Epoch 336 ==========
LR =  0.0010000000000000002
Train - acc:        0.999820 loss:        0.002647
Test - acc:         0.946600 loss:        0.199032
Sparsity :          0.7500
Wdecay :        0.000500
========== Epoch 337 ==========
LR =  0.0010000000000000002
Train - acc:        0.999820 loss:        0.002677
Test - acc:         0.947200 loss:        0.198491
Sparsity :          0.7500
Wdecay :        0.000500
========== Epoch 338 ==========
LR =  0.0010000000000000002
Train - acc:        0.999880 loss:        0.002576
Test - acc:         0.946400 loss:        0.201331
Sparsity :          0.7500
Wdecay :        0.000500
========== Epoch 339 ==========
LR =  0.0010000000000000002
Train - acc:        0.999880 loss:        0.002694
Test - acc:         0.947900 loss:        0.195869
Sparsity :          0.7500
Wdecay :        0.000500
========== Epoch 340 ==========
LR =  0.0010000000000000002
Train - acc:        0.999820 loss:        0.002651
Test - acc:         0.946200 loss:        0.200054
Sparsity :          0.7500
Wdecay :        0.000500
========== Epoch 341 ==========
LR =  0.0010000000000000002
Train - acc:        0.999880 loss:        0.002694
Test - acc:         0.947700 loss:        0.198629
Sparsity :          0.7500
Wdecay :        0.000500
========== Epoch 342 ==========
LR =  0.0010000000000000002
Train - acc:        0.999780 loss:        0.002676
Test - acc:         0.946700 loss:        0.201090
Sparsity :          0.7500
Wdecay :        0.000500
========== Epoch 343 ==========
LR =  0.0010000000000000002
Train - acc:        0.999860 loss:        0.002684
Test - acc:         0.947000 loss:        0.199883
Sparsity :          0.7500
Wdecay :        0.000500
========== Epoch 344 ==========
LR =  0.0010000000000000002
Train - acc:        0.999920 loss:        0.002647
Test - acc:         0.946700 loss:        0.198685
Sparsity :          0.7500
Wdecay :        0.000500
========== Epoch 345 ==========
LR =  0.0010000000000000002
Train - acc:        0.999920 loss:        0.002563
Test - acc:         0.947700 loss:        0.201444
Sparsity :          0.7500
Wdecay :        0.000500
========== Epoch 346 ==========
LR =  0.0010000000000000002
Train - acc:        0.999860 loss:        0.002666
Test - acc:         0.946600 loss:        0.200024
Sparsity :          0.7500
Wdecay :        0.000500
========== Epoch 347 ==========
LR =  0.0010000000000000002
Train - acc:        0.999880 loss:        0.002516
Test - acc:         0.946900 loss:        0.198129
Sparsity :          0.7500
Wdecay :        0.000500
========== Epoch 348 ==========
LR =  0.0010000000000000002
Train - acc:        0.999920 loss:        0.002505
Test - acc:         0.946900 loss:        0.199869
Sparsity :          0.7500
Wdecay :        0.000500
========== Epoch 349 ==========
LR =  0.0010000000000000002
Train - acc:        0.999920 loss:        0.002594
Test - acc:         0.947200 loss:        0.199014
Sparsity :          0.7500
Wdecay :        0.000500
========== Epoch 350 ==========
LR =  0.0010000000000000002
Train - acc:        0.999840 loss:        0.002700
Test - acc:         0.946500 loss:        0.199090
Sparsity :          0.7500
Wdecay :        0.000500
