Running --model vgg19 --noise --prune_criterion weight_div_flips --seed 43 --prune_freq 70 --prune_rate 0.5 --comment=vgg19_crit=weight_div_flips_pf=70_seed=43 --save_model=pre-finetune/vgg19_weight_div_flips_pf70_s43 --logdir=criterion_experiment_no_bias/vgg19
******************************
Running
{
    "model": "vgg19",
    "dataset": "cifar10",
    "batch_size": 128,
    "test_batch_size": 2000,
    "epochs": 350,
    "lr": 0.1,
    "device": "cuda",
    "seed": 43,
    "prune_criterion": "weight_div_flips",
    "prune_freq": 70,
    "prune_rate": 0.5,
    "sensitivity": 0,
    "flip_threshold": 1,
    "stop_pruning_at": -1,
    "prune_bias": false,
    "prune_bnorm": false,
    "use_ema_flips": false,
    "beta_ema_flips": null,
    "reset_flip_cts": false,
    "normalize_magnitudes": false,
    "beta_ema_maghists": null,
    "logdir": "criterion_experiment_no_bias/vgg19",
    "opt": "sgd",
    "momentum": 0.9,
    "use_scheduler": true,
    "milestones": [
        150,
        250
    ],
    "reg_type": "wdecay",
    "lambda": 0.0005,
    "anneal_lambda": false,
    "anneal_lr": false,
    "add_noise": true,
    "scale_noise_by_lr": false,
    "stop_noise_at": -1,
    "noise_only_prunable": false,
    "noise_scale_factor": 1,
    "snip_sparsity": 0.0,
    "beta_ema": 0.999,
    "lambas": [
        1.0,
        1.0,
        1.0,
        1.0
    ],
    "local_rep": false,
    "temperature": 0.6666666666666666,
    "save_model": "pre-finetune/vgg19_weight_div_flips_pf70_s43",
    "load_model": null,
    "parallel": false
}
******************************
Files already downloaded and verified
Files already downloaded and verified
Total prunable params of model: 20024000
Model has 20040522 total params.
num_weights=20029504
num_biases=11018
---Biases omitted from pruning---
========== Epoch 1 ==========
LR =  0.1
Train - acc:        0.105080 loss:        3.010980
Test - acc:         0.123000 loss:        2.359551
Sparsity :          0.0000
Wdecay :        0.000500
========== Epoch 2 ==========
LR =  0.1
Train - acc:        0.174860 loss:        2.110594
Test - acc:         0.220300 loss:        1.926493
Sparsity :          0.0000
Wdecay :        0.000500
========== Epoch 3 ==========
LR =  0.1
Train - acc:        0.228320 loss:        1.910866
Test - acc:         0.260400 loss:        1.855760
Sparsity :          0.0000
Wdecay :        0.000500
========== Epoch 4 ==========
LR =  0.1
Train - acc:        0.280100 loss:        1.830354
Test - acc:         0.280900 loss:        1.853899
Sparsity :          0.0000
Wdecay :        0.000500
========== Epoch 5 ==========
LR =  0.1
Train - acc:        0.337380 loss:        1.708202
Test - acc:         0.334500 loss:        1.776725
Sparsity :          0.0000
Wdecay :        0.000500
========== Epoch 6 ==========
LR =  0.1
Train - acc:        0.462520 loss:        1.424452
Test - acc:         0.521400 loss:        1.340117
Sparsity :          0.0000
Wdecay :        0.000500
========== Epoch 7 ==========
LR =  0.1
Train - acc:        0.580400 loss:        1.178112
Test - acc:         0.606200 loss:        1.185553
Sparsity :          0.0000
Wdecay :        0.000500
========== Epoch 8 ==========
LR =  0.1
Train - acc:        0.652880 loss:        1.000811
Test - acc:         0.627500 loss:        1.159720
Sparsity :          0.0000
Wdecay :        0.000500
========== Epoch 9 ==========
LR =  0.1
Train - acc:        0.695780 loss:        0.890398
Test - acc:         0.423400 loss:        2.100009
Sparsity :          0.0000
Wdecay :        0.000500
========== Epoch 10 ==========
LR =  0.1
Train - acc:        0.726660 loss:        0.822717
Test - acc:         0.596000 loss:        1.244230
Sparsity :          0.0000
Wdecay :        0.000500
========== Epoch 11 ==========
LR =  0.1
Train - acc:        0.742400 loss:        0.778924
Test - acc:         0.633200 loss:        1.214685
Sparsity :          0.0000
Wdecay :        0.000500
========== Epoch 12 ==========
LR =  0.1
Train - acc:        0.756740 loss:        0.737486
Test - acc:         0.703600 loss:        0.920415
Sparsity :          0.0000
Wdecay :        0.000500
========== Epoch 13 ==========
LR =  0.1
Train - acc:        0.765240 loss:        0.717637
Test - acc:         0.699700 loss:        0.949451
Sparsity :          0.0000
Wdecay :        0.000500
========== Epoch 14 ==========
LR =  0.1
Train - acc:        0.769120 loss:        0.701513
Test - acc:         0.711200 loss:        0.881064
Sparsity :          0.0000
Wdecay :        0.000500
========== Epoch 15 ==========
LR =  0.1
Train - acc:        0.779120 loss:        0.674703
Test - acc:         0.733500 loss:        0.862860
Sparsity :          0.0000
Wdecay :        0.000500
========== Epoch 16 ==========
LR =  0.1
Train - acc:        0.783200 loss:        0.666881
Test - acc:         0.703900 loss:        0.881886
Sparsity :          0.0000
Wdecay :        0.000500
========== Epoch 17 ==========
LR =  0.1
Train - acc:        0.789080 loss:        0.649335
Test - acc:         0.656300 loss:        1.096627
Sparsity :          0.0000
Wdecay :        0.000500
========== Epoch 18 ==========
LR =  0.1
Train - acc:        0.790460 loss:        0.640201
Test - acc:         0.726200 loss:        0.868548
Sparsity :          0.0000
Wdecay :        0.000500
========== Epoch 19 ==========
LR =  0.1
Train - acc:        0.793520 loss:        0.634689
Test - acc:         0.695700 loss:        0.978369
Sparsity :          0.0000
Wdecay :        0.000500
========== Epoch 20 ==========
LR =  0.1
Train - acc:        0.799100 loss:        0.619804
Test - acc:         0.743000 loss:        0.818328
Sparsity :          0.0000
Wdecay :        0.000500
========== Epoch 21 ==========
LR =  0.1
Train - acc:        0.798620 loss:        0.618211
Test - acc:         0.759600 loss:        0.749610
Sparsity :          0.0000
Wdecay :        0.000500
========== Epoch 22 ==========
LR =  0.1
Train - acc:        0.801900 loss:        0.610053
Test - acc:         0.771800 loss:        0.715111
Sparsity :          0.0000
Wdecay :        0.000500
========== Epoch 23 ==========
LR =  0.1
Train - acc:        0.803940 loss:        0.601588
Test - acc:         0.746400 loss:        0.797954
Sparsity :          0.0000
Wdecay :        0.000500
========== Epoch 24 ==========
LR =  0.1
Train - acc:        0.806880 loss:        0.595910
Test - acc:         0.749800 loss:        0.763987
Sparsity :          0.0000
Wdecay :        0.000500
========== Epoch 25 ==========
LR =  0.1
Train - acc:        0.806680 loss:        0.596324
Test - acc:         0.764100 loss:        0.743477
Sparsity :          0.0000
Wdecay :        0.000500
========== Epoch 26 ==========
LR =  0.1
Train - acc:        0.811680 loss:        0.583949
Test - acc:         0.740500 loss:        0.875080
Sparsity :          0.0000
Wdecay :        0.000500
========== Epoch 27 ==========
LR =  0.1
Train - acc:        0.813120 loss:        0.581808
Test - acc:         0.771900 loss:        0.738781
Sparsity :          0.0000
Wdecay :        0.000500
========== Epoch 28 ==========
LR =  0.1
Train - acc:        0.810200 loss:        0.591224
Test - acc:         0.796400 loss:        0.653327
Sparsity :          0.0000
Wdecay :        0.000500
========== Epoch 29 ==========
LR =  0.1
Train - acc:        0.815840 loss:        0.575764
Test - acc:         0.768500 loss:        0.731990
Sparsity :          0.0000
Wdecay :        0.000500
========== Epoch 30 ==========
LR =  0.1
Train - acc:        0.818460 loss:        0.565293
Test - acc:         0.714600 loss:        1.062118
Sparsity :          0.0000
Wdecay :        0.000500
========== Epoch 31 ==========
LR =  0.1
Train - acc:        0.815740 loss:        0.568747
Test - acc:         0.728600 loss:        0.906000
Sparsity :          0.0000
Wdecay :        0.000500
========== Epoch 32 ==========
LR =  0.1
Train - acc:        0.820140 loss:        0.556274
Test - acc:         0.751500 loss:        0.763809
Sparsity :          0.0000
Wdecay :        0.000500
========== Epoch 33 ==========
LR =  0.1
Train - acc:        0.821360 loss:        0.550424
Test - acc:         0.742300 loss:        0.803933
Sparsity :          0.0000
Wdecay :        0.000500
========== Epoch 34 ==========
LR =  0.1
Train - acc:        0.824640 loss:        0.536757
Test - acc:         0.737600 loss:        0.848563
Sparsity :          0.0000
Wdecay :        0.000500
========== Epoch 35 ==========
LR =  0.1
Train - acc:        0.821820 loss:        0.548264
Test - acc:         0.769800 loss:        0.700512
Sparsity :          0.0000
Wdecay :        0.000500
========== Epoch 36 ==========
LR =  0.1
Train - acc:        0.825780 loss:        0.531818
Test - acc:         0.803300 loss:        0.611700
Sparsity :          0.0000
Wdecay :        0.000500
========== Epoch 37 ==========
LR =  0.1
Train - acc:        0.825700 loss:        0.535579
Test - acc:         0.762300 loss:        0.728204
Sparsity :          0.0000
Wdecay :        0.000500
========== Epoch 38 ==========
LR =  0.1
Train - acc:        0.823540 loss:        0.540783
Test - acc:         0.700600 loss:        1.089660
Sparsity :          0.0000
Wdecay :        0.000500
========== Epoch 39 ==========
LR =  0.1
Train - acc:        0.832020 loss:        0.518581
Test - acc:         0.781100 loss:        0.668750
Sparsity :          0.0000
Wdecay :        0.000500
========== Epoch 40 ==========
LR =  0.1
Train - acc:        0.825920 loss:        0.525356
Test - acc:         0.666000 loss:        1.032864
Sparsity :          0.0000
Wdecay :        0.000500
========== Epoch 41 ==========
LR =  0.1
Train - acc:        0.827940 loss:        0.532092
Test - acc:         0.796600 loss:        0.641124
Sparsity :          0.0000
Wdecay :        0.000500
========== Epoch 42 ==========
LR =  0.1
Train - acc:        0.830740 loss:        0.518151
Test - acc:         0.778200 loss:        0.710261
Sparsity :          0.0000
Wdecay :        0.000500
========== Epoch 43 ==========
LR =  0.1
Train - acc:        0.830560 loss:        0.521638
Test - acc:         0.788600 loss:        0.680467
Sparsity :          0.0000
Wdecay :        0.000500
========== Epoch 44 ==========
LR =  0.1
Train - acc:        0.831600 loss:        0.509270
Test - acc:         0.732500 loss:        0.964182
Sparsity :          0.0000
Wdecay :        0.000500
========== Epoch 45 ==========
LR =  0.1
Train - acc:        0.832740 loss:        0.514588
Test - acc:         0.697400 loss:        1.052124
Sparsity :          0.0000
Wdecay :        0.000500
========== Epoch 46 ==========
LR =  0.1
Train - acc:        0.828900 loss:        0.529269
Test - acc:         0.768000 loss:        0.714781
Sparsity :          0.0000
Wdecay :        0.000500
========== Epoch 47 ==========
LR =  0.1
Train - acc:        0.832320 loss:        0.512289
Test - acc:         0.735000 loss:        0.923304
Sparsity :          0.0000
Wdecay :        0.000500
========== Epoch 48 ==========
LR =  0.1
Train - acc:        0.834720 loss:        0.510133
Test - acc:         0.739700 loss:        0.807287
Sparsity :          0.0000
Wdecay :        0.000500
========== Epoch 49 ==========
LR =  0.1
Train - acc:        0.833980 loss:        0.509278
Test - acc:         0.746400 loss:        0.758677
Sparsity :          0.0000
Wdecay :        0.000500
========== Epoch 50 ==========
LR =  0.1
Train - acc:        0.832760 loss:        0.516091
Test - acc:         0.797600 loss:        0.630031
Sparsity :          0.0000
Wdecay :        0.000500
========== Epoch 51 ==========
LR =  0.1
Train - acc:        0.835920 loss:        0.502848
Test - acc:         0.755600 loss:        0.802341
Sparsity :          0.0000
Wdecay :        0.000500
========== Epoch 52 ==========
LR =  0.1
Train - acc:        0.831960 loss:        0.515489
Test - acc:         0.769700 loss:        0.759991
Sparsity :          0.0000
Wdecay :        0.000500
========== Epoch 53 ==========
LR =  0.1
Train - acc:        0.834440 loss:        0.507057
Test - acc:         0.703200 loss:        1.025879
Sparsity :          0.0000
Wdecay :        0.000500
========== Epoch 54 ==========
LR =  0.1
Train - acc:        0.836240 loss:        0.500454
Test - acc:         0.780200 loss:        0.691732
Sparsity :          0.0000
Wdecay :        0.000500
========== Epoch 55 ==========
LR =  0.1
Train - acc:        0.841360 loss:        0.492747
Test - acc:         0.650800 loss:        1.340879
Sparsity :          0.0000
Wdecay :        0.000500
========== Epoch 56 ==========
LR =  0.1
Train - acc:        0.832960 loss:        0.512779
Test - acc:         0.775300 loss:        0.707909
Sparsity :          0.0000
Wdecay :        0.000500
========== Epoch 57 ==========
LR =  0.1
Train - acc:        0.837360 loss:        0.503079
Test - acc:         0.778300 loss:        0.761992
Sparsity :          0.0000
Wdecay :        0.000500
========== Epoch 58 ==========
LR =  0.1
Train - acc:        0.835780 loss:        0.501083
Test - acc:         0.835600 loss:        0.503770
Sparsity :          0.0000
Wdecay :        0.000500
========== Epoch 59 ==========
LR =  0.1
Train - acc:        0.838000 loss:        0.496474
Test - acc:         0.736300 loss:        0.888240
Sparsity :          0.0000
Wdecay :        0.000500
========== Epoch 60 ==========
LR =  0.1
Train - acc:        0.835760 loss:        0.502303
Test - acc:         0.820000 loss:        0.584491
Sparsity :          0.0000
Wdecay :        0.000500
========== Epoch 61 ==========
LR =  0.1
Train - acc:        0.839120 loss:        0.492593
Test - acc:         0.801300 loss:        0.626600
Sparsity :          0.0000
Wdecay :        0.000500
========== Epoch 62 ==========
LR =  0.1
Train - acc:        0.839320 loss:        0.492500
Test - acc:         0.800300 loss:        0.642528
Sparsity :          0.0000
Wdecay :        0.000500
========== Epoch 63 ==========
LR =  0.1
Train - acc:        0.837200 loss:        0.505088
Test - acc:         0.707500 loss:        1.004889
Sparsity :          0.0000
Wdecay :        0.000500
========== Epoch 64 ==========
LR =  0.1
Train - acc:        0.838940 loss:        0.494653
Test - acc:         0.641900 loss:        1.282814
Sparsity :          0.0000
Wdecay :        0.000500
========== Epoch 65 ==========
LR =  0.1
Train - acc:        0.837460 loss:        0.496300
Test - acc:         0.797000 loss:        0.635648
Sparsity :          0.0000
Wdecay :        0.000500
========== Epoch 66 ==========
LR =  0.1
Train - acc:        0.838100 loss:        0.498828
Test - acc:         0.779200 loss:        0.719611
Sparsity :          0.0000
Wdecay :        0.000500
========== Epoch 67 ==========
LR =  0.1
Train - acc:        0.838500 loss:        0.496506
Test - acc:         0.726900 loss:        0.881932
Sparsity :          0.0000
Wdecay :        0.000500
========== Epoch 68 ==========
LR =  0.1
Train - acc:        0.842940 loss:        0.486942
Test - acc:         0.758300 loss:        0.808380
Sparsity :          0.0000
Wdecay :        0.000500
========== Epoch 69 ==========
LR =  0.1
Train - acc:        0.840120 loss:        0.492301
Test - acc:         0.727100 loss:        0.964323
Sparsity :          0.0000
Wdecay :        0.000500
========== Epoch 70 ==========
LR =  0.1
Train - acc:        0.838420 loss:        0.498529
Test - acc:         0.798300 loss:        0.670051
Sparsity :          0.5000
Wdecay :        0.000500
========== Epoch 71 ==========
LR =  0.1
Train - acc:        0.845700 loss:        0.472813
Test - acc:         0.773800 loss:        0.706707
Sparsity :          0.5000
Wdecay :        0.000500
========== Epoch 72 ==========
LR =  0.1
Train - acc:        0.844760 loss:        0.468974
Test - acc:         0.831600 loss:        0.507512
Sparsity :          0.5000
Wdecay :        0.000500
========== Epoch 73 ==========
LR =  0.1
Train - acc:        0.846060 loss:        0.474297
Test - acc:         0.788000 loss:        0.685385
Sparsity :          0.5000
Wdecay :        0.000500
========== Epoch 74 ==========
LR =  0.1
Train - acc:        0.843620 loss:        0.475088
Test - acc:         0.775700 loss:        0.696569
Sparsity :          0.5000
Wdecay :        0.000500
========== Epoch 75 ==========
LR =  0.1
Train - acc:        0.843800 loss:        0.478665
Test - acc:         0.758400 loss:        0.751314
Sparsity :          0.5000
Wdecay :        0.000500
========== Epoch 76 ==========
LR =  0.1
Train - acc:        0.843260 loss:        0.477620
Test - acc:         0.802700 loss:        0.630324
Sparsity :          0.5000
Wdecay :        0.000500
========== Epoch 77 ==========
LR =  0.1
Train - acc:        0.843200 loss:        0.479636
Test - acc:         0.799900 loss:        0.644992
Sparsity :          0.5000
Wdecay :        0.000500
========== Epoch 78 ==========
LR =  0.1
Train - acc:        0.842980 loss:        0.475647
Test - acc:         0.795300 loss:        0.655697
Sparsity :          0.5000
Wdecay :        0.000500
========== Epoch 79 ==========
LR =  0.1
Train - acc:        0.843640 loss:        0.475263
Test - acc:         0.697900 loss:        1.021682
Sparsity :          0.5000
Wdecay :        0.000500
========== Epoch 80 ==========
LR =  0.1
Train - acc:        0.840540 loss:        0.483982
Test - acc:         0.778900 loss:        0.720622
Sparsity :          0.5000
Wdecay :        0.000500
========== Epoch 81 ==========
LR =  0.1
Train - acc:        0.842720 loss:        0.474601
Test - acc:         0.747100 loss:        0.833337
Sparsity :          0.5000
Wdecay :        0.000500
========== Epoch 82 ==========
LR =  0.1
Train - acc:        0.843260 loss:        0.472448
Test - acc:         0.804200 loss:        0.601057
Sparsity :          0.5000
Wdecay :        0.000500
========== Epoch 83 ==========
LR =  0.1
Train - acc:        0.846960 loss:        0.467769
Test - acc:         0.734600 loss:        0.970973
Sparsity :          0.5000
Wdecay :        0.000500
========== Epoch 84 ==========
LR =  0.1
Train - acc:        0.844220 loss:        0.472378
Test - acc:         0.684200 loss:        1.016237
Sparsity :          0.5000
Wdecay :        0.000500
========== Epoch 85 ==========
LR =  0.1
Train - acc:        0.841940 loss:        0.480871
Test - acc:         0.828100 loss:        0.554225
Sparsity :          0.5000
Wdecay :        0.000500
========== Epoch 86 ==========
LR =  0.1
Train - acc:        0.846740 loss:        0.474533
Test - acc:         0.795200 loss:        0.640249
Sparsity :          0.5000
Wdecay :        0.000500
========== Epoch 87 ==========
LR =  0.1
Train - acc:        0.845320 loss:        0.471850
Test - acc:         0.816100 loss:        0.589265
Sparsity :          0.5000
Wdecay :        0.000500
========== Epoch 88 ==========
LR =  0.1
Train - acc:        0.847000 loss:        0.466545
Test - acc:         0.800300 loss:        0.609545
Sparsity :          0.5000
Wdecay :        0.000500
========== Epoch 89 ==========
LR =  0.1
Train - acc:        0.845920 loss:        0.470832
Test - acc:         0.749200 loss:        0.916574
Sparsity :          0.5000
Wdecay :        0.000500
========== Epoch 90 ==========
LR =  0.1
Train - acc:        0.843860 loss:        0.476094
Test - acc:         0.825300 loss:        0.538573
Sparsity :          0.5000
Wdecay :        0.000500
========== Epoch 91 ==========
LR =  0.1
Train - acc:        0.843020 loss:        0.475203
Test - acc:         0.794400 loss:        0.623697
Sparsity :          0.5000
Wdecay :        0.000500
========== Epoch 92 ==========
LR =  0.1
Train - acc:        0.844640 loss:        0.473398
Test - acc:         0.758300 loss:        0.724459
Sparsity :          0.5000
Wdecay :        0.000500
========== Epoch 93 ==========
LR =  0.1
Train - acc:        0.844660 loss:        0.471679
Test - acc:         0.802700 loss:        0.603011
Sparsity :          0.5000
Wdecay :        0.000500
========== Epoch 94 ==========
LR =  0.1
Train - acc:        0.844580 loss:        0.466428
Test - acc:         0.820000 loss:        0.572124
Sparsity :          0.5000
Wdecay :        0.000500
========== Epoch 95 ==========
LR =  0.1
Train - acc:        0.845560 loss:        0.470567
Test - acc:         0.811200 loss:        0.588431
Sparsity :          0.5000
Wdecay :        0.000500
========== Epoch 96 ==========
LR =  0.1
Train - acc:        0.845420 loss:        0.474493
Test - acc:         0.788200 loss:        0.697294
Sparsity :          0.5000
Wdecay :        0.000500
========== Epoch 97 ==========
LR =  0.1
Train - acc:        0.845040 loss:        0.474343
Test - acc:         0.817600 loss:        0.549144
Sparsity :          0.5000
Wdecay :        0.000500
========== Epoch 98 ==========
LR =  0.1
Train - acc:        0.845400 loss:        0.467789
Test - acc:         0.805900 loss:        0.603874
Sparsity :          0.5000
Wdecay :        0.000500
========== Epoch 99 ==========
LR =  0.1
Train - acc:        0.846340 loss:        0.467317
Test - acc:         0.812000 loss:        0.598105
Sparsity :          0.5000
Wdecay :        0.000500
========== Epoch 100 ==========
LR =  0.1
Train - acc:        0.845960 loss:        0.463803
Test - acc:         0.753700 loss:        0.760148
Sparsity :          0.5000
Wdecay :        0.000500
========== Epoch 101 ==========
LR =  0.1
Train - acc:        0.845840 loss:        0.470673
Test - acc:         0.807800 loss:        0.618256
Sparsity :          0.5000
Wdecay :        0.000500
========== Epoch 102 ==========
LR =  0.1
Train - acc:        0.845340 loss:        0.468895
Test - acc:         0.800100 loss:        0.611048
Sparsity :          0.5000
Wdecay :        0.000500
========== Epoch 103 ==========
LR =  0.1
Train - acc:        0.844940 loss:        0.469140
Test - acc:         0.780400 loss:        0.677270
Sparsity :          0.5000
Wdecay :        0.000500
========== Epoch 104 ==========
LR =  0.1
Train - acc:        0.849220 loss:        0.461283
Test - acc:         0.807800 loss:        0.626839
Sparsity :          0.5000
Wdecay :        0.000500
========== Epoch 105 ==========
LR =  0.1
Train - acc:        0.844980 loss:        0.471337
Test - acc:         0.813600 loss:        0.585643
Sparsity :          0.5000
Wdecay :        0.000500
========== Epoch 106 ==========
LR =  0.1
Train - acc:        0.848100 loss:        0.467768
Test - acc:         0.814700 loss:        0.564077
Sparsity :          0.5000
Wdecay :        0.000500
========== Epoch 107 ==========
LR =  0.1
Train - acc:        0.846280 loss:        0.466500
Test - acc:         0.804200 loss:        0.605349
Sparsity :          0.5000
Wdecay :        0.000500
========== Epoch 108 ==========
LR =  0.1
Train - acc:        0.843620 loss:        0.474127
Test - acc:         0.756900 loss:        0.776715
Sparsity :          0.5000
Wdecay :        0.000500
========== Epoch 109 ==========
LR =  0.1
Train - acc:        0.845200 loss:        0.472937
Test - acc:         0.796100 loss:        0.613047
Sparsity :          0.5000
Wdecay :        0.000500
========== Epoch 110 ==========
LR =  0.1
Train - acc:        0.847560 loss:        0.464473
Test - acc:         0.792000 loss:        0.634930
Sparsity :          0.5000
Wdecay :        0.000500
========== Epoch 111 ==========
LR =  0.1
Train - acc:        0.847940 loss:        0.459106
Test - acc:         0.795700 loss:        0.648637
Sparsity :          0.5000
Wdecay :        0.000500
========== Epoch 112 ==========
LR =  0.1
Train - acc:        0.847160 loss:        0.465333
Test - acc:         0.813500 loss:        0.575658
Sparsity :          0.5000
Wdecay :        0.000500
========== Epoch 113 ==========
LR =  0.1
Train - acc:        0.847740 loss:        0.460744
Test - acc:         0.773200 loss:        0.702947
Sparsity :          0.5000
Wdecay :        0.000500
========== Epoch 114 ==========
LR =  0.1
Train - acc:        0.848240 loss:        0.464687
Test - acc:         0.795100 loss:        0.643115
Sparsity :          0.5000
Wdecay :        0.000500
========== Epoch 115 ==========
LR =  0.1
Train - acc:        0.849080 loss:        0.458144
Test - acc:         0.835300 loss:        0.501179
Sparsity :          0.5000
Wdecay :        0.000500
========== Epoch 116 ==========
LR =  0.1
Train - acc:        0.847220 loss:        0.462732
Test - acc:         0.801800 loss:        0.613176
Sparsity :          0.5000
Wdecay :        0.000500
========== Epoch 117 ==========
LR =  0.1
Train - acc:        0.849020 loss:        0.461087
Test - acc:         0.794500 loss:        0.662409
Sparsity :          0.5000
Wdecay :        0.000500
========== Epoch 118 ==========
LR =  0.1
Train - acc:        0.846020 loss:        0.466797
Test - acc:         0.796700 loss:        0.620051
Sparsity :          0.5000
Wdecay :        0.000500
========== Epoch 119 ==========
LR =  0.1
Train - acc:        0.847800 loss:        0.460631
Test - acc:         0.807200 loss:        0.579529
Sparsity :          0.5000
Wdecay :        0.000500
========== Epoch 120 ==========
LR =  0.1
Train - acc:        0.845860 loss:        0.463944
Test - acc:         0.746900 loss:        0.971772
Sparsity :          0.5000
Wdecay :        0.000500
========== Epoch 121 ==========
LR =  0.1
Train - acc:        0.848240 loss:        0.459305
Test - acc:         0.786200 loss:        0.702554
Sparsity :          0.5000
Wdecay :        0.000500
========== Epoch 122 ==========
LR =  0.1
Train - acc:        0.850500 loss:        0.456906
Test - acc:         0.801300 loss:        0.602484
Sparsity :          0.5000
Wdecay :        0.000500
========== Epoch 123 ==========
LR =  0.1
Train - acc:        0.843260 loss:        0.465361
Test - acc:         0.809500 loss:        0.590634
Sparsity :          0.5000
Wdecay :        0.000500
========== Epoch 124 ==========
LR =  0.1
Train - acc:        0.848520 loss:        0.459894
Test - acc:         0.723700 loss:        1.013413
Sparsity :          0.5000
Wdecay :        0.000500
========== Epoch 125 ==========
LR =  0.1
Train - acc:        0.844160 loss:        0.470290
Test - acc:         0.797000 loss:        0.601311
Sparsity :          0.5000
Wdecay :        0.000500
========== Epoch 126 ==========
LR =  0.1
Train - acc:        0.849100 loss:        0.459149
Test - acc:         0.687900 loss:        1.082750
Sparsity :          0.5000
Wdecay :        0.000500
========== Epoch 127 ==========
LR =  0.1
Train - acc:        0.846680 loss:        0.467358
Test - acc:         0.786000 loss:        0.701785
Sparsity :          0.5000
Wdecay :        0.000500
========== Epoch 128 ==========
LR =  0.1
Train - acc:        0.850140 loss:        0.457915
Test - acc:         0.764100 loss:        0.787833
Sparsity :          0.5000
Wdecay :        0.000500
========== Epoch 129 ==========
LR =  0.1
Train - acc:        0.848080 loss:        0.465647
Test - acc:         0.774000 loss:        0.769335
Sparsity :          0.5000
Wdecay :        0.000500
========== Epoch 130 ==========
LR =  0.1
Train - acc:        0.845180 loss:        0.469053
Test - acc:         0.824500 loss:        0.548599
Sparsity :          0.5000
Wdecay :        0.000500
========== Epoch 131 ==========
LR =  0.1
Train - acc:        0.846940 loss:        0.465136
Test - acc:         0.825100 loss:        0.529521
Sparsity :          0.5000
Wdecay :        0.000500
========== Epoch 132 ==========
LR =  0.1
Train - acc:        0.847700 loss:        0.464621
Test - acc:         0.816600 loss:        0.558200
Sparsity :          0.5000
Wdecay :        0.000500
========== Epoch 133 ==========
LR =  0.1
Train - acc:        0.845720 loss:        0.465614
Test - acc:         0.769600 loss:        0.743136
Sparsity :          0.5000
Wdecay :        0.000500
========== Epoch 134 ==========
LR =  0.1
Train - acc:        0.850780 loss:        0.456025
Test - acc:         0.809600 loss:        0.605378
Sparsity :          0.5000
Wdecay :        0.000500
========== Epoch 135 ==========
LR =  0.1
Train - acc:        0.847480 loss:        0.460151
Test - acc:         0.826000 loss:        0.539517
Sparsity :          0.5000
Wdecay :        0.000500
========== Epoch 136 ==========
LR =  0.1
Train - acc:        0.847280 loss:        0.461803
Test - acc:         0.793200 loss:        0.618043
Sparsity :          0.5000
Wdecay :        0.000500
========== Epoch 137 ==========
LR =  0.1
Train - acc:        0.846980 loss:        0.468549
Test - acc:         0.700300 loss:        0.939552
Sparsity :          0.5000
Wdecay :        0.000500
========== Epoch 138 ==========
LR =  0.1
Train - acc:        0.848640 loss:        0.461300
Test - acc:         0.821400 loss:        0.558841
Sparsity :          0.5000
Wdecay :        0.000500
========== Epoch 139 ==========
LR =  0.1
Train - acc:        0.848920 loss:        0.454495
Test - acc:         0.728700 loss:        0.959229
Sparsity :          0.5000
Wdecay :        0.000500
========== Epoch 140 ==========
LR =  0.1
Train - acc:        0.848060 loss:        0.461954
Test - acc:         0.769100 loss:        0.757227
Sparsity :          0.7500
Wdecay :        0.000500
========== Epoch 141 ==========
LR =  0.1
Train - acc:        0.855200 loss:        0.441897
Test - acc:         0.807800 loss:        0.617883
Sparsity :          0.7500
Wdecay :        0.000500
========== Epoch 142 ==========
LR =  0.1
Train - acc:        0.853040 loss:        0.446139
Test - acc:         0.778400 loss:        0.721742
Sparsity :          0.7500
Wdecay :        0.000500
========== Epoch 143 ==========
LR =  0.1
Train - acc:        0.849540 loss:        0.456739
Test - acc:         0.845000 loss:        0.478163
Sparsity :          0.7500
Wdecay :        0.000500
========== Epoch 144 ==========
LR =  0.1
Train - acc:        0.849540 loss:        0.452039
Test - acc:         0.820600 loss:        0.555349
Sparsity :          0.7500
Wdecay :        0.000500
========== Epoch 145 ==========
LR =  0.1
Train - acc:        0.849920 loss:        0.452553
Test - acc:         0.768100 loss:        0.735465
Sparsity :          0.7500
Wdecay :        0.000500
========== Epoch 146 ==========
LR =  0.1
Train - acc:        0.848760 loss:        0.456671
Test - acc:         0.813700 loss:        0.568213
Sparsity :          0.7500
Wdecay :        0.000500
========== Epoch 147 ==========
LR =  0.1
Train - acc:        0.850580 loss:        0.457445
Test - acc:         0.806900 loss:        0.603634
Sparsity :          0.7500
Wdecay :        0.000500
========== Epoch 148 ==========
LR =  0.1
Train - acc:        0.850280 loss:        0.454433
Test - acc:         0.838400 loss:        0.495343
Sparsity :          0.7500
Wdecay :        0.000500
========== Epoch 149 ==========
LR =  0.1
Train - acc:        0.852960 loss:        0.443634
Test - acc:         0.813200 loss:        0.591257
Sparsity :          0.7500
Wdecay :        0.000500
========== Epoch 150 ==========
LR =  0.010000000000000002
Train - acc:        0.849920 loss:        0.457622
Test - acc:         0.787800 loss:        0.682478
Sparsity :          0.7500
Wdecay :        0.000500
========== Epoch 151 ==========
LR =  0.010000000000000002
Train - acc:        0.908320 loss:        0.275239
Test - acc:         0.902100 loss:        0.301316
Sparsity :          0.7500
Wdecay :        0.000500
========== Epoch 152 ==========
LR =  0.010000000000000002
Train - acc:        0.927920 loss:        0.219247
Test - acc:         0.902200 loss:        0.291681
Sparsity :          0.7500
Wdecay :        0.000500
========== Epoch 153 ==========
LR =  0.010000000000000002
Train - acc:        0.932900 loss:        0.199465
Test - acc:         0.908400 loss:        0.272294
Sparsity :          0.7500
Wdecay :        0.000500
========== Epoch 154 ==========
LR =  0.010000000000000002
Train - acc:        0.938740 loss:        0.184285
Test - acc:         0.909500 loss:        0.274843
Sparsity :          0.7500
Wdecay :        0.000500
========== Epoch 155 ==========
LR =  0.010000000000000002
Train - acc:        0.941420 loss:        0.174859
Test - acc:         0.912100 loss:        0.273773
Sparsity :          0.7500
Wdecay :        0.000500
========== Epoch 156 ==========
LR =  0.010000000000000002
Train - acc:        0.945120 loss:        0.163534
Test - acc:         0.911000 loss:        0.283166
Sparsity :          0.7500
Wdecay :        0.000500
========== Epoch 157 ==========
LR =  0.010000000000000002
Train - acc:        0.948560 loss:        0.152626
Test - acc:         0.911400 loss:        0.270210
Sparsity :          0.7500
Wdecay :        0.000500
========== Epoch 158 ==========
LR =  0.010000000000000002
Train - acc:        0.952260 loss:        0.139214
Test - acc:         0.914300 loss:        0.276968
Sparsity :          0.7500
Wdecay :        0.000500
========== Epoch 159 ==========
LR =  0.010000000000000002
Train - acc:        0.952640 loss:        0.139831
Test - acc:         0.913600 loss:        0.284756
Sparsity :          0.7500
Wdecay :        0.000500
========== Epoch 160 ==========
LR =  0.010000000000000002
Train - acc:        0.955800 loss:        0.130660
Test - acc:         0.911700 loss:        0.288120
Sparsity :          0.7500
Wdecay :        0.000500
========== Epoch 161 ==========
LR =  0.010000000000000002
Train - acc:        0.956220 loss:        0.126731
Test - acc:         0.906500 loss:        0.304388
Sparsity :          0.7500
Wdecay :        0.000500
========== Epoch 162 ==========
LR =  0.010000000000000002
Train - acc:        0.957600 loss:        0.121940
Test - acc:         0.910200 loss:        0.299796
Sparsity :          0.7500
Wdecay :        0.000500
========== Epoch 163 ==========
LR =  0.010000000000000002
Train - acc:        0.958300 loss:        0.122864
Test - acc:         0.912100 loss:        0.291105
Sparsity :          0.7500
Wdecay :        0.000500
========== Epoch 164 ==========
LR =  0.010000000000000002
Train - acc:        0.960700 loss:        0.115064
Test - acc:         0.913600 loss:        0.284578
Sparsity :          0.7500
Wdecay :        0.000500
========== Epoch 165 ==========
LR =  0.010000000000000002
Train - acc:        0.963120 loss:        0.108691
Test - acc:         0.913500 loss:        0.297977
Sparsity :          0.7500
Wdecay :        0.000500
========== Epoch 166 ==========
LR =  0.010000000000000002
Train - acc:        0.962340 loss:        0.110196
Test - acc:         0.911000 loss:        0.301289
Sparsity :          0.7500
Wdecay :        0.000500
========== Epoch 167 ==========
LR =  0.010000000000000002
Train - acc:        0.964480 loss:        0.104005
Test - acc:         0.907100 loss:        0.324228
Sparsity :          0.7500
Wdecay :        0.000500
========== Epoch 168 ==========
LR =  0.010000000000000002
Train - acc:        0.962440 loss:        0.109489
Test - acc:         0.913300 loss:        0.292170
Sparsity :          0.7500
Wdecay :        0.000500
========== Epoch 169 ==========
LR =  0.010000000000000002
Train - acc:        0.965340 loss:        0.100269
Test - acc:         0.907300 loss:        0.309752
Sparsity :          0.7500
Wdecay :        0.000500
========== Epoch 170 ==========
LR =  0.010000000000000002
Train - acc:        0.964160 loss:        0.103386
Test - acc:         0.906300 loss:        0.320043
Sparsity :          0.7500
Wdecay :        0.000500
========== Epoch 171 ==========
LR =  0.010000000000000002
Train - acc:        0.964080 loss:        0.104818
Test - acc:         0.912500 loss:        0.299049
Sparsity :          0.7500
Wdecay :        0.000500
========== Epoch 172 ==========
LR =  0.010000000000000002
Train - acc:        0.964460 loss:        0.103687
Test - acc:         0.912700 loss:        0.300467
Sparsity :          0.7500
Wdecay :        0.000500
========== Epoch 173 ==========
LR =  0.010000000000000002
Train - acc:        0.963400 loss:        0.104757
Test - acc:         0.896600 loss:        0.346873
Sparsity :          0.7500
Wdecay :        0.000500
========== Epoch 174 ==========
LR =  0.010000000000000002
Train - acc:        0.963660 loss:        0.104618
Test - acc:         0.913700 loss:        0.290199
Sparsity :          0.7500
Wdecay :        0.000500
========== Epoch 175 ==========
LR =  0.010000000000000002
Train - acc:        0.963440 loss:        0.104180
Test - acc:         0.909200 loss:        0.311132
Sparsity :          0.7500
Wdecay :        0.000500
========== Epoch 176 ==========
LR =  0.010000000000000002
Train - acc:        0.964440 loss:        0.104007
Test - acc:         0.911300 loss:        0.297582
Sparsity :          0.7500
Wdecay :        0.000500
========== Epoch 177 ==========
LR =  0.010000000000000002
Train - acc:        0.965540 loss:        0.100932
Test - acc:         0.906400 loss:        0.322517
Sparsity :          0.7500
Wdecay :        0.000500
========== Epoch 178 ==========
LR =  0.010000000000000002
Train - acc:        0.965320 loss:        0.101099
Test - acc:         0.907500 loss:        0.322157
Sparsity :          0.7500
Wdecay :        0.000500
========== Epoch 179 ==========
LR =  0.010000000000000002
Train - acc:        0.965760 loss:        0.101226
Test - acc:         0.903300 loss:        0.334856
Sparsity :          0.7500
Wdecay :        0.000500
========== Epoch 180 ==========
LR =  0.010000000000000002
Train - acc:        0.965640 loss:        0.100759
Test - acc:         0.902800 loss:        0.344557
Sparsity :          0.7500
Wdecay :        0.000500
========== Epoch 181 ==========
LR =  0.010000000000000002
Train - acc:        0.963780 loss:        0.105139
Test - acc:         0.897000 loss:        0.368995
Sparsity :          0.7500
Wdecay :        0.000500
========== Epoch 182 ==========
LR =  0.010000000000000002
Train - acc:        0.963400 loss:        0.106179
Test - acc:         0.906100 loss:        0.327808
Sparsity :          0.7500
Wdecay :        0.000500
========== Epoch 183 ==========
LR =  0.010000000000000002
Train - acc:        0.965980 loss:        0.101495
Test - acc:         0.906300 loss:        0.326777
Sparsity :          0.7500
Wdecay :        0.000500
========== Epoch 184 ==========
LR =  0.010000000000000002
Train - acc:        0.964640 loss:        0.101865
Test - acc:         0.904300 loss:        0.329464
Sparsity :          0.7500
Wdecay :        0.000500
========== Epoch 185 ==========
LR =  0.010000000000000002
Train - acc:        0.965960 loss:        0.099420
Test - acc:         0.905700 loss:        0.328430
Sparsity :          0.7500
Wdecay :        0.000500
========== Epoch 186 ==========
LR =  0.010000000000000002
Train - acc:        0.965540 loss:        0.102064
Test - acc:         0.904600 loss:        0.347635
Sparsity :          0.7500
Wdecay :        0.000500
========== Epoch 187 ==========
LR =  0.010000000000000002
Train - acc:        0.964340 loss:        0.104245
Test - acc:         0.907500 loss:        0.318817
Sparsity :          0.7500
Wdecay :        0.000500
========== Epoch 188 ==========
LR =  0.010000000000000002
Train - acc:        0.965480 loss:        0.102091
Test - acc:         0.899300 loss:        0.348722
Sparsity :          0.7500
Wdecay :        0.000500
========== Epoch 189 ==========
LR =  0.010000000000000002
Train - acc:        0.963800 loss:        0.104148
Test - acc:         0.907400 loss:        0.319873
Sparsity :          0.7500
Wdecay :        0.000500
========== Epoch 190 ==========
LR =  0.010000000000000002
Train - acc:        0.962820 loss:        0.107524
Test - acc:         0.893000 loss:        0.380461
Sparsity :          0.7500
Wdecay :        0.000500
========== Epoch 191 ==========
LR =  0.010000000000000002
Train - acc:        0.964960 loss:        0.101873
Test - acc:         0.903700 loss:        0.345497
Sparsity :          0.7500
Wdecay :        0.000500
========== Epoch 192 ==========
LR =  0.010000000000000002
Train - acc:        0.963420 loss:        0.105645
Test - acc:         0.904000 loss:        0.332728
Sparsity :          0.7500
Wdecay :        0.000500
========== Epoch 193 ==========
LR =  0.010000000000000002
Train - acc:        0.965560 loss:        0.103172
Test - acc:         0.901700 loss:        0.341410
Sparsity :          0.7500
Wdecay :        0.000500
========== Epoch 194 ==========
LR =  0.010000000000000002
Train - acc:        0.963960 loss:        0.105591
Test - acc:         0.900500 loss:        0.349437
Sparsity :          0.7500
Wdecay :        0.000500
========== Epoch 195 ==========
LR =  0.010000000000000002
Train - acc:        0.964840 loss:        0.102462
Test - acc:         0.895700 loss:        0.389092
Sparsity :          0.7500
Wdecay :        0.000500
========== Epoch 196 ==========
LR =  0.010000000000000002
Train - acc:        0.964080 loss:        0.104142
Test - acc:         0.896600 loss:        0.382458
Sparsity :          0.7500
Wdecay :        0.000500
========== Epoch 197 ==========
LR =  0.010000000000000002
Train - acc:        0.964220 loss:        0.105034
Test - acc:         0.904300 loss:        0.329543
Sparsity :          0.7500
Wdecay :        0.000500
========== Epoch 198 ==========
LR =  0.010000000000000002
Train - acc:        0.965080 loss:        0.103411
Test - acc:         0.902600 loss:        0.351671
Sparsity :          0.7500
Wdecay :        0.000500
========== Epoch 199 ==========
LR =  0.010000000000000002
Train - acc:        0.964900 loss:        0.103779
Test - acc:         0.895400 loss:        0.387953
Sparsity :          0.7500
Wdecay :        0.000500
========== Epoch 200 ==========
LR =  0.010000000000000002
Train - acc:        0.963840 loss:        0.105077
Test - acc:         0.905000 loss:        0.326260
Sparsity :          0.7500
Wdecay :        0.000500
========== Epoch 201 ==========
LR =  0.010000000000000002
Train - acc:        0.964980 loss:        0.103507
Test - acc:         0.898100 loss:        0.357115
Sparsity :          0.7500
Wdecay :        0.000500
========== Epoch 202 ==========
LR =  0.010000000000000002
Train - acc:        0.964860 loss:        0.104451
Test - acc:         0.907100 loss:        0.337628
Sparsity :          0.7500
Wdecay :        0.000500
========== Epoch 203 ==========
LR =  0.010000000000000002
Train - acc:        0.965740 loss:        0.100544
Test - acc:         0.903600 loss:        0.327232
Sparsity :          0.7500
Wdecay :        0.000500
========== Epoch 204 ==========
LR =  0.010000000000000002
Train - acc:        0.963920 loss:        0.105565
Test - acc:         0.898500 loss:        0.363414
Sparsity :          0.7500
Wdecay :        0.000500
========== Epoch 205 ==========
LR =  0.010000000000000002
Train - acc:        0.965540 loss:        0.102528
Test - acc:         0.905900 loss:        0.331320
Sparsity :          0.7500
Wdecay :        0.000500
========== Epoch 206 ==========
LR =  0.010000000000000002
Train - acc:        0.966520 loss:        0.098291
Test - acc:         0.901700 loss:        0.362957
Sparsity :          0.7500
Wdecay :        0.000500
========== Epoch 207 ==========
LR =  0.010000000000000002
Train - acc:        0.966280 loss:        0.099573
Test - acc:         0.905000 loss:        0.327682
Sparsity :          0.7500
Wdecay :        0.000500
========== Epoch 208 ==========
LR =  0.010000000000000002
Train - acc:        0.965340 loss:        0.100796
Test - acc:         0.904700 loss:        0.331368
Sparsity :          0.7500
Wdecay :        0.000500
========== Epoch 209 ==========
LR =  0.010000000000000002
Train - acc:        0.966460 loss:        0.097987
Test - acc:         0.904800 loss:        0.337942
Sparsity :          0.7500
Wdecay :        0.000500
========== Epoch 210 ==========
LR =  0.010000000000000002
Train - acc:        0.964860 loss:        0.103910
Test - acc:         0.894700 loss:        0.357629
Sparsity :          0.8750
Wdecay :        0.000500
========== Epoch 211 ==========
LR =  0.010000000000000002
Train - acc:        0.968240 loss:        0.094618
Test - acc:         0.907100 loss:        0.323405
Sparsity :          0.8750
Wdecay :        0.000500
========== Epoch 212 ==========
LR =  0.010000000000000002
Train - acc:        0.969860 loss:        0.089877
Test - acc:         0.902300 loss:        0.337532
Sparsity :          0.8750
Wdecay :        0.000500
========== Epoch 213 ==========
LR =  0.010000000000000002
Train - acc:        0.967960 loss:        0.094944
Test - acc:         0.904900 loss:        0.343548
Sparsity :          0.8750
Wdecay :        0.000500
========== Epoch 214 ==========
LR =  0.010000000000000002
Train - acc:        0.968540 loss:        0.094825
Test - acc:         0.908200 loss:        0.329135
Sparsity :          0.8750
Wdecay :        0.000500
========== Epoch 215 ==========
LR =  0.010000000000000002
Train - acc:        0.966860 loss:        0.096593
Test - acc:         0.899500 loss:        0.360692
Sparsity :          0.8750
Wdecay :        0.000500
========== Epoch 216 ==========
LR =  0.010000000000000002
Train - acc:        0.968560 loss:        0.090543
Test - acc:         0.899500 loss:        0.367158
Sparsity :          0.8750
Wdecay :        0.000500
========== Epoch 217 ==========
LR =  0.010000000000000002
Train - acc:        0.968060 loss:        0.091951
Test - acc:         0.899400 loss:        0.367082
Sparsity :          0.8750
Wdecay :        0.000500
========== Epoch 218 ==========
LR =  0.010000000000000002
Train - acc:        0.968240 loss:        0.092552
Test - acc:         0.904500 loss:        0.336769
Sparsity :          0.8750
Wdecay :        0.000500
========== Epoch 219 ==========
LR =  0.010000000000000002
Train - acc:        0.968900 loss:        0.091261
Test - acc:         0.906900 loss:        0.327247
Sparsity :          0.8750
Wdecay :        0.000500
========== Epoch 220 ==========
LR =  0.010000000000000002
Train - acc:        0.967620 loss:        0.095563
Test - acc:         0.894700 loss:        0.384562
Sparsity :          0.8750
Wdecay :        0.000500
========== Epoch 221 ==========
LR =  0.010000000000000002
Train - acc:        0.968820 loss:        0.092498
Test - acc:         0.904000 loss:        0.337757
Sparsity :          0.8750
Wdecay :        0.000500
========== Epoch 222 ==========
LR =  0.010000000000000002
Train - acc:        0.968080 loss:        0.094631
Test - acc:         0.903300 loss:        0.348314
Sparsity :          0.8750
Wdecay :        0.000500
========== Epoch 223 ==========
LR =  0.010000000000000002
Train - acc:        0.967620 loss:        0.094326
Test - acc:         0.892500 loss:        0.389663
Sparsity :          0.8750
Wdecay :        0.000500
========== Epoch 224 ==========
LR =  0.010000000000000002
Train - acc:        0.967360 loss:        0.097994
Test - acc:         0.907400 loss:        0.325698
Sparsity :          0.8750
Wdecay :        0.000500
========== Epoch 225 ==========
LR =  0.010000000000000002
Train - acc:        0.966520 loss:        0.096019
Test - acc:         0.905900 loss:        0.350478
Sparsity :          0.8750
Wdecay :        0.000500
========== Epoch 226 ==========
LR =  0.010000000000000002
Train - acc:        0.969760 loss:        0.090757
Test - acc:         0.896600 loss:        0.361261
Sparsity :          0.8750
Wdecay :        0.000500
========== Epoch 227 ==========
LR =  0.010000000000000002
Train - acc:        0.970400 loss:        0.088103
Test - acc:         0.898800 loss:        0.355183
Sparsity :          0.8750
Wdecay :        0.000500
========== Epoch 228 ==========
LR =  0.010000000000000002
Train - acc:        0.966840 loss:        0.097194
Test - acc:         0.907000 loss:        0.330445
Sparsity :          0.8750
Wdecay :        0.000500
========== Epoch 229 ==========
LR =  0.010000000000000002
Train - acc:        0.968460 loss:        0.091672
Test - acc:         0.900800 loss:        0.361203
Sparsity :          0.8750
Wdecay :        0.000500
========== Epoch 230 ==========
LR =  0.010000000000000002
Train - acc:        0.967860 loss:        0.094985
Test - acc:         0.882500 loss:        0.418673
Sparsity :          0.8750
Wdecay :        0.000500
========== Epoch 231 ==========
LR =  0.010000000000000002
Train - acc:        0.968840 loss:        0.092171
Test - acc:         0.907100 loss:        0.335154
Sparsity :          0.8750
Wdecay :        0.000500
========== Epoch 232 ==========
LR =  0.010000000000000002
Train - acc:        0.969620 loss:        0.090753
Test - acc:         0.901800 loss:        0.356600
Sparsity :          0.8750
Wdecay :        0.000500
========== Epoch 233 ==========
LR =  0.010000000000000002
Train - acc:        0.968400 loss:        0.093714
Test - acc:         0.905000 loss:        0.343268
Sparsity :          0.8750
Wdecay :        0.000500
========== Epoch 234 ==========
LR =  0.010000000000000002
Train - acc:        0.968860 loss:        0.090944
Test - acc:         0.902800 loss:        0.353345
Sparsity :          0.8750
Wdecay :        0.000500
========== Epoch 235 ==========
LR =  0.010000000000000002
Train - acc:        0.968080 loss:        0.094994
Test - acc:         0.904200 loss:        0.360146
Sparsity :          0.8750
Wdecay :        0.000500
========== Epoch 236 ==========
LR =  0.010000000000000002
Train - acc:        0.968040 loss:        0.093695
Test - acc:         0.903000 loss:        0.341604
Sparsity :          0.8750
Wdecay :        0.000500
========== Epoch 237 ==========
LR =  0.010000000000000002
Train - acc:        0.968280 loss:        0.093094
Test - acc:         0.902800 loss:        0.344480
Sparsity :          0.8750
Wdecay :        0.000500
========== Epoch 238 ==========
LR =  0.010000000000000002
Train - acc:        0.969500 loss:        0.089854
Test - acc:         0.907000 loss:        0.345204
Sparsity :          0.8750
Wdecay :        0.000500
========== Epoch 239 ==========
LR =  0.010000000000000002
Train - acc:        0.969280 loss:        0.089460
Test - acc:         0.904600 loss:        0.344522
Sparsity :          0.8750
Wdecay :        0.000500
========== Epoch 240 ==========
LR =  0.010000000000000002
Train - acc:        0.968800 loss:        0.093166
Test - acc:         0.893700 loss:        0.391392
Sparsity :          0.8750
Wdecay :        0.000500
========== Epoch 241 ==========
LR =  0.010000000000000002
Train - acc:        0.970140 loss:        0.090506
Test - acc:         0.904800 loss:        0.341102
Sparsity :          0.8750
Wdecay :        0.000500
========== Epoch 242 ==========
LR =  0.010000000000000002
Train - acc:        0.969640 loss:        0.089226
Test - acc:         0.904400 loss:        0.348222
Sparsity :          0.8750
Wdecay :        0.000500
========== Epoch 243 ==========
LR =  0.010000000000000002
Train - acc:        0.967040 loss:        0.095988
Test - acc:         0.902200 loss:        0.361324
Sparsity :          0.8750
Wdecay :        0.000500
========== Epoch 244 ==========
LR =  0.010000000000000002
Train - acc:        0.970280 loss:        0.087616
Test - acc:         0.908300 loss:        0.328822
Sparsity :          0.8750
Wdecay :        0.000500
========== Epoch 245 ==========
LR =  0.010000000000000002
Train - acc:        0.970340 loss:        0.088714
Test - acc:         0.896800 loss:        0.379478
Sparsity :          0.8750
Wdecay :        0.000500
========== Epoch 246 ==========
LR =  0.010000000000000002
Train - acc:        0.969860 loss:        0.087661
Test - acc:         0.901700 loss:        0.378245
Sparsity :          0.8750
Wdecay :        0.000500
========== Epoch 247 ==========
LR =  0.010000000000000002
Train - acc:        0.970420 loss:        0.086715
Test - acc:         0.899300 loss:        0.374895
Sparsity :          0.8750
Wdecay :        0.000500
========== Epoch 248 ==========
LR =  0.010000000000000002
Train - acc:        0.966280 loss:        0.098941
Test - acc:         0.903100 loss:        0.338353
Sparsity :          0.8750
Wdecay :        0.000500
========== Epoch 249 ==========
LR =  0.010000000000000002
Train - acc:        0.969760 loss:        0.089566
Test - acc:         0.904400 loss:        0.345223
Sparsity :          0.8750
Wdecay :        0.000500
========== Epoch 250 ==========
LR =  0.0010000000000000002
Train - acc:        0.970180 loss:        0.089024
Test - acc:         0.896100 loss:        0.390437
Sparsity :          0.8750
Wdecay :        0.000500
========== Epoch 251 ==========
LR =  0.0010000000000000002
Train - acc:        0.983420 loss:        0.051689
Test - acc:         0.923400 loss:        0.278482
Sparsity :          0.8750
Wdecay :        0.000500
========== Epoch 252 ==========
LR =  0.0010000000000000002
Train - acc:        0.990140 loss:        0.031587
Test - acc:         0.924600 loss:        0.277690
Sparsity :          0.8750
Wdecay :        0.000500
========== Epoch 253 ==========
LR =  0.0010000000000000002
Train - acc:        0.992340 loss:        0.025534
Test - acc:         0.925700 loss:        0.279494
Sparsity :          0.8750
Wdecay :        0.000500
========== Epoch 254 ==========
LR =  0.0010000000000000002
Train - acc:        0.993400 loss:        0.022464
Test - acc:         0.927100 loss:        0.281417
Sparsity :          0.8750
Wdecay :        0.000500
========== Epoch 255 ==========
LR =  0.0010000000000000002
Train - acc:        0.993960 loss:        0.020453
Test - acc:         0.927700 loss:        0.277436
Sparsity :          0.8750
Wdecay :        0.000500
========== Epoch 256 ==========
LR =  0.0010000000000000002
Train - acc:        0.994660 loss:        0.018118
Test - acc:         0.928900 loss:        0.284870
Sparsity :          0.8750
Wdecay :        0.000500
========== Epoch 257 ==========
LR =  0.0010000000000000002
Train - acc:        0.995000 loss:        0.017576
Test - acc:         0.928300 loss:        0.288542
Sparsity :          0.8750
Wdecay :        0.000500
========== Epoch 258 ==========
LR =  0.0010000000000000002
Train - acc:        0.995700 loss:        0.015083
Test - acc:         0.928300 loss:        0.290380
Sparsity :          0.8750
Wdecay :        0.000500
========== Epoch 259 ==========
LR =  0.0010000000000000002
Train - acc:        0.995860 loss:        0.014361
Test - acc:         0.927500 loss:        0.292820
Sparsity :          0.8750
Wdecay :        0.000500
========== Epoch 260 ==========
LR =  0.0010000000000000002
Train - acc:        0.996280 loss:        0.012798
Test - acc:         0.929900 loss:        0.294649
Sparsity :          0.8750
Wdecay :        0.000500
========== Epoch 261 ==========
LR =  0.0010000000000000002
Train - acc:        0.996800 loss:        0.011726
Test - acc:         0.929600 loss:        0.294801
Sparsity :          0.8750
Wdecay :        0.000500
========== Epoch 262 ==========
LR =  0.0010000000000000002
Train - acc:        0.996640 loss:        0.011843
Test - acc:         0.929300 loss:        0.298997
Sparsity :          0.8750
Wdecay :        0.000500
========== Epoch 263 ==========
LR =  0.0010000000000000002
Train - acc:        0.997040 loss:        0.010746
Test - acc:         0.930700 loss:        0.298753
Sparsity :          0.8750
Wdecay :        0.000500
========== Epoch 264 ==========
LR =  0.0010000000000000002
Train - acc:        0.996720 loss:        0.010726
Test - acc:         0.927900 loss:        0.303169
Sparsity :          0.8750
Wdecay :        0.000500
========== Epoch 265 ==========
LR =  0.0010000000000000002
Train - acc:        0.997140 loss:        0.009882
Test - acc:         0.928300 loss:        0.304662
Sparsity :          0.8750
Wdecay :        0.000500
========== Epoch 266 ==========
LR =  0.0010000000000000002
Train - acc:        0.997120 loss:        0.010770
Test - acc:         0.929000 loss:        0.302109
Sparsity :          0.8750
Wdecay :        0.000500
========== Epoch 267 ==========
LR =  0.0010000000000000002
Train - acc:        0.997080 loss:        0.010043
Test - acc:         0.929500 loss:        0.301897
Sparsity :          0.8750
Wdecay :        0.000500
========== Epoch 268 ==========
LR =  0.0010000000000000002
Train - acc:        0.997580 loss:        0.009074
Test - acc:         0.928800 loss:        0.310407
Sparsity :          0.8750
Wdecay :        0.000500
========== Epoch 269 ==========
LR =  0.0010000000000000002
Train - acc:        0.997440 loss:        0.008776
Test - acc:         0.929100 loss:        0.316309
Sparsity :          0.8750
Wdecay :        0.000500
========== Epoch 270 ==========
LR =  0.0010000000000000002
Train - acc:        0.997720 loss:        0.008249
Test - acc:         0.930000 loss:        0.312904
Sparsity :          0.8750
Wdecay :        0.000500
========== Epoch 271 ==========
LR =  0.0010000000000000002
Train - acc:        0.997760 loss:        0.008179
Test - acc:         0.928500 loss:        0.311231
Sparsity :          0.8750
Wdecay :        0.000500
========== Epoch 272 ==========
LR =  0.0010000000000000002
Train - acc:        0.998100 loss:        0.007463
Test - acc:         0.929500 loss:        0.313002
Sparsity :          0.8750
Wdecay :        0.000500
========== Epoch 273 ==========
LR =  0.0010000000000000002
Train - acc:        0.997700 loss:        0.007933
Test - acc:         0.929500 loss:        0.311023
Sparsity :          0.8750
Wdecay :        0.000500
========== Epoch 274 ==========
LR =  0.0010000000000000002
Train - acc:        0.998160 loss:        0.007124
Test - acc:         0.929800 loss:        0.313205
Sparsity :          0.8750
Wdecay :        0.000500
========== Epoch 275 ==========
LR =  0.0010000000000000002
Train - acc:        0.998080 loss:        0.006844
Test - acc:         0.929000 loss:        0.316846
Sparsity :          0.8750
Wdecay :        0.000500
========== Epoch 276 ==========
LR =  0.0010000000000000002
Train - acc:        0.998140 loss:        0.006706
Test - acc:         0.929900 loss:        0.315853
Sparsity :          0.8750
Wdecay :        0.000500
========== Epoch 277 ==========
LR =  0.0010000000000000002
Train - acc:        0.998020 loss:        0.006940
Test - acc:         0.929900 loss:        0.317612
Sparsity :          0.8750
Wdecay :        0.000500
========== Epoch 278 ==========
LR =  0.0010000000000000002
Train - acc:        0.998640 loss:        0.005951
Test - acc:         0.928700 loss:        0.321945
Sparsity :          0.8750
Wdecay :        0.000500
========== Epoch 279 ==========
LR =  0.0010000000000000002
Train - acc:        0.998320 loss:        0.006135
Test - acc:         0.928700 loss:        0.320393
Sparsity :          0.8750
Wdecay :        0.000500
========== Epoch 280 ==========
LR =  0.0010000000000000002
Train - acc:        0.998700 loss:        0.005393
Test - acc:         0.929500 loss:        0.321807
Sparsity :          0.9375
Wdecay :        0.000500
========== Epoch 281 ==========
LR =  0.0010000000000000002
Train - acc:        0.998140 loss:        0.007534
Test - acc:         0.930400 loss:        0.305150
Sparsity :          0.9375
Wdecay :        0.000500
========== Epoch 282 ==========
LR =  0.0010000000000000002
Train - acc:        0.998240 loss:        0.006987
Test - acc:         0.930700 loss:        0.305430
Sparsity :          0.9375
Wdecay :        0.000500
========== Epoch 283 ==========
LR =  0.0010000000000000002
Train - acc:        0.998400 loss:        0.006258
Test - acc:         0.930400 loss:        0.309288
Sparsity :          0.9375
Wdecay :        0.000500
========== Epoch 284 ==========
LR =  0.0010000000000000002
Train - acc:        0.998420 loss:        0.006435
Test - acc:         0.929000 loss:        0.308832
Sparsity :          0.9375
Wdecay :        0.000500
========== Epoch 285 ==========
LR =  0.0010000000000000002
Train - acc:        0.998500 loss:        0.006086
Test - acc:         0.930700 loss:        0.312699
Sparsity :          0.9375
Wdecay :        0.000500
========== Epoch 286 ==========
LR =  0.0010000000000000002
Train - acc:        0.998220 loss:        0.006850
Test - acc:         0.931000 loss:        0.311046
Sparsity :          0.9375
Wdecay :        0.000500
========== Epoch 287 ==========
LR =  0.0010000000000000002
Train - acc:        0.998540 loss:        0.005813
Test - acc:         0.929500 loss:        0.316497
Sparsity :          0.9375
Wdecay :        0.000500
========== Epoch 288 ==========
LR =  0.0010000000000000002
Train - acc:        0.998340 loss:        0.006506
Test - acc:         0.930200 loss:        0.313176
Sparsity :          0.9375
Wdecay :        0.000500
========== Epoch 289 ==========
LR =  0.0010000000000000002
Train - acc:        0.998420 loss:        0.006315
Test - acc:         0.928600 loss:        0.311528
Sparsity :          0.9375
Wdecay :        0.000500
========== Epoch 290 ==========
LR =  0.0010000000000000002
Train - acc:        0.998180 loss:        0.006190
Test - acc:         0.930000 loss:        0.314871
Sparsity :          0.9375
Wdecay :        0.000500
========== Epoch 291 ==========
LR =  0.0010000000000000002
Train - acc:        0.998740 loss:        0.005431
Test - acc:         0.930600 loss:        0.314983
Sparsity :          0.9375
Wdecay :        0.000500
========== Epoch 292 ==========
LR =  0.0010000000000000002
Train - acc:        0.998600 loss:        0.005661
Test - acc:         0.930100 loss:        0.318745
Sparsity :          0.9375
Wdecay :        0.000500
========== Epoch 293 ==========
LR =  0.0010000000000000002
Train - acc:        0.998560 loss:        0.005657
Test - acc:         0.929300 loss:        0.320588
Sparsity :          0.9375
Wdecay :        0.000500
========== Epoch 294 ==========
LR =  0.0010000000000000002
Train - acc:        0.998700 loss:        0.005697
Test - acc:         0.929600 loss:        0.321466
Sparsity :          0.9375
Wdecay :        0.000500
========== Epoch 295 ==========
LR =  0.0010000000000000002
Train - acc:        0.998520 loss:        0.005542
Test - acc:         0.930100 loss:        0.319745
Sparsity :          0.9375
Wdecay :        0.000500
========== Epoch 296 ==========
LR =  0.0010000000000000002
Train - acc:        0.998540 loss:        0.005508
Test - acc:         0.929600 loss:        0.321224
Sparsity :          0.9375
Wdecay :        0.000500
========== Epoch 297 ==========
LR =  0.0010000000000000002
Train - acc:        0.999220 loss:        0.004140
Test - acc:         0.928100 loss:        0.322562
Sparsity :          0.9375
Wdecay :        0.000500
========== Epoch 298 ==========
LR =  0.0010000000000000002
Train - acc:        0.998940 loss:        0.004818
Test - acc:         0.930400 loss:        0.324694
Sparsity :          0.9375
Wdecay :        0.000500
========== Epoch 299 ==========
LR =  0.0010000000000000002
Train - acc:        0.998920 loss:        0.004733
Test - acc:         0.929900 loss:        0.323688
Sparsity :          0.9375
Wdecay :        0.000500
========== Epoch 300 ==========
LR =  0.0010000000000000002
Train - acc:        0.998840 loss:        0.004902
Test - acc:         0.929600 loss:        0.328948
Sparsity :          0.9375
Wdecay :        0.000500
========== Epoch 301 ==========
LR =  0.0010000000000000002
Train - acc:        0.998940 loss:        0.004371
Test - acc:         0.929200 loss:        0.328581
Sparsity :          0.9375
Wdecay :        0.000500
========== Epoch 302 ==========
LR =  0.0010000000000000002
Train - acc:        0.998660 loss:        0.005283
Test - acc:         0.929100 loss:        0.329771
Sparsity :          0.9375
Wdecay :        0.000500
========== Epoch 303 ==========
LR =  0.0010000000000000002
Train - acc:        0.998880 loss:        0.004963
Test - acc:         0.929400 loss:        0.328849
Sparsity :          0.9375
Wdecay :        0.000500
========== Epoch 304 ==========
LR =  0.0010000000000000002
Train - acc:        0.999120 loss:        0.003829
Test - acc:         0.930900 loss:        0.327812
Sparsity :          0.9375
Wdecay :        0.000500
========== Epoch 305 ==========
LR =  0.0010000000000000002
Train - acc:        0.999180 loss:        0.003967
Test - acc:         0.930900 loss:        0.325723
Sparsity :          0.9375
Wdecay :        0.000500
========== Epoch 306 ==========
LR =  0.0010000000000000002
Train - acc:        0.999160 loss:        0.003691
Test - acc:         0.930900 loss:        0.329201
Sparsity :          0.9375
Wdecay :        0.000500
========== Epoch 307 ==========
LR =  0.0010000000000000002
Train - acc:        0.999180 loss:        0.003631
Test - acc:         0.931300 loss:        0.328758
Sparsity :          0.9375
Wdecay :        0.000500
========== Epoch 308 ==========
LR =  0.0010000000000000002
Train - acc:        0.998760 loss:        0.004532
Test - acc:         0.930300 loss:        0.328590
Sparsity :          0.9375
Wdecay :        0.000500
========== Epoch 309 ==========
LR =  0.0010000000000000002
Train - acc:        0.999180 loss:        0.003837
Test - acc:         0.931900 loss:        0.329752
Sparsity :          0.9375
Wdecay :        0.000500
========== Epoch 310 ==========
LR =  0.0010000000000000002
Train - acc:        0.999120 loss:        0.004020
Test - acc:         0.930100 loss:        0.331081
Sparsity :          0.9375
Wdecay :        0.000500
========== Epoch 311 ==========
LR =  0.0010000000000000002
Train - acc:        0.999120 loss:        0.003609
Test - acc:         0.930900 loss:        0.328444
Sparsity :          0.9375
Wdecay :        0.000500
========== Epoch 312 ==========
LR =  0.0010000000000000002
Train - acc:        0.999300 loss:        0.003297
Test - acc:         0.930500 loss:        0.336773
Sparsity :          0.9375
Wdecay :        0.000500
========== Epoch 313 ==========
LR =  0.0010000000000000002
Train - acc:        0.999140 loss:        0.004129
Test - acc:         0.929500 loss:        0.334045
Sparsity :          0.9375
Wdecay :        0.000500
========== Epoch 314 ==========
LR =  0.0010000000000000002
Train - acc:        0.999180 loss:        0.003915
Test - acc:         0.929600 loss:        0.334896
Sparsity :          0.9375
Wdecay :        0.000500
========== Epoch 315 ==========
LR =  0.0010000000000000002
Train - acc:        0.998760 loss:        0.004515
Test - acc:         0.930200 loss:        0.327336
Sparsity :          0.9375
Wdecay :        0.000500
========== Epoch 316 ==========
LR =  0.0010000000000000002
Train - acc:        0.999040 loss:        0.004027
Test - acc:         0.929800 loss:        0.330235
Sparsity :          0.9375
Wdecay :        0.000500
========== Epoch 317 ==========
LR =  0.0010000000000000002
Train - acc:        0.998960 loss:        0.004000
Test - acc:         0.929100 loss:        0.331971
Sparsity :          0.9375
Wdecay :        0.000500
========== Epoch 318 ==========
LR =  0.0010000000000000002
Train - acc:        0.999220 loss:        0.003633
Test - acc:         0.929800 loss:        0.333664
Sparsity :          0.9375
Wdecay :        0.000500
========== Epoch 319 ==========
LR =  0.0010000000000000002
Train - acc:        0.998980 loss:        0.004298
Test - acc:         0.930300 loss:        0.335393
Sparsity :          0.9375
Wdecay :        0.000500
========== Epoch 320 ==========
LR =  0.0010000000000000002
Train - acc:        0.998980 loss:        0.004036
Test - acc:         0.929900 loss:        0.330866
Sparsity :          0.9375
Wdecay :        0.000500
========== Epoch 321 ==========
LR =  0.0010000000000000002
Train - acc:        0.999160 loss:        0.003889
Test - acc:         0.930100 loss:        0.333168
Sparsity :          0.9375
Wdecay :        0.000500
========== Epoch 322 ==========
LR =  0.0010000000000000002
Train - acc:        0.999180 loss:        0.003414
Test - acc:         0.930200 loss:        0.333806
Sparsity :          0.9375
Wdecay :        0.000500
========== Epoch 323 ==========
LR =  0.0010000000000000002
Train - acc:        0.999400 loss:        0.003081
Test - acc:         0.929700 loss:        0.336635
Sparsity :          0.9375
Wdecay :        0.000500
========== Epoch 324 ==========
LR =  0.0010000000000000002
Train - acc:        0.999020 loss:        0.003981
Test - acc:         0.931000 loss:        0.332770
Sparsity :          0.9375
Wdecay :        0.000500
========== Epoch 325 ==========
LR =  0.0010000000000000002
Train - acc:        0.999400 loss:        0.003051
Test - acc:         0.931100 loss:        0.336794
Sparsity :          0.9375
Wdecay :        0.000500
========== Epoch 326 ==========
LR =  0.0010000000000000002
Train - acc:        0.998980 loss:        0.003975
Test - acc:         0.932200 loss:        0.331988
Sparsity :          0.9375
Wdecay :        0.000500
========== Epoch 327 ==========
LR =  0.0010000000000000002
Train - acc:        0.999040 loss:        0.004247
Test - acc:         0.931200 loss:        0.333024
Sparsity :          0.9375
Wdecay :        0.000500
========== Epoch 328 ==========
LR =  0.0010000000000000002
Train - acc:        0.999340 loss:        0.003153
Test - acc:         0.929900 loss:        0.339132
Sparsity :          0.9375
Wdecay :        0.000500
========== Epoch 329 ==========
LR =  0.0010000000000000002
Train - acc:        0.999280 loss:        0.003566
Test - acc:         0.931300 loss:        0.338089
Sparsity :          0.9375
Wdecay :        0.000500
========== Epoch 330 ==========
LR =  0.0010000000000000002
Train - acc:        0.999360 loss:        0.003357
Test - acc:         0.931000 loss:        0.340433
Sparsity :          0.9375
Wdecay :        0.000500
========== Epoch 331 ==========
LR =  0.0010000000000000002
Train - acc:        0.999160 loss:        0.003711
Test - acc:         0.930500 loss:        0.342390
Sparsity :          0.9375
Wdecay :        0.000500
========== Epoch 332 ==========
LR =  0.0010000000000000002
Train - acc:        0.999300 loss:        0.003554
Test - acc:         0.930500 loss:        0.342540
Sparsity :          0.9375
Wdecay :        0.000500
========== Epoch 333 ==========
LR =  0.0010000000000000002
Train - acc:        0.999060 loss:        0.003598
Test - acc:         0.929900 loss:        0.339678
Sparsity :          0.9375
Wdecay :        0.000500
========== Epoch 334 ==========
LR =  0.0010000000000000002
Train - acc:        0.999320 loss:        0.003064
Test - acc:         0.929500 loss:        0.344418
Sparsity :          0.9375
Wdecay :        0.000500
========== Epoch 335 ==========
LR =  0.0010000000000000002
Train - acc:        0.999200 loss:        0.003276
Test - acc:         0.928400 loss:        0.346536
Sparsity :          0.9375
Wdecay :        0.000500
========== Epoch 336 ==========
LR =  0.0010000000000000002
Train - acc:        0.999280 loss:        0.003229
Test - acc:         0.929700 loss:        0.345498
Sparsity :          0.9375
Wdecay :        0.000500
========== Epoch 337 ==========
LR =  0.0010000000000000002
Train - acc:        0.999080 loss:        0.003475
Test - acc:         0.930200 loss:        0.346659
Sparsity :          0.9375
Wdecay :        0.000500
========== Epoch 338 ==========
LR =  0.0010000000000000002
Train - acc:        0.999220 loss:        0.003080
Test - acc:         0.930000 loss:        0.343481
Sparsity :          0.9375
Wdecay :        0.000500
========== Epoch 339 ==========
LR =  0.0010000000000000002
Train - acc:        0.999180 loss:        0.003488
Test - acc:         0.929500 loss:        0.343088
Sparsity :          0.9375
Wdecay :        0.000500
========== Epoch 340 ==========
LR =  0.0010000000000000002
Train - acc:        0.999260 loss:        0.003322
Test - acc:         0.930100 loss:        0.341581
Sparsity :          0.9375
Wdecay :        0.000500
========== Epoch 341 ==========
LR =  0.0010000000000000002
Train - acc:        0.999420 loss:        0.003203
Test - acc:         0.930900 loss:        0.337499
Sparsity :          0.9375
Wdecay :        0.000500
========== Epoch 342 ==========
LR =  0.0010000000000000002
Train - acc:        0.999460 loss:        0.002863
Test - acc:         0.931000 loss:        0.338761
Sparsity :          0.9375
Wdecay :        0.000500
========== Epoch 343 ==========
LR =  0.0010000000000000002
Train - acc:        0.999520 loss:        0.002867
Test - acc:         0.930700 loss:        0.345870
Sparsity :          0.9375
Wdecay :        0.000500
========== Epoch 344 ==========
LR =  0.0010000000000000002
Train - acc:        0.999260 loss:        0.003461
Test - acc:         0.930900 loss:        0.341451
Sparsity :          0.9375
Wdecay :        0.000500
========== Epoch 345 ==========
LR =  0.0010000000000000002
Train - acc:        0.999140 loss:        0.003493
Test - acc:         0.930400 loss:        0.342928
Sparsity :          0.9375
Wdecay :        0.000500
========== Epoch 346 ==========
LR =  0.0010000000000000002
Train - acc:        0.999000 loss:        0.003430
Test - acc:         0.931100 loss:        0.341559
Sparsity :          0.9375
Wdecay :        0.000500
========== Epoch 347 ==========
LR =  0.0010000000000000002
Train - acc:        0.999140 loss:        0.003625
Test - acc:         0.931100 loss:        0.340907
Sparsity :          0.9375
Wdecay :        0.000500
========== Epoch 348 ==========
LR =  0.0010000000000000002
Train - acc:        0.999380 loss:        0.002781
Test - acc:         0.931000 loss:        0.338808
Sparsity :          0.9375
Wdecay :        0.000500
========== Epoch 349 ==========
LR =  0.0010000000000000002
Train - acc:        0.999460 loss:        0.003163
Test - acc:         0.930700 loss:        0.344899
Sparsity :          0.9375
Wdecay :        0.000500
========== Epoch 350 ==========
LR =  0.0010000000000000002
Train - acc:        0.999280 loss:        0.002999
Test - acc:         0.930100 loss:        0.350719
Sparsity :          0.9375
Wdecay :        0.000500
