Running --model vgg19 --noise --prune_criterion weight_div_flips --seed 43 --prune_freq 50 --prune_rate 0.5 --comment=vgg19_crit=weight_div_flips_pf=50_seed=43 --save_model=pre-finetune/vgg19_weight_div_flips_pf50_s43 --logdir=criterion_experiment_no_bias/vgg19
******************************
Running
{
    "model": "vgg19",
    "dataset": "cifar10",
    "batch_size": 128,
    "test_batch_size": 2000,
    "epochs": 350,
    "lr": 0.1,
    "device": "cuda",
    "seed": 43,
    "prune_criterion": "weight_div_flips",
    "prune_freq": 50,
    "prune_rate": 0.5,
    "sensitivity": 0,
    "flip_threshold": 1,
    "stop_pruning_at": -1,
    "prune_bias": false,
    "prune_bnorm": false,
    "use_ema_flips": false,
    "beta_ema_flips": null,
    "reset_flip_cts": false,
    "normalize_magnitudes": false,
    "beta_ema_maghists": null,
    "logdir": "criterion_experiment_no_bias/vgg19",
    "opt": "sgd",
    "momentum": 0.9,
    "use_scheduler": true,
    "milestones": [
        150,
        250
    ],
    "reg_type": "wdecay",
    "lambda": 0.0005,
    "anneal_lambda": false,
    "anneal_lr": false,
    "add_noise": true,
    "scale_noise_by_lr": false,
    "stop_noise_at": -1,
    "noise_only_prunable": false,
    "noise_scale_factor": 1,
    "snip_sparsity": 0.0,
    "beta_ema": 0.999,
    "lambas": [
        1.0,
        1.0,
        1.0,
        1.0
    ],
    "local_rep": false,
    "temperature": 0.6666666666666666,
    "save_model": "pre-finetune/vgg19_weight_div_flips_pf50_s43",
    "load_model": null,
    "parallel": false
}
******************************
Files already downloaded and verified
Files already downloaded and verified
Total prunable params of model: 20024000
Model has 20040522 total params.
num_weights=20029504
num_biases=11018
---Biases omitted from pruning---
========== Epoch 1 ==========
LR =  0.1
Train - acc:        0.105080 loss:        3.010980
Test - acc:         0.123000 loss:        2.359551
Sparsity :          0.0000
Wdecay :        0.000500
========== Epoch 2 ==========
LR =  0.1
Train - acc:        0.174860 loss:        2.110594
Test - acc:         0.220300 loss:        1.926493
Sparsity :          0.0000
Wdecay :        0.000500
========== Epoch 3 ==========
LR =  0.1
Train - acc:        0.228320 loss:        1.910866
Test - acc:         0.260400 loss:        1.855760
Sparsity :          0.0000
Wdecay :        0.000500
========== Epoch 4 ==========
LR =  0.1
Train - acc:        0.280100 loss:        1.830354
Test - acc:         0.280900 loss:        1.853899
Sparsity :          0.0000
Wdecay :        0.000500
========== Epoch 5 ==========
LR =  0.1
Train - acc:        0.337380 loss:        1.708202
Test - acc:         0.334500 loss:        1.776725
Sparsity :          0.0000
Wdecay :        0.000500
========== Epoch 6 ==========
LR =  0.1
Train - acc:        0.462520 loss:        1.424452
Test - acc:         0.521400 loss:        1.340117
Sparsity :          0.0000
Wdecay :        0.000500
========== Epoch 7 ==========
LR =  0.1
Train - acc:        0.580400 loss:        1.178112
Test - acc:         0.606200 loss:        1.185553
Sparsity :          0.0000
Wdecay :        0.000500
========== Epoch 8 ==========
LR =  0.1
Train - acc:        0.652880 loss:        1.000811
Test - acc:         0.627500 loss:        1.159720
Sparsity :          0.0000
Wdecay :        0.000500
========== Epoch 9 ==========
LR =  0.1
Train - acc:        0.695780 loss:        0.890398
Test - acc:         0.423400 loss:        2.100009
Sparsity :          0.0000
Wdecay :        0.000500
========== Epoch 10 ==========
LR =  0.1
Train - acc:        0.726660 loss:        0.822717
Test - acc:         0.596000 loss:        1.244230
Sparsity :          0.0000
Wdecay :        0.000500
========== Epoch 11 ==========
LR =  0.1
Train - acc:        0.742400 loss:        0.778924
Test - acc:         0.633200 loss:        1.214685
Sparsity :          0.0000
Wdecay :        0.000500
========== Epoch 12 ==========
LR =  0.1
Train - acc:        0.756740 loss:        0.737486
Test - acc:         0.703600 loss:        0.920415
Sparsity :          0.0000
Wdecay :        0.000500
========== Epoch 13 ==========
LR =  0.1
Train - acc:        0.765240 loss:        0.717637
Test - acc:         0.699700 loss:        0.949451
Sparsity :          0.0000
Wdecay :        0.000500
========== Epoch 14 ==========
LR =  0.1
Train - acc:        0.769120 loss:        0.701513
Test - acc:         0.711200 loss:        0.881064
Sparsity :          0.0000
Wdecay :        0.000500
========== Epoch 15 ==========
LR =  0.1
Train - acc:        0.779120 loss:        0.674703
Test - acc:         0.733500 loss:        0.862860
Sparsity :          0.0000
Wdecay :        0.000500
========== Epoch 16 ==========
LR =  0.1
Train - acc:        0.783200 loss:        0.666881
Test - acc:         0.703900 loss:        0.881886
Sparsity :          0.0000
Wdecay :        0.000500
========== Epoch 17 ==========
LR =  0.1
Train - acc:        0.789080 loss:        0.649335
Test - acc:         0.656300 loss:        1.096627
Sparsity :          0.0000
Wdecay :        0.000500
========== Epoch 18 ==========
LR =  0.1
Train - acc:        0.790460 loss:        0.640201
Test - acc:         0.726200 loss:        0.868548
Sparsity :          0.0000
Wdecay :        0.000500
========== Epoch 19 ==========
LR =  0.1
Train - acc:        0.793520 loss:        0.634689
Test - acc:         0.695700 loss:        0.978369
Sparsity :          0.0000
Wdecay :        0.000500
========== Epoch 20 ==========
LR =  0.1
Train - acc:        0.799100 loss:        0.619804
Test - acc:         0.743000 loss:        0.818328
Sparsity :          0.0000
Wdecay :        0.000500
========== Epoch 21 ==========
LR =  0.1
Train - acc:        0.798620 loss:        0.618211
Test - acc:         0.759600 loss:        0.749610
Sparsity :          0.0000
Wdecay :        0.000500
========== Epoch 22 ==========
LR =  0.1
Train - acc:        0.801900 loss:        0.610053
Test - acc:         0.771800 loss:        0.715111
Sparsity :          0.0000
Wdecay :        0.000500
========== Epoch 23 ==========
LR =  0.1
Train - acc:        0.803940 loss:        0.601588
Test - acc:         0.746400 loss:        0.797954
Sparsity :          0.0000
Wdecay :        0.000500
========== Epoch 24 ==========
LR =  0.1
Train - acc:        0.806880 loss:        0.595910
Test - acc:         0.749800 loss:        0.763987
Sparsity :          0.0000
Wdecay :        0.000500
========== Epoch 25 ==========
LR =  0.1
Train - acc:        0.806680 loss:        0.596324
Test - acc:         0.764100 loss:        0.743477
Sparsity :          0.0000
Wdecay :        0.000500
========== Epoch 26 ==========
LR =  0.1
Train - acc:        0.811680 loss:        0.583949
Test - acc:         0.740500 loss:        0.875080
Sparsity :          0.0000
Wdecay :        0.000500
========== Epoch 27 ==========
LR =  0.1
Train - acc:        0.813120 loss:        0.581808
Test - acc:         0.771900 loss:        0.738781
Sparsity :          0.0000
Wdecay :        0.000500
========== Epoch 28 ==========
LR =  0.1
Train - acc:        0.810200 loss:        0.591224
Test - acc:         0.796400 loss:        0.653327
Sparsity :          0.0000
Wdecay :        0.000500
========== Epoch 29 ==========
LR =  0.1
Train - acc:        0.815840 loss:        0.575764
Test - acc:         0.768500 loss:        0.731990
Sparsity :          0.0000
Wdecay :        0.000500
========== Epoch 30 ==========
LR =  0.1
Train - acc:        0.818460 loss:        0.565293
Test - acc:         0.714600 loss:        1.062118
Sparsity :          0.0000
Wdecay :        0.000500
========== Epoch 31 ==========
LR =  0.1
Train - acc:        0.815740 loss:        0.568747
Test - acc:         0.728600 loss:        0.906000
Sparsity :          0.0000
Wdecay :        0.000500
========== Epoch 32 ==========
LR =  0.1
Train - acc:        0.820140 loss:        0.556274
Test - acc:         0.751500 loss:        0.763809
Sparsity :          0.0000
Wdecay :        0.000500
========== Epoch 33 ==========
LR =  0.1
Train - acc:        0.821360 loss:        0.550424
Test - acc:         0.742300 loss:        0.803933
Sparsity :          0.0000
Wdecay :        0.000500
========== Epoch 34 ==========
LR =  0.1
Train - acc:        0.824640 loss:        0.536757
Test - acc:         0.737600 loss:        0.848563
Sparsity :          0.0000
Wdecay :        0.000500
========== Epoch 35 ==========
LR =  0.1
Train - acc:        0.821820 loss:        0.548264
Test - acc:         0.769800 loss:        0.700512
Sparsity :          0.0000
Wdecay :        0.000500
========== Epoch 36 ==========
LR =  0.1
Train - acc:        0.825780 loss:        0.531818
Test - acc:         0.803300 loss:        0.611700
Sparsity :          0.0000
Wdecay :        0.000500
========== Epoch 37 ==========
LR =  0.1
Train - acc:        0.825700 loss:        0.535579
Test - acc:         0.762300 loss:        0.728204
Sparsity :          0.0000
Wdecay :        0.000500
========== Epoch 38 ==========
LR =  0.1
Train - acc:        0.823540 loss:        0.540783
Test - acc:         0.700600 loss:        1.089660
Sparsity :          0.0000
Wdecay :        0.000500
========== Epoch 39 ==========
LR =  0.1
Train - acc:        0.832020 loss:        0.518581
Test - acc:         0.781100 loss:        0.668750
Sparsity :          0.0000
Wdecay :        0.000500
========== Epoch 40 ==========
LR =  0.1
Train - acc:        0.825920 loss:        0.525356
Test - acc:         0.666000 loss:        1.032864
Sparsity :          0.0000
Wdecay :        0.000500
========== Epoch 41 ==========
LR =  0.1
Train - acc:        0.827940 loss:        0.532092
Test - acc:         0.796600 loss:        0.641124
Sparsity :          0.0000
Wdecay :        0.000500
========== Epoch 42 ==========
LR =  0.1
Train - acc:        0.830740 loss:        0.518151
Test - acc:         0.778200 loss:        0.710261
Sparsity :          0.0000
Wdecay :        0.000500
========== Epoch 43 ==========
LR =  0.1
Train - acc:        0.830560 loss:        0.521638
Test - acc:         0.788600 loss:        0.680467
Sparsity :          0.0000
Wdecay :        0.000500
========== Epoch 44 ==========
LR =  0.1
Train - acc:        0.831600 loss:        0.509270
Test - acc:         0.732500 loss:        0.964182
Sparsity :          0.0000
Wdecay :        0.000500
========== Epoch 45 ==========
LR =  0.1
Train - acc:        0.832740 loss:        0.514588
Test - acc:         0.697400 loss:        1.052124
Sparsity :          0.0000
Wdecay :        0.000500
========== Epoch 46 ==========
LR =  0.1
Train - acc:        0.828900 loss:        0.529269
Test - acc:         0.768000 loss:        0.714781
Sparsity :          0.0000
Wdecay :        0.000500
========== Epoch 47 ==========
LR =  0.1
Train - acc:        0.832320 loss:        0.512289
Test - acc:         0.735000 loss:        0.923304
Sparsity :          0.0000
Wdecay :        0.000500
========== Epoch 48 ==========
LR =  0.1
Train - acc:        0.834720 loss:        0.510133
Test - acc:         0.739700 loss:        0.807287
Sparsity :          0.0000
Wdecay :        0.000500
========== Epoch 49 ==========
LR =  0.1
Train - acc:        0.833980 loss:        0.509278
Test - acc:         0.746400 loss:        0.758677
Sparsity :          0.0000
Wdecay :        0.000500
========== Epoch 50 ==========
LR =  0.1
Train - acc:        0.832760 loss:        0.516091
Test - acc:         0.797600 loss:        0.630031
Sparsity :          0.5000
Wdecay :        0.000500
========== Epoch 51 ==========
LR =  0.1
Train - acc:        0.839680 loss:        0.486982
Test - acc:         0.740000 loss:        0.900274
Sparsity :          0.5000
Wdecay :        0.000500
========== Epoch 52 ==========
LR =  0.1
Train - acc:        0.836180 loss:        0.500196
Test - acc:         0.744200 loss:        0.877904
Sparsity :          0.5000
Wdecay :        0.000500
========== Epoch 53 ==========
LR =  0.1
Train - acc:        0.839600 loss:        0.489813
Test - acc:         0.776600 loss:        0.701802
Sparsity :          0.5000
Wdecay :        0.000500
========== Epoch 54 ==========
LR =  0.1
Train - acc:        0.838280 loss:        0.492454
Test - acc:         0.801000 loss:        0.618766
Sparsity :          0.5000
Wdecay :        0.000500
========== Epoch 55 ==========
LR =  0.1
Train - acc:        0.841340 loss:        0.482305
Test - acc:         0.745500 loss:        0.845582
Sparsity :          0.5000
Wdecay :        0.000500
========== Epoch 56 ==========
LR =  0.1
Train - acc:        0.838500 loss:        0.491254
Test - acc:         0.792700 loss:        0.643265
Sparsity :          0.5000
Wdecay :        0.000500
========== Epoch 57 ==========
LR =  0.1
Train - acc:        0.840640 loss:        0.484797
Test - acc:         0.752700 loss:        0.810349
Sparsity :          0.5000
Wdecay :        0.000500
========== Epoch 58 ==========
LR =  0.1
Train - acc:        0.839520 loss:        0.488530
Test - acc:         0.807000 loss:        0.606391
Sparsity :          0.5000
Wdecay :        0.000500
========== Epoch 59 ==========
LR =  0.1
Train - acc:        0.837180 loss:        0.495994
Test - acc:         0.814200 loss:        0.596130
Sparsity :          0.5000
Wdecay :        0.000500
========== Epoch 60 ==========
LR =  0.1
Train - acc:        0.840760 loss:        0.489700
Test - acc:         0.811400 loss:        0.569025
Sparsity :          0.5000
Wdecay :        0.000500
========== Epoch 61 ==========
LR =  0.1
Train - acc:        0.846160 loss:        0.469605
Test - acc:         0.818700 loss:        0.561240
Sparsity :          0.5000
Wdecay :        0.000500
========== Epoch 62 ==========
LR =  0.1
Train - acc:        0.842400 loss:        0.482463
Test - acc:         0.780000 loss:        0.681653
Sparsity :          0.5000
Wdecay :        0.000500
========== Epoch 63 ==========
LR =  0.1
Train - acc:        0.842120 loss:        0.487207
Test - acc:         0.775900 loss:        0.721987
Sparsity :          0.5000
Wdecay :        0.000500
========== Epoch 64 ==========
LR =  0.1
Train - acc:        0.838280 loss:        0.487024
Test - acc:         0.786600 loss:        0.678797
Sparsity :          0.5000
Wdecay :        0.000500
========== Epoch 65 ==========
LR =  0.1
Train - acc:        0.841200 loss:        0.484820
Test - acc:         0.725600 loss:        0.946811
Sparsity :          0.5000
Wdecay :        0.000500
========== Epoch 66 ==========
LR =  0.1
Train - acc:        0.841060 loss:        0.488336
Test - acc:         0.776100 loss:        0.727688
Sparsity :          0.5000
Wdecay :        0.000500
========== Epoch 67 ==========
LR =  0.1
Train - acc:        0.843940 loss:        0.479186
Test - acc:         0.750200 loss:        0.783040
Sparsity :          0.5000
Wdecay :        0.000500
========== Epoch 68 ==========
LR =  0.1
Train - acc:        0.839540 loss:        0.484617
Test - acc:         0.801400 loss:        0.618851
Sparsity :          0.5000
Wdecay :        0.000500
========== Epoch 69 ==========
LR =  0.1
Train - acc:        0.839920 loss:        0.485158
Test - acc:         0.676300 loss:        1.073782
Sparsity :          0.5000
Wdecay :        0.000500
========== Epoch 70 ==========
LR =  0.1
Train - acc:        0.841340 loss:        0.483585
Test - acc:         0.799100 loss:        0.653802
Sparsity :          0.5000
Wdecay :        0.000500
========== Epoch 71 ==========
LR =  0.1
Train - acc:        0.842760 loss:        0.481942
Test - acc:         0.795100 loss:        0.647808
Sparsity :          0.5000
Wdecay :        0.000500
========== Epoch 72 ==========
LR =  0.1
Train - acc:        0.844880 loss:        0.475605
Test - acc:         0.776700 loss:        0.691814
Sparsity :          0.5000
Wdecay :        0.000500
========== Epoch 73 ==========
LR =  0.1
Train - acc:        0.842620 loss:        0.476294
Test - acc:         0.732400 loss:        0.920767
Sparsity :          0.5000
Wdecay :        0.000500
========== Epoch 74 ==========
LR =  0.1
Train - acc:        0.846060 loss:        0.471999
Test - acc:         0.737400 loss:        0.821135
Sparsity :          0.5000
Wdecay :        0.000500
========== Epoch 75 ==========
LR =  0.1
Train - acc:        0.841260 loss:        0.480851
Test - acc:         0.753700 loss:        0.813683
Sparsity :          0.5000
Wdecay :        0.000500
========== Epoch 76 ==========
LR =  0.1
Train - acc:        0.843080 loss:        0.478451
Test - acc:         0.765300 loss:        0.793019
Sparsity :          0.5000
Wdecay :        0.000500
========== Epoch 77 ==========
LR =  0.1
Train - acc:        0.842440 loss:        0.482824
Test - acc:         0.807700 loss:        0.600215
Sparsity :          0.5000
Wdecay :        0.000500
========== Epoch 78 ==========
LR =  0.1
Train - acc:        0.843480 loss:        0.475718
Test - acc:         0.799500 loss:        0.665392
Sparsity :          0.5000
Wdecay :        0.000500
========== Epoch 79 ==========
LR =  0.1
Train - acc:        0.843100 loss:        0.481763
Test - acc:         0.777800 loss:        0.729787
Sparsity :          0.5000
Wdecay :        0.000500
========== Epoch 80 ==========
LR =  0.1
Train - acc:        0.841760 loss:        0.483947
Test - acc:         0.733900 loss:        0.872109
Sparsity :          0.5000
Wdecay :        0.000500
========== Epoch 81 ==========
LR =  0.1
Train - acc:        0.841880 loss:        0.482561
Test - acc:         0.742400 loss:        0.796068
Sparsity :          0.5000
Wdecay :        0.000500
========== Epoch 82 ==========
LR =  0.1
Train - acc:        0.845800 loss:        0.472279
Test - acc:         0.768900 loss:        0.764439
Sparsity :          0.5000
Wdecay :        0.000500
========== Epoch 83 ==========
LR =  0.1
Train - acc:        0.845220 loss:        0.472093
Test - acc:         0.800600 loss:        0.621598
Sparsity :          0.5000
Wdecay :        0.000500
========== Epoch 84 ==========
LR =  0.1
Train - acc:        0.846160 loss:        0.471630
Test - acc:         0.778200 loss:        0.692778
Sparsity :          0.5000
Wdecay :        0.000500
========== Epoch 85 ==========
LR =  0.1
Train - acc:        0.841520 loss:        0.479794
Test - acc:         0.798300 loss:        0.608247
Sparsity :          0.5000
Wdecay :        0.000500
========== Epoch 86 ==========
LR =  0.1
Train - acc:        0.845340 loss:        0.471355
Test - acc:         0.738800 loss:        0.878251
Sparsity :          0.5000
Wdecay :        0.000500
========== Epoch 87 ==========
LR =  0.1
Train - acc:        0.845480 loss:        0.474860
Test - acc:         0.770400 loss:        0.752269
Sparsity :          0.5000
Wdecay :        0.000500
========== Epoch 88 ==========
LR =  0.1
Train - acc:        0.846560 loss:        0.469020
Test - acc:         0.763700 loss:        0.782839
Sparsity :          0.5000
Wdecay :        0.000500
========== Epoch 89 ==========
LR =  0.1
Train - acc:        0.844240 loss:        0.471711
Test - acc:         0.751600 loss:        0.851958
Sparsity :          0.5000
Wdecay :        0.000500
========== Epoch 90 ==========
LR =  0.1
Train - acc:        0.846920 loss:        0.466936
Test - acc:         0.787100 loss:        0.687105
Sparsity :          0.5000
Wdecay :        0.000500
========== Epoch 91 ==========
LR =  0.1
Train - acc:        0.845880 loss:        0.471876
Test - acc:         0.800600 loss:        0.638153
Sparsity :          0.5000
Wdecay :        0.000500
========== Epoch 92 ==========
LR =  0.1
Train - acc:        0.846320 loss:        0.471084
Test - acc:         0.788500 loss:        0.663525
Sparsity :          0.5000
Wdecay :        0.000500
========== Epoch 93 ==========
LR =  0.1
Train - acc:        0.846760 loss:        0.465054
Test - acc:         0.771000 loss:        0.712846
Sparsity :          0.5000
Wdecay :        0.000500
========== Epoch 94 ==========
LR =  0.1
Train - acc:        0.847760 loss:        0.464491
Test - acc:         0.802600 loss:        0.616874
Sparsity :          0.5000
Wdecay :        0.000500
========== Epoch 95 ==========
LR =  0.1
Train - acc:        0.843860 loss:        0.472350
Test - acc:         0.784100 loss:        0.682011
Sparsity :          0.5000
Wdecay :        0.000500
========== Epoch 96 ==========
LR =  0.1
Train - acc:        0.842860 loss:        0.474712
Test - acc:         0.797500 loss:        0.663331
Sparsity :          0.5000
Wdecay :        0.000500
========== Epoch 97 ==========
LR =  0.1
Train - acc:        0.845700 loss:        0.470655
Test - acc:         0.806200 loss:        0.605501
Sparsity :          0.5000
Wdecay :        0.000500
========== Epoch 98 ==========
LR =  0.1
Train - acc:        0.841940 loss:        0.476867
Test - acc:         0.776300 loss:        0.734038
Sparsity :          0.5000
Wdecay :        0.000500
========== Epoch 99 ==========
LR =  0.1
Train - acc:        0.844640 loss:        0.472941
Test - acc:         0.785700 loss:        0.697678
Sparsity :          0.5000
Wdecay :        0.000500
========== Epoch 100 ==========
LR =  0.1
Train - acc:        0.847080 loss:        0.464008
Test - acc:         0.717600 loss:        0.940019
Sparsity :          0.7500
Wdecay :        0.000500
========== Epoch 101 ==========
LR =  0.1
Train - acc:        0.848460 loss:        0.456128
Test - acc:         0.813700 loss:        0.559622
Sparsity :          0.7500
Wdecay :        0.000500
========== Epoch 102 ==========
LR =  0.1
Train - acc:        0.851520 loss:        0.455459
Test - acc:         0.740400 loss:        0.866007
Sparsity :          0.7500
Wdecay :        0.000500
========== Epoch 103 ==========
LR =  0.1
Train - acc:        0.848400 loss:        0.462877
Test - acc:         0.789000 loss:        0.669017
Sparsity :          0.7500
Wdecay :        0.000500
========== Epoch 104 ==========
LR =  0.1
Train - acc:        0.851760 loss:        0.452784
Test - acc:         0.800700 loss:        0.615897
Sparsity :          0.7500
Wdecay :        0.000500
========== Epoch 105 ==========
LR =  0.1
Train - acc:        0.847340 loss:        0.458723
Test - acc:         0.781300 loss:        0.683391
Sparsity :          0.7500
Wdecay :        0.000500
========== Epoch 106 ==========
LR =  0.1
Train - acc:        0.847220 loss:        0.458821
Test - acc:         0.792000 loss:        0.632114
Sparsity :          0.7500
Wdecay :        0.000500
========== Epoch 107 ==========
LR =  0.1
Train - acc:        0.848420 loss:        0.458175
Test - acc:         0.820000 loss:        0.547713
Sparsity :          0.7500
Wdecay :        0.000500
========== Epoch 108 ==========
LR =  0.1
Train - acc:        0.850620 loss:        0.458348
Test - acc:         0.753700 loss:        0.809655
Sparsity :          0.7500
Wdecay :        0.000500
========== Epoch 109 ==========
LR =  0.1
Train - acc:        0.849560 loss:        0.453177
Test - acc:         0.741300 loss:        0.846629
Sparsity :          0.7500
Wdecay :        0.000500
========== Epoch 110 ==========
LR =  0.1
Train - acc:        0.848700 loss:        0.458319
Test - acc:         0.687700 loss:        1.085979
Sparsity :          0.7500
Wdecay :        0.000500
========== Epoch 111 ==========
LR =  0.1
Train - acc:        0.847440 loss:        0.460223
Test - acc:         0.753000 loss:        0.849796
Sparsity :          0.7500
Wdecay :        0.000500
========== Epoch 112 ==========
LR =  0.1
Train - acc:        0.850660 loss:        0.454609
Test - acc:         0.808800 loss:        0.593671
Sparsity :          0.7500
Wdecay :        0.000500
========== Epoch 113 ==========
LR =  0.1
Train - acc:        0.849960 loss:        0.457855
Test - acc:         0.676200 loss:        1.193197
Sparsity :          0.7500
Wdecay :        0.000500
========== Epoch 114 ==========
LR =  0.1
Train - acc:        0.850120 loss:        0.453727
Test - acc:         0.788600 loss:        0.685469
Sparsity :          0.7500
Wdecay :        0.000500
========== Epoch 115 ==========
LR =  0.1
Train - acc:        0.852820 loss:        0.449412
Test - acc:         0.754200 loss:        0.850851
Sparsity :          0.7500
Wdecay :        0.000500
========== Epoch 116 ==========
LR =  0.1
Train - acc:        0.849140 loss:        0.458825
Test - acc:         0.774900 loss:        0.735833
Sparsity :          0.7500
Wdecay :        0.000500
========== Epoch 117 ==========
LR =  0.1
Train - acc:        0.852120 loss:        0.449481
Test - acc:         0.807400 loss:        0.611091
Sparsity :          0.7500
Wdecay :        0.000500
========== Epoch 118 ==========
LR =  0.1
Train - acc:        0.850480 loss:        0.452605
Test - acc:         0.810700 loss:        0.611921
Sparsity :          0.7500
Wdecay :        0.000500
========== Epoch 119 ==========
LR =  0.1
Train - acc:        0.850660 loss:        0.451751
Test - acc:         0.768400 loss:        0.722766
Sparsity :          0.7500
Wdecay :        0.000500
========== Epoch 120 ==========
LR =  0.1
Train - acc:        0.849700 loss:        0.454919
Test - acc:         0.796000 loss:        0.662045
Sparsity :          0.7500
Wdecay :        0.000500
========== Epoch 121 ==========
LR =  0.1
Train - acc:        0.850100 loss:        0.452522
Test - acc:         0.805600 loss:        0.593352
Sparsity :          0.7500
Wdecay :        0.000500
========== Epoch 122 ==========
LR =  0.1
Train - acc:        0.851080 loss:        0.448166
Test - acc:         0.811300 loss:        0.560015
Sparsity :          0.7500
Wdecay :        0.000500
========== Epoch 123 ==========
LR =  0.1
Train - acc:        0.848480 loss:        0.454599
Test - acc:         0.730100 loss:        1.014761
Sparsity :          0.7500
Wdecay :        0.000500
========== Epoch 124 ==========
LR =  0.1
Train - acc:        0.850040 loss:        0.455874
Test - acc:         0.798300 loss:        0.614064
Sparsity :          0.7500
Wdecay :        0.000500
========== Epoch 125 ==========
LR =  0.1
Train - acc:        0.848140 loss:        0.453730
Test - acc:         0.805300 loss:        0.579469
Sparsity :          0.7500
Wdecay :        0.000500
========== Epoch 126 ==========
LR =  0.1
Train - acc:        0.850840 loss:        0.451325
Test - acc:         0.725000 loss:        0.881011
Sparsity :          0.7500
Wdecay :        0.000500
========== Epoch 127 ==========
LR =  0.1
Train - acc:        0.849620 loss:        0.456941
Test - acc:         0.779500 loss:        0.672999
Sparsity :          0.7500
Wdecay :        0.000500
========== Epoch 128 ==========
LR =  0.1
Train - acc:        0.851440 loss:        0.450814
Test - acc:         0.810700 loss:        0.613660
Sparsity :          0.7500
Wdecay :        0.000500
========== Epoch 129 ==========
LR =  0.1
Train - acc:        0.847160 loss:        0.458624
Test - acc:         0.700400 loss:        1.047885
Sparsity :          0.7500
Wdecay :        0.000500
========== Epoch 130 ==========
LR =  0.1
Train - acc:        0.853300 loss:        0.446510
Test - acc:         0.794400 loss:        0.639129
Sparsity :          0.7500
Wdecay :        0.000500
========== Epoch 131 ==========
LR =  0.1
Train - acc:        0.852460 loss:        0.448514
Test - acc:         0.827300 loss:        0.523470
Sparsity :          0.7500
Wdecay :        0.000500
========== Epoch 132 ==========
LR =  0.1
Train - acc:        0.849640 loss:        0.453585
Test - acc:         0.791400 loss:        0.690612
Sparsity :          0.7500
Wdecay :        0.000500
========== Epoch 133 ==========
LR =  0.1
Train - acc:        0.849100 loss:        0.457843
Test - acc:         0.778700 loss:        0.700673
Sparsity :          0.7500
Wdecay :        0.000500
========== Epoch 134 ==========
LR =  0.1
Train - acc:        0.853820 loss:        0.445495
Test - acc:         0.746600 loss:        0.825924
Sparsity :          0.7500
Wdecay :        0.000500
========== Epoch 135 ==========
LR =  0.1
Train - acc:        0.854700 loss:        0.441881
Test - acc:         0.804500 loss:        0.591675
Sparsity :          0.7500
Wdecay :        0.000500
========== Epoch 136 ==========
LR =  0.1
Train - acc:        0.848080 loss:        0.459755
Test - acc:         0.721800 loss:        0.836036
Sparsity :          0.7500
Wdecay :        0.000500
========== Epoch 137 ==========
LR =  0.1
Train - acc:        0.850040 loss:        0.457529
Test - acc:         0.756900 loss:        0.718927
Sparsity :          0.7500
Wdecay :        0.000500
========== Epoch 138 ==========
LR =  0.1
Train - acc:        0.852120 loss:        0.445919
Test - acc:         0.827000 loss:        0.545642
Sparsity :          0.7500
Wdecay :        0.000500
========== Epoch 139 ==========
LR =  0.1
Train - acc:        0.851940 loss:        0.447798
Test - acc:         0.783600 loss:        0.725679
Sparsity :          0.7500
Wdecay :        0.000500
========== Epoch 140 ==========
LR =  0.1
Train - acc:        0.851480 loss:        0.448071
Test - acc:         0.789400 loss:        0.665859
Sparsity :          0.7500
Wdecay :        0.000500
========== Epoch 141 ==========
LR =  0.1
Train - acc:        0.852400 loss:        0.448711
Test - acc:         0.784700 loss:        0.653441
Sparsity :          0.7500
Wdecay :        0.000500
========== Epoch 142 ==========
LR =  0.1
Train - acc:        0.852540 loss:        0.448336
Test - acc:         0.784600 loss:        0.710258
Sparsity :          0.7500
Wdecay :        0.000500
========== Epoch 143 ==========
LR =  0.1
Train - acc:        0.849860 loss:        0.453867
Test - acc:         0.830300 loss:        0.504648
Sparsity :          0.7500
Wdecay :        0.000500
========== Epoch 144 ==========
LR =  0.1
Train - acc:        0.850980 loss:        0.445995
Test - acc:         0.782700 loss:        0.702570
Sparsity :          0.7500
Wdecay :        0.000500
========== Epoch 145 ==========
LR =  0.1
Train - acc:        0.852460 loss:        0.449381
Test - acc:         0.669300 loss:        1.283129
Sparsity :          0.7500
Wdecay :        0.000500
========== Epoch 146 ==========
LR =  0.1
Train - acc:        0.847720 loss:        0.460237
Test - acc:         0.771900 loss:        0.730398
Sparsity :          0.7500
Wdecay :        0.000500
========== Epoch 147 ==========
LR =  0.1
Train - acc:        0.850360 loss:        0.453303
Test - acc:         0.794600 loss:        0.658084
Sparsity :          0.7500
Wdecay :        0.000500
========== Epoch 148 ==========
LR =  0.1
Train - acc:        0.854420 loss:        0.441507
Test - acc:         0.765500 loss:        0.778064
Sparsity :          0.7500
Wdecay :        0.000500
========== Epoch 149 ==========
LR =  0.1
Train - acc:        0.851760 loss:        0.447873
Test - acc:         0.793300 loss:        0.624761
Sparsity :          0.7500
Wdecay :        0.000500
========== Epoch 150 ==========
LR =  0.010000000000000002
Train - acc:        0.853620 loss:        0.443666
Test - acc:         0.791600 loss:        0.646711
Sparsity :          0.8750
Wdecay :        0.000500
========== Epoch 151 ==========
LR =  0.010000000000000002
Train - acc:        0.908920 loss:        0.273866
Test - acc:         0.901200 loss:        0.296058
Sparsity :          0.8750
Wdecay :        0.000500
========== Epoch 152 ==========
LR =  0.010000000000000002
Train - acc:        0.927040 loss:        0.220743
Test - acc:         0.903500 loss:        0.280172
Sparsity :          0.8750
Wdecay :        0.000500
========== Epoch 153 ==========
LR =  0.010000000000000002
Train - acc:        0.933980 loss:        0.198544
Test - acc:         0.909700 loss:        0.273761
Sparsity :          0.8750
Wdecay :        0.000500
========== Epoch 154 ==========
LR =  0.010000000000000002
Train - acc:        0.938060 loss:        0.185705
Test - acc:         0.910100 loss:        0.271675
Sparsity :          0.8750
Wdecay :        0.000500
========== Epoch 155 ==========
LR =  0.010000000000000002
Train - acc:        0.941380 loss:        0.175373
Test - acc:         0.908900 loss:        0.277816
Sparsity :          0.8750
Wdecay :        0.000500
========== Epoch 156 ==========
LR =  0.010000000000000002
Train - acc:        0.945540 loss:        0.162886
Test - acc:         0.913700 loss:        0.266558
Sparsity :          0.8750
Wdecay :        0.000500
========== Epoch 157 ==========
LR =  0.010000000000000002
Train - acc:        0.948280 loss:        0.154245
Test - acc:         0.913400 loss:        0.265645
Sparsity :          0.8750
Wdecay :        0.000500
========== Epoch 158 ==========
LR =  0.010000000000000002
Train - acc:        0.952020 loss:        0.142442
Test - acc:         0.915400 loss:        0.271936
Sparsity :          0.8750
Wdecay :        0.000500
========== Epoch 159 ==========
LR =  0.010000000000000002
Train - acc:        0.951760 loss:        0.143053
Test - acc:         0.910800 loss:        0.284095
Sparsity :          0.8750
Wdecay :        0.000500
========== Epoch 160 ==========
LR =  0.010000000000000002
Train - acc:        0.953300 loss:        0.134908
Test - acc:         0.910800 loss:        0.290824
Sparsity :          0.8750
Wdecay :        0.000500
========== Epoch 161 ==========
LR =  0.010000000000000002
Train - acc:        0.956040 loss:        0.128636
Test - acc:         0.908900 loss:        0.297637
Sparsity :          0.8750
Wdecay :        0.000500
========== Epoch 162 ==========
LR =  0.010000000000000002
Train - acc:        0.959520 loss:        0.121263
Test - acc:         0.912100 loss:        0.288864
Sparsity :          0.8750
Wdecay :        0.000500
========== Epoch 163 ==========
LR =  0.010000000000000002
Train - acc:        0.957260 loss:        0.124107
Test - acc:         0.914600 loss:        0.283065
Sparsity :          0.8750
Wdecay :        0.000500
========== Epoch 164 ==========
LR =  0.010000000000000002
Train - acc:        0.960920 loss:        0.116696
Test - acc:         0.911900 loss:        0.287987
Sparsity :          0.8750
Wdecay :        0.000500
========== Epoch 165 ==========
LR =  0.010000000000000002
Train - acc:        0.962240 loss:        0.110755
Test - acc:         0.909100 loss:        0.308624
Sparsity :          0.8750
Wdecay :        0.000500
========== Epoch 166 ==========
LR =  0.010000000000000002
Train - acc:        0.962100 loss:        0.112379
Test - acc:         0.909400 loss:        0.305161
Sparsity :          0.8750
Wdecay :        0.000500
========== Epoch 167 ==========
LR =  0.010000000000000002
Train - acc:        0.964120 loss:        0.105524
Test - acc:         0.909700 loss:        0.309836
Sparsity :          0.8750
Wdecay :        0.000500
========== Epoch 168 ==========
LR =  0.010000000000000002
Train - acc:        0.963960 loss:        0.107332
Test - acc:         0.910500 loss:        0.309334
Sparsity :          0.8750
Wdecay :        0.000500
========== Epoch 169 ==========
LR =  0.010000000000000002
Train - acc:        0.964900 loss:        0.103695
Test - acc:         0.912400 loss:        0.291400
Sparsity :          0.8750
Wdecay :        0.000500
========== Epoch 170 ==========
LR =  0.010000000000000002
Train - acc:        0.964820 loss:        0.102415
Test - acc:         0.906700 loss:        0.305016
Sparsity :          0.8750
Wdecay :        0.000500
========== Epoch 171 ==========
LR =  0.010000000000000002
Train - acc:        0.964400 loss:        0.103074
Test - acc:         0.906000 loss:        0.323232
Sparsity :          0.8750
Wdecay :        0.000500
========== Epoch 172 ==========
LR =  0.010000000000000002
Train - acc:        0.963740 loss:        0.104565
Test - acc:         0.911000 loss:        0.311501
Sparsity :          0.8750
Wdecay :        0.000500
========== Epoch 173 ==========
LR =  0.010000000000000002
Train - acc:        0.964200 loss:        0.104938
Test - acc:         0.904400 loss:        0.334758
Sparsity :          0.8750
Wdecay :        0.000500
========== Epoch 174 ==========
LR =  0.010000000000000002
Train - acc:        0.963780 loss:        0.104415
Test - acc:         0.908900 loss:        0.305917
Sparsity :          0.8750
Wdecay :        0.000500
========== Epoch 175 ==========
LR =  0.010000000000000002
Train - acc:        0.963660 loss:        0.102771
Test - acc:         0.902500 loss:        0.351172
Sparsity :          0.8750
Wdecay :        0.000500
========== Epoch 176 ==========
LR =  0.010000000000000002
Train - acc:        0.965560 loss:        0.100661
Test - acc:         0.906900 loss:        0.321795
Sparsity :          0.8750
Wdecay :        0.000500
========== Epoch 177 ==========
LR =  0.010000000000000002
Train - acc:        0.966100 loss:        0.100146
Test - acc:         0.903900 loss:        0.323525
Sparsity :          0.8750
Wdecay :        0.000500
========== Epoch 178 ==========
LR =  0.010000000000000002
Train - acc:        0.963660 loss:        0.105831
Test - acc:         0.904900 loss:        0.319467
Sparsity :          0.8750
Wdecay :        0.000500
========== Epoch 179 ==========
LR =  0.010000000000000002
Train - acc:        0.966920 loss:        0.097665
Test - acc:         0.902200 loss:        0.344737
Sparsity :          0.8750
Wdecay :        0.000500
========== Epoch 180 ==========
LR =  0.010000000000000002
Train - acc:        0.965820 loss:        0.099876
Test - acc:         0.896100 loss:        0.356264
Sparsity :          0.8750
Wdecay :        0.000500
========== Epoch 181 ==========
LR =  0.010000000000000002
Train - acc:        0.964200 loss:        0.103676
Test - acc:         0.905800 loss:        0.329799
Sparsity :          0.8750
Wdecay :        0.000500
========== Epoch 182 ==========
LR =  0.010000000000000002
Train - acc:        0.965760 loss:        0.101581
Test - acc:         0.899400 loss:        0.353781
Sparsity :          0.8750
Wdecay :        0.000500
========== Epoch 183 ==========
LR =  0.010000000000000002
Train - acc:        0.965360 loss:        0.100516
Test - acc:         0.902400 loss:        0.349273
Sparsity :          0.8750
Wdecay :        0.000500
========== Epoch 184 ==========
LR =  0.010000000000000002
Train - acc:        0.964980 loss:        0.102038
Test - acc:         0.913900 loss:        0.295678
Sparsity :          0.8750
Wdecay :        0.000500
========== Epoch 185 ==========
LR =  0.010000000000000002
Train - acc:        0.966980 loss:        0.095856
Test - acc:         0.903900 loss:        0.330727
Sparsity :          0.8750
Wdecay :        0.000500
========== Epoch 186 ==========
LR =  0.010000000000000002
Train - acc:        0.965080 loss:        0.099978
Test - acc:         0.905000 loss:        0.337548
Sparsity :          0.8750
Wdecay :        0.000500
========== Epoch 187 ==========
LR =  0.010000000000000002
Train - acc:        0.963340 loss:        0.107330
Test - acc:         0.892900 loss:        0.375268
Sparsity :          0.8750
Wdecay :        0.000500
========== Epoch 188 ==========
LR =  0.010000000000000002
Train - acc:        0.965120 loss:        0.101833
Test - acc:         0.901300 loss:        0.345488
Sparsity :          0.8750
Wdecay :        0.000500
========== Epoch 189 ==========
LR =  0.010000000000000002
Train - acc:        0.964280 loss:        0.103148
Test - acc:         0.906200 loss:        0.334426
Sparsity :          0.8750
Wdecay :        0.000500
========== Epoch 190 ==========
LR =  0.010000000000000002
Train - acc:        0.963400 loss:        0.105391
Test - acc:         0.901100 loss:        0.342061
Sparsity :          0.8750
Wdecay :        0.000500
========== Epoch 191 ==========
LR =  0.010000000000000002
Train - acc:        0.964980 loss:        0.101347
Test - acc:         0.903500 loss:        0.337417
Sparsity :          0.8750
Wdecay :        0.000500
========== Epoch 192 ==========
LR =  0.010000000000000002
Train - acc:        0.964640 loss:        0.102666
Test - acc:         0.898200 loss:        0.358725
Sparsity :          0.8750
Wdecay :        0.000500
========== Epoch 193 ==========
LR =  0.010000000000000002
Train - acc:        0.966120 loss:        0.101146
Test - acc:         0.897600 loss:        0.366991
Sparsity :          0.8750
Wdecay :        0.000500
========== Epoch 194 ==========
LR =  0.010000000000000002
Train - acc:        0.965600 loss:        0.103851
Test - acc:         0.900900 loss:        0.347782
Sparsity :          0.8750
Wdecay :        0.000500
========== Epoch 195 ==========
LR =  0.010000000000000002
Train - acc:        0.962620 loss:        0.106171
Test - acc:         0.903600 loss:        0.336273
Sparsity :          0.8750
Wdecay :        0.000500
========== Epoch 196 ==========
LR =  0.010000000000000002
Train - acc:        0.964000 loss:        0.104678
Test - acc:         0.886100 loss:        0.423665
Sparsity :          0.8750
Wdecay :        0.000500
========== Epoch 197 ==========
LR =  0.010000000000000002
Train - acc:        0.964260 loss:        0.104370
Test - acc:         0.899800 loss:        0.347757
Sparsity :          0.8750
Wdecay :        0.000500
========== Epoch 198 ==========
LR =  0.010000000000000002
Train - acc:        0.965580 loss:        0.101761
Test - acc:         0.906400 loss:        0.337160
Sparsity :          0.8750
Wdecay :        0.000500
========== Epoch 199 ==========
LR =  0.010000000000000002
Train - acc:        0.964100 loss:        0.104662
Test - acc:         0.901600 loss:        0.352697
Sparsity :          0.8750
Wdecay :        0.000500
========== Epoch 200 ==========
LR =  0.010000000000000002
Train - acc:        0.964240 loss:        0.104518
Test - acc:         0.896900 loss:        0.360733
Sparsity :          0.9375
Wdecay :        0.000500
========== Epoch 201 ==========
LR =  0.010000000000000002
Train - acc:        0.970040 loss:        0.089176
Test - acc:         0.903600 loss:        0.347661
Sparsity :          0.9375
Wdecay :        0.000500
========== Epoch 202 ==========
LR =  0.010000000000000002
Train - acc:        0.971780 loss:        0.083291
Test - acc:         0.902800 loss:        0.362850
Sparsity :          0.9375
Wdecay :        0.000500
========== Epoch 203 ==========
LR =  0.010000000000000002
Train - acc:        0.971480 loss:        0.083725
Test - acc:         0.904400 loss:        0.341604
Sparsity :          0.9375
Wdecay :        0.000500
========== Epoch 204 ==========
LR =  0.010000000000000002
Train - acc:        0.971220 loss:        0.083927
Test - acc:         0.896500 loss:        0.384364
Sparsity :          0.9375
Wdecay :        0.000500
========== Epoch 205 ==========
LR =  0.010000000000000002
Train - acc:        0.971400 loss:        0.084434
Test - acc:         0.901000 loss:        0.353744
Sparsity :          0.9375
Wdecay :        0.000500
========== Epoch 206 ==========
LR =  0.010000000000000002
Train - acc:        0.968200 loss:        0.092606
Test - acc:         0.900700 loss:        0.349823
Sparsity :          0.9375
Wdecay :        0.000500
========== Epoch 207 ==========
LR =  0.010000000000000002
Train - acc:        0.971020 loss:        0.084524
Test - acc:         0.900000 loss:        0.374311
Sparsity :          0.9375
Wdecay :        0.000500
========== Epoch 208 ==========
LR =  0.010000000000000002
Train - acc:        0.969760 loss:        0.089710
Test - acc:         0.907200 loss:        0.326897
Sparsity :          0.9375
Wdecay :        0.000500
========== Epoch 209 ==========
LR =  0.010000000000000002
Train - acc:        0.971020 loss:        0.083067
Test - acc:         0.899200 loss:        0.368534
Sparsity :          0.9375
Wdecay :        0.000500
========== Epoch 210 ==========
LR =  0.010000000000000002
Train - acc:        0.970260 loss:        0.087783
Test - acc:         0.910400 loss:        0.328902
Sparsity :          0.9375
Wdecay :        0.000500
========== Epoch 211 ==========
LR =  0.010000000000000002
Train - acc:        0.970760 loss:        0.087656
Test - acc:         0.903900 loss:        0.346815
Sparsity :          0.9375
Wdecay :        0.000500
========== Epoch 212 ==========
LR =  0.010000000000000002
Train - acc:        0.971300 loss:        0.085704
Test - acc:         0.885400 loss:        0.395804
Sparsity :          0.9375
Wdecay :        0.000500
========== Epoch 213 ==========
LR =  0.010000000000000002
Train - acc:        0.969020 loss:        0.090539
Test - acc:         0.901400 loss:        0.365125
Sparsity :          0.9375
Wdecay :        0.000500
========== Epoch 214 ==========
LR =  0.010000000000000002
Train - acc:        0.970300 loss:        0.087276
Test - acc:         0.899000 loss:        0.371035
Sparsity :          0.9375
Wdecay :        0.000500
========== Epoch 215 ==========
LR =  0.010000000000000002
Train - acc:        0.966680 loss:        0.097967
Test - acc:         0.890900 loss:        0.389489
Sparsity :          0.9375
Wdecay :        0.000500
========== Epoch 216 ==========
LR =  0.010000000000000002
Train - acc:        0.969560 loss:        0.087077
Test - acc:         0.908200 loss:        0.328068
Sparsity :          0.9375
Wdecay :        0.000500
========== Epoch 217 ==========
LR =  0.010000000000000002
Train - acc:        0.969620 loss:        0.087648
Test - acc:         0.879800 loss:        0.444797
Sparsity :          0.9375
Wdecay :        0.000500
========== Epoch 218 ==========
LR =  0.010000000000000002
Train - acc:        0.968680 loss:        0.091931
Test - acc:         0.893900 loss:        0.377734
Sparsity :          0.9375
Wdecay :        0.000500
========== Epoch 219 ==========
LR =  0.010000000000000002
Train - acc:        0.968860 loss:        0.093188
Test - acc:         0.904800 loss:        0.334482
Sparsity :          0.9375
Wdecay :        0.000500
========== Epoch 220 ==========
LR =  0.010000000000000002
Train - acc:        0.968780 loss:        0.093511
Test - acc:         0.895300 loss:        0.384669
Sparsity :          0.9375
Wdecay :        0.000500
========== Epoch 221 ==========
LR =  0.010000000000000002
Train - acc:        0.968280 loss:        0.092043
Test - acc:         0.894100 loss:        0.382650
Sparsity :          0.9375
Wdecay :        0.000500
========== Epoch 222 ==========
LR =  0.010000000000000002
Train - acc:        0.969480 loss:        0.089292
Test - acc:         0.904200 loss:        0.344248
Sparsity :          0.9375
Wdecay :        0.000500
========== Epoch 223 ==========
LR =  0.010000000000000002
Train - acc:        0.969380 loss:        0.090621
Test - acc:         0.894300 loss:        0.375791
Sparsity :          0.9375
Wdecay :        0.000500
========== Epoch 224 ==========
LR =  0.010000000000000002
Train - acc:        0.970240 loss:        0.088698
Test - acc:         0.895900 loss:        0.382013
Sparsity :          0.9375
Wdecay :        0.000500
========== Epoch 225 ==========
LR =  0.010000000000000002
Train - acc:        0.968960 loss:        0.092909
Test - acc:         0.902400 loss:        0.343697
Sparsity :          0.9375
Wdecay :        0.000500
========== Epoch 226 ==========
LR =  0.010000000000000002
Train - acc:        0.970000 loss:        0.088415
Test - acc:         0.903900 loss:        0.342858
Sparsity :          0.9375
Wdecay :        0.000500
========== Epoch 227 ==========
LR =  0.010000000000000002
Train - acc:        0.969000 loss:        0.090744
Test - acc:         0.894600 loss:        0.390770
Sparsity :          0.9375
Wdecay :        0.000500
========== Epoch 228 ==========
LR =  0.010000000000000002
Train - acc:        0.968400 loss:        0.092413
Test - acc:         0.898600 loss:        0.364341
Sparsity :          0.9375
Wdecay :        0.000500
========== Epoch 229 ==========
LR =  0.010000000000000002
Train - acc:        0.970640 loss:        0.088044
Test - acc:         0.895100 loss:        0.364492
Sparsity :          0.9375
Wdecay :        0.000500
========== Epoch 230 ==========
LR =  0.010000000000000002
Train - acc:        0.968040 loss:        0.092169
Test - acc:         0.895900 loss:        0.377119
Sparsity :          0.9375
Wdecay :        0.000500
========== Epoch 231 ==========
LR =  0.010000000000000002
Train - acc:        0.969820 loss:        0.086650
Test - acc:         0.904400 loss:        0.353376
Sparsity :          0.9375
Wdecay :        0.000500
========== Epoch 232 ==========
LR =  0.010000000000000002
Train - acc:        0.968180 loss:        0.092483
Test - acc:         0.898300 loss:        0.362741
Sparsity :          0.9375
Wdecay :        0.000500
========== Epoch 233 ==========
LR =  0.010000000000000002
Train - acc:        0.967720 loss:        0.093635
Test - acc:         0.898500 loss:        0.384229
Sparsity :          0.9375
Wdecay :        0.000500
========== Epoch 234 ==========
LR =  0.010000000000000002
Train - acc:        0.968620 loss:        0.091249
Test - acc:         0.895500 loss:        0.384599
Sparsity :          0.9375
Wdecay :        0.000500
========== Epoch 235 ==========
LR =  0.010000000000000002
Train - acc:        0.969040 loss:        0.092427
Test - acc:         0.895500 loss:        0.365925
Sparsity :          0.9375
Wdecay :        0.000500
========== Epoch 236 ==========
LR =  0.010000000000000002
Train - acc:        0.969360 loss:        0.090209
Test - acc:         0.888800 loss:        0.392519
Sparsity :          0.9375
Wdecay :        0.000500
========== Epoch 237 ==========
LR =  0.010000000000000002
Train - acc:        0.969040 loss:        0.090151
Test - acc:         0.900500 loss:        0.348160
Sparsity :          0.9375
Wdecay :        0.000500
========== Epoch 238 ==========
LR =  0.010000000000000002
Train - acc:        0.968720 loss:        0.091001
Test - acc:         0.896200 loss:        0.364211
Sparsity :          0.9375
Wdecay :        0.000500
========== Epoch 239 ==========
LR =  0.010000000000000002
Train - acc:        0.967920 loss:        0.093418
Test - acc:         0.893700 loss:        0.376043
Sparsity :          0.9375
Wdecay :        0.000500
========== Epoch 240 ==========
LR =  0.010000000000000002
Train - acc:        0.968740 loss:        0.090920
Test - acc:         0.902200 loss:        0.346873
Sparsity :          0.9375
Wdecay :        0.000500
========== Epoch 241 ==========
LR =  0.010000000000000002
Train - acc:        0.968120 loss:        0.092335
Test - acc:         0.893400 loss:        0.400315
Sparsity :          0.9375
Wdecay :        0.000500
========== Epoch 242 ==========
LR =  0.010000000000000002
Train - acc:        0.968820 loss:        0.090687
Test - acc:         0.889500 loss:        0.397051
Sparsity :          0.9375
Wdecay :        0.000500
========== Epoch 243 ==========
LR =  0.010000000000000002
Train - acc:        0.971000 loss:        0.083732
Test - acc:         0.898200 loss:        0.368600
Sparsity :          0.9375
Wdecay :        0.000500
========== Epoch 244 ==========
LR =  0.010000000000000002
Train - acc:        0.970740 loss:        0.084799
Test - acc:         0.887000 loss:        0.405189
Sparsity :          0.9375
Wdecay :        0.000500
========== Epoch 245 ==========
LR =  0.010000000000000002
Train - acc:        0.971200 loss:        0.085581
Test - acc:         0.906500 loss:        0.339857
Sparsity :          0.9375
Wdecay :        0.000500
========== Epoch 246 ==========
LR =  0.010000000000000002
Train - acc:        0.971400 loss:        0.085762
Test - acc:         0.900100 loss:        0.370024
Sparsity :          0.9375
Wdecay :        0.000500
========== Epoch 247 ==========
LR =  0.010000000000000002
Train - acc:        0.969960 loss:        0.088107
Test - acc:         0.892900 loss:        0.423805
Sparsity :          0.9375
Wdecay :        0.000500
========== Epoch 248 ==========
LR =  0.010000000000000002
Train - acc:        0.968920 loss:        0.090942
Test - acc:         0.901100 loss:        0.354926
Sparsity :          0.9375
Wdecay :        0.000500
========== Epoch 249 ==========
LR =  0.010000000000000002
Train - acc:        0.968780 loss:        0.089143
Test - acc:         0.888800 loss:        0.411178
Sparsity :          0.9375
Wdecay :        0.000500
========== Epoch 250 ==========
LR =  0.0010000000000000002
Train - acc:        0.969340 loss:        0.090467
Test - acc:         0.900700 loss:        0.364118
Sparsity :          0.9688
Wdecay :        0.000500
========== Epoch 251 ==========
LR =  0.0010000000000000002
Train - acc:        0.982200 loss:        0.056842
Test - acc:         0.917300 loss:        0.283654
Sparsity :          0.9688
Wdecay :        0.000500
========== Epoch 252 ==========
LR =  0.0010000000000000002
Train - acc:        0.987400 loss:        0.041309
Test - acc:         0.920600 loss:        0.284564
Sparsity :          0.9688
Wdecay :        0.000500
========== Epoch 253 ==========
LR =  0.0010000000000000002
Train - acc:        0.989100 loss:        0.034534
Test - acc:         0.919800 loss:        0.287117
Sparsity :          0.9688
Wdecay :        0.000500
========== Epoch 254 ==========
LR =  0.0010000000000000002
Train - acc:        0.990640 loss:        0.030410
Test - acc:         0.922300 loss:        0.286515
Sparsity :          0.9688
Wdecay :        0.000500
========== Epoch 255 ==========
LR =  0.0010000000000000002
Train - acc:        0.992120 loss:        0.026986
Test - acc:         0.922800 loss:        0.287876
Sparsity :          0.9688
Wdecay :        0.000500
========== Epoch 256 ==========
LR =  0.0010000000000000002
Train - acc:        0.992800 loss:        0.025332
Test - acc:         0.922900 loss:        0.291002
Sparsity :          0.9688
Wdecay :        0.000500
========== Epoch 257 ==========
LR =  0.0010000000000000002
Train - acc:        0.993240 loss:        0.022917
Test - acc:         0.923200 loss:        0.294076
Sparsity :          0.9688
Wdecay :        0.000500
========== Epoch 258 ==========
LR =  0.0010000000000000002
Train - acc:        0.993440 loss:        0.022032
Test - acc:         0.923600 loss:        0.298549
Sparsity :          0.9688
Wdecay :        0.000500
========== Epoch 259 ==========
LR =  0.0010000000000000002
Train - acc:        0.993840 loss:        0.020461
Test - acc:         0.924900 loss:        0.299999
Sparsity :          0.9688
Wdecay :        0.000500
========== Epoch 260 ==========
LR =  0.0010000000000000002
Train - acc:        0.994400 loss:        0.018580
Test - acc:         0.923300 loss:        0.300052
Sparsity :          0.9688
Wdecay :        0.000500
========== Epoch 261 ==========
LR =  0.0010000000000000002
Train - acc:        0.995260 loss:        0.017787
Test - acc:         0.924500 loss:        0.304448
Sparsity :          0.9688
Wdecay :        0.000500
========== Epoch 262 ==========
LR =  0.0010000000000000002
Train - acc:        0.995260 loss:        0.016641
Test - acc:         0.923800 loss:        0.307138
Sparsity :          0.9688
Wdecay :        0.000500
========== Epoch 263 ==========
LR =  0.0010000000000000002
Train - acc:        0.994960 loss:        0.016979
Test - acc:         0.925200 loss:        0.302219
Sparsity :          0.9688
Wdecay :        0.000500
========== Epoch 264 ==========
LR =  0.0010000000000000002
Train - acc:        0.995380 loss:        0.016236
Test - acc:         0.925100 loss:        0.305310
Sparsity :          0.9688
Wdecay :        0.000500
========== Epoch 265 ==========
LR =  0.0010000000000000002
Train - acc:        0.995200 loss:        0.016292
Test - acc:         0.926000 loss:        0.306821
Sparsity :          0.9688
Wdecay :        0.000500
========== Epoch 266 ==========
LR =  0.0010000000000000002
Train - acc:        0.996360 loss:        0.013369
Test - acc:         0.925100 loss:        0.308420
Sparsity :          0.9688
Wdecay :        0.000500
========== Epoch 267 ==========
LR =  0.0010000000000000002
Train - acc:        0.996260 loss:        0.013839
Test - acc:         0.926000 loss:        0.307952
Sparsity :          0.9688
Wdecay :        0.000500
========== Epoch 268 ==========
LR =  0.0010000000000000002
Train - acc:        0.996780 loss:        0.012959
Test - acc:         0.924500 loss:        0.313679
Sparsity :          0.9688
Wdecay :        0.000500
========== Epoch 269 ==========
LR =  0.0010000000000000002
Train - acc:        0.996080 loss:        0.013544
Test - acc:         0.924900 loss:        0.311464
Sparsity :          0.9688
Wdecay :        0.000500
========== Epoch 270 ==========
LR =  0.0010000000000000002
Train - acc:        0.996820 loss:        0.012063
Test - acc:         0.925100 loss:        0.316308
Sparsity :          0.9688
Wdecay :        0.000500
========== Epoch 271 ==========
LR =  0.0010000000000000002
Train - acc:        0.995940 loss:        0.012685
Test - acc:         0.925300 loss:        0.318182
Sparsity :          0.9688
Wdecay :        0.000500
========== Epoch 272 ==========
LR =  0.0010000000000000002
Train - acc:        0.997140 loss:        0.010905
Test - acc:         0.924800 loss:        0.320374
Sparsity :          0.9688
Wdecay :        0.000500
========== Epoch 273 ==========
LR =  0.0010000000000000002
Train - acc:        0.997040 loss:        0.011138
Test - acc:         0.925300 loss:        0.321197
Sparsity :          0.9688
Wdecay :        0.000500
========== Epoch 274 ==========
LR =  0.0010000000000000002
Train - acc:        0.996780 loss:        0.011422
Test - acc:         0.924400 loss:        0.314184
Sparsity :          0.9688
Wdecay :        0.000500
========== Epoch 275 ==========
LR =  0.0010000000000000002
Train - acc:        0.996780 loss:        0.011204
Test - acc:         0.923900 loss:        0.320177
Sparsity :          0.9688
Wdecay :        0.000500
========== Epoch 276 ==========
LR =  0.0010000000000000002
Train - acc:        0.997480 loss:        0.009581
Test - acc:         0.925600 loss:        0.316921
Sparsity :          0.9688
Wdecay :        0.000500
========== Epoch 277 ==========
LR =  0.0010000000000000002
Train - acc:        0.997300 loss:        0.010143
Test - acc:         0.924500 loss:        0.323821
Sparsity :          0.9688
Wdecay :        0.000500
========== Epoch 278 ==========
LR =  0.0010000000000000002
Train - acc:        0.997500 loss:        0.009558
Test - acc:         0.924400 loss:        0.323680
Sparsity :          0.9688
Wdecay :        0.000500
========== Epoch 279 ==========
LR =  0.0010000000000000002
Train - acc:        0.997460 loss:        0.009500
Test - acc:         0.926000 loss:        0.326935
Sparsity :          0.9688
Wdecay :        0.000500
========== Epoch 280 ==========
LR =  0.0010000000000000002
Train - acc:        0.997500 loss:        0.008984
Test - acc:         0.925600 loss:        0.324525
Sparsity :          0.9688
Wdecay :        0.000500
========== Epoch 281 ==========
LR =  0.0010000000000000002
Train - acc:        0.997320 loss:        0.009485
Test - acc:         0.924100 loss:        0.329818
Sparsity :          0.9688
Wdecay :        0.000500
========== Epoch 282 ==========
LR =  0.0010000000000000002
Train - acc:        0.997440 loss:        0.009275
Test - acc:         0.926400 loss:        0.328489
Sparsity :          0.9688
Wdecay :        0.000500
========== Epoch 283 ==========
LR =  0.0010000000000000002
Train - acc:        0.997580 loss:        0.008555
Test - acc:         0.924700 loss:        0.325781
Sparsity :          0.9688
Wdecay :        0.000500
========== Epoch 284 ==========
LR =  0.0010000000000000002
Train - acc:        0.997780 loss:        0.008500
Test - acc:         0.925800 loss:        0.325658
Sparsity :          0.9688
Wdecay :        0.000500
========== Epoch 285 ==========
LR =  0.0010000000000000002
Train - acc:        0.997480 loss:        0.008413
Test - acc:         0.926500 loss:        0.328921
Sparsity :          0.9688
Wdecay :        0.000500
========== Epoch 286 ==========
LR =  0.0010000000000000002
Train - acc:        0.997620 loss:        0.008362
Test - acc:         0.926500 loss:        0.327831
Sparsity :          0.9688
Wdecay :        0.000500
========== Epoch 287 ==========
LR =  0.0010000000000000002
Train - acc:        0.997680 loss:        0.007957
Test - acc:         0.927300 loss:        0.329257
Sparsity :          0.9688
Wdecay :        0.000500
========== Epoch 288 ==========
LR =  0.0010000000000000002
Train - acc:        0.997820 loss:        0.008236
Test - acc:         0.925200 loss:        0.332839
Sparsity :          0.9688
Wdecay :        0.000500
========== Epoch 289 ==========
LR =  0.0010000000000000002
Train - acc:        0.997580 loss:        0.008528
Test - acc:         0.925700 loss:        0.330886
Sparsity :          0.9688
Wdecay :        0.000500
========== Epoch 290 ==========
LR =  0.0010000000000000002
Train - acc:        0.998160 loss:        0.007284
Test - acc:         0.925600 loss:        0.334924
Sparsity :          0.9688
Wdecay :        0.000500
========== Epoch 291 ==========
LR =  0.0010000000000000002
Train - acc:        0.998020 loss:        0.007465
Test - acc:         0.925300 loss:        0.332876
Sparsity :          0.9688
Wdecay :        0.000500
========== Epoch 292 ==========
LR =  0.0010000000000000002
Train - acc:        0.998280 loss:        0.006889
Test - acc:         0.925200 loss:        0.335919
Sparsity :          0.9688
Wdecay :        0.000500
========== Epoch 293 ==========
LR =  0.0010000000000000002
Train - acc:        0.997600 loss:        0.007920
Test - acc:         0.926500 loss:        0.337632
Sparsity :          0.9688
Wdecay :        0.000500
========== Epoch 294 ==========
LR =  0.0010000000000000002
Train - acc:        0.998120 loss:        0.006992
Test - acc:         0.926600 loss:        0.335002
Sparsity :          0.9688
Wdecay :        0.000500
========== Epoch 295 ==========
LR =  0.0010000000000000002
Train - acc:        0.998120 loss:        0.006630
Test - acc:         0.926800 loss:        0.332044
Sparsity :          0.9688
Wdecay :        0.000500
========== Epoch 296 ==========
LR =  0.0010000000000000002
Train - acc:        0.998500 loss:        0.006014
Test - acc:         0.927200 loss:        0.334557
Sparsity :          0.9688
Wdecay :        0.000500
========== Epoch 297 ==========
LR =  0.0010000000000000002
Train - acc:        0.998440 loss:        0.006531
Test - acc:         0.926100 loss:        0.342694
Sparsity :          0.9688
Wdecay :        0.000500
========== Epoch 298 ==========
LR =  0.0010000000000000002
Train - acc:        0.998360 loss:        0.006926
Test - acc:         0.926900 loss:        0.337379
Sparsity :          0.9688
Wdecay :        0.000500
========== Epoch 299 ==========
LR =  0.0010000000000000002
Train - acc:        0.998200 loss:        0.006384
Test - acc:         0.927600 loss:        0.337486
Sparsity :          0.9688
Wdecay :        0.000500
========== Epoch 300 ==========
LR =  0.0010000000000000002
Train - acc:        0.998140 loss:        0.007173
Test - acc:         0.925500 loss:        0.347604
Sparsity :          0.9844
Wdecay :        0.000500
========== Epoch 301 ==========
LR =  0.0010000000000000002
Train - acc:        0.985860 loss:        0.043356
Test - acc:         0.918400 loss:        0.332542
Sparsity :          0.9844
Wdecay :        0.000500
========== Epoch 302 ==========
LR =  0.0010000000000000002
Train - acc:        0.989580 loss:        0.031961
Test - acc:         0.917500 loss:        0.328051
Sparsity :          0.9844
Wdecay :        0.000500
========== Epoch 303 ==========
LR =  0.0010000000000000002
Train - acc:        0.991520 loss:        0.026726
Test - acc:         0.920100 loss:        0.324117
Sparsity :          0.9844
Wdecay :        0.000500
========== Epoch 304 ==========
LR =  0.0010000000000000002
Train - acc:        0.992320 loss:        0.025259
Test - acc:         0.919500 loss:        0.326104
Sparsity :          0.9844
Wdecay :        0.000500
========== Epoch 305 ==========
LR =  0.0010000000000000002
Train - acc:        0.992360 loss:        0.023691
Test - acc:         0.919000 loss:        0.333457
Sparsity :          0.9844
Wdecay :        0.000500
========== Epoch 306 ==========
LR =  0.0010000000000000002
Train - acc:        0.992900 loss:        0.022904
Test - acc:         0.919000 loss:        0.331487
Sparsity :          0.9844
Wdecay :        0.000500
========== Epoch 307 ==========
LR =  0.0010000000000000002
Train - acc:        0.993460 loss:        0.021280
Test - acc:         0.918600 loss:        0.337649
Sparsity :          0.9844
Wdecay :        0.000500
========== Epoch 308 ==========
LR =  0.0010000000000000002
Train - acc:        0.993600 loss:        0.019960
Test - acc:         0.919600 loss:        0.338911
Sparsity :          0.9844
Wdecay :        0.000500
========== Epoch 309 ==========
LR =  0.0010000000000000002
Train - acc:        0.994120 loss:        0.018541
Test - acc:         0.920000 loss:        0.335913
Sparsity :          0.9844
Wdecay :        0.000500
========== Epoch 310 ==========
LR =  0.0010000000000000002
Train - acc:        0.993440 loss:        0.020558
Test - acc:         0.918600 loss:        0.340012
Sparsity :          0.9844
Wdecay :        0.000500
========== Epoch 311 ==========
LR =  0.0010000000000000002
Train - acc:        0.994620 loss:        0.017074
Test - acc:         0.919300 loss:        0.335168
Sparsity :          0.9844
Wdecay :        0.000500
========== Epoch 312 ==========
LR =  0.0010000000000000002
Train - acc:        0.994820 loss:        0.017541
Test - acc:         0.921300 loss:        0.338105
Sparsity :          0.9844
Wdecay :        0.000500
========== Epoch 313 ==========
LR =  0.0010000000000000002
Train - acc:        0.994580 loss:        0.017803
Test - acc:         0.919200 loss:        0.341413
Sparsity :          0.9844
Wdecay :        0.000500
========== Epoch 314 ==========
LR =  0.0010000000000000002
Train - acc:        0.995520 loss:        0.014952
Test - acc:         0.922100 loss:        0.338630
Sparsity :          0.9844
Wdecay :        0.000500
========== Epoch 315 ==========
LR =  0.0010000000000000002
Train - acc:        0.995640 loss:        0.015370
Test - acc:         0.921400 loss:        0.342136
Sparsity :          0.9844
Wdecay :        0.000500
========== Epoch 316 ==========
LR =  0.0010000000000000002
Train - acc:        0.995360 loss:        0.015584
Test - acc:         0.919400 loss:        0.345091
Sparsity :          0.9844
Wdecay :        0.000500
========== Epoch 317 ==========
LR =  0.0010000000000000002
Train - acc:        0.995540 loss:        0.015706
Test - acc:         0.921700 loss:        0.349033
Sparsity :          0.9844
Wdecay :        0.000500
========== Epoch 318 ==========
LR =  0.0010000000000000002
Train - acc:        0.995940 loss:        0.013838
Test - acc:         0.921000 loss:        0.351743
Sparsity :          0.9844
Wdecay :        0.000500
========== Epoch 319 ==========
LR =  0.0010000000000000002
Train - acc:        0.995340 loss:        0.015542
Test - acc:         0.921500 loss:        0.347184
Sparsity :          0.9844
Wdecay :        0.000500
========== Epoch 320 ==========
LR =  0.0010000000000000002
Train - acc:        0.995220 loss:        0.014791
Test - acc:         0.922000 loss:        0.345572
Sparsity :          0.9844
Wdecay :        0.000500
========== Epoch 321 ==========
LR =  0.0010000000000000002
Train - acc:        0.995560 loss:        0.014435
Test - acc:         0.921300 loss:        0.349735
Sparsity :          0.9844
Wdecay :        0.000500
========== Epoch 322 ==========
LR =  0.0010000000000000002
Train - acc:        0.995880 loss:        0.013713
Test - acc:         0.920900 loss:        0.347323
Sparsity :          0.9844
Wdecay :        0.000500
========== Epoch 323 ==========
LR =  0.0010000000000000002
Train - acc:        0.996800 loss:        0.011275
Test - acc:         0.923500 loss:        0.349333
Sparsity :          0.9844
Wdecay :        0.000500
========== Epoch 324 ==========
LR =  0.0010000000000000002
Train - acc:        0.996180 loss:        0.013083
Test - acc:         0.920900 loss:        0.348773
Sparsity :          0.9844
Wdecay :        0.000500
========== Epoch 325 ==========
LR =  0.0010000000000000002
Train - acc:        0.996560 loss:        0.012379
Test - acc:         0.920200 loss:        0.352103
Sparsity :          0.9844
Wdecay :        0.000500
========== Epoch 326 ==========
LR =  0.0010000000000000002
Train - acc:        0.996220 loss:        0.012542
Test - acc:         0.919400 loss:        0.363466
Sparsity :          0.9844
Wdecay :        0.000500
========== Epoch 327 ==========
LR =  0.0010000000000000002
Train - acc:        0.996640 loss:        0.011793
Test - acc:         0.919800 loss:        0.355524
Sparsity :          0.9844
Wdecay :        0.000500
========== Epoch 328 ==========
LR =  0.0010000000000000002
Train - acc:        0.996140 loss:        0.013140
Test - acc:         0.920200 loss:        0.359378
Sparsity :          0.9844
Wdecay :        0.000500
========== Epoch 329 ==========
LR =  0.0010000000000000002
Train - acc:        0.996820 loss:        0.011483
Test - acc:         0.922600 loss:        0.355544
Sparsity :          0.9844
Wdecay :        0.000500
========== Epoch 330 ==========
LR =  0.0010000000000000002
Train - acc:        0.996860 loss:        0.010505
Test - acc:         0.921400 loss:        0.358576
Sparsity :          0.9844
Wdecay :        0.000500
========== Epoch 331 ==========
LR =  0.0010000000000000002
Train - acc:        0.996840 loss:        0.010864
Test - acc:         0.923000 loss:        0.357675
Sparsity :          0.9844
Wdecay :        0.000500
========== Epoch 332 ==========
LR =  0.0010000000000000002
Train - acc:        0.996720 loss:        0.011381
Test - acc:         0.919400 loss:        0.361566
Sparsity :          0.9844
Wdecay :        0.000500
========== Epoch 333 ==========
LR =  0.0010000000000000002
Train - acc:        0.996860 loss:        0.011252
Test - acc:         0.920000 loss:        0.358210
Sparsity :          0.9844
Wdecay :        0.000500
========== Epoch 334 ==========
LR =  0.0010000000000000002
Train - acc:        0.996400 loss:        0.011722
Test - acc:         0.922500 loss:        0.354655
Sparsity :          0.9844
Wdecay :        0.000500
========== Epoch 335 ==========
LR =  0.0010000000000000002
Train - acc:        0.997060 loss:        0.009773
Test - acc:         0.920700 loss:        0.359857
Sparsity :          0.9844
Wdecay :        0.000500
========== Epoch 336 ==========
LR =  0.0010000000000000002
Train - acc:        0.997340 loss:        0.009622
Test - acc:         0.919100 loss:        0.367540
Sparsity :          0.9844
Wdecay :        0.000500
========== Epoch 337 ==========
LR =  0.0010000000000000002
Train - acc:        0.997100 loss:        0.010326
Test - acc:         0.920600 loss:        0.364228
Sparsity :          0.9844
Wdecay :        0.000500
========== Epoch 338 ==========
LR =  0.0010000000000000002
Train - acc:        0.997240 loss:        0.009778
Test - acc:         0.921600 loss:        0.363873
Sparsity :          0.9844
Wdecay :        0.000500
========== Epoch 339 ==========
LR =  0.0010000000000000002
Train - acc:        0.997120 loss:        0.010077
Test - acc:         0.920600 loss:        0.362672
Sparsity :          0.9844
Wdecay :        0.000500
========== Epoch 340 ==========
LR =  0.0010000000000000002
Train - acc:        0.997940 loss:        0.007916
Test - acc:         0.922900 loss:        0.359791
Sparsity :          0.9844
Wdecay :        0.000500
========== Epoch 341 ==========
LR =  0.0010000000000000002
Train - acc:        0.997000 loss:        0.010152
Test - acc:         0.920500 loss:        0.361609
Sparsity :          0.9844
Wdecay :        0.000500
========== Epoch 342 ==========
LR =  0.0010000000000000002
Train - acc:        0.997580 loss:        0.009113
Test - acc:         0.923200 loss:        0.356608
Sparsity :          0.9844
Wdecay :        0.000500
========== Epoch 343 ==========
LR =  0.0010000000000000002
Train - acc:        0.997320 loss:        0.009297
Test - acc:         0.922700 loss:        0.361658
Sparsity :          0.9844
Wdecay :        0.000500
========== Epoch 344 ==========
LR =  0.0010000000000000002
Train - acc:        0.997120 loss:        0.009480
Test - acc:         0.921600 loss:        0.369855
Sparsity :          0.9844
Wdecay :        0.000500
========== Epoch 345 ==========
LR =  0.0010000000000000002
Train - acc:        0.997200 loss:        0.009708
Test - acc:         0.922100 loss:        0.363440
Sparsity :          0.9844
Wdecay :        0.000500
========== Epoch 346 ==========
LR =  0.0010000000000000002
Train - acc:        0.997120 loss:        0.009632
Test - acc:         0.922600 loss:        0.364129
Sparsity :          0.9844
Wdecay :        0.000500
========== Epoch 347 ==========
LR =  0.0010000000000000002
Train - acc:        0.997080 loss:        0.009164
Test - acc:         0.922600 loss:        0.362951
Sparsity :          0.9844
Wdecay :        0.000500
========== Epoch 348 ==========
LR =  0.0010000000000000002
Train - acc:        0.997580 loss:        0.009038
Test - acc:         0.921300 loss:        0.372577
Sparsity :          0.9844
Wdecay :        0.000500
========== Epoch 349 ==========
LR =  0.0010000000000000002
Train - acc:        0.997420 loss:        0.009271
Test - acc:         0.922400 loss:        0.368739
Sparsity :          0.9844
Wdecay :        0.000500
========== Epoch 350 ==========
LR =  0.0010000000000000002
Train - acc:        0.997000 loss:        0.009935
Test - acc:         0.922000 loss:        0.367924
Sparsity :          0.9844
Wdecay :        0.000500
