Running --prune_criterion snip --seed 44 --snip_sparsity 0.75 --comment=vgg19_crit=snip_sparsity=0.75_seed=44 --save_model=pre-finetune/vgg19_snip_sp0.75_s44
******************************
Running
{
    "model": "vgg19",
    "dataset": "cifar10",
    "batch_size": 128,
    "test_batch_size": 2000,
    "epochs": 350,
    "lr": 0.1,
    "device": "cuda",
    "seed": 44,
    "prune_criterion": "snip",
    "prune_freq": 1,
    "prune_rate": 0.2,
    "sensitivity": 0,
    "flip_threshold": 1,
    "stop_pruning_at": -1,
    "prune_bias": false,
    "use_ema_flips": false,
    "beta_ema_flips": null,
    "reset_flip_cts": false,
    "normalize_magnitudes": false,
    "logdir": "criterion_experiment_no_bias/vgg19",
    "opt": "sgd",
    "momentum": 0.9,
    "use_scheduler": true,
    "milestones": [
        150,
        250
    ],
    "reg_type": "wdecay",
    "lambda": 0.0005,
    "anneal_lambda": false,
    "anneal_lr": false,
    "add_noise": false,
    "scale_noise_by_lr": false,
    "stop_noise_at": -1,
    "noise_only_prunable": false,
    "noise_scale_factor": 1,
    "snip_sparsity": 0.75,
    "beta_ema": 0.999,
    "lambas": [
        1.0,
        1.0,
        1.0,
        1.0
    ],
    "local_rep": false,
    "temperature": 0.6666666666666666,
    "save_model": "pre-finetune/vgg19_snip_sp0.75_s44",
    "load_model": null,
    "parallel": false
}
******************************
Files already downloaded and verified
Files already downloaded and verified
Total prunable params of model: 20024000
Model has 20040522 total params.
num_weights=20029504
num_biases=11018
---Biases omitted from pruning---
========== Epoch 1 ==========
LR =  0.1
Train - acc:        0.159380 loss:        2.410361
Test - acc:         0.244500 loss:        1.958652
Sparsity :          0.7500
Wdecay :        0.000500
========== Epoch 2 ==========
LR =  0.1
Train - acc:        0.260880 loss:        1.876678
Test - acc:         0.278200 loss:        1.818257
Sparsity :          0.7500
Wdecay :        0.000500
========== Epoch 3 ==========
LR =  0.1
Train - acc:        0.347060 loss:        1.676826
Test - acc:         0.383900 loss:        1.600644
Sparsity :          0.7500
Wdecay :        0.000500
========== Epoch 4 ==========
LR =  0.1
Train - acc:        0.462480 loss:        1.440727
Test - acc:         0.536700 loss:        1.288216
Sparsity :          0.7500
Wdecay :        0.000500
========== Epoch 5 ==========
LR =  0.1
Train - acc:        0.581820 loss:        1.189796
Test - acc:         0.559600 loss:        1.325444
Sparsity :          0.7500
Wdecay :        0.000500
========== Epoch 6 ==========
LR =  0.1
Train - acc:        0.665600 loss:        0.973130
Test - acc:         0.664300 loss:        0.985101
Sparsity :          0.7500
Wdecay :        0.000500
========== Epoch 7 ==========
LR =  0.1
Train - acc:        0.712280 loss:        0.849794
Test - acc:         0.705600 loss:        0.876248
Sparsity :          0.7500
Wdecay :        0.000500
========== Epoch 8 ==========
LR =  0.1
Train - acc:        0.741960 loss:        0.767809
Test - acc:         0.608000 loss:        1.242665
Sparsity :          0.7500
Wdecay :        0.000500
========== Epoch 9 ==========
LR =  0.1
Train - acc:        0.761880 loss:        0.717993
Test - acc:         0.745000 loss:        0.772580
Sparsity :          0.7500
Wdecay :        0.000500
========== Epoch 10 ==========
LR =  0.1
Train - acc:        0.780420 loss:        0.667139
Test - acc:         0.740600 loss:        0.801203
Sparsity :          0.7500
Wdecay :        0.000500
========== Epoch 11 ==========
LR =  0.1
Train - acc:        0.786780 loss:        0.648312
Test - acc:         0.702400 loss:        0.940394
Sparsity :          0.7500
Wdecay :        0.000500
========== Epoch 12 ==========
LR =  0.1
Train - acc:        0.794420 loss:        0.624976
Test - acc:         0.562400 loss:        1.452751
Sparsity :          0.7500
Wdecay :        0.000500
========== Epoch 13 ==========
LR =  0.1
Train - acc:        0.804780 loss:        0.589267
Test - acc:         0.661400 loss:        1.101305
Sparsity :          0.7500
Wdecay :        0.000500
========== Epoch 14 ==========
LR =  0.1
Train - acc:        0.809960 loss:        0.579262
Test - acc:         0.699700 loss:        0.982294
Sparsity :          0.7500
Wdecay :        0.000500
========== Epoch 15 ==========
LR =  0.1
Train - acc:        0.814600 loss:        0.566783
Test - acc:         0.739700 loss:        0.860351
Sparsity :          0.7500
Wdecay :        0.000500
========== Epoch 16 ==========
LR =  0.1
Train - acc:        0.819320 loss:        0.552856
Test - acc:         0.695300 loss:        1.094801
Sparsity :          0.7500
Wdecay :        0.000500
========== Epoch 17 ==========
LR =  0.1
Train - acc:        0.826340 loss:        0.535072
Test - acc:         0.789000 loss:        0.673740
Sparsity :          0.7500
Wdecay :        0.000500
========== Epoch 18 ==========
LR =  0.1
Train - acc:        0.824800 loss:        0.526756
Test - acc:         0.753300 loss:        0.777295
Sparsity :          0.7500
Wdecay :        0.000500
========== Epoch 19 ==========
LR =  0.1
Train - acc:        0.829920 loss:        0.515863
Test - acc:         0.720600 loss:        0.920712
Sparsity :          0.7500
Wdecay :        0.000500
========== Epoch 20 ==========
LR =  0.1
Train - acc:        0.830920 loss:        0.516026
Test - acc:         0.761800 loss:        0.772772
Sparsity :          0.7500
Wdecay :        0.000500
========== Epoch 21 ==========
LR =  0.1
Train - acc:        0.837120 loss:        0.494204
Test - acc:         0.764000 loss:        0.788436
Sparsity :          0.7500
Wdecay :        0.000500
========== Epoch 22 ==========
LR =  0.1
Train - acc:        0.837720 loss:        0.493178
Test - acc:         0.775500 loss:        0.764246
Sparsity :          0.7500
Wdecay :        0.000500
========== Epoch 23 ==========
LR =  0.1
Train - acc:        0.840360 loss:        0.488904
Test - acc:         0.781900 loss:        0.685848
Sparsity :          0.7500
Wdecay :        0.000500
========== Epoch 24 ==========
LR =  0.1
Train - acc:        0.845320 loss:        0.472997
Test - acc:         0.772200 loss:        0.692459
Sparsity :          0.7500
Wdecay :        0.000500
========== Epoch 25 ==========
LR =  0.1
Train - acc:        0.844160 loss:        0.478095
Test - acc:         0.806500 loss:        0.597086
Sparsity :          0.7500
Wdecay :        0.000500
========== Epoch 26 ==========
LR =  0.1
Train - acc:        0.843980 loss:        0.474184
Test - acc:         0.799700 loss:        0.607324
Sparsity :          0.7500
Wdecay :        0.000500
========== Epoch 27 ==========
LR =  0.1
Train - acc:        0.845780 loss:        0.470016
Test - acc:         0.753600 loss:        0.821821
Sparsity :          0.7500
Wdecay :        0.000500
========== Epoch 28 ==========
LR =  0.1
Train - acc:        0.848580 loss:        0.456954
Test - acc:         0.796900 loss:        0.672009
Sparsity :          0.7500
Wdecay :        0.000500
========== Epoch 29 ==========
LR =  0.1
Train - acc:        0.848100 loss:        0.460446
Test - acc:         0.769800 loss:        0.776769
Sparsity :          0.7500
Wdecay :        0.000500
========== Epoch 30 ==========
LR =  0.1
Train - acc:        0.851920 loss:        0.446849
Test - acc:         0.760800 loss:        0.793662
Sparsity :          0.7500
Wdecay :        0.000500
========== Epoch 31 ==========
LR =  0.1
Train - acc:        0.853160 loss:        0.452155
Test - acc:         0.772500 loss:        0.777583
Sparsity :          0.7500
Wdecay :        0.000500
========== Epoch 32 ==========
LR =  0.1
Train - acc:        0.854680 loss:        0.443578
Test - acc:         0.779800 loss:        0.697279
Sparsity :          0.7500
Wdecay :        0.000500
========== Epoch 33 ==========
LR =  0.1
Train - acc:        0.852480 loss:        0.449126
Test - acc:         0.803800 loss:        0.626293
Sparsity :          0.7500
Wdecay :        0.000500
========== Epoch 34 ==========
LR =  0.1
Train - acc:        0.859140 loss:        0.431325
Test - acc:         0.781700 loss:        0.686227
Sparsity :          0.7500
Wdecay :        0.000500
========== Epoch 35 ==========
LR =  0.1
Train - acc:        0.857220 loss:        0.436976
Test - acc:         0.789200 loss:        0.700105
Sparsity :          0.7500
Wdecay :        0.000500
========== Epoch 36 ==========
LR =  0.1
Train - acc:        0.858420 loss:        0.431132
Test - acc:         0.777900 loss:        0.699130
Sparsity :          0.7500
Wdecay :        0.000500
========== Epoch 37 ==========
LR =  0.1
Train - acc:        0.854660 loss:        0.441505
Test - acc:         0.790100 loss:        0.631558
Sparsity :          0.7500
Wdecay :        0.000500
========== Epoch 38 ==========
LR =  0.1
Train - acc:        0.857640 loss:        0.434195
Test - acc:         0.791700 loss:        0.680801
Sparsity :          0.7500
Wdecay :        0.000500
========== Epoch 39 ==========
LR =  0.1
Train - acc:        0.859380 loss:        0.429998
Test - acc:         0.811500 loss:        0.587862
Sparsity :          0.7500
Wdecay :        0.000500
========== Epoch 40 ==========
LR =  0.1
Train - acc:        0.860060 loss:        0.427564
Test - acc:         0.804100 loss:        0.610352
Sparsity :          0.7500
Wdecay :        0.000500
========== Epoch 41 ==========
LR =  0.1
Train - acc:        0.861560 loss:        0.419628
Test - acc:         0.816500 loss:        0.546636
Sparsity :          0.7500
Wdecay :        0.000500
========== Epoch 42 ==========
LR =  0.1
Train - acc:        0.862080 loss:        0.423084
Test - acc:         0.801900 loss:        0.622862
Sparsity :          0.7500
Wdecay :        0.000500
========== Epoch 43 ==========
LR =  0.1
Train - acc:        0.862500 loss:        0.421792
Test - acc:         0.797400 loss:        0.641910
Sparsity :          0.7500
Wdecay :        0.000500
========== Epoch 44 ==========
LR =  0.1
Train - acc:        0.861300 loss:        0.421309
Test - acc:         0.801400 loss:        0.646487
Sparsity :          0.7500
Wdecay :        0.000500
========== Epoch 45 ==========
LR =  0.1
Train - acc:        0.859680 loss:        0.423562
Test - acc:         0.741000 loss:        0.833031
Sparsity :          0.7500
Wdecay :        0.000500
========== Epoch 46 ==========
LR =  0.1
Train - acc:        0.863580 loss:        0.411867
Test - acc:         0.792100 loss:        0.627078
Sparsity :          0.7500
Wdecay :        0.000500
========== Epoch 47 ==========
LR =  0.1
Train - acc:        0.864580 loss:        0.412849
Test - acc:         0.815700 loss:        0.574648
Sparsity :          0.7500
Wdecay :        0.000500
========== Epoch 48 ==========
LR =  0.1
Train - acc:        0.864720 loss:        0.408224
Test - acc:         0.831200 loss:        0.505394
Sparsity :          0.7500
Wdecay :        0.000500
========== Epoch 49 ==========
LR =  0.1
Train - acc:        0.864880 loss:        0.410447
Test - acc:         0.759200 loss:        0.767415
Sparsity :          0.7500
Wdecay :        0.000500
========== Epoch 50 ==========
LR =  0.1
Train - acc:        0.863620 loss:        0.412880
Test - acc:         0.778900 loss:        0.717677
Sparsity :          0.7500
Wdecay :        0.000500
========== Epoch 51 ==========
LR =  0.1
Train - acc:        0.862760 loss:        0.418394
Test - acc:         0.799400 loss:        0.611311
Sparsity :          0.7500
Wdecay :        0.000500
========== Epoch 52 ==========
LR =  0.1
Train - acc:        0.866940 loss:        0.402462
Test - acc:         0.830300 loss:        0.501854
Sparsity :          0.7500
Wdecay :        0.000500
========== Epoch 53 ==========
LR =  0.1
Train - acc:        0.864700 loss:        0.409635
Test - acc:         0.804100 loss:        0.593708
Sparsity :          0.7500
Wdecay :        0.000500
========== Epoch 54 ==========
LR =  0.1
Train - acc:        0.865520 loss:        0.404215
Test - acc:         0.731000 loss:        0.919183
Sparsity :          0.7500
Wdecay :        0.000500
========== Epoch 55 ==========
LR =  0.1
Train - acc:        0.862560 loss:        0.411908
Test - acc:         0.821300 loss:        0.562322
Sparsity :          0.7500
Wdecay :        0.000500
========== Epoch 56 ==========
LR =  0.1
Train - acc:        0.867740 loss:        0.398315
Test - acc:         0.784400 loss:        0.721768
Sparsity :          0.7500
Wdecay :        0.000500
========== Epoch 57 ==========
LR =  0.1
Train - acc:        0.867180 loss:        0.397965
Test - acc:         0.791900 loss:        0.703775
Sparsity :          0.7500
Wdecay :        0.000500
========== Epoch 58 ==========
LR =  0.1
Train - acc:        0.865960 loss:        0.402020
Test - acc:         0.766000 loss:        0.776818
Sparsity :          0.7500
Wdecay :        0.000500
========== Epoch 59 ==========
LR =  0.1
Train - acc:        0.867560 loss:        0.399081
Test - acc:         0.772300 loss:        0.687638
Sparsity :          0.7500
Wdecay :        0.000500
========== Epoch 60 ==========
LR =  0.1
Train - acc:        0.865880 loss:        0.400486
Test - acc:         0.823000 loss:        0.555787
Sparsity :          0.7500
Wdecay :        0.000500
========== Epoch 61 ==========
LR =  0.1
Train - acc:        0.868020 loss:        0.399149
Test - acc:         0.837000 loss:        0.501446
Sparsity :          0.7500
Wdecay :        0.000500
========== Epoch 62 ==========
LR =  0.1
Train - acc:        0.866580 loss:        0.402890
Test - acc:         0.790900 loss:        0.688179
Sparsity :          0.7500
Wdecay :        0.000500
========== Epoch 63 ==========
LR =  0.1
Train - acc:        0.867060 loss:        0.397814
Test - acc:         0.796300 loss:        0.639300
Sparsity :          0.7500
Wdecay :        0.000500
========== Epoch 64 ==========
LR =  0.1
Train - acc:        0.864880 loss:        0.405425
Test - acc:         0.791900 loss:        0.681128
Sparsity :          0.7500
Wdecay :        0.000500
========== Epoch 65 ==========
LR =  0.1
Train - acc:        0.867980 loss:        0.401100
Test - acc:         0.807100 loss:        0.607421
Sparsity :          0.7500
Wdecay :        0.000500
========== Epoch 66 ==========
LR =  0.1
Train - acc:        0.868480 loss:        0.394732
Test - acc:         0.844100 loss:        0.472729
Sparsity :          0.7500
Wdecay :        0.000500
========== Epoch 67 ==========
LR =  0.1
Train - acc:        0.868460 loss:        0.396422
Test - acc:         0.813300 loss:        0.597374
Sparsity :          0.7500
Wdecay :        0.000500
========== Epoch 68 ==========
LR =  0.1
Train - acc:        0.866360 loss:        0.402331
Test - acc:         0.812400 loss:        0.570376
Sparsity :          0.7500
Wdecay :        0.000500
========== Epoch 69 ==========
LR =  0.1
Train - acc:        0.869300 loss:        0.391042
Test - acc:         0.804900 loss:        0.582242
Sparsity :          0.7500
Wdecay :        0.000500
========== Epoch 70 ==========
LR =  0.1
Train - acc:        0.869480 loss:        0.391967
Test - acc:         0.847400 loss:        0.473854
Sparsity :          0.7500
Wdecay :        0.000500
========== Epoch 71 ==========
LR =  0.1
Train - acc:        0.870420 loss:        0.392667
Test - acc:         0.807700 loss:        0.621792
Sparsity :          0.7500
Wdecay :        0.000500
========== Epoch 72 ==========
LR =  0.1
Train - acc:        0.867600 loss:        0.398332
Test - acc:         0.801500 loss:        0.612893
Sparsity :          0.7500
Wdecay :        0.000500
========== Epoch 73 ==========
LR =  0.1
Train - acc:        0.868060 loss:        0.396992
Test - acc:         0.817600 loss:        0.556212
Sparsity :          0.7500
Wdecay :        0.000500
========== Epoch 74 ==========
LR =  0.1
Train - acc:        0.867100 loss:        0.398381
Test - acc:         0.821000 loss:        0.556390
Sparsity :          0.7500
Wdecay :        0.000500
========== Epoch 75 ==========
LR =  0.1
Train - acc:        0.870860 loss:        0.387298
Test - acc:         0.807000 loss:        0.614839
Sparsity :          0.7500
Wdecay :        0.000500
========== Epoch 76 ==========
LR =  0.1
Train - acc:        0.871060 loss:        0.384916
Test - acc:         0.795800 loss:        0.669667
Sparsity :          0.7500
Wdecay :        0.000500
========== Epoch 77 ==========
LR =  0.1
Train - acc:        0.868820 loss:        0.397025
Test - acc:         0.827900 loss:        0.514900
Sparsity :          0.7500
Wdecay :        0.000500
========== Epoch 78 ==========
LR =  0.1
Train - acc:        0.867980 loss:        0.395422
Test - acc:         0.785600 loss:        0.668407
Sparsity :          0.7500
Wdecay :        0.000500
========== Epoch 79 ==========
LR =  0.1
Train - acc:        0.869580 loss:        0.394722
Test - acc:         0.798600 loss:        0.648561
Sparsity :          0.7500
Wdecay :        0.000500
========== Epoch 80 ==========
LR =  0.1
Train - acc:        0.871900 loss:        0.384670
Test - acc:         0.807300 loss:        0.607480
Sparsity :          0.7500
Wdecay :        0.000500
========== Epoch 81 ==========
LR =  0.1
Train - acc:        0.869240 loss:        0.390799
Test - acc:         0.803200 loss:        0.606331
Sparsity :          0.7500
Wdecay :        0.000500
========== Epoch 82 ==========
LR =  0.1
Train - acc:        0.872660 loss:        0.385321
Test - acc:         0.788900 loss:        0.649665
Sparsity :          0.7500
Wdecay :        0.000500
========== Epoch 83 ==========
LR =  0.1
Train - acc:        0.870520 loss:        0.392495
Test - acc:         0.812700 loss:        0.585974
Sparsity :          0.7500
Wdecay :        0.000500
========== Epoch 84 ==========
LR =  0.1
Train - acc:        0.873800 loss:        0.377349
Test - acc:         0.810600 loss:        0.587178
Sparsity :          0.7500
Wdecay :        0.000500
========== Epoch 85 ==========
LR =  0.1
Train - acc:        0.871760 loss:        0.385660
Test - acc:         0.822500 loss:        0.538528
Sparsity :          0.7500
Wdecay :        0.000500
========== Epoch 86 ==========
LR =  0.1
Train - acc:        0.873160 loss:        0.384032
Test - acc:         0.839000 loss:        0.501687
Sparsity :          0.7500
Wdecay :        0.000500
========== Epoch 87 ==========
LR =  0.1
Train - acc:        0.870520 loss:        0.392045
Test - acc:         0.777100 loss:        0.734812
Sparsity :          0.7500
Wdecay :        0.000500
========== Epoch 88 ==========
LR =  0.1
Train - acc:        0.868380 loss:        0.395457
Test - acc:         0.810300 loss:        0.582264
Sparsity :          0.7500
Wdecay :        0.000500
========== Epoch 89 ==========
LR =  0.1
Train - acc:        0.871660 loss:        0.386442
Test - acc:         0.826200 loss:        0.516570
Sparsity :          0.7500
Wdecay :        0.000500
========== Epoch 90 ==========
LR =  0.1
Train - acc:        0.871140 loss:        0.387500
Test - acc:         0.795500 loss:        0.660119
Sparsity :          0.7500
Wdecay :        0.000500
========== Epoch 91 ==========
LR =  0.1
Train - acc:        0.873840 loss:        0.381514
Test - acc:         0.829000 loss:        0.534105
Sparsity :          0.7500
Wdecay :        0.000500
========== Epoch 92 ==========
LR =  0.1
Train - acc:        0.872920 loss:        0.384472
Test - acc:         0.795800 loss:        0.657853
Sparsity :          0.7500
Wdecay :        0.000500
========== Epoch 93 ==========
LR =  0.1
Train - acc:        0.872580 loss:        0.385054
Test - acc:         0.822000 loss:        0.562335
Sparsity :          0.7500
Wdecay :        0.000500
========== Epoch 94 ==========
LR =  0.1
Train - acc:        0.872300 loss:        0.381243
Test - acc:         0.796100 loss:        0.618079
Sparsity :          0.7500
Wdecay :        0.000500
========== Epoch 95 ==========
LR =  0.1
Train - acc:        0.872380 loss:        0.382041
Test - acc:         0.827900 loss:        0.531695
Sparsity :          0.7500
Wdecay :        0.000500
========== Epoch 96 ==========
LR =  0.1
Train - acc:        0.871740 loss:        0.381126
Test - acc:         0.768900 loss:        0.757565
Sparsity :          0.7500
Wdecay :        0.000500
========== Epoch 97 ==========
LR =  0.1
Train - acc:        0.869920 loss:        0.388173
Test - acc:         0.749900 loss:        0.812038
Sparsity :          0.7500
Wdecay :        0.000500
========== Epoch 98 ==========
LR =  0.1
Train - acc:        0.871760 loss:        0.388039
Test - acc:         0.772700 loss:        0.756083
Sparsity :          0.7500
Wdecay :        0.000500
========== Epoch 99 ==========
LR =  0.1
Train - acc:        0.870260 loss:        0.389165
Test - acc:         0.813900 loss:        0.576586
Sparsity :          0.7500
Wdecay :        0.000500
========== Epoch 100 ==========
LR =  0.1
Train - acc:        0.872280 loss:        0.382684
Test - acc:         0.817400 loss:        0.568304
Sparsity :          0.7500
Wdecay :        0.000500
========== Epoch 101 ==========
LR =  0.1
Train - acc:        0.871980 loss:        0.382084
Test - acc:         0.817700 loss:        0.557034
Sparsity :          0.7500
Wdecay :        0.000500
========== Epoch 102 ==========
LR =  0.1
Train - acc:        0.872280 loss:        0.382393
Test - acc:         0.795000 loss:        0.668998
Sparsity :          0.7500
Wdecay :        0.000500
========== Epoch 103 ==========
LR =  0.1
Train - acc:        0.871760 loss:        0.385693
Test - acc:         0.812500 loss:        0.578836
Sparsity :          0.7500
Wdecay :        0.000500
========== Epoch 104 ==========
LR =  0.1
Train - acc:        0.873040 loss:        0.384732
Test - acc:         0.807800 loss:        0.602363
Sparsity :          0.7500
Wdecay :        0.000500
========== Epoch 105 ==========
LR =  0.1
Train - acc:        0.874800 loss:        0.377602
Test - acc:         0.832200 loss:        0.519476
Sparsity :          0.7500
Wdecay :        0.000500
========== Epoch 106 ==========
LR =  0.1
Train - acc:        0.872620 loss:        0.382300
Test - acc:         0.743500 loss:        0.857948
Sparsity :          0.7500
Wdecay :        0.000500
========== Epoch 107 ==========
LR =  0.1
Train - acc:        0.872080 loss:        0.382651
Test - acc:         0.796400 loss:        0.713875
Sparsity :          0.7500
Wdecay :        0.000500
========== Epoch 108 ==========
LR =  0.1
Train - acc:        0.872780 loss:        0.381907
Test - acc:         0.831600 loss:        0.524138
Sparsity :          0.7500
Wdecay :        0.000500
========== Epoch 109 ==========
LR =  0.1
Train - acc:        0.874640 loss:        0.379449
Test - acc:         0.840100 loss:        0.494599
Sparsity :          0.7500
Wdecay :        0.000500
========== Epoch 110 ==========
LR =  0.1
Train - acc:        0.872540 loss:        0.384378
Test - acc:         0.799700 loss:        0.607525
Sparsity :          0.7500
Wdecay :        0.000500
========== Epoch 111 ==========
LR =  0.1
Train - acc:        0.872440 loss:        0.380676
Test - acc:         0.835400 loss:        0.508660
Sparsity :          0.7500
Wdecay :        0.000500
========== Epoch 112 ==========
LR =  0.1
Train - acc:        0.874900 loss:        0.381747
Test - acc:         0.793300 loss:        0.687934
Sparsity :          0.7500
Wdecay :        0.000500
========== Epoch 113 ==========
LR =  0.1
Train - acc:        0.870100 loss:        0.388202
Test - acc:         0.843100 loss:        0.485392
Sparsity :          0.7500
Wdecay :        0.000500
========== Epoch 114 ==========
LR =  0.1
Train - acc:        0.872820 loss:        0.377378
Test - acc:         0.772300 loss:        0.726068
Sparsity :          0.7500
Wdecay :        0.000500
========== Epoch 115 ==========
LR =  0.1
Train - acc:        0.874980 loss:        0.378751
Test - acc:         0.817200 loss:        0.546507
Sparsity :          0.7500
Wdecay :        0.000500
========== Epoch 116 ==========
LR =  0.1
Train - acc:        0.872280 loss:        0.383115
Test - acc:         0.786800 loss:        0.668181
Sparsity :          0.7500
Wdecay :        0.000500
========== Epoch 117 ==========
LR =  0.1
Train - acc:        0.876220 loss:        0.371796
Test - acc:         0.832300 loss:        0.526423
Sparsity :          0.7500
Wdecay :        0.000500
========== Epoch 118 ==========
LR =  0.1
Train - acc:        0.872100 loss:        0.380461
Test - acc:         0.801300 loss:        0.629413
Sparsity :          0.7500
Wdecay :        0.000500
========== Epoch 119 ==========
LR =  0.1
Train - acc:        0.875280 loss:        0.371939
Test - acc:         0.812300 loss:        0.575181
Sparsity :          0.7500
Wdecay :        0.000500
========== Epoch 120 ==========
LR =  0.1
Train - acc:        0.872520 loss:        0.382924
Test - acc:         0.814300 loss:        0.589170
Sparsity :          0.7500
Wdecay :        0.000500
========== Epoch 121 ==========
LR =  0.1
Train - acc:        0.870920 loss:        0.384463
Test - acc:         0.766700 loss:        0.776090
Sparsity :          0.7500
Wdecay :        0.000500
========== Epoch 122 ==========
LR =  0.1
Train - acc:        0.874180 loss:        0.379457
Test - acc:         0.810400 loss:        0.609443
Sparsity :          0.7500
Wdecay :        0.000500
========== Epoch 123 ==========
LR =  0.1
Train - acc:        0.875080 loss:        0.377519
Test - acc:         0.817100 loss:        0.566837
Sparsity :          0.7500
Wdecay :        0.000500
========== Epoch 124 ==========
LR =  0.1
Train - acc:        0.873860 loss:        0.378612
Test - acc:         0.785600 loss:        0.686527
Sparsity :          0.7500
Wdecay :        0.000500
========== Epoch 125 ==========
LR =  0.1
Train - acc:        0.873440 loss:        0.384749
Test - acc:         0.786400 loss:        0.664419
Sparsity :          0.7500
Wdecay :        0.000500
========== Epoch 126 ==========
LR =  0.1
Train - acc:        0.873320 loss:        0.382954
Test - acc:         0.769000 loss:        0.733284
Sparsity :          0.7500
Wdecay :        0.000500
========== Epoch 127 ==========
LR =  0.1
Train - acc:        0.876640 loss:        0.373165
Test - acc:         0.852100 loss:        0.473070
Sparsity :          0.7500
Wdecay :        0.000500
========== Epoch 128 ==========
LR =  0.1
Train - acc:        0.875920 loss:        0.376612
Test - acc:         0.798200 loss:        0.660497
Sparsity :          0.7500
Wdecay :        0.000500
========== Epoch 129 ==========
LR =  0.1
Train - acc:        0.873080 loss:        0.377389
Test - acc:         0.780200 loss:        0.683988
Sparsity :          0.7500
Wdecay :        0.000500
========== Epoch 130 ==========
LR =  0.1
Train - acc:        0.873540 loss:        0.379343
Test - acc:         0.837500 loss:        0.481567
Sparsity :          0.7500
Wdecay :        0.000500
========== Epoch 131 ==========
LR =  0.1
Train - acc:        0.873700 loss:        0.376800
Test - acc:         0.836400 loss:        0.503006
Sparsity :          0.7500
Wdecay :        0.000500
========== Epoch 132 ==========
LR =  0.1
Train - acc:        0.876740 loss:        0.372897
Test - acc:         0.806300 loss:        0.591357
Sparsity :          0.7500
Wdecay :        0.000500
========== Epoch 133 ==========
LR =  0.1
Train - acc:        0.874060 loss:        0.376610
Test - acc:         0.851100 loss:        0.488043
Sparsity :          0.7500
Wdecay :        0.000500
========== Epoch 134 ==========
LR =  0.1
Train - acc:        0.876720 loss:        0.368956
Test - acc:         0.744600 loss:        0.822626
Sparsity :          0.7500
Wdecay :        0.000500
========== Epoch 135 ==========
LR =  0.1
Train - acc:        0.874220 loss:        0.380895
Test - acc:         0.838700 loss:        0.494572
Sparsity :          0.7500
Wdecay :        0.000500
========== Epoch 136 ==========
LR =  0.1
Train - acc:        0.874980 loss:        0.377611
Test - acc:         0.812400 loss:        0.576677
Sparsity :          0.7500
Wdecay :        0.000500
========== Epoch 137 ==========
LR =  0.1
Train - acc:        0.876540 loss:        0.372609
Test - acc:         0.806900 loss:        0.620683
Sparsity :          0.7500
Wdecay :        0.000500
========== Epoch 138 ==========
LR =  0.1
Train - acc:        0.873480 loss:        0.378356
Test - acc:         0.829000 loss:        0.502739
Sparsity :          0.7500
Wdecay :        0.000500
========== Epoch 139 ==========
LR =  0.1
Train - acc:        0.872840 loss:        0.378970
Test - acc:         0.763200 loss:        0.804304
Sparsity :          0.7500
Wdecay :        0.000500
========== Epoch 140 ==========
LR =  0.1
Train - acc:        0.874640 loss:        0.375698
Test - acc:         0.852700 loss:        0.443804
Sparsity :          0.7500
Wdecay :        0.000500
========== Epoch 141 ==========
LR =  0.1
Train - acc:        0.874080 loss:        0.376972
Test - acc:         0.823800 loss:        0.553755
Sparsity :          0.7500
Wdecay :        0.000500
========== Epoch 142 ==========
LR =  0.1
Train - acc:        0.873480 loss:        0.376525
Test - acc:         0.839700 loss:        0.513919
Sparsity :          0.7500
Wdecay :        0.000500
========== Epoch 143 ==========
LR =  0.1
Train - acc:        0.874820 loss:        0.378025
Test - acc:         0.782600 loss:        0.685982
Sparsity :          0.7500
Wdecay :        0.000500
========== Epoch 144 ==========
LR =  0.1
Train - acc:        0.877500 loss:        0.371331
Test - acc:         0.707900 loss:        1.078846
Sparsity :          0.7500
Wdecay :        0.000500
========== Epoch 145 ==========
LR =  0.1
Train - acc:        0.873960 loss:        0.378805
Test - acc:         0.849000 loss:        0.468207
Sparsity :          0.7500
Wdecay :        0.000500
========== Epoch 146 ==========
LR =  0.1
Train - acc:        0.875560 loss:        0.373454
Test - acc:         0.851500 loss:        0.463586
Sparsity :          0.7500
Wdecay :        0.000500
========== Epoch 147 ==========
LR =  0.1
Train - acc:        0.872820 loss:        0.380199
Test - acc:         0.828400 loss:        0.516894
Sparsity :          0.7500
Wdecay :        0.000500
========== Epoch 148 ==========
LR =  0.1
Train - acc:        0.875580 loss:        0.376348
Test - acc:         0.794300 loss:        0.652249
Sparsity :          0.7500
Wdecay :        0.000500
========== Epoch 149 ==========
LR =  0.1
Train - acc:        0.873540 loss:        0.373401
Test - acc:         0.809100 loss:        0.592536
Sparsity :          0.7500
Wdecay :        0.000500
========== Epoch 150 ==========
LR =  0.010000000000000002
Train - acc:        0.875780 loss:        0.370221
Test - acc:         0.835100 loss:        0.507941
Sparsity :          0.7500
Wdecay :        0.000500
========== Epoch 151 ==========
LR =  0.010000000000000002
Train - acc:        0.933000 loss:        0.203124
Test - acc:         0.917600 loss:        0.252400
Sparsity :          0.7500
Wdecay :        0.000500
========== Epoch 152 ==========
LR =  0.010000000000000002
Train - acc:        0.948600 loss:        0.150943
Test - acc:         0.922000 loss:        0.240308
Sparsity :          0.7500
Wdecay :        0.000500
========== Epoch 153 ==========
LR =  0.010000000000000002
Train - acc:        0.956940 loss:        0.128885
Test - acc:         0.924500 loss:        0.237923
Sparsity :          0.7500
Wdecay :        0.000500
========== Epoch 154 ==========
LR =  0.010000000000000002
Train - acc:        0.961700 loss:        0.115482
Test - acc:         0.920900 loss:        0.252131
Sparsity :          0.7500
Wdecay :        0.000500
========== Epoch 155 ==========
LR =  0.010000000000000002
Train - acc:        0.966480 loss:        0.098679
Test - acc:         0.925200 loss:        0.241261
Sparsity :          0.7500
Wdecay :        0.000500
========== Epoch 156 ==========
LR =  0.010000000000000002
Train - acc:        0.969100 loss:        0.092418
Test - acc:         0.923900 loss:        0.246708
Sparsity :          0.7500
Wdecay :        0.000500
========== Epoch 157 ==========
LR =  0.010000000000000002
Train - acc:        0.970940 loss:        0.083606
Test - acc:         0.926900 loss:        0.248172
Sparsity :          0.7500
Wdecay :        0.000500
========== Epoch 158 ==========
LR =  0.010000000000000002
Train - acc:        0.974360 loss:        0.076682
Test - acc:         0.926200 loss:        0.253509
Sparsity :          0.7500
Wdecay :        0.000500
========== Epoch 159 ==========
LR =  0.010000000000000002
Train - acc:        0.976300 loss:        0.069891
Test - acc:         0.925300 loss:        0.259237
Sparsity :          0.7500
Wdecay :        0.000500
========== Epoch 160 ==========
LR =  0.010000000000000002
Train - acc:        0.977220 loss:        0.066005
Test - acc:         0.925000 loss:        0.255327
Sparsity :          0.7500
Wdecay :        0.000500
========== Epoch 161 ==========
LR =  0.010000000000000002
Train - acc:        0.979020 loss:        0.062386
Test - acc:         0.928800 loss:        0.259661
Sparsity :          0.7500
Wdecay :        0.000500
========== Epoch 162 ==========
LR =  0.010000000000000002
Train - acc:        0.979800 loss:        0.058733
Test - acc:         0.924400 loss:        0.260307
Sparsity :          0.7500
Wdecay :        0.000500
========== Epoch 163 ==========
LR =  0.010000000000000002
Train - acc:        0.981380 loss:        0.055330
Test - acc:         0.925800 loss:        0.265960
Sparsity :          0.7500
Wdecay :        0.000500
========== Epoch 164 ==========
LR =  0.010000000000000002
Train - acc:        0.981000 loss:        0.055122
Test - acc:         0.923400 loss:        0.269529
Sparsity :          0.7500
Wdecay :        0.000500
========== Epoch 165 ==========
LR =  0.010000000000000002
Train - acc:        0.982960 loss:        0.052338
Test - acc:         0.924700 loss:        0.268634
Sparsity :          0.7500
Wdecay :        0.000500
========== Epoch 166 ==========
LR =  0.010000000000000002
Train - acc:        0.982020 loss:        0.051584
Test - acc:         0.920900 loss:        0.288270
Sparsity :          0.7500
Wdecay :        0.000500
========== Epoch 167 ==========
LR =  0.010000000000000002
Train - acc:        0.982680 loss:        0.053245
Test - acc:         0.922200 loss:        0.281932
Sparsity :          0.7500
Wdecay :        0.000500
========== Epoch 168 ==========
LR =  0.010000000000000002
Train - acc:        0.982860 loss:        0.050566
Test - acc:         0.922500 loss:        0.292447
Sparsity :          0.7500
Wdecay :        0.000500
========== Epoch 169 ==========
LR =  0.010000000000000002
Train - acc:        0.983140 loss:        0.049025
Test - acc:         0.921200 loss:        0.293997
Sparsity :          0.7500
Wdecay :        0.000500
========== Epoch 170 ==========
LR =  0.010000000000000002
Train - acc:        0.982080 loss:        0.049614
Test - acc:         0.921700 loss:        0.302437
Sparsity :          0.7500
Wdecay :        0.000500
========== Epoch 171 ==========
LR =  0.010000000000000002
Train - acc:        0.979580 loss:        0.056940
Test - acc:         0.914900 loss:        0.323060
Sparsity :          0.7500
Wdecay :        0.000500
========== Epoch 172 ==========
LR =  0.010000000000000002
Train - acc:        0.982940 loss:        0.049839
Test - acc:         0.919800 loss:        0.310970
Sparsity :          0.7500
Wdecay :        0.000500
========== Epoch 173 ==========
LR =  0.010000000000000002
Train - acc:        0.982380 loss:        0.051437
Test - acc:         0.920200 loss:        0.300509
Sparsity :          0.7500
Wdecay :        0.000500
========== Epoch 174 ==========
LR =  0.010000000000000002
Train - acc:        0.983660 loss:        0.047007
Test - acc:         0.918100 loss:        0.309679
Sparsity :          0.7500
Wdecay :        0.000500
========== Epoch 175 ==========
LR =  0.010000000000000002
Train - acc:        0.983000 loss:        0.050658
Test - acc:         0.916200 loss:        0.303625
Sparsity :          0.7500
Wdecay :        0.000500
========== Epoch 176 ==========
LR =  0.010000000000000002
Train - acc:        0.981240 loss:        0.054668
Test - acc:         0.901900 loss:        0.356719
Sparsity :          0.7500
Wdecay :        0.000500
========== Epoch 177 ==========
LR =  0.010000000000000002
Train - acc:        0.980900 loss:        0.056583
Test - acc:         0.915400 loss:        0.307814
Sparsity :          0.7500
Wdecay :        0.000500
========== Epoch 178 ==========
LR =  0.010000000000000002
Train - acc:        0.982620 loss:        0.052249
Test - acc:         0.917600 loss:        0.315197
Sparsity :          0.7500
Wdecay :        0.000500
========== Epoch 179 ==========
LR =  0.010000000000000002
Train - acc:        0.981960 loss:        0.052374
Test - acc:         0.914300 loss:        0.339139
Sparsity :          0.7500
Wdecay :        0.000500
========== Epoch 180 ==========
LR =  0.010000000000000002
Train - acc:        0.982260 loss:        0.053554
Test - acc:         0.915800 loss:        0.327658
Sparsity :          0.7500
Wdecay :        0.000500
========== Epoch 181 ==========
LR =  0.010000000000000002
Train - acc:        0.981560 loss:        0.054415
Test - acc:         0.923600 loss:        0.294407
Sparsity :          0.7500
Wdecay :        0.000500
========== Epoch 182 ==========
LR =  0.010000000000000002
Train - acc:        0.981200 loss:        0.054172
Test - acc:         0.913700 loss:        0.318979
Sparsity :          0.7500
Wdecay :        0.000500
========== Epoch 183 ==========
LR =  0.010000000000000002
Train - acc:        0.980640 loss:        0.057203
Test - acc:         0.909800 loss:        0.340513
Sparsity :          0.7500
Wdecay :        0.000500
========== Epoch 184 ==========
LR =  0.010000000000000002
Train - acc:        0.979300 loss:        0.059905
Test - acc:         0.909300 loss:        0.345359
Sparsity :          0.7500
Wdecay :        0.000500
========== Epoch 185 ==========
LR =  0.010000000000000002
Train - acc:        0.981640 loss:        0.054578
Test - acc:         0.913300 loss:        0.343693
Sparsity :          0.7500
Wdecay :        0.000500
========== Epoch 186 ==========
LR =  0.010000000000000002
Train - acc:        0.980740 loss:        0.057421
Test - acc:         0.902500 loss:        0.354292
Sparsity :          0.7500
Wdecay :        0.000500
========== Epoch 187 ==========
LR =  0.010000000000000002
Train - acc:        0.979340 loss:        0.062218
Test - acc:         0.909200 loss:        0.319290
Sparsity :          0.7500
Wdecay :        0.000500
========== Epoch 188 ==========
LR =  0.010000000000000002
Train - acc:        0.981680 loss:        0.055617
Test - acc:         0.908700 loss:        0.331333
Sparsity :          0.7500
Wdecay :        0.000500
========== Epoch 189 ==========
LR =  0.010000000000000002
Train - acc:        0.978800 loss:        0.061415
Test - acc:         0.909600 loss:        0.338652
Sparsity :          0.7500
Wdecay :        0.000500
========== Epoch 190 ==========
LR =  0.010000000000000002
Train - acc:        0.979980 loss:        0.059909
Test - acc:         0.898700 loss:        0.374411
Sparsity :          0.7500
Wdecay :        0.000500
========== Epoch 191 ==========
LR =  0.010000000000000002
Train - acc:        0.979660 loss:        0.058739
Test - acc:         0.912400 loss:        0.343650
Sparsity :          0.7500
Wdecay :        0.000500
========== Epoch 192 ==========
LR =  0.010000000000000002
Train - acc:        0.980240 loss:        0.060744
Test - acc:         0.906100 loss:        0.346958
Sparsity :          0.7500
Wdecay :        0.000500
========== Epoch 193 ==========
LR =  0.010000000000000002
Train - acc:        0.979700 loss:        0.061192
Test - acc:         0.918200 loss:        0.320222
Sparsity :          0.7500
Wdecay :        0.000500
========== Epoch 194 ==========
LR =  0.010000000000000002
Train - acc:        0.980320 loss:        0.059912
Test - acc:         0.913100 loss:        0.327469
Sparsity :          0.7500
Wdecay :        0.000500
========== Epoch 195 ==========
LR =  0.010000000000000002
Train - acc:        0.977840 loss:        0.064715
Test - acc:         0.909600 loss:        0.328796
Sparsity :          0.7500
Wdecay :        0.000500
========== Epoch 196 ==========
LR =  0.010000000000000002
Train - acc:        0.979200 loss:        0.061708
Test - acc:         0.907200 loss:        0.351393
Sparsity :          0.7500
Wdecay :        0.000500
========== Epoch 197 ==========
LR =  0.010000000000000002
Train - acc:        0.977960 loss:        0.065111
Test - acc:         0.911900 loss:        0.321530
Sparsity :          0.7500
Wdecay :        0.000500
========== Epoch 198 ==========
LR =  0.010000000000000002
Train - acc:        0.978840 loss:        0.062623
Test - acc:         0.908100 loss:        0.334282
Sparsity :          0.7500
Wdecay :        0.000500
========== Epoch 199 ==========
LR =  0.010000000000000002
Train - acc:        0.980460 loss:        0.059912
Test - acc:         0.907900 loss:        0.349971
Sparsity :          0.7500
Wdecay :        0.000500
========== Epoch 200 ==========
LR =  0.010000000000000002
Train - acc:        0.980260 loss:        0.059133
Test - acc:         0.916100 loss:        0.316372
Sparsity :          0.7500
Wdecay :        0.000500
========== Epoch 201 ==========
LR =  0.010000000000000002
Train - acc:        0.979040 loss:        0.062561
Test - acc:         0.905500 loss:        0.363637
Sparsity :          0.7500
Wdecay :        0.000500
========== Epoch 202 ==========
LR =  0.010000000000000002
Train - acc:        0.979660 loss:        0.060768
Test - acc:         0.906400 loss:        0.347596
Sparsity :          0.7500
Wdecay :        0.000500
========== Epoch 203 ==========
LR =  0.010000000000000002
Train - acc:        0.978300 loss:        0.063970
Test - acc:         0.908100 loss:        0.328271
Sparsity :          0.7500
Wdecay :        0.000500
========== Epoch 204 ==========
LR =  0.010000000000000002
Train - acc:        0.978700 loss:        0.061851
Test - acc:         0.911300 loss:        0.349262
Sparsity :          0.7500
Wdecay :        0.000500
========== Epoch 205 ==========
LR =  0.010000000000000002
Train - acc:        0.977800 loss:        0.067560
Test - acc:         0.907200 loss:        0.333969
Sparsity :          0.7500
Wdecay :        0.000500
========== Epoch 206 ==========
LR =  0.010000000000000002
Train - acc:        0.978880 loss:        0.062807
Test - acc:         0.915800 loss:        0.316769
Sparsity :          0.7500
Wdecay :        0.000500
========== Epoch 207 ==========
LR =  0.010000000000000002
Train - acc:        0.979180 loss:        0.062026
Test - acc:         0.907900 loss:        0.330752
Sparsity :          0.7500
Wdecay :        0.000500
========== Epoch 208 ==========
LR =  0.010000000000000002
Train - acc:        0.978320 loss:        0.065666
Test - acc:         0.909000 loss:        0.337045
Sparsity :          0.7500
Wdecay :        0.000500
========== Epoch 209 ==========
LR =  0.010000000000000002
Train - acc:        0.979340 loss:        0.061435
Test - acc:         0.912100 loss:        0.332178
Sparsity :          0.7500
Wdecay :        0.000500
========== Epoch 210 ==========
LR =  0.010000000000000002
Train - acc:        0.978620 loss:        0.062518
Test - acc:         0.911300 loss:        0.326223
Sparsity :          0.7500
Wdecay :        0.000500
========== Epoch 211 ==========
LR =  0.010000000000000002
Train - acc:        0.979060 loss:        0.062634
Test - acc:         0.908000 loss:        0.344180
Sparsity :          0.7500
Wdecay :        0.000500
========== Epoch 212 ==========
LR =  0.010000000000000002
Train - acc:        0.979680 loss:        0.060393
Test - acc:         0.905700 loss:        0.351302
Sparsity :          0.7500
Wdecay :        0.000500
========== Epoch 213 ==========
LR =  0.010000000000000002
Train - acc:        0.979180 loss:        0.061121
Test - acc:         0.914400 loss:        0.320730
Sparsity :          0.7500
Wdecay :        0.000500
========== Epoch 214 ==========
LR =  0.010000000000000002
Train - acc:        0.977660 loss:        0.064709
Test - acc:         0.914600 loss:        0.315863
Sparsity :          0.7500
Wdecay :        0.000500
========== Epoch 215 ==========
LR =  0.010000000000000002
Train - acc:        0.978920 loss:        0.063390
Test - acc:         0.907900 loss:        0.342737
Sparsity :          0.7500
Wdecay :        0.000500
========== Epoch 216 ==========
LR =  0.010000000000000002
Train - acc:        0.980120 loss:        0.061361
Test - acc:         0.899700 loss:        0.386774
Sparsity :          0.7500
Wdecay :        0.000500
========== Epoch 217 ==========
LR =  0.010000000000000002
Train - acc:        0.978860 loss:        0.062312
Test - acc:         0.911500 loss:        0.337569
Sparsity :          0.7500
Wdecay :        0.000500
========== Epoch 218 ==========
LR =  0.010000000000000002
Train - acc:        0.979260 loss:        0.063128
Test - acc:         0.903400 loss:        0.358407
Sparsity :          0.7500
Wdecay :        0.000500
========== Epoch 219 ==========
LR =  0.010000000000000002
Train - acc:        0.978620 loss:        0.063425
Test - acc:         0.916000 loss:        0.322983
Sparsity :          0.7500
Wdecay :        0.000500
========== Epoch 220 ==========
LR =  0.010000000000000002
Train - acc:        0.980680 loss:        0.058494
Test - acc:         0.907200 loss:        0.352454
Sparsity :          0.7500
Wdecay :        0.000500
========== Epoch 221 ==========
LR =  0.010000000000000002
Train - acc:        0.979240 loss:        0.061105
Test - acc:         0.907400 loss:        0.352114
Sparsity :          0.7500
Wdecay :        0.000500
========== Epoch 222 ==========
LR =  0.010000000000000002
Train - acc:        0.978020 loss:        0.065017
Test - acc:         0.896800 loss:        0.383267
Sparsity :          0.7500
Wdecay :        0.000500
========== Epoch 223 ==========
LR =  0.010000000000000002
Train - acc:        0.980880 loss:        0.058298
Test - acc:         0.897500 loss:        0.397392
Sparsity :          0.7500
Wdecay :        0.000500
========== Epoch 224 ==========
LR =  0.010000000000000002
Train - acc:        0.979240 loss:        0.062166
Test - acc:         0.906500 loss:        0.356681
Sparsity :          0.7500
Wdecay :        0.000500
========== Epoch 225 ==========
LR =  0.010000000000000002
Train - acc:        0.979360 loss:        0.062646
Test - acc:         0.917000 loss:        0.317976
Sparsity :          0.7500
Wdecay :        0.000500
========== Epoch 226 ==========
LR =  0.010000000000000002
Train - acc:        0.977040 loss:        0.067155
Test - acc:         0.891200 loss:        0.417567
Sparsity :          0.7500
Wdecay :        0.000500
========== Epoch 227 ==========
LR =  0.010000000000000002
Train - acc:        0.979320 loss:        0.063213
Test - acc:         0.908500 loss:        0.344079
Sparsity :          0.7500
Wdecay :        0.000500
========== Epoch 228 ==========
LR =  0.010000000000000002
Train - acc:        0.980380 loss:        0.056770
Test - acc:         0.908700 loss:        0.352907
Sparsity :          0.7500
Wdecay :        0.000500
========== Epoch 229 ==========
LR =  0.010000000000000002
Train - acc:        0.978420 loss:        0.063804
Test - acc:         0.903100 loss:        0.364693
Sparsity :          0.7500
Wdecay :        0.000500
========== Epoch 230 ==========
LR =  0.010000000000000002
Train - acc:        0.979600 loss:        0.061121
Test - acc:         0.911300 loss:        0.338724
Sparsity :          0.7500
Wdecay :        0.000500
========== Epoch 231 ==========
LR =  0.010000000000000002
Train - acc:        0.980580 loss:        0.057340
Test - acc:         0.906200 loss:        0.354939
Sparsity :          0.7500
Wdecay :        0.000500
========== Epoch 232 ==========
LR =  0.010000000000000002
Train - acc:        0.978940 loss:        0.061838
Test - acc:         0.892200 loss:        0.419906
Sparsity :          0.7500
Wdecay :        0.000500
========== Epoch 233 ==========
LR =  0.010000000000000002
Train - acc:        0.979220 loss:        0.063657
Test - acc:         0.902200 loss:        0.355454
Sparsity :          0.7500
Wdecay :        0.000500
========== Epoch 234 ==========
LR =  0.010000000000000002
Train - acc:        0.979600 loss:        0.061656
Test - acc:         0.908300 loss:        0.341991
Sparsity :          0.7500
Wdecay :        0.000500
========== Epoch 235 ==========
LR =  0.010000000000000002
Train - acc:        0.978660 loss:        0.061856
Test - acc:         0.906600 loss:        0.344578
Sparsity :          0.7500
Wdecay :        0.000500
========== Epoch 236 ==========
LR =  0.010000000000000002
Train - acc:        0.981960 loss:        0.054868
Test - acc:         0.902500 loss:        0.364767
Sparsity :          0.7500
Wdecay :        0.000500
========== Epoch 237 ==========
LR =  0.010000000000000002
Train - acc:        0.979720 loss:        0.060817
Test - acc:         0.901400 loss:        0.371347
Sparsity :          0.7500
Wdecay :        0.000500
========== Epoch 238 ==========
LR =  0.010000000000000002
Train - acc:        0.979100 loss:        0.060752
Test - acc:         0.907100 loss:        0.355890
Sparsity :          0.7500
Wdecay :        0.000500
========== Epoch 239 ==========
LR =  0.010000000000000002
Train - acc:        0.980580 loss:        0.059333
Test - acc:         0.912600 loss:        0.337968
Sparsity :          0.7500
Wdecay :        0.000500
========== Epoch 240 ==========
LR =  0.010000000000000002
Train - acc:        0.980820 loss:        0.057117
Test - acc:         0.909600 loss:        0.336046
Sparsity :          0.7500
Wdecay :        0.000500
========== Epoch 241 ==========
LR =  0.010000000000000002
Train - acc:        0.980440 loss:        0.059745
Test - acc:         0.901900 loss:        0.369224
Sparsity :          0.7500
Wdecay :        0.000500
========== Epoch 242 ==========
LR =  0.010000000000000002
Train - acc:        0.979940 loss:        0.058513
Test - acc:         0.909400 loss:        0.360244
Sparsity :          0.7500
Wdecay :        0.000500
========== Epoch 243 ==========
LR =  0.010000000000000002
Train - acc:        0.979440 loss:        0.060357
Test - acc:         0.911300 loss:        0.319304
Sparsity :          0.7500
Wdecay :        0.000500
========== Epoch 244 ==========
LR =  0.010000000000000002
Train - acc:        0.979540 loss:        0.059874
Test - acc:         0.913500 loss:        0.329897
Sparsity :          0.7500
Wdecay :        0.000500
========== Epoch 245 ==========
LR =  0.010000000000000002
Train - acc:        0.981920 loss:        0.054543
Test - acc:         0.910300 loss:        0.337854
Sparsity :          0.7500
Wdecay :        0.000500
========== Epoch 246 ==========
LR =  0.010000000000000002
Train - acc:        0.979000 loss:        0.062493
Test - acc:         0.906100 loss:        0.338924
Sparsity :          0.7500
Wdecay :        0.000500
========== Epoch 247 ==========
LR =  0.010000000000000002
Train - acc:        0.979760 loss:        0.060276
Test - acc:         0.910200 loss:        0.331694
Sparsity :          0.7500
Wdecay :        0.000500
========== Epoch 248 ==========
LR =  0.010000000000000002
Train - acc:        0.980980 loss:        0.057723
Test - acc:         0.904500 loss:        0.358512
Sparsity :          0.7500
Wdecay :        0.000500
========== Epoch 249 ==========
LR =  0.010000000000000002
Train - acc:        0.979300 loss:        0.061079
Test - acc:         0.906800 loss:        0.353233
Sparsity :          0.7500
Wdecay :        0.000500
========== Epoch 250 ==========
LR =  0.0010000000000000002
Train - acc:        0.981700 loss:        0.054590
Test - acc:         0.904000 loss:        0.370722
Sparsity :          0.7500
Wdecay :        0.000500
========== Epoch 251 ==========
LR =  0.0010000000000000002
Train - acc:        0.991480 loss:        0.026705
Test - acc:         0.928900 loss:        0.266312
Sparsity :          0.7500
Wdecay :        0.000500
========== Epoch 252 ==========
LR =  0.0010000000000000002
Train - acc:        0.996400 loss:        0.014352
Test - acc:         0.930600 loss:        0.269460
Sparsity :          0.7500
Wdecay :        0.000500
========== Epoch 253 ==========
LR =  0.0010000000000000002
Train - acc:        0.997060 loss:        0.011778
Test - acc:         0.932300 loss:        0.270004
Sparsity :          0.7500
Wdecay :        0.000500
========== Epoch 254 ==========
LR =  0.0010000000000000002
Train - acc:        0.997580 loss:        0.009199
Test - acc:         0.933000 loss:        0.270503
Sparsity :          0.7500
Wdecay :        0.000500
========== Epoch 255 ==========
LR =  0.0010000000000000002
Train - acc:        0.997860 loss:        0.007845
Test - acc:         0.934200 loss:        0.272593
Sparsity :          0.7500
Wdecay :        0.000500
========== Epoch 256 ==========
LR =  0.0010000000000000002
Train - acc:        0.998440 loss:        0.006975
Test - acc:         0.933400 loss:        0.274762
Sparsity :          0.7500
Wdecay :        0.000500
========== Epoch 257 ==========
LR =  0.0010000000000000002
Train - acc:        0.998640 loss:        0.006331
Test - acc:         0.934500 loss:        0.277333
Sparsity :          0.7500
Wdecay :        0.000500
========== Epoch 258 ==========
LR =  0.0010000000000000002
Train - acc:        0.998620 loss:        0.006003
Test - acc:         0.935100 loss:        0.276818
Sparsity :          0.7500
Wdecay :        0.000500
========== Epoch 259 ==========
LR =  0.0010000000000000002
Train - acc:        0.998820 loss:        0.005477
Test - acc:         0.934800 loss:        0.278588
Sparsity :          0.7500
Wdecay :        0.000500
========== Epoch 260 ==========
LR =  0.0010000000000000002
Train - acc:        0.998960 loss:        0.004978
Test - acc:         0.935000 loss:        0.281595
Sparsity :          0.7500
Wdecay :        0.000500
========== Epoch 261 ==========
LR =  0.0010000000000000002
Train - acc:        0.998940 loss:        0.005163
Test - acc:         0.934200 loss:        0.278157
Sparsity :          0.7500
Wdecay :        0.000500
========== Epoch 262 ==========
LR =  0.0010000000000000002
Train - acc:        0.999180 loss:        0.004251
Test - acc:         0.935100 loss:        0.279175
Sparsity :          0.7500
Wdecay :        0.000500
========== Epoch 263 ==========
LR =  0.0010000000000000002
Train - acc:        0.999220 loss:        0.004443
Test - acc:         0.936000 loss:        0.280284
Sparsity :          0.7500
Wdecay :        0.000500
========== Epoch 264 ==========
LR =  0.0010000000000000002
Train - acc:        0.999200 loss:        0.004272
Test - acc:         0.936300 loss:        0.283388
Sparsity :          0.7500
Wdecay :        0.000500
========== Epoch 265 ==========
LR =  0.0010000000000000002
Train - acc:        0.999220 loss:        0.003845
Test - acc:         0.934800 loss:        0.283980
Sparsity :          0.7500
Wdecay :        0.000500
========== Epoch 266 ==========
LR =  0.0010000000000000002
Train - acc:        0.999100 loss:        0.004341
Test - acc:         0.937000 loss:        0.279674
Sparsity :          0.7500
Wdecay :        0.000500
========== Epoch 267 ==========
LR =  0.0010000000000000002
Train - acc:        0.999340 loss:        0.003480
Test - acc:         0.936200 loss:        0.282052
Sparsity :          0.7500
Wdecay :        0.000500
========== Epoch 268 ==========
LR =  0.0010000000000000002
Train - acc:        0.999280 loss:        0.003514
Test - acc:         0.934600 loss:        0.286672
Sparsity :          0.7500
Wdecay :        0.000500
========== Epoch 269 ==========
LR =  0.0010000000000000002
Train - acc:        0.999420 loss:        0.003345
Test - acc:         0.936000 loss:        0.282864
Sparsity :          0.7500
Wdecay :        0.000500
========== Epoch 270 ==========
LR =  0.0010000000000000002
Train - acc:        0.999240 loss:        0.003459
Test - acc:         0.936300 loss:        0.283366
Sparsity :          0.7500
Wdecay :        0.000500
========== Epoch 271 ==========
LR =  0.0010000000000000002
Train - acc:        0.999560 loss:        0.002839
Test - acc:         0.937100 loss:        0.283043
Sparsity :          0.7500
Wdecay :        0.000500
========== Epoch 272 ==========
LR =  0.0010000000000000002
Train - acc:        0.999700 loss:        0.002525
Test - acc:         0.936800 loss:        0.281441
Sparsity :          0.7500
Wdecay :        0.000500
========== Epoch 273 ==========
LR =  0.0010000000000000002
Train - acc:        0.999460 loss:        0.002716
Test - acc:         0.936400 loss:        0.283654
Sparsity :          0.7500
Wdecay :        0.000500
========== Epoch 274 ==========
LR =  0.0010000000000000002
Train - acc:        0.999620 loss:        0.002531
Test - acc:         0.938200 loss:        0.282125
Sparsity :          0.7500
Wdecay :        0.000500
========== Epoch 275 ==========
LR =  0.0010000000000000002
Train - acc:        0.999460 loss:        0.002660
Test - acc:         0.936800 loss:        0.280355
Sparsity :          0.7500
Wdecay :        0.000500
========== Epoch 276 ==========
LR =  0.0010000000000000002
Train - acc:        0.999580 loss:        0.002575
Test - acc:         0.937600 loss:        0.284487
Sparsity :          0.7500
Wdecay :        0.000500
========== Epoch 277 ==========
LR =  0.0010000000000000002
Train - acc:        0.999640 loss:        0.002420
Test - acc:         0.935800 loss:        0.284232
Sparsity :          0.7500
Wdecay :        0.000500
========== Epoch 278 ==========
LR =  0.0010000000000000002
Train - acc:        0.999680 loss:        0.002503
Test - acc:         0.936900 loss:        0.284972
Sparsity :          0.7500
Wdecay :        0.000500
========== Epoch 279 ==========
LR =  0.0010000000000000002
Train - acc:        0.999460 loss:        0.002717
Test - acc:         0.937900 loss:        0.281181
Sparsity :          0.7500
Wdecay :        0.000500
========== Epoch 280 ==========
LR =  0.0010000000000000002
Train - acc:        0.999620 loss:        0.002514
Test - acc:         0.938800 loss:        0.284931
Sparsity :          0.7500
Wdecay :        0.000500
========== Epoch 281 ==========
LR =  0.0010000000000000002
Train - acc:        0.999660 loss:        0.002270
Test - acc:         0.939000 loss:        0.284096
Sparsity :          0.7500
Wdecay :        0.000500
========== Epoch 282 ==========
LR =  0.0010000000000000002
Train - acc:        0.999440 loss:        0.002651
Test - acc:         0.938600 loss:        0.285554
Sparsity :          0.7500
Wdecay :        0.000500
========== Epoch 283 ==========
LR =  0.0010000000000000002
Train - acc:        0.999640 loss:        0.002419
Test - acc:         0.937400 loss:        0.283978
Sparsity :          0.7500
Wdecay :        0.000500
========== Epoch 284 ==========
LR =  0.0010000000000000002
Train - acc:        0.999680 loss:        0.002171
Test - acc:         0.938500 loss:        0.284440
Sparsity :          0.7500
Wdecay :        0.000500
========== Epoch 285 ==========
LR =  0.0010000000000000002
Train - acc:        0.999700 loss:        0.002270
Test - acc:         0.937900 loss:        0.285778
Sparsity :          0.7500
Wdecay :        0.000500
========== Epoch 286 ==========
LR =  0.0010000000000000002
Train - acc:        0.999580 loss:        0.002273
Test - acc:         0.937900 loss:        0.283439
Sparsity :          0.7500
Wdecay :        0.000500
========== Epoch 287 ==========
LR =  0.0010000000000000002
Train - acc:        0.999560 loss:        0.002137
Test - acc:         0.937100 loss:        0.283931
Sparsity :          0.7500
Wdecay :        0.000500
========== Epoch 288 ==========
LR =  0.0010000000000000002
Train - acc:        0.999660 loss:        0.002192
Test - acc:         0.938000 loss:        0.282761
Sparsity :          0.7500
Wdecay :        0.000500
========== Epoch 289 ==========
LR =  0.0010000000000000002
Train - acc:        0.999800 loss:        0.001816
Test - acc:         0.937700 loss:        0.285096
Sparsity :          0.7500
Wdecay :        0.000500
========== Epoch 290 ==========
LR =  0.0010000000000000002
Train - acc:        0.999800 loss:        0.001859
Test - acc:         0.937600 loss:        0.284233
Sparsity :          0.7500
Wdecay :        0.000500
========== Epoch 291 ==========
LR =  0.0010000000000000002
Train - acc:        0.999780 loss:        0.001850
Test - acc:         0.937700 loss:        0.284934
Sparsity :          0.7500
Wdecay :        0.000500
========== Epoch 292 ==========
LR =  0.0010000000000000002
Train - acc:        0.999800 loss:        0.001795
Test - acc:         0.938000 loss:        0.285554
Sparsity :          0.7500
Wdecay :        0.000500
========== Epoch 293 ==========
LR =  0.0010000000000000002
Train - acc:        0.999720 loss:        0.002066
Test - acc:         0.937300 loss:        0.288491
Sparsity :          0.7500
Wdecay :        0.000500
========== Epoch 294 ==========
LR =  0.0010000000000000002
Train - acc:        0.999760 loss:        0.001741
Test - acc:         0.939000 loss:        0.285800
Sparsity :          0.7500
Wdecay :        0.000500
========== Epoch 295 ==========
LR =  0.0010000000000000002
Train - acc:        0.999880 loss:        0.001812
Test - acc:         0.938700 loss:        0.287170
Sparsity :          0.7500
Wdecay :        0.000500
========== Epoch 296 ==========
LR =  0.0010000000000000002
Train - acc:        0.999800 loss:        0.001657
Test - acc:         0.938600 loss:        0.285282
Sparsity :          0.7500
Wdecay :        0.000500
========== Epoch 297 ==========
LR =  0.0010000000000000002
Train - acc:        0.999860 loss:        0.001515
Test - acc:         0.939100 loss:        0.285063
Sparsity :          0.7500
Wdecay :        0.000500
========== Epoch 298 ==========
LR =  0.0010000000000000002
Train - acc:        0.999780 loss:        0.001727
Test - acc:         0.938000 loss:        0.284866
Sparsity :          0.7500
Wdecay :        0.000500
========== Epoch 299 ==========
LR =  0.0010000000000000002
Train - acc:        0.999680 loss:        0.001843
Test - acc:         0.937700 loss:        0.284190
Sparsity :          0.7500
Wdecay :        0.000500
========== Epoch 300 ==========
LR =  0.0010000000000000002
Train - acc:        0.999780 loss:        0.002002
Test - acc:         0.938200 loss:        0.284438
Sparsity :          0.7500
Wdecay :        0.000500
========== Epoch 301 ==========
LR =  0.0010000000000000002
Train - acc:        0.999920 loss:        0.001559
Test - acc:         0.938600 loss:        0.285924
Sparsity :          0.7500
Wdecay :        0.000500
========== Epoch 302 ==========
LR =  0.0010000000000000002
Train - acc:        0.999700 loss:        0.001812
Test - acc:         0.939400 loss:        0.282841
Sparsity :          0.7500
Wdecay :        0.000500
========== Epoch 303 ==========
LR =  0.0010000000000000002
Train - acc:        0.999720 loss:        0.001713
Test - acc:         0.939000 loss:        0.282405
Sparsity :          0.7500
Wdecay :        0.000500
========== Epoch 304 ==========
LR =  0.0010000000000000002
Train - acc:        0.999940 loss:        0.001453
Test - acc:         0.938200 loss:        0.284192
Sparsity :          0.7500
Wdecay :        0.000500
========== Epoch 305 ==========
LR =  0.0010000000000000002
Train - acc:        0.999880 loss:        0.001446
Test - acc:         0.939100 loss:        0.282948
Sparsity :          0.7500
Wdecay :        0.000500
========== Epoch 306 ==========
LR =  0.0010000000000000002
Train - acc:        0.999880 loss:        0.001481
Test - acc:         0.938900 loss:        0.284215
Sparsity :          0.7500
Wdecay :        0.000500
========== Epoch 307 ==========
LR =  0.0010000000000000002
Train - acc:        0.999860 loss:        0.001534
Test - acc:         0.938300 loss:        0.283074
Sparsity :          0.7500
Wdecay :        0.000500
========== Epoch 308 ==========
LR =  0.0010000000000000002
Train - acc:        0.999840 loss:        0.001616
Test - acc:         0.936400 loss:        0.285264
Sparsity :          0.7500
Wdecay :        0.000500
========== Epoch 309 ==========
LR =  0.0010000000000000002
Train - acc:        0.999780 loss:        0.001638
Test - acc:         0.938600 loss:        0.286267
Sparsity :          0.7500
Wdecay :        0.000500
========== Epoch 310 ==========
LR =  0.0010000000000000002
Train - acc:        0.999900 loss:        0.001326
Test - acc:         0.938800 loss:        0.283177
Sparsity :          0.7500
Wdecay :        0.000500
========== Epoch 311 ==========
LR =  0.0010000000000000002
Train - acc:        0.999800 loss:        0.001521
Test - acc:         0.937700 loss:        0.285134
Sparsity :          0.7500
Wdecay :        0.000500
========== Epoch 312 ==========
LR =  0.0010000000000000002
Train - acc:        0.999920 loss:        0.001408
Test - acc:         0.940000 loss:        0.285941
Sparsity :          0.7500
Wdecay :        0.000500
========== Epoch 313 ==========
LR =  0.0010000000000000002
Train - acc:        0.999860 loss:        0.001434
Test - acc:         0.939200 loss:        0.285751
Sparsity :          0.7500
Wdecay :        0.000500
========== Epoch 314 ==========
LR =  0.0010000000000000002
Train - acc:        0.999660 loss:        0.001774
Test - acc:         0.937500 loss:        0.290541
Sparsity :          0.7500
Wdecay :        0.000500
========== Epoch 315 ==========
LR =  0.0010000000000000002
Train - acc:        0.999840 loss:        0.001538
Test - acc:         0.938100 loss:        0.285476
Sparsity :          0.7500
Wdecay :        0.000500
========== Epoch 316 ==========
LR =  0.0010000000000000002
Train - acc:        0.999820 loss:        0.001569
Test - acc:         0.938400 loss:        0.282755
Sparsity :          0.7500
Wdecay :        0.000500
========== Epoch 317 ==========
LR =  0.0010000000000000002
Train - acc:        0.999840 loss:        0.001494
Test - acc:         0.938700 loss:        0.282803
Sparsity :          0.7500
Wdecay :        0.000500
========== Epoch 318 ==========
LR =  0.0010000000000000002
Train - acc:        0.999800 loss:        0.001554
Test - acc:         0.938100 loss:        0.284946
Sparsity :          0.7500
Wdecay :        0.000500
========== Epoch 319 ==========
LR =  0.0010000000000000002
Train - acc:        0.999900 loss:        0.001364
Test - acc:         0.938500 loss:        0.285392
Sparsity :          0.7500
Wdecay :        0.000500
========== Epoch 320 ==========
LR =  0.0010000000000000002
Train - acc:        0.999920 loss:        0.001390
Test - acc:         0.937300 loss:        0.285968
Sparsity :          0.7500
Wdecay :        0.000500
========== Epoch 321 ==========
LR =  0.0010000000000000002
Train - acc:        0.999800 loss:        0.001613
Test - acc:         0.937600 loss:        0.282574
Sparsity :          0.7500
Wdecay :        0.000500
========== Epoch 322 ==========
LR =  0.0010000000000000002
Train - acc:        0.999940 loss:        0.001297
Test - acc:         0.938500 loss:        0.283208
Sparsity :          0.7500
Wdecay :        0.000500
========== Epoch 323 ==========
LR =  0.0010000000000000002
Train - acc:        0.999860 loss:        0.001483
Test - acc:         0.937500 loss:        0.282855
Sparsity :          0.7500
Wdecay :        0.000500
========== Epoch 324 ==========
LR =  0.0010000000000000002
Train - acc:        0.999940 loss:        0.001210
Test - acc:         0.937700 loss:        0.284936
Sparsity :          0.7500
Wdecay :        0.000500
========== Epoch 325 ==========
LR =  0.0010000000000000002
Train - acc:        0.999920 loss:        0.001259
Test - acc:         0.937900 loss:        0.283400
Sparsity :          0.7500
Wdecay :        0.000500
========== Epoch 326 ==========
LR =  0.0010000000000000002
Train - acc:        0.999900 loss:        0.001368
Test - acc:         0.937200 loss:        0.286066
Sparsity :          0.7500
Wdecay :        0.000500
========== Epoch 327 ==========
LR =  0.0010000000000000002
Train - acc:        0.999800 loss:        0.001447
Test - acc:         0.937700 loss:        0.288021
Sparsity :          0.7500
Wdecay :        0.000500
========== Epoch 328 ==========
LR =  0.0010000000000000002
Train - acc:        0.999860 loss:        0.001474
Test - acc:         0.938000 loss:        0.285912
Sparsity :          0.7500
Wdecay :        0.000500
========== Epoch 329 ==========
LR =  0.0010000000000000002
Train - acc:        0.999940 loss:        0.001293
Test - acc:         0.939200 loss:        0.286439
Sparsity :          0.7500
Wdecay :        0.000500
========== Epoch 330 ==========
LR =  0.0010000000000000002
Train - acc:        0.999840 loss:        0.001410
Test - acc:         0.938500 loss:        0.290246
Sparsity :          0.7500
Wdecay :        0.000500
========== Epoch 331 ==========
LR =  0.0010000000000000002
Train - acc:        0.999940 loss:        0.001228
Test - acc:         0.938200 loss:        0.291544
Sparsity :          0.7500
Wdecay :        0.000500
========== Epoch 332 ==========
LR =  0.0010000000000000002
Train - acc:        0.999940 loss:        0.001234
Test - acc:         0.938500 loss:        0.289604
Sparsity :          0.7500
Wdecay :        0.000500
========== Epoch 333 ==========
LR =  0.0010000000000000002
Train - acc:        0.999960 loss:        0.001097
Test - acc:         0.938000 loss:        0.287076
Sparsity :          0.7500
Wdecay :        0.000500
========== Epoch 334 ==========
LR =  0.0010000000000000002
Train - acc:        0.999920 loss:        0.001214
Test - acc:         0.936500 loss:        0.291261
Sparsity :          0.7500
Wdecay :        0.000500
========== Epoch 335 ==========
LR =  0.0010000000000000002
Train - acc:        0.999880 loss:        0.001223
Test - acc:         0.937500 loss:        0.289868
Sparsity :          0.7500
Wdecay :        0.000500
========== Epoch 336 ==========
LR =  0.0010000000000000002
Train - acc:        0.999900 loss:        0.001367
Test - acc:         0.939100 loss:        0.288171
Sparsity :          0.7500
Wdecay :        0.000500
========== Epoch 337 ==========
LR =  0.0010000000000000002
Train - acc:        0.999820 loss:        0.001508
Test - acc:         0.938500 loss:        0.288619
Sparsity :          0.7500
Wdecay :        0.000500
========== Epoch 338 ==========
LR =  0.0010000000000000002
Train - acc:        0.999880 loss:        0.001297
Test - acc:         0.936200 loss:        0.292056
Sparsity :          0.7500
Wdecay :        0.000500
========== Epoch 339 ==========
LR =  0.0010000000000000002
Train - acc:        0.999860 loss:        0.001324
Test - acc:         0.937500 loss:        0.289954
Sparsity :          0.7500
Wdecay :        0.000500
========== Epoch 340 ==========
LR =  0.0010000000000000002
Train - acc:        0.999900 loss:        0.001301
Test - acc:         0.936900 loss:        0.291621
Sparsity :          0.7500
Wdecay :        0.000500
========== Epoch 341 ==========
LR =  0.0010000000000000002
Train - acc:        0.999920 loss:        0.001245
Test - acc:         0.936100 loss:        0.291198
Sparsity :          0.7500
Wdecay :        0.000500
========== Epoch 342 ==========
LR =  0.0010000000000000002
Train - acc:        0.999900 loss:        0.001279
Test - acc:         0.937600 loss:        0.288380
Sparsity :          0.7500
Wdecay :        0.000500
========== Epoch 343 ==========
LR =  0.0010000000000000002
Train - acc:        0.999920 loss:        0.001268
Test - acc:         0.937200 loss:        0.293294
Sparsity :          0.7500
Wdecay :        0.000500
========== Epoch 344 ==========
LR =  0.0010000000000000002
Train - acc:        0.999920 loss:        0.001324
Test - acc:         0.937400 loss:        0.291114
Sparsity :          0.7500
Wdecay :        0.000500
========== Epoch 345 ==========
LR =  0.0010000000000000002
Train - acc:        0.999860 loss:        0.001355
Test - acc:         0.937800 loss:        0.289331
Sparsity :          0.7500
Wdecay :        0.000500
========== Epoch 346 ==========
LR =  0.0010000000000000002
Train - acc:        0.999880 loss:        0.001286
Test - acc:         0.936100 loss:        0.292581
Sparsity :          0.7500
Wdecay :        0.000500
========== Epoch 347 ==========
LR =  0.0010000000000000002
Train - acc:        0.999900 loss:        0.001326
Test - acc:         0.937900 loss:        0.289513
Sparsity :          0.7500
Wdecay :        0.000500
========== Epoch 348 ==========
LR =  0.0010000000000000002
Train - acc:        0.999920 loss:        0.001249
Test - acc:         0.936300 loss:        0.295139
Sparsity :          0.7500
Wdecay :        0.000500
========== Epoch 349 ==========
LR =  0.0010000000000000002
Train - acc:        0.999940 loss:        0.001210
Test - acc:         0.936600 loss:        0.292345
Sparsity :          0.7500
Wdecay :        0.000500
========== Epoch 350 ==========
LR =  0.0010000000000000002
Train - acc:        0.999940 loss:        0.001207
Test - acc:         0.938300 loss:        0.294804
Sparsity :          0.7500
Wdecay :        0.000500
