Running --prune_criterion topflip --seed 44 --prune_freq 70 --prune_rate 0.5 --noise --comment=vgg19_crit=topflip_pf=70_seed=44 --save_model=pre-finetune/vgg19_topflip_pf70_s44
******************************
Running
{
    "model": "vgg19",
    "dataset": "cifar10",
    "batch_size": 128,
    "test_batch_size": 2000,
    "epochs": 350,
    "lr": 0.1,
    "device": "cuda",
    "seed": 44,
    "prune_criterion": "topflip",
    "prune_freq": 70,
    "prune_rate": 0.5,
    "sensitivity": 0,
    "flip_threshold": 1,
    "stop_pruning_at": -1,
    "prune_bias": false,
    "use_ema_flips": false,
    "beta_ema_flips": null,
    "reset_flip_cts": false,
    "normalize_magnitudes": false,
    "logdir": "criterion_experiment_no_bias/vgg19",
    "opt": "sgd",
    "momentum": 0.9,
    "use_scheduler": true,
    "milestones": [
        150,
        250
    ],
    "reg_type": "wdecay",
    "lambda": 0.0005,
    "anneal_lambda": false,
    "anneal_lr": false,
    "add_noise": true,
    "scale_noise_by_lr": false,
    "stop_noise_at": -1,
    "noise_only_prunable": false,
    "noise_scale_factor": 1,
    "snip_sparsity": 0.0,
    "beta_ema": 0.999,
    "lambas": [
        1.0,
        1.0,
        1.0,
        1.0
    ],
    "local_rep": false,
    "temperature": 0.6666666666666666,
    "save_model": "pre-finetune/vgg19_topflip_pf70_s44",
    "load_model": null,
    "parallel": false
}
******************************
Files already downloaded and verified
Files already downloaded and verified
Total prunable params of model: 20024000
Model has 20040522 total params.
num_weights=20029504
num_biases=11018
---Biases omitted from pruning---
========== Epoch 1 ==========
LR =  0.1
Train - acc:        0.137260 loss:        2.667569
Test - acc:         0.211500 loss:        2.023356
Sparsity :          0.0000
Wdecay :        0.000500
========== Epoch 2 ==========
LR =  0.1
Train - acc:        0.256020 loss:        1.887445
Test - acc:         0.280600 loss:        1.794826
Sparsity :          0.0000
Wdecay :        0.000500
========== Epoch 3 ==========
LR =  0.1
Train - acc:        0.345700 loss:        1.656821
Test - acc:         0.337900 loss:        1.769398
Sparsity :          0.0000
Wdecay :        0.000500
========== Epoch 4 ==========
LR =  0.1
Train - acc:        0.455800 loss:        1.446620
Test - acc:         0.454200 loss:        1.529671
Sparsity :          0.0000
Wdecay :        0.000500
========== Epoch 5 ==========
LR =  0.1
Train - acc:        0.543560 loss:        1.267446
Test - acc:         0.505100 loss:        1.568276
Sparsity :          0.0000
Wdecay :        0.000500
========== Epoch 6 ==========
LR =  0.1
Train - acc:        0.624560 loss:        1.079909
Test - acc:         0.550900 loss:        1.411508
Sparsity :          0.0000
Wdecay :        0.000500
========== Epoch 7 ==========
LR =  0.1
Train - acc:        0.676180 loss:        0.942810
Test - acc:         0.652000 loss:        1.007693
Sparsity :          0.0000
Wdecay :        0.000500
========== Epoch 8 ==========
LR =  0.1
Train - acc:        0.717300 loss:        0.841669
Test - acc:         0.624700 loss:        1.098031
Sparsity :          0.0000
Wdecay :        0.000500
========== Epoch 9 ==========
LR =  0.1
Train - acc:        0.741160 loss:        0.773259
Test - acc:         0.690500 loss:        1.019832
Sparsity :          0.0000
Wdecay :        0.000500
========== Epoch 10 ==========
LR =  0.1
Train - acc:        0.753000 loss:        0.747996
Test - acc:         0.693300 loss:        1.008944
Sparsity :          0.0000
Wdecay :        0.000500
========== Epoch 11 ==========
LR =  0.1
Train - acc:        0.772420 loss:        0.699642
Test - acc:         0.740000 loss:        0.769609
Sparsity :          0.0000
Wdecay :        0.000500
========== Epoch 12 ==========
LR =  0.1
Train - acc:        0.776320 loss:        0.679105
Test - acc:         0.753200 loss:        0.734386
Sparsity :          0.0000
Wdecay :        0.000500
========== Epoch 13 ==========
LR =  0.1
Train - acc:        0.781680 loss:        0.660457
Test - acc:         0.755400 loss:        0.744925
Sparsity :          0.0000
Wdecay :        0.000500
========== Epoch 14 ==========
LR =  0.1
Train - acc:        0.789220 loss:        0.647650
Test - acc:         0.701500 loss:        0.918221
Sparsity :          0.0000
Wdecay :        0.000500
========== Epoch 15 ==========
LR =  0.1
Train - acc:        0.793860 loss:        0.632406
Test - acc:         0.759700 loss:        0.735980
Sparsity :          0.0000
Wdecay :        0.000500
========== Epoch 16 ==========
LR =  0.1
Train - acc:        0.799420 loss:        0.622444
Test - acc:         0.736800 loss:        0.817756
Sparsity :          0.0000
Wdecay :        0.000500
========== Epoch 17 ==========
LR =  0.1
Train - acc:        0.798760 loss:        0.615050
Test - acc:         0.761500 loss:        0.751957
Sparsity :          0.0000
Wdecay :        0.000500
========== Epoch 18 ==========
LR =  0.1
Train - acc:        0.805560 loss:        0.596833
Test - acc:         0.735900 loss:        0.823823
Sparsity :          0.0000
Wdecay :        0.000500
========== Epoch 19 ==========
LR =  0.1
Train - acc:        0.810440 loss:        0.585183
Test - acc:         0.802200 loss:        0.601473
Sparsity :          0.0000
Wdecay :        0.000500
========== Epoch 20 ==========
LR =  0.1
Train - acc:        0.813080 loss:        0.577158
Test - acc:         0.778100 loss:        0.716816
Sparsity :          0.0000
Wdecay :        0.000500
========== Epoch 21 ==========
LR =  0.1
Train - acc:        0.814880 loss:        0.570712
Test - acc:         0.750100 loss:        0.804307
Sparsity :          0.0000
Wdecay :        0.000500
========== Epoch 22 ==========
LR =  0.1
Train - acc:        0.814300 loss:        0.566982
Test - acc:         0.700000 loss:        1.039362
Sparsity :          0.0000
Wdecay :        0.000500
========== Epoch 23 ==========
LR =  0.1
Train - acc:        0.817060 loss:        0.560618
Test - acc:         0.772300 loss:        0.745864
Sparsity :          0.0000
Wdecay :        0.000500
========== Epoch 24 ==========
LR =  0.1
Train - acc:        0.818640 loss:        0.559881
Test - acc:         0.786100 loss:        0.664755
Sparsity :          0.0000
Wdecay :        0.000500
========== Epoch 25 ==========
LR =  0.1
Train - acc:        0.819240 loss:        0.554396
Test - acc:         0.695200 loss:        0.987231
Sparsity :          0.0000
Wdecay :        0.000500
========== Epoch 26 ==========
LR =  0.1
Train - acc:        0.820840 loss:        0.550342
Test - acc:         0.748100 loss:        0.816494
Sparsity :          0.0000
Wdecay :        0.000500
========== Epoch 27 ==========
LR =  0.1
Train - acc:        0.825460 loss:        0.535709
Test - acc:         0.685600 loss:        1.034444
Sparsity :          0.0000
Wdecay :        0.000500
========== Epoch 28 ==========
LR =  0.1
Train - acc:        0.824200 loss:        0.540730
Test - acc:         0.699700 loss:        1.061181
Sparsity :          0.0000
Wdecay :        0.000500
========== Epoch 29 ==========
LR =  0.1
Train - acc:        0.825100 loss:        0.535450
Test - acc:         0.791300 loss:        0.636695
Sparsity :          0.0000
Wdecay :        0.000500
========== Epoch 30 ==========
LR =  0.1
Train - acc:        0.827000 loss:        0.532373
Test - acc:         0.727800 loss:        0.886447
Sparsity :          0.0000
Wdecay :        0.000500
========== Epoch 31 ==========
LR =  0.1
Train - acc:        0.827040 loss:        0.529372
Test - acc:         0.780800 loss:        0.687328
Sparsity :          0.0000
Wdecay :        0.000500
========== Epoch 32 ==========
LR =  0.1
Train - acc:        0.829920 loss:        0.524042
Test - acc:         0.781400 loss:        0.670314
Sparsity :          0.0000
Wdecay :        0.000500
========== Epoch 33 ==========
LR =  0.1
Train - acc:        0.830160 loss:        0.519633
Test - acc:         0.766400 loss:        0.734418
Sparsity :          0.0000
Wdecay :        0.000500
========== Epoch 34 ==========
LR =  0.1
Train - acc:        0.827920 loss:        0.526946
Test - acc:         0.780000 loss:        0.703194
Sparsity :          0.0000
Wdecay :        0.000500
========== Epoch 35 ==========
LR =  0.1
Train - acc:        0.830200 loss:        0.519099
Test - acc:         0.729700 loss:        0.954806
Sparsity :          0.0000
Wdecay :        0.000500
========== Epoch 36 ==========
LR =  0.1
Train - acc:        0.830820 loss:        0.519329
Test - acc:         0.758700 loss:        0.762857
Sparsity :          0.0000
Wdecay :        0.000500
========== Epoch 37 ==========
LR =  0.1
Train - acc:        0.829660 loss:        0.521598
Test - acc:         0.740800 loss:        0.792245
Sparsity :          0.0000
Wdecay :        0.000500
========== Epoch 38 ==========
LR =  0.1
Train - acc:        0.830660 loss:        0.519712
Test - acc:         0.807200 loss:        0.587582
Sparsity :          0.0000
Wdecay :        0.000500
========== Epoch 39 ==========
LR =  0.1
Train - acc:        0.833600 loss:        0.508954
Test - acc:         0.769300 loss:        0.710903
Sparsity :          0.0000
Wdecay :        0.000500
========== Epoch 40 ==========
LR =  0.1
Train - acc:        0.835140 loss:        0.506883
Test - acc:         0.765200 loss:        0.737310
Sparsity :          0.0000
Wdecay :        0.000500
========== Epoch 41 ==========
LR =  0.1
Train - acc:        0.834200 loss:        0.507816
Test - acc:         0.662300 loss:        1.130078
Sparsity :          0.0000
Wdecay :        0.000500
========== Epoch 42 ==========
LR =  0.1
Train - acc:        0.834140 loss:        0.509828
Test - acc:         0.693100 loss:        1.114416
Sparsity :          0.0000
Wdecay :        0.000500
========== Epoch 43 ==========
LR =  0.1
Train - acc:        0.831540 loss:        0.515874
Test - acc:         0.766900 loss:        0.765682
Sparsity :          0.0000
Wdecay :        0.000500
========== Epoch 44 ==========
LR =  0.1
Train - acc:        0.836300 loss:        0.504681
Test - acc:         0.767600 loss:        0.705592
Sparsity :          0.0000
Wdecay :        0.000500
========== Epoch 45 ==========
LR =  0.1
Train - acc:        0.838760 loss:        0.502383
Test - acc:         0.791700 loss:        0.679111
Sparsity :          0.0000
Wdecay :        0.000500
========== Epoch 46 ==========
LR =  0.1
Train - acc:        0.835820 loss:        0.506036
Test - acc:         0.804200 loss:        0.625337
Sparsity :          0.0000
Wdecay :        0.000500
========== Epoch 47 ==========
LR =  0.1
Train - acc:        0.837620 loss:        0.501661
Test - acc:         0.819100 loss:        0.573511
Sparsity :          0.0000
Wdecay :        0.000500
========== Epoch 48 ==========
LR =  0.1
Train - acc:        0.839100 loss:        0.492399
Test - acc:         0.797300 loss:        0.675725
Sparsity :          0.0000
Wdecay :        0.000500
========== Epoch 49 ==========
LR =  0.1
Train - acc:        0.836240 loss:        0.499422
Test - acc:         0.785500 loss:        0.682400
Sparsity :          0.0000
Wdecay :        0.000500
========== Epoch 50 ==========
LR =  0.1
Train - acc:        0.835300 loss:        0.506438
Test - acc:         0.778600 loss:        0.732806
Sparsity :          0.0000
Wdecay :        0.000500
========== Epoch 51 ==========
LR =  0.1
Train - acc:        0.836540 loss:        0.499564
Test - acc:         0.718700 loss:        0.920249
Sparsity :          0.0000
Wdecay :        0.000500
========== Epoch 52 ==========
LR =  0.1
Train - acc:        0.838780 loss:        0.490605
Test - acc:         0.791900 loss:        0.640846
Sparsity :          0.0000
Wdecay :        0.000500
========== Epoch 53 ==========
LR =  0.1
Train - acc:        0.840240 loss:        0.490185
Test - acc:         0.827600 loss:        0.553310
Sparsity :          0.0000
Wdecay :        0.000500
========== Epoch 54 ==========
LR =  0.1
Train - acc:        0.841240 loss:        0.487837
Test - acc:         0.753600 loss:        0.811424
Sparsity :          0.0000
Wdecay :        0.000500
========== Epoch 55 ==========
LR =  0.1
Train - acc:        0.842580 loss:        0.483812
Test - acc:         0.772800 loss:        0.702913
Sparsity :          0.0000
Wdecay :        0.000500
========== Epoch 56 ==========
LR =  0.1
Train - acc:        0.839780 loss:        0.493299
Test - acc:         0.746300 loss:        0.782941
Sparsity :          0.0000
Wdecay :        0.000500
========== Epoch 57 ==========
LR =  0.1
Train - acc:        0.837380 loss:        0.498162
Test - acc:         0.740600 loss:        0.854342
Sparsity :          0.0000
Wdecay :        0.000500
========== Epoch 58 ==========
LR =  0.1
Train - acc:        0.837480 loss:        0.499759
Test - acc:         0.811400 loss:        0.592640
Sparsity :          0.0000
Wdecay :        0.000500
========== Epoch 59 ==========
LR =  0.1
Train - acc:        0.838680 loss:        0.495455
Test - acc:         0.747900 loss:        0.821449
Sparsity :          0.0000
Wdecay :        0.000500
========== Epoch 60 ==========
LR =  0.1
Train - acc:        0.838060 loss:        0.495820
Test - acc:         0.680100 loss:        1.143265
Sparsity :          0.0000
Wdecay :        0.000500
========== Epoch 61 ==========
LR =  0.1
Train - acc:        0.838280 loss:        0.495435
Test - acc:         0.774800 loss:        0.742549
Sparsity :          0.0000
Wdecay :        0.000500
========== Epoch 62 ==========
LR =  0.1
Train - acc:        0.840880 loss:        0.488794
Test - acc:         0.748900 loss:        0.845163
Sparsity :          0.0000
Wdecay :        0.000500
========== Epoch 63 ==========
LR =  0.1
Train - acc:        0.840180 loss:        0.487498
Test - acc:         0.719400 loss:        0.915089
Sparsity :          0.0000
Wdecay :        0.000500
========== Epoch 64 ==========
LR =  0.1
Train - acc:        0.838960 loss:        0.493926
Test - acc:         0.795300 loss:        0.664978
Sparsity :          0.0000
Wdecay :        0.000500
========== Epoch 65 ==========
LR =  0.1
Train - acc:        0.837480 loss:        0.498365
Test - acc:         0.756800 loss:        0.783656
Sparsity :          0.0000
Wdecay :        0.000500
========== Epoch 66 ==========
LR =  0.1
Train - acc:        0.841160 loss:        0.487489
Test - acc:         0.695600 loss:        1.014308
Sparsity :          0.0000
Wdecay :        0.000500
========== Epoch 67 ==========
LR =  0.1
Train - acc:        0.840800 loss:        0.491330
Test - acc:         0.819400 loss:        0.561720
Sparsity :          0.0000
Wdecay :        0.000500
========== Epoch 68 ==========
LR =  0.1
Train - acc:        0.840780 loss:        0.485777
Test - acc:         0.774400 loss:        0.732269
Sparsity :          0.0000
Wdecay :        0.000500
========== Epoch 69 ==========
LR =  0.1
Train - acc:        0.842740 loss:        0.484895
Test - acc:         0.771100 loss:        0.745542
Sparsity :          0.0000
Wdecay :        0.000500
========== Epoch 70 ==========
LR =  0.1
Train - acc:        0.841800 loss:        0.486207
Test - acc:         0.763900 loss:        0.746533
Sparsity :          0.5000
Wdecay :        0.000500
========== Epoch 71 ==========
LR =  0.1
Train - acc:        0.846920 loss:        0.468485
Test - acc:         0.721700 loss:        0.947682
Sparsity :          0.5000
Wdecay :        0.000500
========== Epoch 72 ==========
LR =  0.1
Train - acc:        0.855640 loss:        0.439671
Test - acc:         0.837300 loss:        0.511440
Sparsity :          0.5000
Wdecay :        0.000500
========== Epoch 73 ==========
LR =  0.1
Train - acc:        0.854560 loss:        0.438939
Test - acc:         0.727600 loss:        0.917894
Sparsity :          0.5000
Wdecay :        0.000500
========== Epoch 74 ==========
LR =  0.1
Train - acc:        0.855400 loss:        0.438636
Test - acc:         0.794100 loss:        0.700492
Sparsity :          0.5000
Wdecay :        0.000500
========== Epoch 75 ==========
LR =  0.1
Train - acc:        0.859240 loss:        0.425641
Test - acc:         0.829600 loss:        0.519668
Sparsity :          0.5000
Wdecay :        0.000500
========== Epoch 76 ==========
LR =  0.1
Train - acc:        0.861900 loss:        0.423032
Test - acc:         0.822000 loss:        0.551225
Sparsity :          0.5000
Wdecay :        0.000500
========== Epoch 77 ==========
LR =  0.1
Train - acc:        0.859460 loss:        0.427894
Test - acc:         0.825800 loss:        0.560478
Sparsity :          0.5000
Wdecay :        0.000500
========== Epoch 78 ==========
LR =  0.1
Train - acc:        0.859040 loss:        0.425590
Test - acc:         0.802600 loss:        0.624256
Sparsity :          0.5000
Wdecay :        0.000500
========== Epoch 79 ==========
LR =  0.1
Train - acc:        0.857900 loss:        0.428924
Test - acc:         0.791400 loss:        0.635946
Sparsity :          0.5000
Wdecay :        0.000500
========== Epoch 80 ==========
LR =  0.1
Train - acc:        0.859840 loss:        0.426770
Test - acc:         0.797400 loss:        0.615213
Sparsity :          0.5000
Wdecay :        0.000500
========== Epoch 81 ==========
LR =  0.1
Train - acc:        0.862360 loss:        0.418396
Test - acc:         0.837600 loss:        0.513400
Sparsity :          0.5000
Wdecay :        0.000500
========== Epoch 82 ==========
LR =  0.1
Train - acc:        0.856200 loss:        0.430822
Test - acc:         0.777200 loss:        0.718424
Sparsity :          0.5000
Wdecay :        0.000500
========== Epoch 83 ==========
LR =  0.1
Train - acc:        0.860980 loss:        0.420476
Test - acc:         0.833700 loss:        0.508335
Sparsity :          0.5000
Wdecay :        0.000500
========== Epoch 84 ==========
LR =  0.1
Train - acc:        0.860360 loss:        0.418134
Test - acc:         0.805200 loss:        0.600711
Sparsity :          0.5000
Wdecay :        0.000500
========== Epoch 85 ==========
LR =  0.1
Train - acc:        0.859000 loss:        0.427408
Test - acc:         0.767100 loss:        0.752542
Sparsity :          0.5000
Wdecay :        0.000500
========== Epoch 86 ==========
LR =  0.1
Train - acc:        0.863120 loss:        0.417004
Test - acc:         0.743300 loss:        0.881780
Sparsity :          0.5000
Wdecay :        0.000500
========== Epoch 87 ==========
LR =  0.1
Train - acc:        0.861080 loss:        0.418001
Test - acc:         0.769400 loss:        0.706494
Sparsity :          0.5000
Wdecay :        0.000500
========== Epoch 88 ==========
LR =  0.1
Train - acc:        0.860560 loss:        0.418304
Test - acc:         0.822900 loss:        0.569621
Sparsity :          0.5000
Wdecay :        0.000500
========== Epoch 89 ==========
LR =  0.1
Train - acc:        0.863600 loss:        0.414230
Test - acc:         0.770100 loss:        0.696736
Sparsity :          0.5000
Wdecay :        0.000500
========== Epoch 90 ==========
LR =  0.1
Train - acc:        0.864860 loss:        0.412241
Test - acc:         0.823400 loss:        0.587622
Sparsity :          0.5000
Wdecay :        0.000500
========== Epoch 91 ==========
LR =  0.1
Train - acc:        0.859860 loss:        0.419856
Test - acc:         0.823700 loss:        0.555902
Sparsity :          0.5000
Wdecay :        0.000500
========== Epoch 92 ==========
LR =  0.1
Train - acc:        0.862620 loss:        0.415679
Test - acc:         0.827800 loss:        0.526778
Sparsity :          0.5000
Wdecay :        0.000500
========== Epoch 93 ==========
LR =  0.1
Train - acc:        0.862540 loss:        0.417064
Test - acc:         0.837100 loss:        0.529793
Sparsity :          0.5000
Wdecay :        0.000500
========== Epoch 94 ==========
LR =  0.1
Train - acc:        0.861780 loss:        0.414955
Test - acc:         0.779700 loss:        0.709979
Sparsity :          0.5000
Wdecay :        0.000500
========== Epoch 95 ==========
LR =  0.1
Train - acc:        0.862480 loss:        0.418593
Test - acc:         0.830000 loss:        0.529048
Sparsity :          0.5000
Wdecay :        0.000500
========== Epoch 96 ==========
LR =  0.1
Train - acc:        0.860040 loss:        0.421274
Test - acc:         0.828000 loss:        0.519175
Sparsity :          0.5000
Wdecay :        0.000500
========== Epoch 97 ==========
LR =  0.1
Train - acc:        0.863860 loss:        0.414009
Test - acc:         0.786100 loss:        0.676713
Sparsity :          0.5000
Wdecay :        0.000500
========== Epoch 98 ==========
LR =  0.1
Train - acc:        0.861420 loss:        0.417599
Test - acc:         0.797400 loss:        0.644954
Sparsity :          0.5000
Wdecay :        0.000500
========== Epoch 99 ==========
LR =  0.1
Train - acc:        0.861280 loss:        0.418341
Test - acc:         0.807400 loss:        0.576601
Sparsity :          0.5000
Wdecay :        0.000500
========== Epoch 100 ==========
LR =  0.1
Train - acc:        0.861280 loss:        0.410786
Test - acc:         0.810600 loss:        0.587329
Sparsity :          0.5000
Wdecay :        0.000500
========== Epoch 101 ==========
LR =  0.1
Train - acc:        0.862100 loss:        0.415588
Test - acc:         0.798500 loss:        0.667301
Sparsity :          0.5000
Wdecay :        0.000500
========== Epoch 102 ==========
LR =  0.1
Train - acc:        0.861120 loss:        0.415315
Test - acc:         0.818600 loss:        0.573990
Sparsity :          0.5000
Wdecay :        0.000500
========== Epoch 103 ==========
LR =  0.1
Train - acc:        0.862500 loss:        0.412834
Test - acc:         0.803500 loss:        0.624511
Sparsity :          0.5000
Wdecay :        0.000500
========== Epoch 104 ==========
LR =  0.1
Train - acc:        0.863040 loss:        0.410966
Test - acc:         0.757000 loss:        0.795316
Sparsity :          0.5000
Wdecay :        0.000500
========== Epoch 105 ==========
LR =  0.1
Train - acc:        0.864320 loss:        0.413685
Test - acc:         0.802600 loss:        0.640988
Sparsity :          0.5000
Wdecay :        0.000500
========== Epoch 106 ==========
LR =  0.1
Train - acc:        0.863200 loss:        0.418166
Test - acc:         0.832100 loss:        0.521501
Sparsity :          0.5000
Wdecay :        0.000500
========== Epoch 107 ==========
LR =  0.1
Train - acc:        0.863360 loss:        0.415354
Test - acc:         0.795100 loss:        0.673849
Sparsity :          0.5000
Wdecay :        0.000500
========== Epoch 108 ==========
LR =  0.1
Train - acc:        0.861060 loss:        0.417368
Test - acc:         0.819500 loss:        0.578955
Sparsity :          0.5000
Wdecay :        0.000500
========== Epoch 109 ==========
LR =  0.1
Train - acc:        0.861840 loss:        0.413995
Test - acc:         0.757000 loss:        0.801423
Sparsity :          0.5000
Wdecay :        0.000500
========== Epoch 110 ==========
LR =  0.1
Train - acc:        0.862380 loss:        0.414602
Test - acc:         0.769600 loss:        0.758758
Sparsity :          0.5000
Wdecay :        0.000500
========== Epoch 111 ==========
LR =  0.1
Train - acc:        0.861560 loss:        0.418738
Test - acc:         0.802400 loss:        0.595437
Sparsity :          0.5000
Wdecay :        0.000500
========== Epoch 112 ==========
LR =  0.1
Train - acc:        0.859520 loss:        0.418416
Test - acc:         0.757600 loss:        0.793444
Sparsity :          0.5000
Wdecay :        0.000500
========== Epoch 113 ==========
LR =  0.1
Train - acc:        0.864580 loss:        0.411916
Test - acc:         0.791200 loss:        0.707072
Sparsity :          0.5000
Wdecay :        0.000500
========== Epoch 114 ==========
LR =  0.1
Train - acc:        0.859200 loss:        0.418672
Test - acc:         0.732200 loss:        0.953576
Sparsity :          0.5000
Wdecay :        0.000500
========== Epoch 115 ==========
LR =  0.1
Train - acc:        0.864900 loss:        0.405656
Test - acc:         0.768700 loss:        0.767160
Sparsity :          0.5000
Wdecay :        0.000500
========== Epoch 116 ==========
LR =  0.1
Train - acc:        0.861680 loss:        0.417791
Test - acc:         0.813900 loss:        0.587826
Sparsity :          0.5000
Wdecay :        0.000500
========== Epoch 117 ==========
LR =  0.1
Train - acc:        0.865240 loss:        0.403953
Test - acc:         0.839100 loss:        0.512624
Sparsity :          0.5000
Wdecay :        0.000500
========== Epoch 118 ==========
LR =  0.1
Train - acc:        0.864300 loss:        0.413060
Test - acc:         0.830000 loss:        0.517465
Sparsity :          0.5000
Wdecay :        0.000500
========== Epoch 119 ==========
LR =  0.1
Train - acc:        0.863280 loss:        0.410612
Test - acc:         0.806800 loss:        0.605774
Sparsity :          0.5000
Wdecay :        0.000500
========== Epoch 120 ==========
LR =  0.1
Train - acc:        0.863760 loss:        0.412935
Test - acc:         0.728800 loss:        0.914373
Sparsity :          0.5000
Wdecay :        0.000500
========== Epoch 121 ==========
LR =  0.1
Train - acc:        0.863000 loss:        0.409187
Test - acc:         0.665000 loss:        1.310884
Sparsity :          0.5000
Wdecay :        0.000500
========== Epoch 122 ==========
LR =  0.1
Train - acc:        0.861880 loss:        0.418326
Test - acc:         0.838900 loss:        0.507624
Sparsity :          0.5000
Wdecay :        0.000500
========== Epoch 123 ==========
LR =  0.1
Train - acc:        0.861360 loss:        0.414347
Test - acc:         0.823500 loss:        0.527089
Sparsity :          0.5000
Wdecay :        0.000500
========== Epoch 124 ==========
LR =  0.1
Train - acc:        0.860600 loss:        0.414185
Test - acc:         0.809700 loss:        0.602461
Sparsity :          0.5000
Wdecay :        0.000500
========== Epoch 125 ==========
LR =  0.1
Train - acc:        0.864340 loss:        0.411420
Test - acc:         0.796200 loss:        0.638201
Sparsity :          0.5000
Wdecay :        0.000500
========== Epoch 126 ==========
LR =  0.1
Train - acc:        0.863280 loss:        0.410940
Test - acc:         0.768200 loss:        0.723908
Sparsity :          0.5000
Wdecay :        0.000500
========== Epoch 127 ==========
LR =  0.1
Train - acc:        0.865820 loss:        0.401845
Test - acc:         0.812900 loss:        0.574190
Sparsity :          0.5000
Wdecay :        0.000500
========== Epoch 128 ==========
LR =  0.1
Train - acc:        0.864120 loss:        0.412479
Test - acc:         0.790200 loss:        0.696017
Sparsity :          0.5000
Wdecay :        0.000500
========== Epoch 129 ==========
LR =  0.1
Train - acc:        0.861260 loss:        0.415842
Test - acc:         0.775200 loss:        0.703506
Sparsity :          0.5000
Wdecay :        0.000500
========== Epoch 130 ==========
LR =  0.1
Train - acc:        0.863860 loss:        0.411303
Test - acc:         0.800400 loss:        0.645980
Sparsity :          0.5000
Wdecay :        0.000500
========== Epoch 131 ==========
LR =  0.1
Train - acc:        0.862900 loss:        0.409005
Test - acc:         0.819400 loss:        0.558413
Sparsity :          0.5000
Wdecay :        0.000500
========== Epoch 132 ==========
LR =  0.1
Train - acc:        0.862500 loss:        0.410293
Test - acc:         0.816700 loss:        0.557840
Sparsity :          0.5000
Wdecay :        0.000500
========== Epoch 133 ==========
LR =  0.1
Train - acc:        0.863600 loss:        0.411094
Test - acc:         0.811800 loss:        0.586045
Sparsity :          0.5000
Wdecay :        0.000500
========== Epoch 134 ==========
LR =  0.1
Train - acc:        0.861140 loss:        0.412482
Test - acc:         0.789900 loss:        0.677605
Sparsity :          0.5000
Wdecay :        0.000500
========== Epoch 135 ==========
LR =  0.1
Train - acc:        0.863240 loss:        0.409101
Test - acc:         0.823500 loss:        0.580622
Sparsity :          0.5000
Wdecay :        0.000500
========== Epoch 136 ==========
LR =  0.1
Train - acc:        0.860920 loss:        0.417278
Test - acc:         0.802600 loss:        0.591231
Sparsity :          0.5000
Wdecay :        0.000500
========== Epoch 137 ==========
LR =  0.1
Train - acc:        0.862860 loss:        0.412422
Test - acc:         0.838200 loss:        0.495071
Sparsity :          0.5000
Wdecay :        0.000500
========== Epoch 138 ==========
LR =  0.1
Train - acc:        0.864520 loss:        0.410401
Test - acc:         0.795300 loss:        0.632386
Sparsity :          0.5000
Wdecay :        0.000500
========== Epoch 139 ==========
LR =  0.1
Train - acc:        0.862100 loss:        0.412507
Test - acc:         0.831600 loss:        0.534202
Sparsity :          0.5000
Wdecay :        0.000500
========== Epoch 140 ==========
LR =  0.1
Train - acc:        0.865100 loss:        0.405819
Test - acc:         0.777700 loss:        0.678998
Sparsity :          0.7500
Wdecay :        0.000500
========== Epoch 141 ==========
LR =  0.1
Train - acc:        0.877720 loss:        0.366915
Test - acc:         0.832400 loss:        0.525105
Sparsity :          0.7500
Wdecay :        0.000500
========== Epoch 142 ==========
LR =  0.1
Train - acc:        0.874440 loss:        0.373098
Test - acc:         0.812500 loss:        0.591242
Sparsity :          0.7500
Wdecay :        0.000500
========== Epoch 143 ==========
LR =  0.1
Train - acc:        0.874640 loss:        0.372853
Test - acc:         0.800100 loss:        0.682089
Sparsity :          0.7500
Wdecay :        0.000500
========== Epoch 144 ==========
LR =  0.1
Train - acc:        0.878180 loss:        0.363620
Test - acc:         0.814400 loss:        0.588127
Sparsity :          0.7500
Wdecay :        0.000500
========== Epoch 145 ==========
LR =  0.1
Train - acc:        0.874240 loss:        0.372735
Test - acc:         0.802200 loss:        0.673581
Sparsity :          0.7500
Wdecay :        0.000500
========== Epoch 146 ==========
LR =  0.1
Train - acc:        0.873680 loss:        0.375426
Test - acc:         0.813700 loss:        0.600849
Sparsity :          0.7500
Wdecay :        0.000500
========== Epoch 147 ==========
LR =  0.1
Train - acc:        0.876500 loss:        0.366538
Test - acc:         0.817700 loss:        0.552141
Sparsity :          0.7500
Wdecay :        0.000500
========== Epoch 148 ==========
LR =  0.1
Train - acc:        0.875800 loss:        0.367225
Test - acc:         0.848400 loss:        0.463845
Sparsity :          0.7500
Wdecay :        0.000500
========== Epoch 149 ==========
LR =  0.1
Train - acc:        0.873400 loss:        0.379544
Test - acc:         0.840100 loss:        0.515277
Sparsity :          0.7500
Wdecay :        0.000500
========== Epoch 150 ==========
LR =  0.010000000000000002
Train - acc:        0.877460 loss:        0.365884
Test - acc:         0.821200 loss:        0.554225
Sparsity :          0.7500
Wdecay :        0.000500
========== Epoch 151 ==========
LR =  0.010000000000000002
Train - acc:        0.921720 loss:        0.233102
Test - acc:         0.903900 loss:        0.290933
Sparsity :          0.7500
Wdecay :        0.000500
========== Epoch 152 ==========
LR =  0.010000000000000002
Train - acc:        0.934560 loss:        0.193975
Test - acc:         0.911500 loss:        0.274011
Sparsity :          0.7500
Wdecay :        0.000500
========== Epoch 153 ==========
LR =  0.010000000000000002
Train - acc:        0.940360 loss:        0.178117
Test - acc:         0.910000 loss:        0.274433
Sparsity :          0.7500
Wdecay :        0.000500
========== Epoch 154 ==========
LR =  0.010000000000000002
Train - acc:        0.943440 loss:        0.168112
Test - acc:         0.915400 loss:        0.266052
Sparsity :          0.7500
Wdecay :        0.000500
========== Epoch 155 ==========
LR =  0.010000000000000002
Train - acc:        0.946440 loss:        0.160208
Test - acc:         0.914700 loss:        0.266610
Sparsity :          0.7500
Wdecay :        0.000500
========== Epoch 156 ==========
LR =  0.010000000000000002
Train - acc:        0.947340 loss:        0.151520
Test - acc:         0.909900 loss:        0.275331
Sparsity :          0.7500
Wdecay :        0.000500
========== Epoch 157 ==========
LR =  0.010000000000000002
Train - acc:        0.950380 loss:        0.146530
Test - acc:         0.911000 loss:        0.283313
Sparsity :          0.7500
Wdecay :        0.000500
========== Epoch 158 ==========
LR =  0.010000000000000002
Train - acc:        0.954220 loss:        0.137355
Test - acc:         0.914000 loss:        0.276507
Sparsity :          0.7500
Wdecay :        0.000500
========== Epoch 159 ==========
LR =  0.010000000000000002
Train - acc:        0.953760 loss:        0.135729
Test - acc:         0.914600 loss:        0.277444
Sparsity :          0.7500
Wdecay :        0.000500
========== Epoch 160 ==========
LR =  0.010000000000000002
Train - acc:        0.955700 loss:        0.130181
Test - acc:         0.910500 loss:        0.289279
Sparsity :          0.7500
Wdecay :        0.000500
========== Epoch 161 ==========
LR =  0.010000000000000002
Train - acc:        0.955100 loss:        0.129607
Test - acc:         0.915200 loss:        0.278121
Sparsity :          0.7500
Wdecay :        0.000500
========== Epoch 162 ==========
LR =  0.010000000000000002
Train - acc:        0.958060 loss:        0.123978
Test - acc:         0.914000 loss:        0.281485
Sparsity :          0.7500
Wdecay :        0.000500
========== Epoch 163 ==========
LR =  0.010000000000000002
Train - acc:        0.958700 loss:        0.121533
Test - acc:         0.911000 loss:        0.287469
Sparsity :          0.7500
Wdecay :        0.000500
========== Epoch 164 ==========
LR =  0.010000000000000002
Train - acc:        0.961520 loss:        0.114858
Test - acc:         0.912800 loss:        0.289481
Sparsity :          0.7500
Wdecay :        0.000500
========== Epoch 165 ==========
LR =  0.010000000000000002
Train - acc:        0.959560 loss:        0.116152
Test - acc:         0.911000 loss:        0.290665
Sparsity :          0.7500
Wdecay :        0.000500
========== Epoch 166 ==========
LR =  0.010000000000000002
Train - acc:        0.960500 loss:        0.116919
Test - acc:         0.912200 loss:        0.293865
Sparsity :          0.7500
Wdecay :        0.000500
========== Epoch 167 ==========
LR =  0.010000000000000002
Train - acc:        0.960340 loss:        0.112561
Test - acc:         0.913600 loss:        0.287498
Sparsity :          0.7500
Wdecay :        0.000500
========== Epoch 168 ==========
LR =  0.010000000000000002
Train - acc:        0.961240 loss:        0.111881
Test - acc:         0.911300 loss:        0.305866
Sparsity :          0.7500
Wdecay :        0.000500
========== Epoch 169 ==========
LR =  0.010000000000000002
Train - acc:        0.962320 loss:        0.110217
Test - acc:         0.910300 loss:        0.297257
Sparsity :          0.7500
Wdecay :        0.000500
========== Epoch 170 ==========
LR =  0.010000000000000002
Train - acc:        0.961720 loss:        0.110356
Test - acc:         0.909900 loss:        0.310326
Sparsity :          0.7500
Wdecay :        0.000500
========== Epoch 171 ==========
LR =  0.010000000000000002
Train - acc:        0.963380 loss:        0.107403
Test - acc:         0.913500 loss:        0.288223
Sparsity :          0.7500
Wdecay :        0.000500
========== Epoch 172 ==========
LR =  0.010000000000000002
Train - acc:        0.962320 loss:        0.111402
Test - acc:         0.911400 loss:        0.293107
Sparsity :          0.7500
Wdecay :        0.000500
========== Epoch 173 ==========
LR =  0.010000000000000002
Train - acc:        0.964360 loss:        0.104710
Test - acc:         0.911600 loss:        0.308911
Sparsity :          0.7500
Wdecay :        0.000500
========== Epoch 174 ==========
LR =  0.010000000000000002
Train - acc:        0.962160 loss:        0.109392
Test - acc:         0.905500 loss:        0.333892
Sparsity :          0.7500
Wdecay :        0.000500
========== Epoch 175 ==========
LR =  0.010000000000000002
Train - acc:        0.961840 loss:        0.110066
Test - acc:         0.901600 loss:        0.338552
Sparsity :          0.7500
Wdecay :        0.000500
========== Epoch 176 ==========
LR =  0.010000000000000002
Train - acc:        0.963720 loss:        0.106549
Test - acc:         0.903700 loss:        0.342346
Sparsity :          0.7500
Wdecay :        0.000500
========== Epoch 177 ==========
LR =  0.010000000000000002
Train - acc:        0.962000 loss:        0.110256
Test - acc:         0.911100 loss:        0.310845
Sparsity :          0.7500
Wdecay :        0.000500
========== Epoch 178 ==========
LR =  0.010000000000000002
Train - acc:        0.961920 loss:        0.112050
Test - acc:         0.900700 loss:        0.340385
Sparsity :          0.7500
Wdecay :        0.000500
========== Epoch 179 ==========
LR =  0.010000000000000002
Train - acc:        0.961340 loss:        0.111374
Test - acc:         0.902700 loss:        0.333994
Sparsity :          0.7500
Wdecay :        0.000500
========== Epoch 180 ==========
LR =  0.010000000000000002
Train - acc:        0.961640 loss:        0.109858
Test - acc:         0.905600 loss:        0.323607
Sparsity :          0.7500
Wdecay :        0.000500
========== Epoch 181 ==========
LR =  0.010000000000000002
Train - acc:        0.963340 loss:        0.108572
Test - acc:         0.902400 loss:        0.341662
Sparsity :          0.7500
Wdecay :        0.000500
========== Epoch 182 ==========
LR =  0.010000000000000002
Train - acc:        0.963220 loss:        0.105898
Test - acc:         0.902300 loss:        0.328155
Sparsity :          0.7500
Wdecay :        0.000500
========== Epoch 183 ==========
LR =  0.010000000000000002
Train - acc:        0.961940 loss:        0.109915
Test - acc:         0.908300 loss:        0.319454
Sparsity :          0.7500
Wdecay :        0.000500
========== Epoch 184 ==========
LR =  0.010000000000000002
Train - acc:        0.962180 loss:        0.110127
Test - acc:         0.904500 loss:        0.323024
Sparsity :          0.7500
Wdecay :        0.000500
========== Epoch 185 ==========
LR =  0.010000000000000002
Train - acc:        0.962460 loss:        0.107654
Test - acc:         0.901600 loss:        0.339619
Sparsity :          0.7500
Wdecay :        0.000500
========== Epoch 186 ==========
LR =  0.010000000000000002
Train - acc:        0.963400 loss:        0.105586
Test - acc:         0.899700 loss:        0.346475
Sparsity :          0.7500
Wdecay :        0.000500
========== Epoch 187 ==========
LR =  0.010000000000000002
Train - acc:        0.962420 loss:        0.110704
Test - acc:         0.907200 loss:        0.321847
Sparsity :          0.7500
Wdecay :        0.000500
========== Epoch 188 ==========
LR =  0.010000000000000002
Train - acc:        0.961060 loss:        0.111452
Test - acc:         0.901200 loss:        0.342258
Sparsity :          0.7500
Wdecay :        0.000500
========== Epoch 189 ==========
LR =  0.010000000000000002
Train - acc:        0.963160 loss:        0.107928
Test - acc:         0.909100 loss:        0.318320
Sparsity :          0.7500
Wdecay :        0.000500
========== Epoch 190 ==========
LR =  0.010000000000000002
Train - acc:        0.963180 loss:        0.108169
Test - acc:         0.898100 loss:        0.346931
Sparsity :          0.7500
Wdecay :        0.000500
========== Epoch 191 ==========
LR =  0.010000000000000002
Train - acc:        0.961800 loss:        0.110174
Test - acc:         0.909500 loss:        0.312475
Sparsity :          0.7500
Wdecay :        0.000500
========== Epoch 192 ==========
LR =  0.010000000000000002
Train - acc:        0.961820 loss:        0.108409
Test - acc:         0.904200 loss:        0.342046
Sparsity :          0.7500
Wdecay :        0.000500
========== Epoch 193 ==========
LR =  0.010000000000000002
Train - acc:        0.962860 loss:        0.108435
Test - acc:         0.897600 loss:        0.363611
Sparsity :          0.7500
Wdecay :        0.000500
========== Epoch 194 ==========
LR =  0.010000000000000002
Train - acc:        0.962780 loss:        0.108456
Test - acc:         0.903600 loss:        0.343470
Sparsity :          0.7500
Wdecay :        0.000500
========== Epoch 195 ==========
LR =  0.010000000000000002
Train - acc:        0.962120 loss:        0.110403
Test - acc:         0.903300 loss:        0.332362
Sparsity :          0.7500
Wdecay :        0.000500
========== Epoch 196 ==========
LR =  0.010000000000000002
Train - acc:        0.961880 loss:        0.111107
Test - acc:         0.898500 loss:        0.350026
Sparsity :          0.7500
Wdecay :        0.000500
========== Epoch 197 ==========
LR =  0.010000000000000002
Train - acc:        0.961260 loss:        0.109539
Test - acc:         0.901400 loss:        0.332308
Sparsity :          0.7500
Wdecay :        0.000500
========== Epoch 198 ==========
LR =  0.010000000000000002
Train - acc:        0.962280 loss:        0.110835
Test - acc:         0.899500 loss:        0.351687
Sparsity :          0.7500
Wdecay :        0.000500
========== Epoch 199 ==========
LR =  0.010000000000000002
Train - acc:        0.961680 loss:        0.110194
Test - acc:         0.899200 loss:        0.348125
Sparsity :          0.7500
Wdecay :        0.000500
========== Epoch 200 ==========
LR =  0.010000000000000002
Train - acc:        0.962860 loss:        0.108745
Test - acc:         0.906400 loss:        0.319652
Sparsity :          0.7500
Wdecay :        0.000500
========== Epoch 201 ==========
LR =  0.010000000000000002
Train - acc:        0.962980 loss:        0.106361
Test - acc:         0.894000 loss:        0.376061
Sparsity :          0.7500
Wdecay :        0.000500
========== Epoch 202 ==========
LR =  0.010000000000000002
Train - acc:        0.961360 loss:        0.111237
Test - acc:         0.904200 loss:        0.328550
Sparsity :          0.7500
Wdecay :        0.000500
========== Epoch 203 ==========
LR =  0.010000000000000002
Train - acc:        0.962320 loss:        0.109276
Test - acc:         0.896700 loss:        0.356683
Sparsity :          0.7500
Wdecay :        0.000500
========== Epoch 204 ==========
LR =  0.010000000000000002
Train - acc:        0.961020 loss:        0.112773
Test - acc:         0.896800 loss:        0.358609
Sparsity :          0.7500
Wdecay :        0.000500
========== Epoch 205 ==========
LR =  0.010000000000000002
Train - acc:        0.962960 loss:        0.105849
Test - acc:         0.901000 loss:        0.339828
Sparsity :          0.7500
Wdecay :        0.000500
========== Epoch 206 ==========
LR =  0.010000000000000002
Train - acc:        0.962220 loss:        0.108512
Test - acc:         0.894000 loss:        0.383795
Sparsity :          0.7500
Wdecay :        0.000500
========== Epoch 207 ==========
LR =  0.010000000000000002
Train - acc:        0.962680 loss:        0.108275
Test - acc:         0.903200 loss:        0.337406
Sparsity :          0.7500
Wdecay :        0.000500
========== Epoch 208 ==========
LR =  0.010000000000000002
Train - acc:        0.963260 loss:        0.107926
Test - acc:         0.898000 loss:        0.356325
Sparsity :          0.7500
Wdecay :        0.000500
========== Epoch 209 ==========
LR =  0.010000000000000002
Train - acc:        0.961720 loss:        0.111110
Test - acc:         0.898100 loss:        0.359263
Sparsity :          0.7500
Wdecay :        0.000500
========== Epoch 210 ==========
LR =  0.010000000000000002
Train - acc:        0.963080 loss:        0.107996
Test - acc:         0.902800 loss:        0.351909
Sparsity :          0.8750
Wdecay :        0.000500
========== Epoch 211 ==========
LR =  0.010000000000000002
Train - acc:        0.952420 loss:        0.137399
Test - acc:         0.894300 loss:        0.335990
Sparsity :          0.8750
Wdecay :        0.000500
========== Epoch 212 ==========
LR =  0.010000000000000002
Train - acc:        0.952720 loss:        0.134017
Test - acc:         0.904800 loss:        0.315882
Sparsity :          0.8750
Wdecay :        0.000500
========== Epoch 213 ==========
LR =  0.010000000000000002
Train - acc:        0.954880 loss:        0.127597
Test - acc:         0.896900 loss:        0.333853
Sparsity :          0.8750
Wdecay :        0.000500
========== Epoch 214 ==========
LR =  0.010000000000000002
Train - acc:        0.956040 loss:        0.128358
Test - acc:         0.899300 loss:        0.334748
Sparsity :          0.8750
Wdecay :        0.000500
========== Epoch 215 ==========
LR =  0.010000000000000002
Train - acc:        0.958280 loss:        0.122298
Test - acc:         0.907800 loss:        0.314096
Sparsity :          0.8750
Wdecay :        0.000500
========== Epoch 216 ==========
LR =  0.010000000000000002
Train - acc:        0.958740 loss:        0.119677
Test - acc:         0.895200 loss:        0.366034
Sparsity :          0.8750
Wdecay :        0.000500
========== Epoch 217 ==========
LR =  0.010000000000000002
Train - acc:        0.956940 loss:        0.121691
Test - acc:         0.906700 loss:        0.319190
Sparsity :          0.8750
Wdecay :        0.000500
========== Epoch 218 ==========
LR =  0.010000000000000002
Train - acc:        0.958120 loss:        0.119739
Test - acc:         0.900000 loss:        0.337150
Sparsity :          0.8750
Wdecay :        0.000500
========== Epoch 219 ==========
LR =  0.010000000000000002
Train - acc:        0.958640 loss:        0.119901
Test - acc:         0.909900 loss:        0.314293
Sparsity :          0.8750
Wdecay :        0.000500
========== Epoch 220 ==========
LR =  0.010000000000000002
Train - acc:        0.958820 loss:        0.118804
Test - acc:         0.895000 loss:        0.360710
Sparsity :          0.8750
Wdecay :        0.000500
========== Epoch 221 ==========
LR =  0.010000000000000002
Train - acc:        0.959220 loss:        0.115791
Test - acc:         0.904500 loss:        0.331472
Sparsity :          0.8750
Wdecay :        0.000500
========== Epoch 222 ==========
LR =  0.010000000000000002
Train - acc:        0.959220 loss:        0.119802
Test - acc:         0.904400 loss:        0.326433
Sparsity :          0.8750
Wdecay :        0.000500
========== Epoch 223 ==========
LR =  0.010000000000000002
Train - acc:        0.958820 loss:        0.119906
Test - acc:         0.902800 loss:        0.317199
Sparsity :          0.8750
Wdecay :        0.000500
========== Epoch 224 ==========
LR =  0.010000000000000002
Train - acc:        0.960420 loss:        0.116337
Test - acc:         0.895200 loss:        0.348476
Sparsity :          0.8750
Wdecay :        0.000500
========== Epoch 225 ==========
LR =  0.010000000000000002
Train - acc:        0.961520 loss:        0.113151
Test - acc:         0.905300 loss:        0.315795
Sparsity :          0.8750
Wdecay :        0.000500
========== Epoch 226 ==========
LR =  0.010000000000000002
Train - acc:        0.959060 loss:        0.115715
Test - acc:         0.900200 loss:        0.354877
Sparsity :          0.8750
Wdecay :        0.000500
========== Epoch 227 ==========
LR =  0.010000000000000002
Train - acc:        0.957640 loss:        0.120669
Test - acc:         0.880700 loss:        0.444934
Sparsity :          0.8750
Wdecay :        0.000500
========== Epoch 228 ==========
LR =  0.010000000000000002
Train - acc:        0.959900 loss:        0.114478
Test - acc:         0.907800 loss:        0.319742
Sparsity :          0.8750
Wdecay :        0.000500
========== Epoch 229 ==========
LR =  0.010000000000000002
Train - acc:        0.959960 loss:        0.113572
Test - acc:         0.900500 loss:        0.330835
Sparsity :          0.8750
Wdecay :        0.000500
========== Epoch 230 ==========
LR =  0.010000000000000002
Train - acc:        0.960020 loss:        0.115678
Test - acc:         0.909800 loss:        0.314941
Sparsity :          0.8750
Wdecay :        0.000500
========== Epoch 231 ==========
LR =  0.010000000000000002
Train - acc:        0.959660 loss:        0.116656
Test - acc:         0.902300 loss:        0.348091
Sparsity :          0.8750
Wdecay :        0.000500
========== Epoch 232 ==========
LR =  0.010000000000000002
Train - acc:        0.958360 loss:        0.116844
Test - acc:         0.906100 loss:        0.314588
Sparsity :          0.8750
Wdecay :        0.000500
========== Epoch 233 ==========
LR =  0.010000000000000002
Train - acc:        0.959300 loss:        0.117543
Test - acc:         0.893600 loss:        0.361111
Sparsity :          0.8750
Wdecay :        0.000500
========== Epoch 234 ==========
LR =  0.010000000000000002
Train - acc:        0.959120 loss:        0.114567
Test - acc:         0.905800 loss:        0.317744
Sparsity :          0.8750
Wdecay :        0.000500
========== Epoch 235 ==========
LR =  0.010000000000000002
Train - acc:        0.960160 loss:        0.114202
Test - acc:         0.906000 loss:        0.326062
Sparsity :          0.8750
Wdecay :        0.000500
========== Epoch 236 ==========
LR =  0.010000000000000002
Train - acc:        0.961400 loss:        0.111899
Test - acc:         0.900200 loss:        0.337365
Sparsity :          0.8750
Wdecay :        0.000500
========== Epoch 237 ==========
LR =  0.010000000000000002
Train - acc:        0.960460 loss:        0.115109
Test - acc:         0.898200 loss:        0.351847
Sparsity :          0.8750
Wdecay :        0.000500
========== Epoch 238 ==========
LR =  0.010000000000000002
Train - acc:        0.961120 loss:        0.111776
Test - acc:         0.901400 loss:        0.336450
Sparsity :          0.8750
Wdecay :        0.000500
========== Epoch 239 ==========
LR =  0.010000000000000002
Train - acc:        0.960200 loss:        0.115405
Test - acc:         0.904400 loss:        0.327266
Sparsity :          0.8750
Wdecay :        0.000500
========== Epoch 240 ==========
LR =  0.010000000000000002
Train - acc:        0.960940 loss:        0.114262
Test - acc:         0.892600 loss:        0.387502
Sparsity :          0.8750
Wdecay :        0.000500
========== Epoch 241 ==========
LR =  0.010000000000000002
Train - acc:        0.962060 loss:        0.110902
Test - acc:         0.905200 loss:        0.335384
Sparsity :          0.8750
Wdecay :        0.000500
========== Epoch 242 ==========
LR =  0.010000000000000002
Train - acc:        0.959480 loss:        0.115189
Test - acc:         0.895100 loss:        0.367710
Sparsity :          0.8750
Wdecay :        0.000500
========== Epoch 243 ==========
LR =  0.010000000000000002
Train - acc:        0.961060 loss:        0.111305
Test - acc:         0.896800 loss:        0.351838
Sparsity :          0.8750
Wdecay :        0.000500
========== Epoch 244 ==========
LR =  0.010000000000000002
Train - acc:        0.961020 loss:        0.112410
Test - acc:         0.908900 loss:        0.316562
Sparsity :          0.8750
Wdecay :        0.000500
========== Epoch 245 ==========
LR =  0.010000000000000002
Train - acc:        0.960400 loss:        0.112102
Test - acc:         0.906600 loss:        0.331364
Sparsity :          0.8750
Wdecay :        0.000500
========== Epoch 246 ==========
LR =  0.010000000000000002
Train - acc:        0.961660 loss:        0.111476
Test - acc:         0.898700 loss:        0.357403
Sparsity :          0.8750
Wdecay :        0.000500
========== Epoch 247 ==========
LR =  0.010000000000000002
Train - acc:        0.961500 loss:        0.110337
Test - acc:         0.899300 loss:        0.350817
Sparsity :          0.8750
Wdecay :        0.000500
========== Epoch 248 ==========
LR =  0.010000000000000002
Train - acc:        0.960460 loss:        0.111896
Test - acc:         0.899500 loss:        0.338767
Sparsity :          0.8750
Wdecay :        0.000500
========== Epoch 249 ==========
LR =  0.010000000000000002
Train - acc:        0.959780 loss:        0.116173
Test - acc:         0.897700 loss:        0.365479
Sparsity :          0.8750
Wdecay :        0.000500
========== Epoch 250 ==========
LR =  0.0010000000000000002
Train - acc:        0.961640 loss:        0.108539
Test - acc:         0.896900 loss:        0.368081
Sparsity :          0.8750
Wdecay :        0.000500
========== Epoch 251 ==========
LR =  0.0010000000000000002
Train - acc:        0.975260 loss:        0.073221
Test - acc:         0.917600 loss:        0.288276
Sparsity :          0.8750
Wdecay :        0.000500
========== Epoch 252 ==========
LR =  0.0010000000000000002
Train - acc:        0.980840 loss:        0.056500
Test - acc:         0.918100 loss:        0.288154
Sparsity :          0.8750
Wdecay :        0.000500
========== Epoch 253 ==========
LR =  0.0010000000000000002
Train - acc:        0.984400 loss:        0.049198
Test - acc:         0.918900 loss:        0.292937
Sparsity :          0.8750
Wdecay :        0.000500
========== Epoch 254 ==========
LR =  0.0010000000000000002
Train - acc:        0.984820 loss:        0.046995
Test - acc:         0.919700 loss:        0.293970
Sparsity :          0.8750
Wdecay :        0.000500
========== Epoch 255 ==========
LR =  0.0010000000000000002
Train - acc:        0.986160 loss:        0.042069
Test - acc:         0.920600 loss:        0.298671
Sparsity :          0.8750
Wdecay :        0.000500
========== Epoch 256 ==========
LR =  0.0010000000000000002
Train - acc:        0.986760 loss:        0.041057
Test - acc:         0.920800 loss:        0.297928
Sparsity :          0.8750
Wdecay :        0.000500
========== Epoch 257 ==========
LR =  0.0010000000000000002
Train - acc:        0.988560 loss:        0.036701
Test - acc:         0.920000 loss:        0.304474
Sparsity :          0.8750
Wdecay :        0.000500
========== Epoch 258 ==========
LR =  0.0010000000000000002
Train - acc:        0.987600 loss:        0.037458
Test - acc:         0.919300 loss:        0.305050
Sparsity :          0.8750
Wdecay :        0.000500
========== Epoch 259 ==========
LR =  0.0010000000000000002
Train - acc:        0.988360 loss:        0.034610
Test - acc:         0.920400 loss:        0.308686
Sparsity :          0.8750
Wdecay :        0.000500
========== Epoch 260 ==========
LR =  0.0010000000000000002
Train - acc:        0.989360 loss:        0.033321
Test - acc:         0.923200 loss:        0.309385
Sparsity :          0.8750
Wdecay :        0.000500
========== Epoch 261 ==========
LR =  0.0010000000000000002
Train - acc:        0.989340 loss:        0.031574
Test - acc:         0.920600 loss:        0.312193
Sparsity :          0.8750
Wdecay :        0.000500
========== Epoch 262 ==========
LR =  0.0010000000000000002
Train - acc:        0.990380 loss:        0.030328
Test - acc:         0.921100 loss:        0.312503
Sparsity :          0.8750
Wdecay :        0.000500
========== Epoch 263 ==========
LR =  0.0010000000000000002
Train - acc:        0.990440 loss:        0.030222
Test - acc:         0.921400 loss:        0.314547
Sparsity :          0.8750
Wdecay :        0.000500
========== Epoch 264 ==========
LR =  0.0010000000000000002
Train - acc:        0.990500 loss:        0.029549
Test - acc:         0.922100 loss:        0.317450
Sparsity :          0.8750
Wdecay :        0.000500
========== Epoch 265 ==========
LR =  0.0010000000000000002
Train - acc:        0.991060 loss:        0.027548
Test - acc:         0.921700 loss:        0.316796
Sparsity :          0.8750
Wdecay :        0.000500
========== Epoch 266 ==========
LR =  0.0010000000000000002
Train - acc:        0.990480 loss:        0.029031
Test - acc:         0.921700 loss:        0.318422
Sparsity :          0.8750
Wdecay :        0.000500
========== Epoch 267 ==========
LR =  0.0010000000000000002
Train - acc:        0.991580 loss:        0.026826
Test - acc:         0.921100 loss:        0.318805
Sparsity :          0.8750
Wdecay :        0.000500
========== Epoch 268 ==========
LR =  0.0010000000000000002
Train - acc:        0.992040 loss:        0.026720
Test - acc:         0.921000 loss:        0.323771
Sparsity :          0.8750
Wdecay :        0.000500
========== Epoch 269 ==========
LR =  0.0010000000000000002
Train - acc:        0.992300 loss:        0.025132
Test - acc:         0.922600 loss:        0.322451
Sparsity :          0.8750
Wdecay :        0.000500
========== Epoch 270 ==========
LR =  0.0010000000000000002
Train - acc:        0.991560 loss:        0.025640
Test - acc:         0.923000 loss:        0.324595
Sparsity :          0.8750
Wdecay :        0.000500
========== Epoch 271 ==========
LR =  0.0010000000000000002
Train - acc:        0.992160 loss:        0.024677
Test - acc:         0.924600 loss:        0.322822
Sparsity :          0.8750
Wdecay :        0.000500
========== Epoch 272 ==========
LR =  0.0010000000000000002
Train - acc:        0.992840 loss:        0.023246
Test - acc:         0.923000 loss:        0.328917
Sparsity :          0.8750
Wdecay :        0.000500
========== Epoch 273 ==========
LR =  0.0010000000000000002
Train - acc:        0.992240 loss:        0.023844
Test - acc:         0.921800 loss:        0.332517
Sparsity :          0.8750
Wdecay :        0.000500
========== Epoch 274 ==========
LR =  0.0010000000000000002
Train - acc:        0.993060 loss:        0.021471
Test - acc:         0.922200 loss:        0.336004
Sparsity :          0.8750
Wdecay :        0.000500
========== Epoch 275 ==========
LR =  0.0010000000000000002
Train - acc:        0.993180 loss:        0.022195
Test - acc:         0.923800 loss:        0.331558
Sparsity :          0.8750
Wdecay :        0.000500
========== Epoch 276 ==========
LR =  0.0010000000000000002
Train - acc:        0.993100 loss:        0.021405
Test - acc:         0.924000 loss:        0.333941
Sparsity :          0.8750
Wdecay :        0.000500
========== Epoch 277 ==========
LR =  0.0010000000000000002
Train - acc:        0.994160 loss:        0.020239
Test - acc:         0.923900 loss:        0.334171
Sparsity :          0.8750
Wdecay :        0.000500
========== Epoch 278 ==========
LR =  0.0010000000000000002
Train - acc:        0.993260 loss:        0.020957
Test - acc:         0.921700 loss:        0.334645
Sparsity :          0.8750
Wdecay :        0.000500
========== Epoch 279 ==========
LR =  0.0010000000000000002
Train - acc:        0.994200 loss:        0.018742
Test - acc:         0.920900 loss:        0.341386
Sparsity :          0.8750
Wdecay :        0.000500
========== Epoch 280 ==========
LR =  0.0010000000000000002
Train - acc:        0.993900 loss:        0.020731
Test - acc:         0.921000 loss:        0.335789
Sparsity :          0.9375
Wdecay :        0.000500
========== Epoch 281 ==========
LR =  0.0010000000000000002
Train - acc:        0.974240 loss:        0.074600
Test - acc:         0.917200 loss:        0.319150
Sparsity :          0.9375
Wdecay :        0.000500
========== Epoch 282 ==========
LR =  0.0010000000000000002
Train - acc:        0.979120 loss:        0.061737
Test - acc:         0.918000 loss:        0.313605
Sparsity :          0.9375
Wdecay :        0.000500
========== Epoch 283 ==========
LR =  0.0010000000000000002
Train - acc:        0.980220 loss:        0.057465
Test - acc:         0.919300 loss:        0.318097
Sparsity :          0.9375
Wdecay :        0.000500
========== Epoch 284 ==========
LR =  0.0010000000000000002
Train - acc:        0.980680 loss:        0.055796
Test - acc:         0.917900 loss:        0.314025
Sparsity :          0.9375
Wdecay :        0.000500
========== Epoch 285 ==========
LR =  0.0010000000000000002
Train - acc:        0.982860 loss:        0.051169
Test - acc:         0.917800 loss:        0.325531
Sparsity :          0.9375
Wdecay :        0.000500
========== Epoch 286 ==========
LR =  0.0010000000000000002
Train - acc:        0.983220 loss:        0.048797
Test - acc:         0.920000 loss:        0.315919
Sparsity :          0.9375
Wdecay :        0.000500
========== Epoch 287 ==========
LR =  0.0010000000000000002
Train - acc:        0.983520 loss:        0.047765
Test - acc:         0.918700 loss:        0.323528
Sparsity :          0.9375
Wdecay :        0.000500
========== Epoch 288 ==========
LR =  0.0010000000000000002
Train - acc:        0.985060 loss:        0.045089
Test - acc:         0.917100 loss:        0.320819
Sparsity :          0.9375
Wdecay :        0.000500
========== Epoch 289 ==========
LR =  0.0010000000000000002
Train - acc:        0.985980 loss:        0.043907
Test - acc:         0.918200 loss:        0.325293
Sparsity :          0.9375
Wdecay :        0.000500
========== Epoch 290 ==========
LR =  0.0010000000000000002
Train - acc:        0.984720 loss:        0.044760
Test - acc:         0.918500 loss:        0.325070
Sparsity :          0.9375
Wdecay :        0.000500
========== Epoch 291 ==========
LR =  0.0010000000000000002
Train - acc:        0.986080 loss:        0.041739
Test - acc:         0.918300 loss:        0.330243
Sparsity :          0.9375
Wdecay :        0.000500
========== Epoch 292 ==========
LR =  0.0010000000000000002
Train - acc:        0.984760 loss:        0.044710
Test - acc:         0.917300 loss:        0.333679
Sparsity :          0.9375
Wdecay :        0.000500
========== Epoch 293 ==========
LR =  0.0010000000000000002
Train - acc:        0.985420 loss:        0.040090
Test - acc:         0.919200 loss:        0.329136
Sparsity :          0.9375
Wdecay :        0.000500
========== Epoch 294 ==========
LR =  0.0010000000000000002
Train - acc:        0.985780 loss:        0.041160
Test - acc:         0.918800 loss:        0.330825
Sparsity :          0.9375
Wdecay :        0.000500
========== Epoch 295 ==========
LR =  0.0010000000000000002
Train - acc:        0.985980 loss:        0.040035
Test - acc:         0.918900 loss:        0.330281
Sparsity :          0.9375
Wdecay :        0.000500
========== Epoch 296 ==========
LR =  0.0010000000000000002
Train - acc:        0.986520 loss:        0.037771
Test - acc:         0.920800 loss:        0.336331
Sparsity :          0.9375
Wdecay :        0.000500
========== Epoch 297 ==========
LR =  0.0010000000000000002
Train - acc:        0.986760 loss:        0.038485
Test - acc:         0.917900 loss:        0.338209
Sparsity :          0.9375
Wdecay :        0.000500
========== Epoch 298 ==========
LR =  0.0010000000000000002
Train - acc:        0.987320 loss:        0.038234
Test - acc:         0.919200 loss:        0.333136
Sparsity :          0.9375
Wdecay :        0.000500
========== Epoch 299 ==========
LR =  0.0010000000000000002
Train - acc:        0.988540 loss:        0.035030
Test - acc:         0.918300 loss:        0.336915
Sparsity :          0.9375
Wdecay :        0.000500
========== Epoch 300 ==========
LR =  0.0010000000000000002
Train - acc:        0.988740 loss:        0.034902
Test - acc:         0.919400 loss:        0.335136
Sparsity :          0.9375
Wdecay :        0.000500
========== Epoch 301 ==========
LR =  0.0010000000000000002
Train - acc:        0.987360 loss:        0.037118
Test - acc:         0.920100 loss:        0.336593
Sparsity :          0.9375
Wdecay :        0.000500
========== Epoch 302 ==========
LR =  0.0010000000000000002
Train - acc:        0.988100 loss:        0.035356
Test - acc:         0.917900 loss:        0.336219
Sparsity :          0.9375
Wdecay :        0.000500
========== Epoch 303 ==========
LR =  0.0010000000000000002
Train - acc:        0.988820 loss:        0.033984
Test - acc:         0.920600 loss:        0.334110
Sparsity :          0.9375
Wdecay :        0.000500
========== Epoch 304 ==========
LR =  0.0010000000000000002
Train - acc:        0.988860 loss:        0.033237
Test - acc:         0.918000 loss:        0.343010
Sparsity :          0.9375
Wdecay :        0.000500
========== Epoch 305 ==========
LR =  0.0010000000000000002
Train - acc:        0.988820 loss:        0.033192
Test - acc:         0.918600 loss:        0.345909
Sparsity :          0.9375
Wdecay :        0.000500
========== Epoch 306 ==========
LR =  0.0010000000000000002
Train - acc:        0.988540 loss:        0.034616
Test - acc:         0.921200 loss:        0.341849
Sparsity :          0.9375
Wdecay :        0.000500
========== Epoch 307 ==========
LR =  0.0010000000000000002
Train - acc:        0.989360 loss:        0.032218
Test - acc:         0.919400 loss:        0.347062
Sparsity :          0.9375
Wdecay :        0.000500
========== Epoch 308 ==========
LR =  0.0010000000000000002
Train - acc:        0.989180 loss:        0.032832
Test - acc:         0.920800 loss:        0.345307
Sparsity :          0.9375
Wdecay :        0.000500
========== Epoch 309 ==========
LR =  0.0010000000000000002
Train - acc:        0.989120 loss:        0.033800
Test - acc:         0.918800 loss:        0.347112
Sparsity :          0.9375
Wdecay :        0.000500
========== Epoch 310 ==========
LR =  0.0010000000000000002
Train - acc:        0.988860 loss:        0.031684
Test - acc:         0.919000 loss:        0.342065
Sparsity :          0.9375
Wdecay :        0.000500
========== Epoch 311 ==========
LR =  0.0010000000000000002
Train - acc:        0.989740 loss:        0.030988
Test - acc:         0.917500 loss:        0.350779
Sparsity :          0.9375
Wdecay :        0.000500
========== Epoch 312 ==========
LR =  0.0010000000000000002
Train - acc:        0.990480 loss:        0.029730
Test - acc:         0.919700 loss:        0.348700
Sparsity :          0.9375
Wdecay :        0.000500
========== Epoch 313 ==========
LR =  0.0010000000000000002
Train - acc:        0.990040 loss:        0.029695
Test - acc:         0.919100 loss:        0.346243
Sparsity :          0.9375
Wdecay :        0.000500
========== Epoch 314 ==========
LR =  0.0010000000000000002
Train - acc:        0.990400 loss:        0.028904
Test - acc:         0.919800 loss:        0.352290
Sparsity :          0.9375
Wdecay :        0.000500
========== Epoch 315 ==========
LR =  0.0010000000000000002
Train - acc:        0.990220 loss:        0.029375
Test - acc:         0.919200 loss:        0.351256
Sparsity :          0.9375
Wdecay :        0.000500
========== Epoch 316 ==========
LR =  0.0010000000000000002
Train - acc:        0.989940 loss:        0.030156
Test - acc:         0.918000 loss:        0.355753
Sparsity :          0.9375
Wdecay :        0.000500
========== Epoch 317 ==========
LR =  0.0010000000000000002
Train - acc:        0.990080 loss:        0.028995
Test - acc:         0.918500 loss:        0.351590
Sparsity :          0.9375
Wdecay :        0.000500
========== Epoch 318 ==========
LR =  0.0010000000000000002
Train - acc:        0.990000 loss:        0.029035
Test - acc:         0.919200 loss:        0.357620
Sparsity :          0.9375
Wdecay :        0.000500
========== Epoch 319 ==========
LR =  0.0010000000000000002
Train - acc:        0.991200 loss:        0.027384
Test - acc:         0.919200 loss:        0.361455
Sparsity :          0.9375
Wdecay :        0.000500
========== Epoch 320 ==========
LR =  0.0010000000000000002
Train - acc:        0.990380 loss:        0.028989
Test - acc:         0.920000 loss:        0.357738
Sparsity :          0.9375
Wdecay :        0.000500
========== Epoch 321 ==========
LR =  0.0010000000000000002
Train - acc:        0.990220 loss:        0.029126
Test - acc:         0.916800 loss:        0.363015
Sparsity :          0.9375
Wdecay :        0.000500
========== Epoch 322 ==========
LR =  0.0010000000000000002
Train - acc:        0.990240 loss:        0.029049
Test - acc:         0.918600 loss:        0.360194
Sparsity :          0.9375
Wdecay :        0.000500
========== Epoch 323 ==========
LR =  0.0010000000000000002
Train - acc:        0.990360 loss:        0.028372
Test - acc:         0.918500 loss:        0.354195
Sparsity :          0.9375
Wdecay :        0.000500
========== Epoch 324 ==========
LR =  0.0010000000000000002
Train - acc:        0.991540 loss:        0.026290
Test - acc:         0.918800 loss:        0.358742
Sparsity :          0.9375
Wdecay :        0.000500
========== Epoch 325 ==========
LR =  0.0010000000000000002
Train - acc:        0.991540 loss:        0.026231
Test - acc:         0.920600 loss:        0.355227
Sparsity :          0.9375
Wdecay :        0.000500
========== Epoch 326 ==========
LR =  0.0010000000000000002
Train - acc:        0.991200 loss:        0.027365
Test - acc:         0.919800 loss:        0.364537
Sparsity :          0.9375
Wdecay :        0.000500
========== Epoch 327 ==========
LR =  0.0010000000000000002
Train - acc:        0.990940 loss:        0.027259
Test - acc:         0.921000 loss:        0.359223
Sparsity :          0.9375
Wdecay :        0.000500
========== Epoch 328 ==========
LR =  0.0010000000000000002
Train - acc:        0.991020 loss:        0.025772
Test - acc:         0.919100 loss:        0.359841
Sparsity :          0.9375
Wdecay :        0.000500
========== Epoch 329 ==========
LR =  0.0010000000000000002
Train - acc:        0.991440 loss:        0.025894
Test - acc:         0.918700 loss:        0.364988
Sparsity :          0.9375
Wdecay :        0.000500
========== Epoch 330 ==========
LR =  0.0010000000000000002
Train - acc:        0.990660 loss:        0.027266
Test - acc:         0.919500 loss:        0.357810
Sparsity :          0.9375
Wdecay :        0.000500
========== Epoch 331 ==========
LR =  0.0010000000000000002
Train - acc:        0.991300 loss:        0.026728
Test - acc:         0.918700 loss:        0.359291
Sparsity :          0.9375
Wdecay :        0.000500
========== Epoch 332 ==========
LR =  0.0010000000000000002
Train - acc:        0.992140 loss:        0.024093
Test - acc:         0.917800 loss:        0.372166
Sparsity :          0.9375
Wdecay :        0.000500
========== Epoch 333 ==========
LR =  0.0010000000000000002
Train - acc:        0.992260 loss:        0.025196
Test - acc:         0.920300 loss:        0.365211
Sparsity :          0.9375
Wdecay :        0.000500
========== Epoch 334 ==========
LR =  0.0010000000000000002
Train - acc:        0.990400 loss:        0.028040
Test - acc:         0.918200 loss:        0.363624
Sparsity :          0.9375
Wdecay :        0.000500
========== Epoch 335 ==========
LR =  0.0010000000000000002
Train - acc:        0.991560 loss:        0.025518
Test - acc:         0.919700 loss:        0.358868
Sparsity :          0.9375
Wdecay :        0.000500
========== Epoch 336 ==========
LR =  0.0010000000000000002
Train - acc:        0.991900 loss:        0.024440
Test - acc:         0.918300 loss:        0.361982
Sparsity :          0.9375
Wdecay :        0.000500
========== Epoch 337 ==========
LR =  0.0010000000000000002
Train - acc:        0.991360 loss:        0.026140
Test - acc:         0.921600 loss:        0.357309
Sparsity :          0.9375
Wdecay :        0.000500
========== Epoch 338 ==========
LR =  0.0010000000000000002
Train - acc:        0.992280 loss:        0.023643
Test - acc:         0.918700 loss:        0.363296
Sparsity :          0.9375
Wdecay :        0.000500
========== Epoch 339 ==========
LR =  0.0010000000000000002
Train - acc:        0.992600 loss:        0.023815
Test - acc:         0.919900 loss:        0.365299
Sparsity :          0.9375
Wdecay :        0.000500
========== Epoch 340 ==========
LR =  0.0010000000000000002
Train - acc:        0.991960 loss:        0.023740
Test - acc:         0.916600 loss:        0.376831
Sparsity :          0.9375
Wdecay :        0.000500
========== Epoch 341 ==========
LR =  0.0010000000000000002
Train - acc:        0.991860 loss:        0.024129
Test - acc:         0.919700 loss:        0.371165
Sparsity :          0.9375
Wdecay :        0.000500
========== Epoch 342 ==========
LR =  0.0010000000000000002
Train - acc:        0.992340 loss:        0.023406
Test - acc:         0.919600 loss:        0.370803
Sparsity :          0.9375
Wdecay :        0.000500
========== Epoch 343 ==========
LR =  0.0010000000000000002
Train - acc:        0.992180 loss:        0.023166
Test - acc:         0.919700 loss:        0.367715
Sparsity :          0.9375
Wdecay :        0.000500
========== Epoch 344 ==========
LR =  0.0010000000000000002
Train - acc:        0.992460 loss:        0.022728
Test - acc:         0.921100 loss:        0.370349
Sparsity :          0.9375
Wdecay :        0.000500
========== Epoch 345 ==========
LR =  0.0010000000000000002
Train - acc:        0.991500 loss:        0.024583
Test - acc:         0.920400 loss:        0.367571
Sparsity :          0.9375
Wdecay :        0.000500
========== Epoch 346 ==========
LR =  0.0010000000000000002
Train - acc:        0.992060 loss:        0.024009
Test - acc:         0.920500 loss:        0.373023
Sparsity :          0.9375
Wdecay :        0.000500
========== Epoch 347 ==========
LR =  0.0010000000000000002
Train - acc:        0.992560 loss:        0.022998
Test - acc:         0.921100 loss:        0.364090
Sparsity :          0.9375
Wdecay :        0.000500
========== Epoch 348 ==========
LR =  0.0010000000000000002
Train - acc:        0.992100 loss:        0.024237
Test - acc:         0.917900 loss:        0.371162
Sparsity :          0.9375
Wdecay :        0.000500
========== Epoch 349 ==========
LR =  0.0010000000000000002
Train - acc:        0.992280 loss:        0.023105
Test - acc:         0.919000 loss:        0.368800
Sparsity :          0.9375
Wdecay :        0.000500
========== Epoch 350 ==========
LR =  0.0010000000000000002
Train - acc:        0.992560 loss:        0.022746
Test - acc:         0.919300 loss:        0.372257
Sparsity :          0.9375
Wdecay :        0.000500
