Running --prune_criterion magnitude --seed 43 --prune_freq 50 --prune_rate 0.5 --comment=vgg19_crit=magnitude_pf=50_seed=43 --save_model=pre-finetune/vgg19_magnitude_pf50_s43
******************************
Running
{
    "model": "vgg19",
    "dataset": "cifar10",
    "batch_size": 128,
    "test_batch_size": 2000,
    "epochs": 350,
    "lr": 0.1,
    "device": "cuda",
    "seed": 43,
    "prune_criterion": "magnitude",
    "prune_freq": 50,
    "prune_rate": 0.5,
    "sensitivity": 0,
    "flip_threshold": 1,
    "stop_pruning_at": -1,
    "prune_bias": false,
    "use_ema_flips": false,
    "beta_ema_flips": null,
    "reset_flip_cts": false,
    "normalize_magnitudes": false,
    "logdir": "criterion_experiment_no_bias/vgg19",
    "opt": "sgd",
    "momentum": 0.9,
    "use_scheduler": true,
    "milestones": [
        150,
        250
    ],
    "reg_type": "wdecay",
    "lambda": 0.0005,
    "anneal_lambda": false,
    "anneal_lr": false,
    "add_noise": false,
    "scale_noise_by_lr": false,
    "stop_noise_at": -1,
    "noise_only_prunable": false,
    "noise_scale_factor": 1,
    "snip_sparsity": 0.0,
    "beta_ema": 0.999,
    "lambas": [
        1.0,
        1.0,
        1.0,
        1.0
    ],
    "local_rep": false,
    "temperature": 0.6666666666666666,
    "save_model": "pre-finetune/vgg19_magnitude_pf50_s43",
    "load_model": null,
    "parallel": false
}
******************************
Files already downloaded and verified
Files already downloaded and verified
Total prunable params of model: 20024000
Model has 20040522 total params.
num_weights=20029504
num_biases=11018
---Biases omitted from pruning---
========== Epoch 1 ==========
LR =  0.1
Train - acc:        0.105300 loss:        2.601138
Test - acc:         0.109400 loss:        2.297950
Sparsity :          0.0000
Wdecay :        0.000500
========== Epoch 2 ==========
LR =  0.1
Train - acc:        0.109500 loss:        2.296811
Test - acc:         0.121000 loss:        2.290626
Sparsity :          0.0000
Wdecay :        0.000500
========== Epoch 3 ==========
LR =  0.1
Train - acc:        0.135060 loss:        2.237199
Test - acc:         0.195300 loss:        2.051474
Sparsity :          0.0000
Wdecay :        0.000500
========== Epoch 4 ==========
LR =  0.1
Train - acc:        0.236160 loss:        1.912667
Test - acc:         0.262600 loss:        1.785715
Sparsity :          0.0000
Wdecay :        0.000500
========== Epoch 5 ==========
LR =  0.1
Train - acc:        0.333360 loss:        1.685028
Test - acc:         0.349500 loss:        1.665372
Sparsity :          0.0000
Wdecay :        0.000500
========== Epoch 6 ==========
LR =  0.1
Train - acc:        0.444340 loss:        1.475077
Test - acc:         0.474900 loss:        1.444693
Sparsity :          0.0000
Wdecay :        0.000500
========== Epoch 7 ==========
LR =  0.1
Train - acc:        0.547480 loss:        1.252955
Test - acc:         0.515300 loss:        1.357213
Sparsity :          0.0000
Wdecay :        0.000500
========== Epoch 8 ==========
LR =  0.1
Train - acc:        0.628240 loss:        1.060720
Test - acc:         0.621900 loss:        1.115540
Sparsity :          0.0000
Wdecay :        0.000500
========== Epoch 9 ==========
LR =  0.1
Train - acc:        0.682960 loss:        0.919136
Test - acc:         0.642600 loss:        1.043907
Sparsity :          0.0000
Wdecay :        0.000500
========== Epoch 10 ==========
LR =  0.1
Train - acc:        0.722260 loss:        0.830122
Test - acc:         0.668000 loss:        1.003053
Sparsity :          0.0000
Wdecay :        0.000500
========== Epoch 11 ==========
LR =  0.1
Train - acc:        0.744180 loss:        0.775274
Test - acc:         0.625800 loss:        1.237646
Sparsity :          0.0000
Wdecay :        0.000500
========== Epoch 12 ==========
LR =  0.1
Train - acc:        0.763340 loss:        0.715959
Test - acc:         0.698600 loss:        0.897794
Sparsity :          0.0000
Wdecay :        0.000500
========== Epoch 13 ==========
LR =  0.1
Train - acc:        0.772800 loss:        0.692598
Test - acc:         0.643300 loss:        1.246807
Sparsity :          0.0000
Wdecay :        0.000500
========== Epoch 14 ==========
LR =  0.1
Train - acc:        0.783280 loss:        0.663185
Test - acc:         0.740300 loss:        0.836798
Sparsity :          0.0000
Wdecay :        0.000500
========== Epoch 15 ==========
LR =  0.1
Train - acc:        0.791500 loss:        0.640620
Test - acc:         0.727400 loss:        0.895406
Sparsity :          0.0000
Wdecay :        0.000500
========== Epoch 16 ==========
LR =  0.1
Train - acc:        0.793680 loss:        0.635948
Test - acc:         0.722900 loss:        0.857718
Sparsity :          0.0000
Wdecay :        0.000500
========== Epoch 17 ==========
LR =  0.1
Train - acc:        0.801200 loss:        0.611050
Test - acc:         0.686800 loss:        1.000325
Sparsity :          0.0000
Wdecay :        0.000500
========== Epoch 18 ==========
LR =  0.1
Train - acc:        0.803660 loss:        0.604088
Test - acc:         0.787200 loss:        0.699029
Sparsity :          0.0000
Wdecay :        0.000500
========== Epoch 19 ==========
LR =  0.1
Train - acc:        0.808180 loss:        0.589044
Test - acc:         0.729800 loss:        0.866465
Sparsity :          0.0000
Wdecay :        0.000500
========== Epoch 20 ==========
LR =  0.1
Train - acc:        0.818440 loss:        0.569596
Test - acc:         0.746700 loss:        0.787903
Sparsity :          0.0000
Wdecay :        0.000500
========== Epoch 21 ==========
LR =  0.1
Train - acc:        0.817640 loss:        0.565120
Test - acc:         0.740400 loss:        0.878687
Sparsity :          0.0000
Wdecay :        0.000500
========== Epoch 22 ==========
LR =  0.1
Train - acc:        0.818520 loss:        0.559278
Test - acc:         0.729600 loss:        0.940122
Sparsity :          0.0000
Wdecay :        0.000500
========== Epoch 23 ==========
LR =  0.1
Train - acc:        0.825000 loss:        0.546039
Test - acc:         0.771700 loss:        0.706058
Sparsity :          0.0000
Wdecay :        0.000500
========== Epoch 24 ==========
LR =  0.1
Train - acc:        0.829120 loss:        0.535224
Test - acc:         0.712800 loss:        0.952716
Sparsity :          0.0000
Wdecay :        0.000500
========== Epoch 25 ==========
LR =  0.1
Train - acc:        0.826080 loss:        0.540991
Test - acc:         0.765300 loss:        0.804311
Sparsity :          0.0000
Wdecay :        0.000500
========== Epoch 26 ==========
LR =  0.1
Train - acc:        0.829180 loss:        0.530004
Test - acc:         0.777800 loss:        0.723334
Sparsity :          0.0000
Wdecay :        0.000500
========== Epoch 27 ==========
LR =  0.1
Train - acc:        0.834860 loss:        0.515444
Test - acc:         0.759500 loss:        0.789311
Sparsity :          0.0000
Wdecay :        0.000500
========== Epoch 28 ==========
LR =  0.1
Train - acc:        0.833080 loss:        0.519963
Test - acc:         0.705800 loss:        1.057780
Sparsity :          0.0000
Wdecay :        0.000500
========== Epoch 29 ==========
LR =  0.1
Train - acc:        0.838420 loss:        0.500873
Test - acc:         0.757500 loss:        0.824629
Sparsity :          0.0000
Wdecay :        0.000500
========== Epoch 30 ==========
LR =  0.1
Train - acc:        0.839660 loss:        0.498996
Test - acc:         0.768500 loss:        0.803411
Sparsity :          0.0000
Wdecay :        0.000500
========== Epoch 31 ==========
LR =  0.1
Train - acc:        0.840520 loss:        0.494644
Test - acc:         0.676400 loss:        1.210812
Sparsity :          0.0000
Wdecay :        0.000500
========== Epoch 32 ==========
LR =  0.1
Train - acc:        0.840660 loss:        0.494944
Test - acc:         0.712200 loss:        1.064473
Sparsity :          0.0000
Wdecay :        0.000500
========== Epoch 33 ==========
LR =  0.1
Train - acc:        0.839980 loss:        0.493296
Test - acc:         0.793100 loss:        0.669570
Sparsity :          0.0000
Wdecay :        0.000500
========== Epoch 34 ==========
LR =  0.1
Train - acc:        0.843080 loss:        0.486499
Test - acc:         0.807000 loss:        0.617336
Sparsity :          0.0000
Wdecay :        0.000500
========== Epoch 35 ==========
LR =  0.1
Train - acc:        0.843280 loss:        0.483888
Test - acc:         0.794200 loss:        0.667158
Sparsity :          0.0000
Wdecay :        0.000500
========== Epoch 36 ==========
LR =  0.1
Train - acc:        0.843480 loss:        0.484887
Test - acc:         0.765100 loss:        0.799214
Sparsity :          0.0000
Wdecay :        0.000500
========== Epoch 37 ==========
LR =  0.1
Train - acc:        0.843420 loss:        0.488633
Test - acc:         0.765000 loss:        0.769964
Sparsity :          0.0000
Wdecay :        0.000500
========== Epoch 38 ==========
LR =  0.1
Train - acc:        0.845880 loss:        0.479952
Test - acc:         0.704900 loss:        1.180704
Sparsity :          0.0000
Wdecay :        0.000500
========== Epoch 39 ==========
LR =  0.1
Train - acc:        0.847740 loss:        0.470945
Test - acc:         0.763200 loss:        0.836014
Sparsity :          0.0000
Wdecay :        0.000500
========== Epoch 40 ==========
LR =  0.1
Train - acc:        0.848960 loss:        0.468243
Test - acc:         0.767700 loss:        0.790092
Sparsity :          0.0000
Wdecay :        0.000500
========== Epoch 41 ==========
LR =  0.1
Train - acc:        0.849860 loss:        0.472595
Test - acc:         0.799800 loss:        0.640374
Sparsity :          0.0000
Wdecay :        0.000500
========== Epoch 42 ==========
LR =  0.1
Train - acc:        0.851620 loss:        0.464365
Test - acc:         0.737900 loss:        1.000664
Sparsity :          0.0000
Wdecay :        0.000500
========== Epoch 43 ==========
LR =  0.1
Train - acc:        0.849000 loss:        0.469655
Test - acc:         0.794700 loss:        0.648971
Sparsity :          0.0000
Wdecay :        0.000500
========== Epoch 44 ==========
LR =  0.1
Train - acc:        0.852740 loss:        0.458308
Test - acc:         0.772600 loss:        0.740477
Sparsity :          0.0000
Wdecay :        0.000500
========== Epoch 45 ==========
LR =  0.1
Train - acc:        0.851760 loss:        0.460629
Test - acc:         0.764200 loss:        0.768356
Sparsity :          0.0000
Wdecay :        0.000500
========== Epoch 46 ==========
LR =  0.1
Train - acc:        0.852440 loss:        0.459701
Test - acc:         0.824600 loss:        0.551497
Sparsity :          0.0000
Wdecay :        0.000500
========== Epoch 47 ==========
LR =  0.1
Train - acc:        0.853960 loss:        0.455432
Test - acc:         0.770000 loss:        0.753559
Sparsity :          0.0000
Wdecay :        0.000500
========== Epoch 48 ==========
LR =  0.1
Train - acc:        0.853760 loss:        0.450759
Test - acc:         0.765000 loss:        0.778837
Sparsity :          0.0000
Wdecay :        0.000500
========== Epoch 49 ==========
LR =  0.1
Train - acc:        0.852020 loss:        0.453369
Test - acc:         0.763100 loss:        0.781117
Sparsity :          0.0000
Wdecay :        0.000500
========== Epoch 50 ==========
LR =  0.1
Train - acc:        0.853780 loss:        0.454691
Test - acc:         0.786800 loss:        0.697041
Sparsity :          0.5000
Wdecay :        0.000500
========== Epoch 51 ==========
LR =  0.1
Train - acc:        0.871160 loss:        0.399223
Test - acc:         0.765100 loss:        0.785411
Sparsity :          0.5000
Wdecay :        0.000500
========== Epoch 52 ==========
LR =  0.1
Train - acc:        0.871760 loss:        0.398718
Test - acc:         0.774700 loss:        0.755743
Sparsity :          0.5000
Wdecay :        0.000500
========== Epoch 53 ==========
LR =  0.1
Train - acc:        0.870820 loss:        0.397839
Test - acc:         0.805000 loss:        0.595196
Sparsity :          0.5000
Wdecay :        0.000500
========== Epoch 54 ==========
LR =  0.1
Train - acc:        0.869640 loss:        0.402487
Test - acc:         0.828800 loss:        0.548188
Sparsity :          0.5000
Wdecay :        0.000500
========== Epoch 55 ==========
LR =  0.1
Train - acc:        0.870780 loss:        0.399796
Test - acc:         0.728600 loss:        0.935685
Sparsity :          0.5000
Wdecay :        0.000500
========== Epoch 56 ==========
LR =  0.1
Train - acc:        0.869580 loss:        0.400968
Test - acc:         0.775300 loss:        0.721136
Sparsity :          0.5000
Wdecay :        0.000500
========== Epoch 57 ==========
LR =  0.1
Train - acc:        0.870260 loss:        0.402034
Test - acc:         0.758600 loss:        0.813220
Sparsity :          0.5000
Wdecay :        0.000500
========== Epoch 58 ==========
LR =  0.1
Train - acc:        0.869620 loss:        0.400759
Test - acc:         0.824400 loss:        0.558647
Sparsity :          0.5000
Wdecay :        0.000500
========== Epoch 59 ==========
LR =  0.1
Train - acc:        0.870080 loss:        0.398224
Test - acc:         0.817300 loss:        0.580251
Sparsity :          0.5000
Wdecay :        0.000500
========== Epoch 60 ==========
LR =  0.1
Train - acc:        0.870400 loss:        0.397465
Test - acc:         0.834300 loss:        0.531180
Sparsity :          0.5000
Wdecay :        0.000500
========== Epoch 61 ==========
LR =  0.1
Train - acc:        0.871720 loss:        0.394592
Test - acc:         0.762700 loss:        0.771630
Sparsity :          0.5000
Wdecay :        0.000500
========== Epoch 62 ==========
LR =  0.1
Train - acc:        0.873440 loss:        0.388602
Test - acc:         0.764600 loss:        0.801093
Sparsity :          0.5000
Wdecay :        0.000500
========== Epoch 63 ==========
LR =  0.1
Train - acc:        0.872960 loss:        0.389937
Test - acc:         0.764400 loss:        0.813796
Sparsity :          0.5000
Wdecay :        0.000500
========== Epoch 64 ==========
LR =  0.1
Train - acc:        0.871740 loss:        0.394709
Test - acc:         0.828600 loss:        0.537824
Sparsity :          0.5000
Wdecay :        0.000500
========== Epoch 65 ==========
LR =  0.1
Train - acc:        0.873100 loss:        0.386506
Test - acc:         0.819100 loss:        0.581811
Sparsity :          0.5000
Wdecay :        0.000500
========== Epoch 66 ==========
LR =  0.1
Train - acc:        0.875680 loss:        0.385967
Test - acc:         0.770700 loss:        0.750036
Sparsity :          0.5000
Wdecay :        0.000500
========== Epoch 67 ==========
LR =  0.1
Train - acc:        0.875520 loss:        0.381847
Test - acc:         0.788100 loss:        0.676322
Sparsity :          0.5000
Wdecay :        0.000500
========== Epoch 68 ==========
LR =  0.1
Train - acc:        0.875720 loss:        0.381262
Test - acc:         0.835400 loss:        0.510609
Sparsity :          0.5000
Wdecay :        0.000500
========== Epoch 69 ==========
LR =  0.1
Train - acc:        0.877640 loss:        0.377563
Test - acc:         0.787500 loss:        0.719335
Sparsity :          0.5000
Wdecay :        0.000500
========== Epoch 70 ==========
LR =  0.1
Train - acc:        0.874680 loss:        0.384336
Test - acc:         0.833000 loss:        0.518428
Sparsity :          0.5000
Wdecay :        0.000500
========== Epoch 71 ==========
LR =  0.1
Train - acc:        0.874260 loss:        0.380593
Test - acc:         0.840400 loss:        0.488854
Sparsity :          0.5000
Wdecay :        0.000500
========== Epoch 72 ==========
LR =  0.1
Train - acc:        0.876380 loss:        0.376349
Test - acc:         0.845700 loss:        0.479528
Sparsity :          0.5000
Wdecay :        0.000500
========== Epoch 73 ==========
LR =  0.1
Train - acc:        0.877020 loss:        0.374086
Test - acc:         0.793500 loss:        0.717710
Sparsity :          0.5000
Wdecay :        0.000500
========== Epoch 74 ==========
LR =  0.1
Train - acc:        0.880020 loss:        0.367732
Test - acc:         0.820200 loss:        0.568792
Sparsity :          0.5000
Wdecay :        0.000500
========== Epoch 75 ==========
LR =  0.1
Train - acc:        0.875580 loss:        0.380305
Test - acc:         0.815400 loss:        0.574357
Sparsity :          0.5000
Wdecay :        0.000500
========== Epoch 76 ==========
LR =  0.1
Train - acc:        0.877060 loss:        0.370585
Test - acc:         0.823900 loss:        0.557101
Sparsity :          0.5000
Wdecay :        0.000500
========== Epoch 77 ==========
LR =  0.1
Train - acc:        0.875520 loss:        0.377044
Test - acc:         0.801000 loss:        0.635297
Sparsity :          0.5000
Wdecay :        0.000500
========== Epoch 78 ==========
LR =  0.1
Train - acc:        0.876760 loss:        0.374071
Test - acc:         0.819500 loss:        0.589728
Sparsity :          0.5000
Wdecay :        0.000500
========== Epoch 79 ==========
LR =  0.1
Train - acc:        0.880060 loss:        0.367889
Test - acc:         0.821700 loss:        0.549704
Sparsity :          0.5000
Wdecay :        0.000500
========== Epoch 80 ==========
LR =  0.1
Train - acc:        0.877700 loss:        0.370258
Test - acc:         0.817900 loss:        0.595815
Sparsity :          0.5000
Wdecay :        0.000500
========== Epoch 81 ==========
LR =  0.1
Train - acc:        0.877480 loss:        0.367614
Test - acc:         0.778600 loss:        0.765584
Sparsity :          0.5000
Wdecay :        0.000500
========== Epoch 82 ==========
LR =  0.1
Train - acc:        0.877440 loss:        0.369491
Test - acc:         0.810700 loss:        0.604189
Sparsity :          0.5000
Wdecay :        0.000500
========== Epoch 83 ==========
LR =  0.1
Train - acc:        0.879280 loss:        0.367299
Test - acc:         0.822100 loss:        0.551601
Sparsity :          0.5000
Wdecay :        0.000500
========== Epoch 84 ==========
LR =  0.1
Train - acc:        0.877860 loss:        0.366884
Test - acc:         0.764200 loss:        0.708062
Sparsity :          0.5000
Wdecay :        0.000500
========== Epoch 85 ==========
LR =  0.1
Train - acc:        0.879080 loss:        0.364397
Test - acc:         0.793600 loss:        0.635418
Sparsity :          0.5000
Wdecay :        0.000500
========== Epoch 86 ==========
LR =  0.1
Train - acc:        0.882620 loss:        0.353827
Test - acc:         0.789800 loss:        0.692026
Sparsity :          0.5000
Wdecay :        0.000500
========== Epoch 87 ==========
LR =  0.1
Train - acc:        0.877280 loss:        0.368173
Test - acc:         0.858500 loss:        0.443152
Sparsity :          0.5000
Wdecay :        0.000500
========== Epoch 88 ==========
LR =  0.1
Train - acc:        0.879940 loss:        0.364056
Test - acc:         0.847000 loss:        0.475015
Sparsity :          0.5000
Wdecay :        0.000500
========== Epoch 89 ==========
LR =  0.1
Train - acc:        0.877680 loss:        0.367831
Test - acc:         0.846800 loss:        0.494400
Sparsity :          0.5000
Wdecay :        0.000500
========== Epoch 90 ==========
LR =  0.1
Train - acc:        0.880120 loss:        0.360222
Test - acc:         0.836000 loss:        0.518747
Sparsity :          0.5000
Wdecay :        0.000500
========== Epoch 91 ==========
LR =  0.1
Train - acc:        0.879800 loss:        0.365889
Test - acc:         0.834600 loss:        0.509807
Sparsity :          0.5000
Wdecay :        0.000500
========== Epoch 92 ==========
LR =  0.1
Train - acc:        0.882480 loss:        0.358987
Test - acc:         0.804500 loss:        0.615636
Sparsity :          0.5000
Wdecay :        0.000500
========== Epoch 93 ==========
LR =  0.1
Train - acc:        0.880860 loss:        0.358315
Test - acc:         0.795400 loss:        0.634064
Sparsity :          0.5000
Wdecay :        0.000500
========== Epoch 94 ==========
LR =  0.1
Train - acc:        0.878280 loss:        0.363949
Test - acc:         0.834300 loss:        0.516556
Sparsity :          0.5000
Wdecay :        0.000500
========== Epoch 95 ==========
LR =  0.1
Train - acc:        0.881300 loss:        0.355903
Test - acc:         0.826700 loss:        0.548025
Sparsity :          0.5000
Wdecay :        0.000500
========== Epoch 96 ==========
LR =  0.1
Train - acc:        0.880600 loss:        0.357242
Test - acc:         0.830000 loss:        0.540315
Sparsity :          0.5000
Wdecay :        0.000500
========== Epoch 97 ==========
LR =  0.1
Train - acc:        0.881920 loss:        0.355087
Test - acc:         0.778500 loss:        0.663215
Sparsity :          0.5000
Wdecay :        0.000500
========== Epoch 98 ==========
LR =  0.1
Train - acc:        0.878060 loss:        0.365051
Test - acc:         0.834900 loss:        0.511657
Sparsity :          0.5000
Wdecay :        0.000500
========== Epoch 99 ==========
LR =  0.1
Train - acc:        0.880820 loss:        0.357605
Test - acc:         0.748600 loss:        0.868921
Sparsity :          0.5000
Wdecay :        0.000500
========== Epoch 100 ==========
LR =  0.1
Train - acc:        0.881340 loss:        0.356132
Test - acc:         0.788400 loss:        0.659043
Sparsity :          0.7500
Wdecay :        0.000500
========== Epoch 101 ==========
LR =  0.1
Train - acc:        0.893200 loss:        0.318827
Test - acc:         0.840600 loss:        0.515624
Sparsity :          0.7500
Wdecay :        0.000500
========== Epoch 102 ==========
LR =  0.1
Train - acc:        0.897140 loss:        0.310136
Test - acc:         0.843400 loss:        0.491679
Sparsity :          0.7500
Wdecay :        0.000500
========== Epoch 103 ==========
LR =  0.1
Train - acc:        0.892360 loss:        0.323301
Test - acc:         0.855900 loss:        0.438381
Sparsity :          0.7500
Wdecay :        0.000500
========== Epoch 104 ==========
LR =  0.1
Train - acc:        0.891460 loss:        0.324036
Test - acc:         0.833200 loss:        0.538475
Sparsity :          0.7500
Wdecay :        0.000500
========== Epoch 105 ==========
LR =  0.1
Train - acc:        0.890640 loss:        0.327695
Test - acc:         0.783600 loss:        0.725468
Sparsity :          0.7500
Wdecay :        0.000500
========== Epoch 106 ==========
LR =  0.1
Train - acc:        0.891440 loss:        0.326240
Test - acc:         0.823600 loss:        0.559805
Sparsity :          0.7500
Wdecay :        0.000500
========== Epoch 107 ==========
LR =  0.1
Train - acc:        0.890920 loss:        0.325258
Test - acc:         0.819400 loss:        0.611940
Sparsity :          0.7500
Wdecay :        0.000500
========== Epoch 108 ==========
LR =  0.1
Train - acc:        0.891340 loss:        0.323897
Test - acc:         0.831700 loss:        0.519803
Sparsity :          0.7500
Wdecay :        0.000500
========== Epoch 109 ==========
LR =  0.1
Train - acc:        0.890580 loss:        0.323179
Test - acc:         0.825800 loss:        0.537538
Sparsity :          0.7500
Wdecay :        0.000500
========== Epoch 110 ==========
LR =  0.1
Train - acc:        0.893380 loss:        0.318835
Test - acc:         0.840700 loss:        0.484019
Sparsity :          0.7500
Wdecay :        0.000500
========== Epoch 111 ==========
LR =  0.1
Train - acc:        0.891840 loss:        0.328200
Test - acc:         0.841000 loss:        0.488237
Sparsity :          0.7500
Wdecay :        0.000500
========== Epoch 112 ==========
LR =  0.1
Train - acc:        0.894140 loss:        0.317377
Test - acc:         0.852300 loss:        0.453766
Sparsity :          0.7500
Wdecay :        0.000500
========== Epoch 113 ==========
LR =  0.1
Train - acc:        0.890540 loss:        0.324138
Test - acc:         0.840100 loss:        0.511012
Sparsity :          0.7500
Wdecay :        0.000500
========== Epoch 114 ==========
LR =  0.1
Train - acc:        0.892300 loss:        0.323078
Test - acc:         0.785800 loss:        0.663383
Sparsity :          0.7500
Wdecay :        0.000500
========== Epoch 115 ==========
LR =  0.1
Train - acc:        0.893200 loss:        0.320372
Test - acc:         0.833000 loss:        0.544939
Sparsity :          0.7500
Wdecay :        0.000500
========== Epoch 116 ==========
LR =  0.1
Train - acc:        0.891160 loss:        0.324530
Test - acc:         0.819000 loss:        0.603877
Sparsity :          0.7500
Wdecay :        0.000500
========== Epoch 117 ==========
LR =  0.1
Train - acc:        0.890260 loss:        0.324623
Test - acc:         0.859600 loss:        0.433156
Sparsity :          0.7500
Wdecay :        0.000500
========== Epoch 118 ==========
LR =  0.1
Train - acc:        0.891840 loss:        0.323963
Test - acc:         0.854100 loss:        0.446412
Sparsity :          0.7500
Wdecay :        0.000500
========== Epoch 119 ==========
LR =  0.1
Train - acc:        0.893580 loss:        0.318075
Test - acc:         0.818400 loss:        0.595423
Sparsity :          0.7500
Wdecay :        0.000500
========== Epoch 120 ==========
LR =  0.1
Train - acc:        0.891820 loss:        0.323349
Test - acc:         0.806600 loss:        0.599394
Sparsity :          0.7500
Wdecay :        0.000500
========== Epoch 121 ==========
LR =  0.1
Train - acc:        0.892900 loss:        0.323742
Test - acc:         0.847500 loss:        0.475329
Sparsity :          0.7500
Wdecay :        0.000500
========== Epoch 122 ==========
LR =  0.1
Train - acc:        0.891800 loss:        0.321552
Test - acc:         0.842700 loss:        0.495276
Sparsity :          0.7500
Wdecay :        0.000500
========== Epoch 123 ==========
LR =  0.1
Train - acc:        0.893180 loss:        0.317881
Test - acc:         0.811300 loss:        0.624718
Sparsity :          0.7500
Wdecay :        0.000500
========== Epoch 124 ==========
LR =  0.1
Train - acc:        0.892920 loss:        0.322985
Test - acc:         0.823900 loss:        0.555117
Sparsity :          0.7500
Wdecay :        0.000500
========== Epoch 125 ==========
LR =  0.1
Train - acc:        0.894260 loss:        0.314411
Test - acc:         0.823000 loss:        0.544685
Sparsity :          0.7500
Wdecay :        0.000500
========== Epoch 126 ==========
LR =  0.1
Train - acc:        0.893620 loss:        0.316264
Test - acc:         0.718700 loss:        0.915416
Sparsity :          0.7500
Wdecay :        0.000500
========== Epoch 127 ==========
LR =  0.1
Train - acc:        0.892340 loss:        0.320254
Test - acc:         0.813900 loss:        0.590905
Sparsity :          0.7500
Wdecay :        0.000500
========== Epoch 128 ==========
LR =  0.1
Train - acc:        0.889620 loss:        0.326575
Test - acc:         0.837900 loss:        0.534652
Sparsity :          0.7500
Wdecay :        0.000500
========== Epoch 129 ==========
LR =  0.1
Train - acc:        0.891620 loss:        0.320572
Test - acc:         0.756400 loss:        0.805278
Sparsity :          0.7500
Wdecay :        0.000500
========== Epoch 130 ==========
LR =  0.1
Train - acc:        0.894900 loss:        0.316981
Test - acc:         0.837700 loss:        0.495629
Sparsity :          0.7500
Wdecay :        0.000500
========== Epoch 131 ==========
LR =  0.1
Train - acc:        0.892740 loss:        0.317426
Test - acc:         0.861000 loss:        0.434654
Sparsity :          0.7500
Wdecay :        0.000500
========== Epoch 132 ==========
LR =  0.1
Train - acc:        0.891100 loss:        0.321283
Test - acc:         0.830000 loss:        0.532990
Sparsity :          0.7500
Wdecay :        0.000500
========== Epoch 133 ==========
LR =  0.1
Train - acc:        0.890640 loss:        0.326318
Test - acc:         0.865200 loss:        0.434726
Sparsity :          0.7500
Wdecay :        0.000500
========== Epoch 134 ==========
LR =  0.1
Train - acc:        0.892880 loss:        0.318900
Test - acc:         0.821600 loss:        0.578967
Sparsity :          0.7500
Wdecay :        0.000500
========== Epoch 135 ==========
LR =  0.1
Train - acc:        0.892240 loss:        0.321880
Test - acc:         0.873700 loss:        0.383724
Sparsity :          0.7500
Wdecay :        0.000500
========== Epoch 136 ==========
LR =  0.1
Train - acc:        0.891120 loss:        0.325243
Test - acc:         0.803700 loss:        0.607312
Sparsity :          0.7500
Wdecay :        0.000500
========== Epoch 137 ==========
LR =  0.1
Train - acc:        0.892040 loss:        0.322897
Test - acc:         0.814300 loss:        0.564321
Sparsity :          0.7500
Wdecay :        0.000500
========== Epoch 138 ==========
LR =  0.1
Train - acc:        0.893460 loss:        0.322731
Test - acc:         0.839000 loss:        0.500813
Sparsity :          0.7500
Wdecay :        0.000500
========== Epoch 139 ==========
LR =  0.1
Train - acc:        0.891960 loss:        0.321116
Test - acc:         0.799700 loss:        0.623451
Sparsity :          0.7500
Wdecay :        0.000500
========== Epoch 140 ==========
LR =  0.1
Train - acc:        0.892220 loss:        0.321375
Test - acc:         0.789600 loss:        0.667463
Sparsity :          0.7500
Wdecay :        0.000500
========== Epoch 141 ==========
LR =  0.1
Train - acc:        0.894480 loss:        0.320080
Test - acc:         0.816000 loss:        0.600325
Sparsity :          0.7500
Wdecay :        0.000500
========== Epoch 142 ==========
LR =  0.1
Train - acc:        0.893780 loss:        0.315419
Test - acc:         0.810300 loss:        0.605090
Sparsity :          0.7500
Wdecay :        0.000500
========== Epoch 143 ==========
LR =  0.1
Train - acc:        0.894460 loss:        0.315222
Test - acc:         0.755900 loss:        0.841029
Sparsity :          0.7500
Wdecay :        0.000500
========== Epoch 144 ==========
LR =  0.1
Train - acc:        0.892680 loss:        0.318488
Test - acc:         0.737100 loss:        0.827677
Sparsity :          0.7500
Wdecay :        0.000500
========== Epoch 145 ==========
LR =  0.1
Train - acc:        0.889060 loss:        0.332539
Test - acc:         0.836900 loss:        0.520970
Sparsity :          0.7500
Wdecay :        0.000500
========== Epoch 146 ==========
LR =  0.1
Train - acc:        0.891280 loss:        0.323355
Test - acc:         0.824000 loss:        0.552570
Sparsity :          0.7500
Wdecay :        0.000500
========== Epoch 147 ==========
LR =  0.1
Train - acc:        0.892100 loss:        0.323886
Test - acc:         0.816100 loss:        0.563478
Sparsity :          0.7500
Wdecay :        0.000500
========== Epoch 148 ==========
LR =  0.1
Train - acc:        0.894780 loss:        0.316410
Test - acc:         0.845800 loss:        0.482515
Sparsity :          0.7500
Wdecay :        0.000500
========== Epoch 149 ==========
LR =  0.1
Train - acc:        0.895020 loss:        0.314562
Test - acc:         0.797400 loss:        0.605740
Sparsity :          0.7500
Wdecay :        0.000500
========== Epoch 150 ==========
LR =  0.010000000000000002
Train - acc:        0.894640 loss:        0.316943
Test - acc:         0.836500 loss:        0.528107
Sparsity :          0.8750
Wdecay :        0.000500
========== Epoch 151 ==========
LR =  0.010000000000000002
Train - acc:        0.929980 loss:        0.209269
Test - acc:         0.913700 loss:        0.260477
Sparsity :          0.8750
Wdecay :        0.000500
========== Epoch 152 ==========
LR =  0.010000000000000002
Train - acc:        0.947560 loss:        0.156726
Test - acc:         0.914000 loss:        0.259738
Sparsity :          0.8750
Wdecay :        0.000500
========== Epoch 153 ==========
LR =  0.010000000000000002
Train - acc:        0.953480 loss:        0.137042
Test - acc:         0.918500 loss:        0.251937
Sparsity :          0.8750
Wdecay :        0.000500
========== Epoch 154 ==========
LR =  0.010000000000000002
Train - acc:        0.958480 loss:        0.124553
Test - acc:         0.921000 loss:        0.246317
Sparsity :          0.8750
Wdecay :        0.000500
========== Epoch 155 ==========
LR =  0.010000000000000002
Train - acc:        0.960100 loss:        0.118473
Test - acc:         0.918900 loss:        0.255149
Sparsity :          0.8750
Wdecay :        0.000500
========== Epoch 156 ==========
LR =  0.010000000000000002
Train - acc:        0.962680 loss:        0.110996
Test - acc:         0.921700 loss:        0.247537
Sparsity :          0.8750
Wdecay :        0.000500
========== Epoch 157 ==========
LR =  0.010000000000000002
Train - acc:        0.964920 loss:        0.104213
Test - acc:         0.919500 loss:        0.251393
Sparsity :          0.8750
Wdecay :        0.000500
========== Epoch 158 ==========
LR =  0.010000000000000002
Train - acc:        0.967560 loss:        0.094848
Test - acc:         0.920800 loss:        0.254563
Sparsity :          0.8750
Wdecay :        0.000500
========== Epoch 159 ==========
LR =  0.010000000000000002
Train - acc:        0.968220 loss:        0.093660
Test - acc:         0.918700 loss:        0.260591
Sparsity :          0.8750
Wdecay :        0.000500
========== Epoch 160 ==========
LR =  0.010000000000000002
Train - acc:        0.968180 loss:        0.091353
Test - acc:         0.919400 loss:        0.271479
Sparsity :          0.8750
Wdecay :        0.000500
========== Epoch 161 ==========
LR =  0.010000000000000002
Train - acc:        0.971600 loss:        0.084295
Test - acc:         0.917800 loss:        0.270815
Sparsity :          0.8750
Wdecay :        0.000500
========== Epoch 162 ==========
LR =  0.010000000000000002
Train - acc:        0.972720 loss:        0.080794
Test - acc:         0.920900 loss:        0.265194
Sparsity :          0.8750
Wdecay :        0.000500
========== Epoch 163 ==========
LR =  0.010000000000000002
Train - acc:        0.972840 loss:        0.079619
Test - acc:         0.923600 loss:        0.263905
Sparsity :          0.8750
Wdecay :        0.000500
========== Epoch 164 ==========
LR =  0.010000000000000002
Train - acc:        0.973400 loss:        0.078639
Test - acc:         0.919800 loss:        0.269122
Sparsity :          0.8750
Wdecay :        0.000500
========== Epoch 165 ==========
LR =  0.010000000000000002
Train - acc:        0.975720 loss:        0.072210
Test - acc:         0.919800 loss:        0.283843
Sparsity :          0.8750
Wdecay :        0.000500
========== Epoch 166 ==========
LR =  0.010000000000000002
Train - acc:        0.974680 loss:        0.073455
Test - acc:         0.921900 loss:        0.277488
Sparsity :          0.8750
Wdecay :        0.000500
========== Epoch 167 ==========
LR =  0.010000000000000002
Train - acc:        0.976160 loss:        0.070058
Test - acc:         0.919700 loss:        0.293215
Sparsity :          0.8750
Wdecay :        0.000500
========== Epoch 168 ==========
LR =  0.010000000000000002
Train - acc:        0.975960 loss:        0.071922
Test - acc:         0.917100 loss:        0.286098
Sparsity :          0.8750
Wdecay :        0.000500
========== Epoch 169 ==========
LR =  0.010000000000000002
Train - acc:        0.976380 loss:        0.070194
Test - acc:         0.918500 loss:        0.280435
Sparsity :          0.8750
Wdecay :        0.000500
========== Epoch 170 ==========
LR =  0.010000000000000002
Train - acc:        0.977260 loss:        0.069039
Test - acc:         0.916100 loss:        0.290437
Sparsity :          0.8750
Wdecay :        0.000500
========== Epoch 171 ==========
LR =  0.010000000000000002
Train - acc:        0.976020 loss:        0.068414
Test - acc:         0.913500 loss:        0.314623
Sparsity :          0.8750
Wdecay :        0.000500
========== Epoch 172 ==========
LR =  0.010000000000000002
Train - acc:        0.975600 loss:        0.068409
Test - acc:         0.913100 loss:        0.311852
Sparsity :          0.8750
Wdecay :        0.000500
========== Epoch 173 ==========
LR =  0.010000000000000002
Train - acc:        0.977240 loss:        0.068586
Test - acc:         0.911900 loss:        0.300910
Sparsity :          0.8750
Wdecay :        0.000500
========== Epoch 174 ==========
LR =  0.010000000000000002
Train - acc:        0.977760 loss:        0.064932
Test - acc:         0.918800 loss:        0.288009
Sparsity :          0.8750
Wdecay :        0.000500
========== Epoch 175 ==========
LR =  0.010000000000000002
Train - acc:        0.976060 loss:        0.069260
Test - acc:         0.916500 loss:        0.307326
Sparsity :          0.8750
Wdecay :        0.000500
========== Epoch 176 ==========
LR =  0.010000000000000002
Train - acc:        0.975860 loss:        0.071339
Test - acc:         0.914500 loss:        0.308820
Sparsity :          0.8750
Wdecay :        0.000500
========== Epoch 177 ==========
LR =  0.010000000000000002
Train - acc:        0.977060 loss:        0.067922
Test - acc:         0.918400 loss:        0.294361
Sparsity :          0.8750
Wdecay :        0.000500
========== Epoch 178 ==========
LR =  0.010000000000000002
Train - acc:        0.976600 loss:        0.067527
Test - acc:         0.914200 loss:        0.310943
Sparsity :          0.8750
Wdecay :        0.000500
========== Epoch 179 ==========
LR =  0.010000000000000002
Train - acc:        0.976240 loss:        0.069487
Test - acc:         0.914800 loss:        0.298949
Sparsity :          0.8750
Wdecay :        0.000500
========== Epoch 180 ==========
LR =  0.010000000000000002
Train - acc:        0.975660 loss:        0.069977
Test - acc:         0.912900 loss:        0.311031
Sparsity :          0.8750
Wdecay :        0.000500
========== Epoch 181 ==========
LR =  0.010000000000000002
Train - acc:        0.975120 loss:        0.070055
Test - acc:         0.911700 loss:        0.316247
Sparsity :          0.8750
Wdecay :        0.000500
========== Epoch 182 ==========
LR =  0.010000000000000002
Train - acc:        0.974920 loss:        0.070447
Test - acc:         0.911900 loss:        0.320078
Sparsity :          0.8750
Wdecay :        0.000500
========== Epoch 183 ==========
LR =  0.010000000000000002
Train - acc:        0.975480 loss:        0.070479
Test - acc:         0.915800 loss:        0.300598
Sparsity :          0.8750
Wdecay :        0.000500
========== Epoch 184 ==========
LR =  0.010000000000000002
Train - acc:        0.976240 loss:        0.070296
Test - acc:         0.911700 loss:        0.324955
Sparsity :          0.8750
Wdecay :        0.000500
========== Epoch 185 ==========
LR =  0.010000000000000002
Train - acc:        0.975700 loss:        0.069831
Test - acc:         0.920300 loss:        0.291813
Sparsity :          0.8750
Wdecay :        0.000500
========== Epoch 186 ==========
LR =  0.010000000000000002
Train - acc:        0.975600 loss:        0.073430
Test - acc:         0.917800 loss:        0.286147
Sparsity :          0.8750
Wdecay :        0.000500
========== Epoch 187 ==========
LR =  0.010000000000000002
Train - acc:        0.975760 loss:        0.070194
Test - acc:         0.915200 loss:        0.311197
Sparsity :          0.8750
Wdecay :        0.000500
========== Epoch 188 ==========
LR =  0.010000000000000002
Train - acc:        0.975740 loss:        0.069813
Test - acc:         0.912100 loss:        0.320279
Sparsity :          0.8750
Wdecay :        0.000500
========== Epoch 189 ==========
LR =  0.010000000000000002
Train - acc:        0.975200 loss:        0.072410
Test - acc:         0.913100 loss:        0.310003
Sparsity :          0.8750
Wdecay :        0.000500
========== Epoch 190 ==========
LR =  0.010000000000000002
Train - acc:        0.974860 loss:        0.074494
Test - acc:         0.909400 loss:        0.328143
Sparsity :          0.8750
Wdecay :        0.000500
========== Epoch 191 ==========
LR =  0.010000000000000002
Train - acc:        0.975120 loss:        0.073319
Test - acc:         0.915300 loss:        0.316663
Sparsity :          0.8750
Wdecay :        0.000500
========== Epoch 192 ==========
LR =  0.010000000000000002
Train - acc:        0.972660 loss:        0.077297
Test - acc:         0.903700 loss:        0.351599
Sparsity :          0.8750
Wdecay :        0.000500
========== Epoch 193 ==========
LR =  0.010000000000000002
Train - acc:        0.974980 loss:        0.072976
Test - acc:         0.901500 loss:        0.363252
Sparsity :          0.8750
Wdecay :        0.000500
========== Epoch 194 ==========
LR =  0.010000000000000002
Train - acc:        0.973880 loss:        0.077078
Test - acc:         0.906900 loss:        0.318251
Sparsity :          0.8750
Wdecay :        0.000500
========== Epoch 195 ==========
LR =  0.010000000000000002
Train - acc:        0.973060 loss:        0.079753
Test - acc:         0.909100 loss:        0.323864
Sparsity :          0.8750
Wdecay :        0.000500
========== Epoch 196 ==========
LR =  0.010000000000000002
Train - acc:        0.973420 loss:        0.075223
Test - acc:         0.905300 loss:        0.342491
Sparsity :          0.8750
Wdecay :        0.000500
========== Epoch 197 ==========
LR =  0.010000000000000002
Train - acc:        0.973480 loss:        0.075566
Test - acc:         0.909100 loss:        0.331546
Sparsity :          0.8750
Wdecay :        0.000500
========== Epoch 198 ==========
LR =  0.010000000000000002
Train - acc:        0.973720 loss:        0.078450
Test - acc:         0.911600 loss:        0.315817
Sparsity :          0.8750
Wdecay :        0.000500
========== Epoch 199 ==========
LR =  0.010000000000000002
Train - acc:        0.973460 loss:        0.076696
Test - acc:         0.910900 loss:        0.312505
Sparsity :          0.8750
Wdecay :        0.000500
========== Epoch 200 ==========
LR =  0.010000000000000002
Train - acc:        0.973780 loss:        0.076484
Test - acc:         0.911300 loss:        0.308916
Sparsity :          0.9375
Wdecay :        0.000500
========== Epoch 201 ==========
LR =  0.010000000000000002
Train - acc:        0.943120 loss:        0.164680
Test - acc:         0.903700 loss:        0.309316
Sparsity :          0.9375
Wdecay :        0.000500
========== Epoch 202 ==========
LR =  0.010000000000000002
Train - acc:        0.960040 loss:        0.115708
Test - acc:         0.907700 loss:        0.322239
Sparsity :          0.9375
Wdecay :        0.000500
========== Epoch 203 ==========
LR =  0.010000000000000002
Train - acc:        0.961660 loss:        0.109086
Test - acc:         0.903100 loss:        0.326672
Sparsity :          0.9375
Wdecay :        0.000500
========== Epoch 204 ==========
LR =  0.010000000000000002
Train - acc:        0.963380 loss:        0.106610
Test - acc:         0.891200 loss:        0.377758
Sparsity :          0.9375
Wdecay :        0.000500
========== Epoch 205 ==========
LR =  0.010000000000000002
Train - acc:        0.965640 loss:        0.100877
Test - acc:         0.898900 loss:        0.377391
Sparsity :          0.9375
Wdecay :        0.000500
========== Epoch 206 ==========
LR =  0.010000000000000002
Train - acc:        0.965680 loss:        0.099420
Test - acc:         0.903700 loss:        0.347117
Sparsity :          0.9375
Wdecay :        0.000500
========== Epoch 207 ==========
LR =  0.010000000000000002
Train - acc:        0.965820 loss:        0.099132
Test - acc:         0.896900 loss:        0.380816
Sparsity :          0.9375
Wdecay :        0.000500
========== Epoch 208 ==========
LR =  0.010000000000000002
Train - acc:        0.966520 loss:        0.095389
Test - acc:         0.904900 loss:        0.342692
Sparsity :          0.9375
Wdecay :        0.000500
========== Epoch 209 ==========
LR =  0.010000000000000002
Train - acc:        0.967040 loss:        0.094898
Test - acc:         0.904300 loss:        0.348052
Sparsity :          0.9375
Wdecay :        0.000500
========== Epoch 210 ==========
LR =  0.010000000000000002
Train - acc:        0.967660 loss:        0.094972
Test - acc:         0.894900 loss:        0.396334
Sparsity :          0.9375
Wdecay :        0.000500
========== Epoch 211 ==========
LR =  0.010000000000000002
Train - acc:        0.967520 loss:        0.091891
Test - acc:         0.906800 loss:        0.336772
Sparsity :          0.9375
Wdecay :        0.000500
========== Epoch 212 ==========
LR =  0.010000000000000002
Train - acc:        0.969420 loss:        0.090460
Test - acc:         0.907700 loss:        0.320994
Sparsity :          0.9375
Wdecay :        0.000500
========== Epoch 213 ==========
LR =  0.010000000000000002
Train - acc:        0.968380 loss:        0.092911
Test - acc:         0.893400 loss:        0.395109
Sparsity :          0.9375
Wdecay :        0.000500
========== Epoch 214 ==========
LR =  0.010000000000000002
Train - acc:        0.967580 loss:        0.092376
Test - acc:         0.904900 loss:        0.340081
Sparsity :          0.9375
Wdecay :        0.000500
========== Epoch 215 ==========
LR =  0.010000000000000002
Train - acc:        0.969180 loss:        0.089884
Test - acc:         0.904800 loss:        0.341192
Sparsity :          0.9375
Wdecay :        0.000500
========== Epoch 216 ==========
LR =  0.010000000000000002
Train - acc:        0.968500 loss:        0.090393
Test - acc:         0.906700 loss:        0.349889
Sparsity :          0.9375
Wdecay :        0.000500
========== Epoch 217 ==========
LR =  0.010000000000000002
Train - acc:        0.969580 loss:        0.087992
Test - acc:         0.900800 loss:        0.344429
Sparsity :          0.9375
Wdecay :        0.000500
========== Epoch 218 ==========
LR =  0.010000000000000002
Train - acc:        0.969480 loss:        0.089795
Test - acc:         0.902600 loss:        0.358080
Sparsity :          0.9375
Wdecay :        0.000500
========== Epoch 219 ==========
LR =  0.010000000000000002
Train - acc:        0.968660 loss:        0.088699
Test - acc:         0.906500 loss:        0.338002
Sparsity :          0.9375
Wdecay :        0.000500
========== Epoch 220 ==========
LR =  0.010000000000000002
Train - acc:        0.969320 loss:        0.089518
Test - acc:         0.903300 loss:        0.348263
Sparsity :          0.9375
Wdecay :        0.000500
========== Epoch 221 ==========
LR =  0.010000000000000002
Train - acc:        0.967860 loss:        0.092435
Test - acc:         0.898500 loss:        0.360688
Sparsity :          0.9375
Wdecay :        0.000500
========== Epoch 222 ==========
LR =  0.010000000000000002
Train - acc:        0.970340 loss:        0.085920
Test - acc:         0.904200 loss:        0.347735
Sparsity :          0.9375
Wdecay :        0.000500
========== Epoch 223 ==========
LR =  0.010000000000000002
Train - acc:        0.968120 loss:        0.090349
Test - acc:         0.899200 loss:        0.370771
Sparsity :          0.9375
Wdecay :        0.000500
========== Epoch 224 ==========
LR =  0.010000000000000002
Train - acc:        0.968700 loss:        0.089619
Test - acc:         0.903400 loss:        0.343165
Sparsity :          0.9375
Wdecay :        0.000500
========== Epoch 225 ==========
LR =  0.010000000000000002
Train - acc:        0.968600 loss:        0.089310
Test - acc:         0.904400 loss:        0.339383
Sparsity :          0.9375
Wdecay :        0.000500
========== Epoch 226 ==========
LR =  0.010000000000000002
Train - acc:        0.968600 loss:        0.093636
Test - acc:         0.889000 loss:        0.387402
Sparsity :          0.9375
Wdecay :        0.000500
========== Epoch 227 ==========
LR =  0.010000000000000002
Train - acc:        0.967980 loss:        0.089156
Test - acc:         0.907100 loss:        0.326054
Sparsity :          0.9375
Wdecay :        0.000500
========== Epoch 228 ==========
LR =  0.010000000000000002
Train - acc:        0.969960 loss:        0.085590
Test - acc:         0.905300 loss:        0.326344
Sparsity :          0.9375
Wdecay :        0.000500
========== Epoch 229 ==========
LR =  0.010000000000000002
Train - acc:        0.970760 loss:        0.085435
Test - acc:         0.900300 loss:        0.370713
Sparsity :          0.9375
Wdecay :        0.000500
========== Epoch 230 ==========
LR =  0.010000000000000002
Train - acc:        0.969460 loss:        0.089678
Test - acc:         0.898400 loss:        0.381508
Sparsity :          0.9375
Wdecay :        0.000500
========== Epoch 231 ==========
LR =  0.010000000000000002
Train - acc:        0.969800 loss:        0.087894
Test - acc:         0.898100 loss:        0.366125
Sparsity :          0.9375
Wdecay :        0.000500
========== Epoch 232 ==========
LR =  0.010000000000000002
Train - acc:        0.970940 loss:        0.084295
Test - acc:         0.909400 loss:        0.333577
Sparsity :          0.9375
Wdecay :        0.000500
========== Epoch 233 ==========
LR =  0.010000000000000002
Train - acc:        0.970900 loss:        0.084834
Test - acc:         0.904700 loss:        0.356983
Sparsity :          0.9375
Wdecay :        0.000500
========== Epoch 234 ==========
LR =  0.010000000000000002
Train - acc:        0.970760 loss:        0.083351
Test - acc:         0.895800 loss:        0.380459
Sparsity :          0.9375
Wdecay :        0.000500
========== Epoch 235 ==========
LR =  0.010000000000000002
Train - acc:        0.969360 loss:        0.088152
Test - acc:         0.906700 loss:        0.351766
Sparsity :          0.9375
Wdecay :        0.000500
========== Epoch 236 ==========
LR =  0.010000000000000002
Train - acc:        0.970220 loss:        0.085248
Test - acc:         0.906000 loss:        0.342927
Sparsity :          0.9375
Wdecay :        0.000500
========== Epoch 237 ==========
LR =  0.010000000000000002
Train - acc:        0.969440 loss:        0.087190
Test - acc:         0.902500 loss:        0.353368
Sparsity :          0.9375
Wdecay :        0.000500
========== Epoch 238 ==========
LR =  0.010000000000000002
Train - acc:        0.969240 loss:        0.086938
Test - acc:         0.900400 loss:        0.351087
Sparsity :          0.9375
Wdecay :        0.000500
========== Epoch 239 ==========
LR =  0.010000000000000002
Train - acc:        0.969760 loss:        0.087048
Test - acc:         0.900900 loss:        0.362815
Sparsity :          0.9375
Wdecay :        0.000500
========== Epoch 240 ==========
LR =  0.010000000000000002
Train - acc:        0.968680 loss:        0.089078
Test - acc:         0.908300 loss:        0.333492
Sparsity :          0.9375
Wdecay :        0.000500
========== Epoch 241 ==========
LR =  0.010000000000000002
Train - acc:        0.969900 loss:        0.086516
Test - acc:         0.906700 loss:        0.342552
Sparsity :          0.9375
Wdecay :        0.000500
========== Epoch 242 ==========
LR =  0.010000000000000002
Train - acc:        0.970240 loss:        0.084794
Test - acc:         0.901900 loss:        0.348094
Sparsity :          0.9375
Wdecay :        0.000500
========== Epoch 243 ==========
LR =  0.010000000000000002
Train - acc:        0.969420 loss:        0.086260
Test - acc:         0.902500 loss:        0.359203
Sparsity :          0.9375
Wdecay :        0.000500
========== Epoch 244 ==========
LR =  0.010000000000000002
Train - acc:        0.971860 loss:        0.081507
Test - acc:         0.901600 loss:        0.368427
Sparsity :          0.9375
Wdecay :        0.000500
========== Epoch 245 ==========
LR =  0.010000000000000002
Train - acc:        0.971260 loss:        0.084620
Test - acc:         0.905500 loss:        0.330751
Sparsity :          0.9375
Wdecay :        0.000500
========== Epoch 246 ==========
LR =  0.010000000000000002
Train - acc:        0.969440 loss:        0.086686
Test - acc:         0.883900 loss:        0.451250
Sparsity :          0.9375
Wdecay :        0.000500
========== Epoch 247 ==========
LR =  0.010000000000000002
Train - acc:        0.969540 loss:        0.087408
Test - acc:         0.896200 loss:        0.418036
Sparsity :          0.9375
Wdecay :        0.000500
========== Epoch 248 ==========
LR =  0.010000000000000002
Train - acc:        0.968720 loss:        0.088977
Test - acc:         0.889700 loss:        0.401036
Sparsity :          0.9375
Wdecay :        0.000500
========== Epoch 249 ==========
LR =  0.010000000000000002
Train - acc:        0.970320 loss:        0.084709
Test - acc:         0.910900 loss:        0.331065
Sparsity :          0.9375
Wdecay :        0.000500
========== Epoch 250 ==========
LR =  0.0010000000000000002
Train - acc:        0.968380 loss:        0.089917
Test - acc:         0.906400 loss:        0.326096
Sparsity :          0.9688
Wdecay :        0.000500
========== Epoch 251 ==========
LR =  0.0010000000000000002
Train - acc:        0.893960 loss:        0.313830
Test - acc:         0.884800 loss:        0.353894
Sparsity :          0.9688
Wdecay :        0.000500
========== Epoch 252 ==========
LR =  0.0010000000000000002
Train - acc:        0.935240 loss:        0.191456
Test - acc:         0.894200 loss:        0.337790
Sparsity :          0.9688
Wdecay :        0.000500
========== Epoch 253 ==========
LR =  0.0010000000000000002
Train - acc:        0.944140 loss:        0.162611
Test - acc:         0.898200 loss:        0.334075
Sparsity :          0.9688
Wdecay :        0.000500
========== Epoch 254 ==========
LR =  0.0010000000000000002
Train - acc:        0.950760 loss:        0.145886
Test - acc:         0.899200 loss:        0.330049
Sparsity :          0.9688
Wdecay :        0.000500
========== Epoch 255 ==========
LR =  0.0010000000000000002
Train - acc:        0.955180 loss:        0.130484
Test - acc:         0.904200 loss:        0.326717
Sparsity :          0.9688
Wdecay :        0.000500
========== Epoch 256 ==========
LR =  0.0010000000000000002
Train - acc:        0.956860 loss:        0.125013
Test - acc:         0.904800 loss:        0.325506
Sparsity :          0.9688
Wdecay :        0.000500
========== Epoch 257 ==========
LR =  0.0010000000000000002
Train - acc:        0.959280 loss:        0.118224
Test - acc:         0.906200 loss:        0.322394
Sparsity :          0.9688
Wdecay :        0.000500
========== Epoch 258 ==========
LR =  0.0010000000000000002
Train - acc:        0.962500 loss:        0.109214
Test - acc:         0.907700 loss:        0.325865
Sparsity :          0.9688
Wdecay :        0.000500
========== Epoch 259 ==========
LR =  0.0010000000000000002
Train - acc:        0.962980 loss:        0.106852
Test - acc:         0.909700 loss:        0.324409
Sparsity :          0.9688
Wdecay :        0.000500
========== Epoch 260 ==========
LR =  0.0010000000000000002
Train - acc:        0.965260 loss:        0.100192
Test - acc:         0.908400 loss:        0.324218
Sparsity :          0.9688
Wdecay :        0.000500
========== Epoch 261 ==========
LR =  0.0010000000000000002
Train - acc:        0.967160 loss:        0.096301
Test - acc:         0.909600 loss:        0.323293
Sparsity :          0.9688
Wdecay :        0.000500
========== Epoch 262 ==========
LR =  0.0010000000000000002
Train - acc:        0.967640 loss:        0.094382
Test - acc:         0.912200 loss:        0.322795
Sparsity :          0.9688
Wdecay :        0.000500
========== Epoch 263 ==========
LR =  0.0010000000000000002
Train - acc:        0.968960 loss:        0.093205
Test - acc:         0.909500 loss:        0.320901
Sparsity :          0.9688
Wdecay :        0.000500
========== Epoch 264 ==========
LR =  0.0010000000000000002
Train - acc:        0.968360 loss:        0.089901
Test - acc:         0.909400 loss:        0.329647
Sparsity :          0.9688
Wdecay :        0.000500
========== Epoch 265 ==========
LR =  0.0010000000000000002
Train - acc:        0.969680 loss:        0.088038
Test - acc:         0.912300 loss:        0.323809
Sparsity :          0.9688
Wdecay :        0.000500
========== Epoch 266 ==========
LR =  0.0010000000000000002
Train - acc:        0.970320 loss:        0.086700
Test - acc:         0.910200 loss:        0.326719
Sparsity :          0.9688
Wdecay :        0.000500
========== Epoch 267 ==========
LR =  0.0010000000000000002
Train - acc:        0.971580 loss:        0.082371
Test - acc:         0.913400 loss:        0.323151
Sparsity :          0.9688
Wdecay :        0.000500
========== Epoch 268 ==========
LR =  0.0010000000000000002
Train - acc:        0.971760 loss:        0.080917
Test - acc:         0.911400 loss:        0.329674
Sparsity :          0.9688
Wdecay :        0.000500
========== Epoch 269 ==========
LR =  0.0010000000000000002
Train - acc:        0.972260 loss:        0.079960
Test - acc:         0.913700 loss:        0.323380
Sparsity :          0.9688
Wdecay :        0.000500
========== Epoch 270 ==========
LR =  0.0010000000000000002
Train - acc:        0.973860 loss:        0.077298
Test - acc:         0.912700 loss:        0.328363
Sparsity :          0.9688
Wdecay :        0.000500
========== Epoch 271 ==========
LR =  0.0010000000000000002
Train - acc:        0.973360 loss:        0.077381
Test - acc:         0.913300 loss:        0.325114
Sparsity :          0.9688
Wdecay :        0.000500
========== Epoch 272 ==========
LR =  0.0010000000000000002
Train - acc:        0.974320 loss:        0.073249
Test - acc:         0.913400 loss:        0.331205
Sparsity :          0.9688
Wdecay :        0.000500
========== Epoch 273 ==========
LR =  0.0010000000000000002
Train - acc:        0.975520 loss:        0.071868
Test - acc:         0.913500 loss:        0.327050
Sparsity :          0.9688
Wdecay :        0.000500
========== Epoch 274 ==========
LR =  0.0010000000000000002
Train - acc:        0.975020 loss:        0.072638
Test - acc:         0.913900 loss:        0.331533
Sparsity :          0.9688
Wdecay :        0.000500
========== Epoch 275 ==========
LR =  0.0010000000000000002
Train - acc:        0.975040 loss:        0.072399
Test - acc:         0.912600 loss:        0.328457
Sparsity :          0.9688
Wdecay :        0.000500
========== Epoch 276 ==========
LR =  0.0010000000000000002
Train - acc:        0.976660 loss:        0.066562
Test - acc:         0.912600 loss:        0.338237
Sparsity :          0.9688
Wdecay :        0.000500
========== Epoch 277 ==========
LR =  0.0010000000000000002
Train - acc:        0.976640 loss:        0.066720
Test - acc:         0.914100 loss:        0.334256
Sparsity :          0.9688
Wdecay :        0.000500
========== Epoch 278 ==========
LR =  0.0010000000000000002
Train - acc:        0.977100 loss:        0.067268
Test - acc:         0.915000 loss:        0.334722
Sparsity :          0.9688
Wdecay :        0.000500
========== Epoch 279 ==========
LR =  0.0010000000000000002
Train - acc:        0.977760 loss:        0.065464
Test - acc:         0.914200 loss:        0.337302
Sparsity :          0.9688
Wdecay :        0.000500
========== Epoch 280 ==========
LR =  0.0010000000000000002
Train - acc:        0.977660 loss:        0.065898
Test - acc:         0.912500 loss:        0.342630
Sparsity :          0.9688
Wdecay :        0.000500
========== Epoch 281 ==========
LR =  0.0010000000000000002
Train - acc:        0.977800 loss:        0.065270
Test - acc:         0.914600 loss:        0.339116
Sparsity :          0.9688
Wdecay :        0.000500
========== Epoch 282 ==========
LR =  0.0010000000000000002
Train - acc:        0.976940 loss:        0.066080
Test - acc:         0.912500 loss:        0.343336
Sparsity :          0.9688
Wdecay :        0.000500
========== Epoch 283 ==========
LR =  0.0010000000000000002
Train - acc:        0.979140 loss:        0.062102
Test - acc:         0.915000 loss:        0.334535
Sparsity :          0.9688
Wdecay :        0.000500
========== Epoch 284 ==========
LR =  0.0010000000000000002
Train - acc:        0.979300 loss:        0.060039
Test - acc:         0.915100 loss:        0.340281
Sparsity :          0.9688
Wdecay :        0.000500
========== Epoch 285 ==========
LR =  0.0010000000000000002
Train - acc:        0.978440 loss:        0.063123
Test - acc:         0.913600 loss:        0.341938
Sparsity :          0.9688
Wdecay :        0.000500
========== Epoch 286 ==========
LR =  0.0010000000000000002
Train - acc:        0.979500 loss:        0.059288
Test - acc:         0.914100 loss:        0.345392
Sparsity :          0.9688
Wdecay :        0.000500
========== Epoch 287 ==========
LR =  0.0010000000000000002
Train - acc:        0.980780 loss:        0.057867
Test - acc:         0.914400 loss:        0.342846
Sparsity :          0.9688
Wdecay :        0.000500
========== Epoch 288 ==========
LR =  0.0010000000000000002
Train - acc:        0.979860 loss:        0.059063
Test - acc:         0.913900 loss:        0.342938
Sparsity :          0.9688
Wdecay :        0.000500
========== Epoch 289 ==========
LR =  0.0010000000000000002
Train - acc:        0.979840 loss:        0.059705
Test - acc:         0.912600 loss:        0.346825
Sparsity :          0.9688
Wdecay :        0.000500
========== Epoch 290 ==========
LR =  0.0010000000000000002
Train - acc:        0.981200 loss:        0.056917
Test - acc:         0.914300 loss:        0.350210
Sparsity :          0.9688
Wdecay :        0.000500
========== Epoch 291 ==========
LR =  0.0010000000000000002
Train - acc:        0.979500 loss:        0.058551
Test - acc:         0.914600 loss:        0.342925
Sparsity :          0.9688
Wdecay :        0.000500
========== Epoch 292 ==========
LR =  0.0010000000000000002
Train - acc:        0.980220 loss:        0.057584
Test - acc:         0.913500 loss:        0.351087
Sparsity :          0.9688
Wdecay :        0.000500
========== Epoch 293 ==========
LR =  0.0010000000000000002
Train - acc:        0.981240 loss:        0.055416
Test - acc:         0.911100 loss:        0.347629
Sparsity :          0.9688
Wdecay :        0.000500
========== Epoch 294 ==========
LR =  0.0010000000000000002
Train - acc:        0.981600 loss:        0.054017
Test - acc:         0.913100 loss:        0.350414
Sparsity :          0.9688
Wdecay :        0.000500
========== Epoch 295 ==========
LR =  0.0010000000000000002
Train - acc:        0.981800 loss:        0.053376
Test - acc:         0.910400 loss:        0.356327
Sparsity :          0.9688
Wdecay :        0.000500
========== Epoch 296 ==========
LR =  0.0010000000000000002
Train - acc:        0.981080 loss:        0.054843
Test - acc:         0.913400 loss:        0.353822
Sparsity :          0.9688
Wdecay :        0.000500
========== Epoch 297 ==========
LR =  0.0010000000000000002
Train - acc:        0.980560 loss:        0.054275
Test - acc:         0.912800 loss:        0.355310
Sparsity :          0.9688
Wdecay :        0.000500
========== Epoch 298 ==========
LR =  0.0010000000000000002
Train - acc:        0.980800 loss:        0.054951
Test - acc:         0.914200 loss:        0.354525
Sparsity :          0.9688
Wdecay :        0.000500
========== Epoch 299 ==========
LR =  0.0010000000000000002
Train - acc:        0.981060 loss:        0.056290
Test - acc:         0.915200 loss:        0.346151
Sparsity :          0.9688
Wdecay :        0.000500
========== Epoch 300 ==========
LR =  0.0010000000000000002
Train - acc:        0.982700 loss:        0.051689
Test - acc:         0.915600 loss:        0.349157
Sparsity :          0.9844
Wdecay :        0.000500
========== Epoch 301 ==========
LR =  0.0010000000000000002
Train - acc:        0.765440 loss:        0.718426
Test - acc:         0.816100 loss:        0.565647
Sparsity :          0.9844
Wdecay :        0.000500
========== Epoch 302 ==========
LR =  0.0010000000000000002
Train - acc:        0.843100 loss:        0.460060
Test - acc:         0.835900 loss:        0.498053
Sparsity :          0.9844
Wdecay :        0.000500
========== Epoch 303 ==========
LR =  0.0010000000000000002
Train - acc:        0.860460 loss:        0.404747
Test - acc:         0.849800 loss:        0.463689
Sparsity :          0.9844
Wdecay :        0.000500
========== Epoch 304 ==========
LR =  0.0010000000000000002
Train - acc:        0.875280 loss:        0.364226
Test - acc:         0.857500 loss:        0.442695
Sparsity :          0.9844
Wdecay :        0.000500
========== Epoch 305 ==========
LR =  0.0010000000000000002
Train - acc:        0.880860 loss:        0.345281
Test - acc:         0.860500 loss:        0.432160
Sparsity :          0.9844
Wdecay :        0.000500
========== Epoch 306 ==========
LR =  0.0010000000000000002
Train - acc:        0.886020 loss:        0.330439
Test - acc:         0.860500 loss:        0.427533
Sparsity :          0.9844
Wdecay :        0.000500
========== Epoch 307 ==========
LR =  0.0010000000000000002
Train - acc:        0.891800 loss:        0.314689
Test - acc:         0.863500 loss:        0.422241
Sparsity :          0.9844
Wdecay :        0.000500
========== Epoch 308 ==========
LR =  0.0010000000000000002
Train - acc:        0.893680 loss:        0.304024
Test - acc:         0.867900 loss:        0.413788
Sparsity :          0.9844
Wdecay :        0.000500
========== Epoch 309 ==========
LR =  0.0010000000000000002
Train - acc:        0.898520 loss:        0.291443
Test - acc:         0.866700 loss:        0.415266
Sparsity :          0.9844
Wdecay :        0.000500
========== Epoch 310 ==========
LR =  0.0010000000000000002
Train - acc:        0.899180 loss:        0.290848
Test - acc:         0.867800 loss:        0.418088
Sparsity :          0.9844
Wdecay :        0.000500
========== Epoch 311 ==========
LR =  0.0010000000000000002
Train - acc:        0.903800 loss:        0.279100
Test - acc:         0.872400 loss:        0.403286
Sparsity :          0.9844
Wdecay :        0.000500
========== Epoch 312 ==========
LR =  0.0010000000000000002
Train - acc:        0.903360 loss:        0.274151
Test - acc:         0.875300 loss:        0.400223
Sparsity :          0.9844
Wdecay :        0.000500
========== Epoch 313 ==========
LR =  0.0010000000000000002
Train - acc:        0.906440 loss:        0.269312
Test - acc:         0.873900 loss:        0.404177
Sparsity :          0.9844
Wdecay :        0.000500
========== Epoch 314 ==========
LR =  0.0010000000000000002
Train - acc:        0.907900 loss:        0.264125
Test - acc:         0.874400 loss:        0.398169
Sparsity :          0.9844
Wdecay :        0.000500
========== Epoch 315 ==========
LR =  0.0010000000000000002
Train - acc:        0.907740 loss:        0.260297
Test - acc:         0.874700 loss:        0.395177
Sparsity :          0.9844
Wdecay :        0.000500
========== Epoch 316 ==========
LR =  0.0010000000000000002
Train - acc:        0.910960 loss:        0.258292
Test - acc:         0.877200 loss:        0.389698
Sparsity :          0.9844
Wdecay :        0.000500
========== Epoch 317 ==========
LR =  0.0010000000000000002
Train - acc:        0.912280 loss:        0.249790
Test - acc:         0.878000 loss:        0.400948
Sparsity :          0.9844
Wdecay :        0.000500
========== Epoch 318 ==========
LR =  0.0010000000000000002
Train - acc:        0.914000 loss:        0.243314
Test - acc:         0.874900 loss:        0.403176
Sparsity :          0.9844
Wdecay :        0.000500
========== Epoch 319 ==========
LR =  0.0010000000000000002
Train - acc:        0.914580 loss:        0.244555
Test - acc:         0.875000 loss:        0.404334
Sparsity :          0.9844
Wdecay :        0.000500
========== Epoch 320 ==========
LR =  0.0010000000000000002
Train - acc:        0.914800 loss:        0.243577
Test - acc:         0.874800 loss:        0.402661
Sparsity :          0.9844
Wdecay :        0.000500
========== Epoch 321 ==========
LR =  0.0010000000000000002
Train - acc:        0.916200 loss:        0.239130
Test - acc:         0.876400 loss:        0.393941
Sparsity :          0.9844
Wdecay :        0.000500
========== Epoch 322 ==========
LR =  0.0010000000000000002
Train - acc:        0.915260 loss:        0.237159
Test - acc:         0.878600 loss:        0.387610
Sparsity :          0.9844
Wdecay :        0.000500
========== Epoch 323 ==========
LR =  0.0010000000000000002
Train - acc:        0.917100 loss:        0.234784
Test - acc:         0.876700 loss:        0.388819
Sparsity :          0.9844
Wdecay :        0.000500
========== Epoch 324 ==========
LR =  0.0010000000000000002
Train - acc:        0.917480 loss:        0.234752
Test - acc:         0.875000 loss:        0.400810
Sparsity :          0.9844
Wdecay :        0.000500
========== Epoch 325 ==========
LR =  0.0010000000000000002
Train - acc:        0.918240 loss:        0.232065
Test - acc:         0.881100 loss:        0.382909
Sparsity :          0.9844
Wdecay :        0.000500
========== Epoch 326 ==========
LR =  0.0010000000000000002
Train - acc:        0.919000 loss:        0.230768
Test - acc:         0.880000 loss:        0.384553
Sparsity :          0.9844
Wdecay :        0.000500
========== Epoch 327 ==========
LR =  0.0010000000000000002
Train - acc:        0.920160 loss:        0.229305
Test - acc:         0.879800 loss:        0.382657
Sparsity :          0.9844
Wdecay :        0.000500
========== Epoch 328 ==========
LR =  0.0010000000000000002
Train - acc:        0.920020 loss:        0.227437
Test - acc:         0.882500 loss:        0.391014
Sparsity :          0.9844
Wdecay :        0.000500
========== Epoch 329 ==========
LR =  0.0010000000000000002
Train - acc:        0.920460 loss:        0.224736
Test - acc:         0.882400 loss:        0.379279
Sparsity :          0.9844
Wdecay :        0.000500
========== Epoch 330 ==========
LR =  0.0010000000000000002
Train - acc:        0.922100 loss:        0.221441
Test - acc:         0.883700 loss:        0.387364
Sparsity :          0.9844
Wdecay :        0.000500
========== Epoch 331 ==========
LR =  0.0010000000000000002
Train - acc:        0.922860 loss:        0.220236
Test - acc:         0.883700 loss:        0.379512
Sparsity :          0.9844
Wdecay :        0.000500
========== Epoch 332 ==========
LR =  0.0010000000000000002
Train - acc:        0.924120 loss:        0.217574
Test - acc:         0.880200 loss:        0.392185
Sparsity :          0.9844
Wdecay :        0.000500
========== Epoch 333 ==========
LR =  0.0010000000000000002
Train - acc:        0.923560 loss:        0.218218
Test - acc:         0.882000 loss:        0.384519
Sparsity :          0.9844
Wdecay :        0.000500
========== Epoch 334 ==========
LR =  0.0010000000000000002
Train - acc:        0.923680 loss:        0.214095
Test - acc:         0.883500 loss:        0.383010
Sparsity :          0.9844
Wdecay :        0.000500
========== Epoch 335 ==========
LR =  0.0010000000000000002
Train - acc:        0.924960 loss:        0.213240
Test - acc:         0.877900 loss:        0.398895
Sparsity :          0.9844
Wdecay :        0.000500
========== Epoch 336 ==========
LR =  0.0010000000000000002
Train - acc:        0.926920 loss:        0.212812
Test - acc:         0.876000 loss:        0.406138
Sparsity :          0.9844
Wdecay :        0.000500
========== Epoch 337 ==========
LR =  0.0010000000000000002
Train - acc:        0.923680 loss:        0.215251
Test - acc:         0.882100 loss:        0.382884
Sparsity :          0.9844
Wdecay :        0.000500
========== Epoch 338 ==========
LR =  0.0010000000000000002
Train - acc:        0.924900 loss:        0.213173
Test - acc:         0.881400 loss:        0.386100
Sparsity :          0.9844
Wdecay :        0.000500
========== Epoch 339 ==========
LR =  0.0010000000000000002
Train - acc:        0.925760 loss:        0.210023
Test - acc:         0.877700 loss:        0.406404
Sparsity :          0.9844
Wdecay :        0.000500
========== Epoch 340 ==========
LR =  0.0010000000000000002
Train - acc:        0.926140 loss:        0.208816
Test - acc:         0.879100 loss:        0.387760
Sparsity :          0.9844
Wdecay :        0.000500
========== Epoch 341 ==========
LR =  0.0010000000000000002
Train - acc:        0.924960 loss:        0.211051
Test - acc:         0.881200 loss:        0.387134
Sparsity :          0.9844
Wdecay :        0.000500
========== Epoch 342 ==========
LR =  0.0010000000000000002
Train - acc:        0.927100 loss:        0.207267
Test - acc:         0.877800 loss:        0.402591
Sparsity :          0.9844
Wdecay :        0.000500
========== Epoch 343 ==========
LR =  0.0010000000000000002
Train - acc:        0.925140 loss:        0.208880
Test - acc:         0.882200 loss:        0.391058
Sparsity :          0.9844
Wdecay :        0.000500
========== Epoch 344 ==========
LR =  0.0010000000000000002
Train - acc:        0.927540 loss:        0.204939
Test - acc:         0.877800 loss:        0.401025
Sparsity :          0.9844
Wdecay :        0.000500
========== Epoch 345 ==========
LR =  0.0010000000000000002
Train - acc:        0.929000 loss:        0.204683
Test - acc:         0.880600 loss:        0.391778
Sparsity :          0.9844
Wdecay :        0.000500
========== Epoch 346 ==========
LR =  0.0010000000000000002
Train - acc:        0.928140 loss:        0.203689
Test - acc:         0.882600 loss:        0.381641
Sparsity :          0.9844
Wdecay :        0.000500
========== Epoch 347 ==========
LR =  0.0010000000000000002
Train - acc:        0.928160 loss:        0.203243
Test - acc:         0.884500 loss:        0.379265
Sparsity :          0.9844
Wdecay :        0.000500
========== Epoch 348 ==========
LR =  0.0010000000000000002
Train - acc:        0.929100 loss:        0.200978
Test - acc:         0.878000 loss:        0.390537
Sparsity :          0.9844
Wdecay :        0.000500
========== Epoch 349 ==========
LR =  0.0010000000000000002
Train - acc:        0.928880 loss:        0.200204
Test - acc:         0.881400 loss:        0.387161
Sparsity :          0.9844
Wdecay :        0.000500
========== Epoch 350 ==========
LR =  0.0010000000000000002
Train - acc:        0.930320 loss:        0.198229
Test - acc:         0.878600 loss:        0.391624
Sparsity :          0.9844
Wdecay :        0.000500
