Running --prune_criterion magnitude --seed 44 --prune_freq 39 --prune_rate 0.5 --comment=vgg19_crit=magnitude_pf=39_seed=44 --save_model=pre-finetune/vgg19_magnitude_pf39_s44
******************************
Running
{
    "model": "vgg19",
    "dataset": "cifar10",
    "batch_size": 128,
    "test_batch_size": 2000,
    "epochs": 350,
    "lr": 0.1,
    "device": "cuda",
    "seed": 44,
    "prune_criterion": "magnitude",
    "prune_freq": 39,
    "prune_rate": 0.5,
    "sensitivity": 0,
    "flip_threshold": 1,
    "stop_pruning_at": -1,
    "prune_bias": false,
    "use_ema_flips": false,
    "beta_ema_flips": null,
    "reset_flip_cts": false,
    "normalize_magnitudes": false,
    "logdir": "criterion_experiment_no_bias/vgg19",
    "opt": "sgd",
    "momentum": 0.9,
    "use_scheduler": true,
    "milestones": [
        150,
        250
    ],
    "reg_type": "wdecay",
    "lambda": 0.0005,
    "anneal_lambda": false,
    "anneal_lr": false,
    "add_noise": false,
    "scale_noise_by_lr": false,
    "stop_noise_at": -1,
    "noise_only_prunable": false,
    "noise_scale_factor": 1,
    "snip_sparsity": 0.0,
    "beta_ema": 0.999,
    "lambas": [
        1.0,
        1.0,
        1.0,
        1.0
    ],
    "local_rep": false,
    "temperature": 0.6666666666666666,
    "save_model": "pre-finetune/vgg19_magnitude_pf39_s44",
    "load_model": null,
    "parallel": false
}
******************************
Files already downloaded and verified
Files already downloaded and verified
Total prunable params of model: 20024000
Model has 20040522 total params.
num_weights=20029504
num_biases=11018
---Biases omitted from pruning---
========== Epoch 1 ==========
LR =  0.1
Train - acc:        0.108300 loss:        2.474734
Test - acc:         0.119300 loss:        2.267837
Sparsity :          0.0000
Wdecay :        0.000500
========== Epoch 2 ==========
LR =  0.1
Train - acc:        0.150540 loss:        2.171051
Test - acc:         0.194700 loss:        1.934882
Sparsity :          0.0000
Wdecay :        0.000500
========== Epoch 3 ==========
LR =  0.1
Train - acc:        0.241500 loss:        1.878880
Test - acc:         0.265700 loss:        1.874334
Sparsity :          0.0000
Wdecay :        0.000500
========== Epoch 4 ==========
LR =  0.1
Train - acc:        0.306100 loss:        1.759676
Test - acc:         0.321600 loss:        1.772883
Sparsity :          0.0000
Wdecay :        0.000500
========== Epoch 5 ==========
LR =  0.1
Train - acc:        0.438900 loss:        1.470889
Test - acc:         0.480900 loss:        1.401025
Sparsity :          0.0000
Wdecay :        0.000500
========== Epoch 6 ==========
LR =  0.1
Train - acc:        0.559400 loss:        1.215320
Test - acc:         0.570900 loss:        1.236438
Sparsity :          0.0000
Wdecay :        0.000500
========== Epoch 7 ==========
LR =  0.1
Train - acc:        0.640540 loss:        1.022796
Test - acc:         0.562900 loss:        1.313802
Sparsity :          0.0000
Wdecay :        0.000500
========== Epoch 8 ==========
LR =  0.1
Train - acc:        0.692820 loss:        0.908134
Test - acc:         0.458400 loss:        1.942289
Sparsity :          0.0000
Wdecay :        0.000500
========== Epoch 9 ==========
LR =  0.1
Train - acc:        0.726620 loss:        0.830650
Test - acc:         0.698100 loss:        0.963013
Sparsity :          0.0000
Wdecay :        0.000500
========== Epoch 10 ==========
LR =  0.1
Train - acc:        0.750900 loss:        0.760590
Test - acc:         0.690900 loss:        0.970304
Sparsity :          0.0000
Wdecay :        0.000500
========== Epoch 11 ==========
LR =  0.1
Train - acc:        0.770860 loss:        0.699995
Test - acc:         0.733400 loss:        0.833592
Sparsity :          0.0000
Wdecay :        0.000500
========== Epoch 12 ==========
LR =  0.1
Train - acc:        0.780940 loss:        0.667889
Test - acc:         0.743900 loss:        0.787249
Sparsity :          0.0000
Wdecay :        0.000500
========== Epoch 13 ==========
LR =  0.1
Train - acc:        0.789600 loss:        0.649976
Test - acc:         0.738800 loss:        0.849763
Sparsity :          0.0000
Wdecay :        0.000500
========== Epoch 14 ==========
LR =  0.1
Train - acc:        0.796420 loss:        0.625437
Test - acc:         0.722200 loss:        0.895129
Sparsity :          0.0000
Wdecay :        0.000500
========== Epoch 15 ==========
LR =  0.1
Train - acc:        0.802720 loss:        0.608729
Test - acc:         0.740500 loss:        0.775364
Sparsity :          0.0000
Wdecay :        0.000500
========== Epoch 16 ==========
LR =  0.1
Train - acc:        0.806240 loss:        0.596568
Test - acc:         0.700700 loss:        1.022337
Sparsity :          0.0000
Wdecay :        0.000500
========== Epoch 17 ==========
LR =  0.1
Train - acc:        0.812280 loss:        0.587819
Test - acc:         0.763300 loss:        0.771137
Sparsity :          0.0000
Wdecay :        0.000500
========== Epoch 18 ==========
LR =  0.1
Train - acc:        0.812580 loss:        0.580530
Test - acc:         0.772300 loss:        0.710877
Sparsity :          0.0000
Wdecay :        0.000500
========== Epoch 19 ==========
LR =  0.1
Train - acc:        0.818180 loss:        0.560021
Test - acc:         0.742400 loss:        0.803548
Sparsity :          0.0000
Wdecay :        0.000500
========== Epoch 20 ==========
LR =  0.1
Train - acc:        0.821800 loss:        0.557051
Test - acc:         0.728400 loss:        0.884478
Sparsity :          0.0000
Wdecay :        0.000500
========== Epoch 21 ==========
LR =  0.1
Train - acc:        0.827740 loss:        0.535048
Test - acc:         0.737700 loss:        0.793409
Sparsity :          0.0000
Wdecay :        0.000500
========== Epoch 22 ==========
LR =  0.1
Train - acc:        0.828660 loss:        0.530681
Test - acc:         0.763400 loss:        0.765218
Sparsity :          0.0000
Wdecay :        0.000500
========== Epoch 23 ==========
LR =  0.1
Train - acc:        0.825700 loss:        0.538257
Test - acc:         0.761600 loss:        0.788449
Sparsity :          0.0000
Wdecay :        0.000500
========== Epoch 24 ==========
LR =  0.1
Train - acc:        0.826500 loss:        0.539644
Test - acc:         0.788700 loss:        0.688115
Sparsity :          0.0000
Wdecay :        0.000500
========== Epoch 25 ==========
LR =  0.1
Train - acc:        0.833200 loss:        0.521488
Test - acc:         0.765500 loss:        0.769116
Sparsity :          0.0000
Wdecay :        0.000500
========== Epoch 26 ==========
LR =  0.1
Train - acc:        0.835460 loss:        0.515609
Test - acc:         0.707000 loss:        0.956001
Sparsity :          0.0000
Wdecay :        0.000500
========== Epoch 27 ==========
LR =  0.1
Train - acc:        0.836300 loss:        0.512242
Test - acc:         0.744700 loss:        0.809497
Sparsity :          0.0000
Wdecay :        0.000500
========== Epoch 28 ==========
LR =  0.1
Train - acc:        0.839600 loss:        0.497366
Test - acc:         0.704800 loss:        1.055230
Sparsity :          0.0000
Wdecay :        0.000500
========== Epoch 29 ==========
LR =  0.1
Train - acc:        0.837900 loss:        0.502614
Test - acc:         0.815400 loss:        0.592117
Sparsity :          0.0000
Wdecay :        0.000500
========== Epoch 30 ==========
LR =  0.1
Train - acc:        0.838720 loss:        0.504216
Test - acc:         0.766300 loss:        0.782455
Sparsity :          0.0000
Wdecay :        0.000500
========== Epoch 31 ==========
LR =  0.1
Train - acc:        0.846120 loss:        0.485764
Test - acc:         0.739600 loss:        0.860019
Sparsity :          0.0000
Wdecay :        0.000500
========== Epoch 32 ==========
LR =  0.1
Train - acc:        0.840980 loss:        0.499632
Test - acc:         0.767800 loss:        0.798063
Sparsity :          0.0000
Wdecay :        0.000500
========== Epoch 33 ==========
LR =  0.1
Train - acc:        0.844020 loss:        0.487687
Test - acc:         0.785900 loss:        0.677178
Sparsity :          0.0000
Wdecay :        0.000500
========== Epoch 34 ==========
LR =  0.1
Train - acc:        0.840220 loss:        0.499990
Test - acc:         0.769100 loss:        0.729718
Sparsity :          0.0000
Wdecay :        0.000500
========== Epoch 35 ==========
LR =  0.1
Train - acc:        0.844640 loss:        0.483766
Test - acc:         0.789700 loss:        0.670113
Sparsity :          0.0000
Wdecay :        0.000500
========== Epoch 36 ==========
LR =  0.1
Train - acc:        0.847620 loss:        0.479940
Test - acc:         0.780700 loss:        0.708346
Sparsity :          0.0000
Wdecay :        0.000500
========== Epoch 37 ==========
LR =  0.1
Train - acc:        0.847820 loss:        0.476032
Test - acc:         0.694800 loss:        0.955153
Sparsity :          0.0000
Wdecay :        0.000500
========== Epoch 38 ==========
LR =  0.1
Train - acc:        0.846740 loss:        0.480284
Test - acc:         0.744600 loss:        0.948408
Sparsity :          0.0000
Wdecay :        0.000500
========== Epoch 39 ==========
LR =  0.1
Train - acc:        0.849640 loss:        0.473404
Test - acc:         0.783500 loss:        0.690285
Sparsity :          0.5000
Wdecay :        0.000500
========== Epoch 40 ==========
LR =  0.1
Train - acc:        0.865480 loss:        0.415579
Test - acc:         0.828800 loss:        0.569472
Sparsity :          0.5000
Wdecay :        0.000500
========== Epoch 41 ==========
LR =  0.1
Train - acc:        0.865720 loss:        0.418943
Test - acc:         0.788900 loss:        0.709500
Sparsity :          0.5000
Wdecay :        0.000500
========== Epoch 42 ==========
LR =  0.1
Train - acc:        0.864400 loss:        0.421148
Test - acc:         0.756700 loss:        0.925451
Sparsity :          0.5000
Wdecay :        0.000500
========== Epoch 43 ==========
LR =  0.1
Train - acc:        0.863620 loss:        0.424403
Test - acc:         0.790800 loss:        0.682761
Sparsity :          0.5000
Wdecay :        0.000500
========== Epoch 44 ==========
LR =  0.1
Train - acc:        0.866280 loss:        0.419582
Test - acc:         0.836300 loss:        0.540259
Sparsity :          0.5000
Wdecay :        0.000500
========== Epoch 45 ==========
LR =  0.1
Train - acc:        0.867540 loss:        0.416960
Test - acc:         0.808500 loss:        0.584638
Sparsity :          0.5000
Wdecay :        0.000500
========== Epoch 46 ==========
LR =  0.1
Train - acc:        0.864220 loss:        0.416994
Test - acc:         0.798400 loss:        0.667323
Sparsity :          0.5000
Wdecay :        0.000500
========== Epoch 47 ==========
LR =  0.1
Train - acc:        0.867340 loss:        0.417179
Test - acc:         0.820200 loss:        0.576988
Sparsity :          0.5000
Wdecay :        0.000500
========== Epoch 48 ==========
LR =  0.1
Train - acc:        0.868040 loss:        0.407637
Test - acc:         0.828500 loss:        0.571512
Sparsity :          0.5000
Wdecay :        0.000500
========== Epoch 49 ==========
LR =  0.1
Train - acc:        0.873080 loss:        0.397273
Test - acc:         0.848200 loss:        0.479731
Sparsity :          0.5000
Wdecay :        0.000500
========== Epoch 50 ==========
LR =  0.1
Train - acc:        0.865720 loss:        0.413762
Test - acc:         0.796600 loss:        0.667126
Sparsity :          0.5000
Wdecay :        0.000500
========== Epoch 51 ==========
LR =  0.1
Train - acc:        0.869560 loss:        0.407465
Test - acc:         0.768600 loss:        0.739096
Sparsity :          0.5000
Wdecay :        0.000500
========== Epoch 52 ==========
LR =  0.1
Train - acc:        0.871260 loss:        0.400793
Test - acc:         0.787400 loss:        0.684697
Sparsity :          0.5000
Wdecay :        0.000500
========== Epoch 53 ==========
LR =  0.1
Train - acc:        0.871860 loss:        0.394528
Test - acc:         0.816400 loss:        0.585129
Sparsity :          0.5000
Wdecay :        0.000500
========== Epoch 54 ==========
LR =  0.1
Train - acc:        0.872760 loss:        0.396460
Test - acc:         0.767700 loss:        0.841326
Sparsity :          0.5000
Wdecay :        0.000500
========== Epoch 55 ==========
LR =  0.1
Train - acc:        0.874000 loss:        0.390875
Test - acc:         0.757000 loss:        0.765241
Sparsity :          0.5000
Wdecay :        0.000500
========== Epoch 56 ==========
LR =  0.1
Train - acc:        0.874280 loss:        0.390914
Test - acc:         0.800700 loss:        0.639752
Sparsity :          0.5000
Wdecay :        0.000500
========== Epoch 57 ==========
LR =  0.1
Train - acc:        0.871220 loss:        0.399185
Test - acc:         0.841900 loss:        0.501093
Sparsity :          0.5000
Wdecay :        0.000500
========== Epoch 58 ==========
LR =  0.1
Train - acc:        0.872360 loss:        0.392342
Test - acc:         0.792900 loss:        0.683573
Sparsity :          0.5000
Wdecay :        0.000500
========== Epoch 59 ==========
LR =  0.1
Train - acc:        0.872300 loss:        0.390746
Test - acc:         0.760300 loss:        0.794656
Sparsity :          0.5000
Wdecay :        0.000500
========== Epoch 60 ==========
LR =  0.1
Train - acc:        0.872160 loss:        0.392607
Test - acc:         0.811000 loss:        0.583645
Sparsity :          0.5000
Wdecay :        0.000500
========== Epoch 61 ==========
LR =  0.1
Train - acc:        0.872260 loss:        0.392249
Test - acc:         0.789600 loss:        0.705543
Sparsity :          0.5000
Wdecay :        0.000500
========== Epoch 62 ==========
LR =  0.1
Train - acc:        0.871340 loss:        0.394771
Test - acc:         0.844200 loss:        0.482975
Sparsity :          0.5000
Wdecay :        0.000500
========== Epoch 63 ==========
LR =  0.1
Train - acc:        0.873300 loss:        0.385776
Test - acc:         0.829500 loss:        0.539666
Sparsity :          0.5000
Wdecay :        0.000500
========== Epoch 64 ==========
LR =  0.1
Train - acc:        0.873900 loss:        0.385662
Test - acc:         0.806300 loss:        0.657097
Sparsity :          0.5000
Wdecay :        0.000500
========== Epoch 65 ==========
LR =  0.1
Train - acc:        0.872460 loss:        0.389709
Test - acc:         0.830600 loss:        0.539063
Sparsity :          0.5000
Wdecay :        0.000500
========== Epoch 66 ==========
LR =  0.1
Train - acc:        0.875840 loss:        0.383043
Test - acc:         0.733700 loss:        0.940567
Sparsity :          0.5000
Wdecay :        0.000500
========== Epoch 67 ==========
LR =  0.1
Train - acc:        0.874600 loss:        0.386823
Test - acc:         0.826000 loss:        0.560579
Sparsity :          0.5000
Wdecay :        0.000500
========== Epoch 68 ==========
LR =  0.1
Train - acc:        0.875820 loss:        0.381917
Test - acc:         0.817700 loss:        0.607575
Sparsity :          0.5000
Wdecay :        0.000500
========== Epoch 69 ==========
LR =  0.1
Train - acc:        0.874880 loss:        0.385395
Test - acc:         0.816100 loss:        0.565491
Sparsity :          0.5000
Wdecay :        0.000500
========== Epoch 70 ==========
LR =  0.1
Train - acc:        0.878480 loss:        0.376931
Test - acc:         0.830600 loss:        0.527400
Sparsity :          0.5000
Wdecay :        0.000500
========== Epoch 71 ==========
LR =  0.1
Train - acc:        0.874900 loss:        0.382720
Test - acc:         0.805600 loss:        0.648269
Sparsity :          0.5000
Wdecay :        0.000500
========== Epoch 72 ==========
LR =  0.1
Train - acc:        0.875780 loss:        0.380807
Test - acc:         0.799600 loss:        0.647684
Sparsity :          0.5000
Wdecay :        0.000500
========== Epoch 73 ==========
LR =  0.1
Train - acc:        0.874860 loss:        0.382339
Test - acc:         0.722700 loss:        1.081391
Sparsity :          0.5000
Wdecay :        0.000500
========== Epoch 74 ==========
LR =  0.1
Train - acc:        0.876520 loss:        0.379738
Test - acc:         0.761600 loss:        0.815054
Sparsity :          0.5000
Wdecay :        0.000500
========== Epoch 75 ==========
LR =  0.1
Train - acc:        0.880500 loss:        0.368990
Test - acc:         0.777400 loss:        0.821611
Sparsity :          0.5000
Wdecay :        0.000500
========== Epoch 76 ==========
LR =  0.1
Train - acc:        0.877300 loss:        0.374831
Test - acc:         0.813000 loss:        0.585323
Sparsity :          0.5000
Wdecay :        0.000500
========== Epoch 77 ==========
LR =  0.1
Train - acc:        0.874960 loss:        0.383235
Test - acc:         0.847500 loss:        0.488124
Sparsity :          0.5000
Wdecay :        0.000500
========== Epoch 78 ==========
LR =  0.1
Train - acc:        0.877540 loss:        0.375756
Test - acc:         0.834900 loss:        0.506608
Sparsity :          0.7500
Wdecay :        0.000500
========== Epoch 79 ==========
LR =  0.1
Train - acc:        0.890560 loss:        0.336528
Test - acc:         0.830600 loss:        0.541735
Sparsity :          0.7500
Wdecay :        0.000500
========== Epoch 80 ==========
LR =  0.1
Train - acc:        0.886980 loss:        0.342326
Test - acc:         0.808700 loss:        0.640810
Sparsity :          0.7500
Wdecay :        0.000500
========== Epoch 81 ==========
LR =  0.1
Train - acc:        0.888560 loss:        0.339970
Test - acc:         0.866900 loss:        0.416266
Sparsity :          0.7500
Wdecay :        0.000500
========== Epoch 82 ==========
LR =  0.1
Train - acc:        0.887700 loss:        0.342219
Test - acc:         0.770600 loss:        0.799998
Sparsity :          0.7500
Wdecay :        0.000500
========== Epoch 83 ==========
LR =  0.1
Train - acc:        0.886060 loss:        0.342359
Test - acc:         0.822600 loss:        0.572438
Sparsity :          0.7500
Wdecay :        0.000500
========== Epoch 84 ==========
LR =  0.1
Train - acc:        0.890360 loss:        0.333068
Test - acc:         0.804000 loss:        0.641776
Sparsity :          0.7500
Wdecay :        0.000500
========== Epoch 85 ==========
LR =  0.1
Train - acc:        0.887160 loss:        0.343443
Test - acc:         0.830700 loss:        0.537062
Sparsity :          0.7500
Wdecay :        0.000500
========== Epoch 86 ==========
LR =  0.1
Train - acc:        0.887460 loss:        0.338185
Test - acc:         0.842300 loss:        0.506623
Sparsity :          0.7500
Wdecay :        0.000500
========== Epoch 87 ==========
LR =  0.1
Train - acc:        0.886600 loss:        0.343862
Test - acc:         0.836400 loss:        0.509457
Sparsity :          0.7500
Wdecay :        0.000500
========== Epoch 88 ==========
LR =  0.1
Train - acc:        0.891720 loss:        0.330132
Test - acc:         0.815900 loss:        0.619042
Sparsity :          0.7500
Wdecay :        0.000500
========== Epoch 89 ==========
LR =  0.1
Train - acc:        0.888020 loss:        0.336292
Test - acc:         0.810600 loss:        0.620578
Sparsity :          0.7500
Wdecay :        0.000500
========== Epoch 90 ==========
LR =  0.1
Train - acc:        0.889240 loss:        0.339015
Test - acc:         0.825000 loss:        0.557497
Sparsity :          0.7500
Wdecay :        0.000500
========== Epoch 91 ==========
LR =  0.1
Train - acc:        0.886880 loss:        0.341718
Test - acc:         0.805200 loss:        0.669469
Sparsity :          0.7500
Wdecay :        0.000500
========== Epoch 92 ==========
LR =  0.1
Train - acc:        0.888660 loss:        0.335850
Test - acc:         0.851300 loss:        0.468425
Sparsity :          0.7500
Wdecay :        0.000500
========== Epoch 93 ==========
LR =  0.1
Train - acc:        0.891920 loss:        0.333782
Test - acc:         0.829600 loss:        0.587613
Sparsity :          0.7500
Wdecay :        0.000500
========== Epoch 94 ==========
LR =  0.1
Train - acc:        0.889440 loss:        0.335011
Test - acc:         0.841200 loss:        0.508653
Sparsity :          0.7500
Wdecay :        0.000500
========== Epoch 95 ==========
LR =  0.1
Train - acc:        0.890020 loss:        0.333716
Test - acc:         0.804500 loss:        0.691451
Sparsity :          0.7500
Wdecay :        0.000500
========== Epoch 96 ==========
LR =  0.1
Train - acc:        0.889480 loss:        0.337618
Test - acc:         0.823100 loss:        0.553591
Sparsity :          0.7500
Wdecay :        0.000500
========== Epoch 97 ==========
LR =  0.1
Train - acc:        0.889380 loss:        0.336074
Test - acc:         0.828100 loss:        0.538564
Sparsity :          0.7500
Wdecay :        0.000500
========== Epoch 98 ==========
LR =  0.1
Train - acc:        0.889060 loss:        0.335483
Test - acc:         0.751400 loss:        0.831852
Sparsity :          0.7500
Wdecay :        0.000500
========== Epoch 99 ==========
LR =  0.1
Train - acc:        0.889740 loss:        0.334980
Test - acc:         0.852900 loss:        0.484125
Sparsity :          0.7500
Wdecay :        0.000500
========== Epoch 100 ==========
LR =  0.1
Train - acc:        0.890880 loss:        0.325786
Test - acc:         0.855200 loss:        0.464955
Sparsity :          0.7500
Wdecay :        0.000500
========== Epoch 101 ==========
LR =  0.1
Train - acc:        0.889560 loss:        0.330848
Test - acc:         0.839600 loss:        0.510498
Sparsity :          0.7500
Wdecay :        0.000500
========== Epoch 102 ==========
LR =  0.1
Train - acc:        0.887860 loss:        0.338569
Test - acc:         0.813400 loss:        0.566292
Sparsity :          0.7500
Wdecay :        0.000500
========== Epoch 103 ==========
LR =  0.1
Train - acc:        0.889440 loss:        0.329811
Test - acc:         0.834300 loss:        0.533356
Sparsity :          0.7500
Wdecay :        0.000500
========== Epoch 104 ==========
LR =  0.1
Train - acc:        0.892260 loss:        0.325690
Test - acc:         0.798300 loss:        0.709869
Sparsity :          0.7500
Wdecay :        0.000500
========== Epoch 105 ==========
LR =  0.1
Train - acc:        0.888140 loss:        0.335164
Test - acc:         0.793500 loss:        0.665588
Sparsity :          0.7500
Wdecay :        0.000500
========== Epoch 106 ==========
LR =  0.1
Train - acc:        0.890760 loss:        0.333248
Test - acc:         0.835100 loss:        0.533749
Sparsity :          0.7500
Wdecay :        0.000500
========== Epoch 107 ==========
LR =  0.1
Train - acc:        0.892600 loss:        0.323356
Test - acc:         0.844100 loss:        0.483078
Sparsity :          0.7500
Wdecay :        0.000500
========== Epoch 108 ==========
LR =  0.1
Train - acc:        0.889580 loss:        0.334819
Test - acc:         0.857800 loss:        0.433854
Sparsity :          0.7500
Wdecay :        0.000500
========== Epoch 109 ==========
LR =  0.1
Train - acc:        0.890180 loss:        0.332371
Test - acc:         0.866200 loss:        0.405974
Sparsity :          0.7500
Wdecay :        0.000500
========== Epoch 110 ==========
LR =  0.1
Train - acc:        0.891780 loss:        0.329498
Test - acc:         0.804800 loss:        0.668444
Sparsity :          0.7500
Wdecay :        0.000500
========== Epoch 111 ==========
LR =  0.1
Train - acc:        0.889380 loss:        0.337207
Test - acc:         0.778900 loss:        0.716142
Sparsity :          0.7500
Wdecay :        0.000500
========== Epoch 112 ==========
LR =  0.1
Train - acc:        0.892220 loss:        0.328970
Test - acc:         0.813500 loss:        0.582670
Sparsity :          0.7500
Wdecay :        0.000500
========== Epoch 113 ==========
LR =  0.1
Train - acc:        0.890400 loss:        0.331748
Test - acc:         0.753500 loss:        1.087330
Sparsity :          0.7500
Wdecay :        0.000500
========== Epoch 114 ==========
LR =  0.1
Train - acc:        0.890440 loss:        0.330674
Test - acc:         0.839400 loss:        0.480168
Sparsity :          0.7500
Wdecay :        0.000500
========== Epoch 115 ==========
LR =  0.1
Train - acc:        0.891600 loss:        0.324251
Test - acc:         0.743500 loss:        0.955173
Sparsity :          0.7500
Wdecay :        0.000500
========== Epoch 116 ==========
LR =  0.1
Train - acc:        0.891360 loss:        0.326651
Test - acc:         0.823600 loss:        0.574560
Sparsity :          0.7500
Wdecay :        0.000500
========== Epoch 117 ==========
LR =  0.1
Train - acc:        0.892600 loss:        0.327151
Test - acc:         0.818700 loss:        0.593281
Sparsity :          0.8750
Wdecay :        0.000500
========== Epoch 118 ==========
LR =  0.1
Train - acc:        0.894800 loss:        0.318250
Test - acc:         0.852600 loss:        0.469136
Sparsity :          0.8750
Wdecay :        0.000500
========== Epoch 119 ==========
LR =  0.1
Train - acc:        0.895420 loss:        0.313345
Test - acc:         0.862100 loss:        0.419443
Sparsity :          0.8750
Wdecay :        0.000500
========== Epoch 120 ==========
LR =  0.1
Train - acc:        0.898320 loss:        0.308362
Test - acc:         0.825500 loss:        0.550161
Sparsity :          0.8750
Wdecay :        0.000500
========== Epoch 121 ==========
LR =  0.1
Train - acc:        0.895580 loss:        0.314803
Test - acc:         0.840400 loss:        0.497707
Sparsity :          0.8750
Wdecay :        0.000500
========== Epoch 122 ==========
LR =  0.1
Train - acc:        0.894900 loss:        0.317634
Test - acc:         0.869200 loss:        0.402002
Sparsity :          0.8750
Wdecay :        0.000500
========== Epoch 123 ==========
LR =  0.1
Train - acc:        0.892760 loss:        0.316381
Test - acc:         0.826600 loss:        0.539390
Sparsity :          0.8750
Wdecay :        0.000500
========== Epoch 124 ==========
LR =  0.1
Train - acc:        0.894380 loss:        0.316583
Test - acc:         0.855800 loss:        0.465671
Sparsity :          0.8750
Wdecay :        0.000500
========== Epoch 125 ==========
LR =  0.1
Train - acc:        0.895120 loss:        0.318041
Test - acc:         0.793000 loss:        0.663875
Sparsity :          0.8750
Wdecay :        0.000500
========== Epoch 126 ==========
LR =  0.1
Train - acc:        0.896580 loss:        0.312293
Test - acc:         0.845200 loss:        0.473608
Sparsity :          0.8750
Wdecay :        0.000500
========== Epoch 127 ==========
LR =  0.1
Train - acc:        0.896160 loss:        0.313830
Test - acc:         0.782300 loss:        0.696133
Sparsity :          0.8750
Wdecay :        0.000500
========== Epoch 128 ==========
LR =  0.1
Train - acc:        0.893940 loss:        0.314692
Test - acc:         0.823200 loss:        0.565344
Sparsity :          0.8750
Wdecay :        0.000500
========== Epoch 129 ==========
LR =  0.1
Train - acc:        0.897360 loss:        0.310609
Test - acc:         0.817900 loss:        0.578147
Sparsity :          0.8750
Wdecay :        0.000500
========== Epoch 130 ==========
LR =  0.1
Train - acc:        0.897240 loss:        0.310528
Test - acc:         0.805300 loss:        0.664289
Sparsity :          0.8750
Wdecay :        0.000500
========== Epoch 131 ==========
LR =  0.1
Train - acc:        0.892920 loss:        0.318006
Test - acc:         0.845000 loss:        0.474121
Sparsity :          0.8750
Wdecay :        0.000500
========== Epoch 132 ==========
LR =  0.1
Train - acc:        0.892440 loss:        0.318743
Test - acc:         0.805900 loss:        0.647468
Sparsity :          0.8750
Wdecay :        0.000500
========== Epoch 133 ==========
LR =  0.1
Train - acc:        0.896460 loss:        0.309426
Test - acc:         0.834000 loss:        0.546979
Sparsity :          0.8750
Wdecay :        0.000500
========== Epoch 134 ==========
LR =  0.1
Train - acc:        0.896160 loss:        0.308821
Test - acc:         0.823500 loss:        0.573765
Sparsity :          0.8750
Wdecay :        0.000500
========== Epoch 135 ==========
LR =  0.1
Train - acc:        0.895860 loss:        0.312242
Test - acc:         0.867000 loss:        0.400636
Sparsity :          0.8750
Wdecay :        0.000500
========== Epoch 136 ==========
LR =  0.1
Train - acc:        0.895780 loss:        0.311118
Test - acc:         0.853500 loss:        0.445588
Sparsity :          0.8750
Wdecay :        0.000500
========== Epoch 137 ==========
LR =  0.1
Train - acc:        0.899840 loss:        0.301762
Test - acc:         0.761300 loss:        0.845547
Sparsity :          0.8750
Wdecay :        0.000500
========== Epoch 138 ==========
LR =  0.1
Train - acc:        0.893460 loss:        0.315913
Test - acc:         0.769600 loss:        0.789217
Sparsity :          0.8750
Wdecay :        0.000500
========== Epoch 139 ==========
LR =  0.1
Train - acc:        0.892660 loss:        0.322426
Test - acc:         0.848700 loss:        0.469529
Sparsity :          0.8750
Wdecay :        0.000500
========== Epoch 140 ==========
LR =  0.1
Train - acc:        0.895760 loss:        0.309890
Test - acc:         0.834700 loss:        0.504045
Sparsity :          0.8750
Wdecay :        0.000500
========== Epoch 141 ==========
LR =  0.1
Train - acc:        0.895720 loss:        0.314503
Test - acc:         0.839400 loss:        0.510874
Sparsity :          0.8750
Wdecay :        0.000500
========== Epoch 142 ==========
LR =  0.1
Train - acc:        0.894960 loss:        0.314648
Test - acc:         0.802000 loss:        0.654876
Sparsity :          0.8750
Wdecay :        0.000500
========== Epoch 143 ==========
LR =  0.1
Train - acc:        0.896620 loss:        0.310227
Test - acc:         0.857600 loss:        0.445559
Sparsity :          0.8750
Wdecay :        0.000500
========== Epoch 144 ==========
LR =  0.1
Train - acc:        0.894500 loss:        0.312346
Test - acc:         0.836400 loss:        0.504858
Sparsity :          0.8750
Wdecay :        0.000500
========== Epoch 145 ==========
LR =  0.1
Train - acc:        0.895860 loss:        0.306493
Test - acc:         0.843000 loss:        0.519922
Sparsity :          0.8750
Wdecay :        0.000500
========== Epoch 146 ==========
LR =  0.1
Train - acc:        0.895020 loss:        0.314394
Test - acc:         0.817000 loss:        0.602301
Sparsity :          0.8750
Wdecay :        0.000500
========== Epoch 147 ==========
LR =  0.1
Train - acc:        0.895680 loss:        0.311854
Test - acc:         0.853900 loss:        0.447673
Sparsity :          0.8750
Wdecay :        0.000500
========== Epoch 148 ==========
LR =  0.1
Train - acc:        0.896080 loss:        0.308580
Test - acc:         0.850200 loss:        0.472835
Sparsity :          0.8750
Wdecay :        0.000500
========== Epoch 149 ==========
LR =  0.1
Train - acc:        0.896160 loss:        0.311483
Test - acc:         0.859400 loss:        0.421821
Sparsity :          0.8750
Wdecay :        0.000500
========== Epoch 150 ==========
LR =  0.010000000000000002
Train - acc:        0.897740 loss:        0.308890
Test - acc:         0.812800 loss:        0.592945
Sparsity :          0.8750
Wdecay :        0.000500
========== Epoch 151 ==========
LR =  0.010000000000000002
Train - acc:        0.942140 loss:        0.177932
Test - acc:         0.917800 loss:        0.258337
Sparsity :          0.8750
Wdecay :        0.000500
========== Epoch 152 ==========
LR =  0.010000000000000002
Train - acc:        0.953540 loss:        0.137054
Test - acc:         0.922900 loss:        0.242537
Sparsity :          0.8750
Wdecay :        0.000500
========== Epoch 153 ==========
LR =  0.010000000000000002
Train - acc:        0.957780 loss:        0.125079
Test - acc:         0.922000 loss:        0.245124
Sparsity :          0.8750
Wdecay :        0.000500
========== Epoch 154 ==========
LR =  0.010000000000000002
Train - acc:        0.961900 loss:        0.115000
Test - acc:         0.925600 loss:        0.242009
Sparsity :          0.8750
Wdecay :        0.000500
========== Epoch 155 ==========
LR =  0.010000000000000002
Train - acc:        0.965260 loss:        0.105274
Test - acc:         0.923200 loss:        0.251640
Sparsity :          0.8750
Wdecay :        0.000500
========== Epoch 156 ==========
LR =  0.010000000000000002
Train - acc:        0.968060 loss:        0.097057
Test - acc:         0.925400 loss:        0.248256
Sparsity :          0.9375
Wdecay :        0.000500
========== Epoch 157 ==========
LR =  0.010000000000000002
Train - acc:        0.943920 loss:        0.166564
Test - acc:         0.913000 loss:        0.278047
Sparsity :          0.9375
Wdecay :        0.000500
========== Epoch 158 ==========
LR =  0.010000000000000002
Train - acc:        0.957200 loss:        0.126088
Test - acc:         0.915200 loss:        0.272536
Sparsity :          0.9375
Wdecay :        0.000500
========== Epoch 159 ==========
LR =  0.010000000000000002
Train - acc:        0.961720 loss:        0.113845
Test - acc:         0.918200 loss:        0.275523
Sparsity :          0.9375
Wdecay :        0.000500
========== Epoch 160 ==========
LR =  0.010000000000000002
Train - acc:        0.962080 loss:        0.112435
Test - acc:         0.917400 loss:        0.277201
Sparsity :          0.9375
Wdecay :        0.000500
========== Epoch 161 ==========
LR =  0.010000000000000002
Train - acc:        0.963960 loss:        0.106374
Test - acc:         0.917700 loss:        0.275384
Sparsity :          0.9375
Wdecay :        0.000500
========== Epoch 162 ==========
LR =  0.010000000000000002
Train - acc:        0.965600 loss:        0.102075
Test - acc:         0.918500 loss:        0.282808
Sparsity :          0.9375
Wdecay :        0.000500
========== Epoch 163 ==========
LR =  0.010000000000000002
Train - acc:        0.965680 loss:        0.102462
Test - acc:         0.919700 loss:        0.275309
Sparsity :          0.9375
Wdecay :        0.000500
========== Epoch 164 ==========
LR =  0.010000000000000002
Train - acc:        0.966540 loss:        0.099457
Test - acc:         0.918900 loss:        0.287872
Sparsity :          0.9375
Wdecay :        0.000500
========== Epoch 165 ==========
LR =  0.010000000000000002
Train - acc:        0.967660 loss:        0.093709
Test - acc:         0.913600 loss:        0.290306
Sparsity :          0.9375
Wdecay :        0.000500
========== Epoch 166 ==========
LR =  0.010000000000000002
Train - acc:        0.967720 loss:        0.094066
Test - acc:         0.916700 loss:        0.285251
Sparsity :          0.9375
Wdecay :        0.000500
========== Epoch 167 ==========
LR =  0.010000000000000002
Train - acc:        0.967880 loss:        0.095604
Test - acc:         0.913800 loss:        0.297091
Sparsity :          0.9375
Wdecay :        0.000500
========== Epoch 168 ==========
LR =  0.010000000000000002
Train - acc:        0.968440 loss:        0.094310
Test - acc:         0.915900 loss:        0.280963
Sparsity :          0.9375
Wdecay :        0.000500
========== Epoch 169 ==========
LR =  0.010000000000000002
Train - acc:        0.970120 loss:        0.087915
Test - acc:         0.914400 loss:        0.294980
Sparsity :          0.9375
Wdecay :        0.000500
========== Epoch 170 ==========
LR =  0.010000000000000002
Train - acc:        0.968860 loss:        0.091860
Test - acc:         0.917100 loss:        0.292429
Sparsity :          0.9375
Wdecay :        0.000500
========== Epoch 171 ==========
LR =  0.010000000000000002
Train - acc:        0.970340 loss:        0.086647
Test - acc:         0.910800 loss:        0.308131
Sparsity :          0.9375
Wdecay :        0.000500
========== Epoch 172 ==========
LR =  0.010000000000000002
Train - acc:        0.969500 loss:        0.090303
Test - acc:         0.908600 loss:        0.311815
Sparsity :          0.9375
Wdecay :        0.000500
========== Epoch 173 ==========
LR =  0.010000000000000002
Train - acc:        0.968860 loss:        0.091390
Test - acc:         0.914400 loss:        0.296929
Sparsity :          0.9375
Wdecay :        0.000500
========== Epoch 174 ==========
LR =  0.010000000000000002
Train - acc:        0.969540 loss:        0.088929
Test - acc:         0.910800 loss:        0.312190
Sparsity :          0.9375
Wdecay :        0.000500
========== Epoch 175 ==========
LR =  0.010000000000000002
Train - acc:        0.967660 loss:        0.090480
Test - acc:         0.918600 loss:        0.290081
Sparsity :          0.9375
Wdecay :        0.000500
========== Epoch 176 ==========
LR =  0.010000000000000002
Train - acc:        0.968000 loss:        0.092149
Test - acc:         0.905200 loss:        0.334231
Sparsity :          0.9375
Wdecay :        0.000500
========== Epoch 177 ==========
LR =  0.010000000000000002
Train - acc:        0.968120 loss:        0.091424
Test - acc:         0.905800 loss:        0.327903
Sparsity :          0.9375
Wdecay :        0.000500
========== Epoch 178 ==========
LR =  0.010000000000000002
Train - acc:        0.966180 loss:        0.095946
Test - acc:         0.910500 loss:        0.310708
Sparsity :          0.9375
Wdecay :        0.000500
========== Epoch 179 ==========
LR =  0.010000000000000002
Train - acc:        0.967560 loss:        0.092852
Test - acc:         0.909600 loss:        0.323415
Sparsity :          0.9375
Wdecay :        0.000500
========== Epoch 180 ==========
LR =  0.010000000000000002
Train - acc:        0.967720 loss:        0.091344
Test - acc:         0.904100 loss:        0.335499
Sparsity :          0.9375
Wdecay :        0.000500
========== Epoch 181 ==========
LR =  0.010000000000000002
Train - acc:        0.967920 loss:        0.093508
Test - acc:         0.909000 loss:        0.322238
Sparsity :          0.9375
Wdecay :        0.000500
========== Epoch 182 ==========
LR =  0.010000000000000002
Train - acc:        0.968080 loss:        0.093337
Test - acc:         0.909800 loss:        0.307155
Sparsity :          0.9375
Wdecay :        0.000500
========== Epoch 183 ==========
LR =  0.010000000000000002
Train - acc:        0.968500 loss:        0.092240
Test - acc:         0.912500 loss:        0.312258
Sparsity :          0.9375
Wdecay :        0.000500
========== Epoch 184 ==========
LR =  0.010000000000000002
Train - acc:        0.967480 loss:        0.095472
Test - acc:         0.911300 loss:        0.311036
Sparsity :          0.9375
Wdecay :        0.000500
========== Epoch 185 ==========
LR =  0.010000000000000002
Train - acc:        0.965080 loss:        0.097795
Test - acc:         0.909200 loss:        0.310371
Sparsity :          0.9375
Wdecay :        0.000500
========== Epoch 186 ==========
LR =  0.010000000000000002
Train - acc:        0.967840 loss:        0.094457
Test - acc:         0.908100 loss:        0.337551
Sparsity :          0.9375
Wdecay :        0.000500
========== Epoch 187 ==========
LR =  0.010000000000000002
Train - acc:        0.967220 loss:        0.096983
Test - acc:         0.908600 loss:        0.340460
Sparsity :          0.9375
Wdecay :        0.000500
========== Epoch 188 ==========
LR =  0.010000000000000002
Train - acc:        0.967200 loss:        0.096372
Test - acc:         0.908800 loss:        0.321437
Sparsity :          0.9375
Wdecay :        0.000500
========== Epoch 189 ==========
LR =  0.010000000000000002
Train - acc:        0.965420 loss:        0.098684
Test - acc:         0.909600 loss:        0.310217
Sparsity :          0.9375
Wdecay :        0.000500
========== Epoch 190 ==========
LR =  0.010000000000000002
Train - acc:        0.968240 loss:        0.093104
Test - acc:         0.905800 loss:        0.319268
Sparsity :          0.9375
Wdecay :        0.000500
========== Epoch 191 ==========
LR =  0.010000000000000002
Train - acc:        0.965440 loss:        0.097898
Test - acc:         0.912300 loss:        0.312393
Sparsity :          0.9375
Wdecay :        0.000500
========== Epoch 192 ==========
LR =  0.010000000000000002
Train - acc:        0.966000 loss:        0.098592
Test - acc:         0.907800 loss:        0.327150
Sparsity :          0.9375
Wdecay :        0.000500
========== Epoch 193 ==========
LR =  0.010000000000000002
Train - acc:        0.965660 loss:        0.100940
Test - acc:         0.906700 loss:        0.315103
Sparsity :          0.9375
Wdecay :        0.000500
========== Epoch 194 ==========
LR =  0.010000000000000002
Train - acc:        0.965240 loss:        0.099821
Test - acc:         0.910200 loss:        0.313964
Sparsity :          0.9375
Wdecay :        0.000500
========== Epoch 195 ==========
LR =  0.010000000000000002
Train - acc:        0.966760 loss:        0.096506
Test - acc:         0.900700 loss:        0.344934
Sparsity :          0.9688
Wdecay :        0.000500
========== Epoch 196 ==========
LR =  0.010000000000000002
Train - acc:        0.908920 loss:        0.271151
Test - acc:         0.876600 loss:        0.380546
Sparsity :          0.9688
Wdecay :        0.000500
========== Epoch 197 ==========
LR =  0.010000000000000002
Train - acc:        0.930140 loss:        0.200320
Test - acc:         0.873700 loss:        0.396502
Sparsity :          0.9688
Wdecay :        0.000500
========== Epoch 198 ==========
LR =  0.010000000000000002
Train - acc:        0.934120 loss:        0.191909
Test - acc:         0.882200 loss:        0.388235
Sparsity :          0.9688
Wdecay :        0.000500
========== Epoch 199 ==========
LR =  0.010000000000000002
Train - acc:        0.939440 loss:        0.175641
Test - acc:         0.883000 loss:        0.394251
Sparsity :          0.9688
Wdecay :        0.000500
========== Epoch 200 ==========
LR =  0.010000000000000002
Train - acc:        0.939360 loss:        0.173067
Test - acc:         0.885400 loss:        0.381341
Sparsity :          0.9688
Wdecay :        0.000500
========== Epoch 201 ==========
LR =  0.010000000000000002
Train - acc:        0.941100 loss:        0.170522
Test - acc:         0.886000 loss:        0.383440
Sparsity :          0.9688
Wdecay :        0.000500
========== Epoch 202 ==========
LR =  0.010000000000000002
Train - acc:        0.942080 loss:        0.165275
Test - acc:         0.876800 loss:        0.398997
Sparsity :          0.9688
Wdecay :        0.000500
========== Epoch 203 ==========
LR =  0.010000000000000002
Train - acc:        0.943620 loss:        0.163788
Test - acc:         0.885200 loss:        0.382393
Sparsity :          0.9688
Wdecay :        0.000500
========== Epoch 204 ==========
LR =  0.010000000000000002
Train - acc:        0.943680 loss:        0.163018
Test - acc:         0.889800 loss:        0.361069
Sparsity :          0.9688
Wdecay :        0.000500
========== Epoch 205 ==========
LR =  0.010000000000000002
Train - acc:        0.945400 loss:        0.157558
Test - acc:         0.896000 loss:        0.338261
Sparsity :          0.9688
Wdecay :        0.000500
========== Epoch 206 ==========
LR =  0.010000000000000002
Train - acc:        0.945120 loss:        0.157070
Test - acc:         0.888900 loss:        0.358927
Sparsity :          0.9688
Wdecay :        0.000500
========== Epoch 207 ==========
LR =  0.010000000000000002
Train - acc:        0.944800 loss:        0.156619
Test - acc:         0.884400 loss:        0.387752
Sparsity :          0.9688
Wdecay :        0.000500
========== Epoch 208 ==========
LR =  0.010000000000000002
Train - acc:        0.946380 loss:        0.152710
Test - acc:         0.880100 loss:        0.403269
Sparsity :          0.9688
Wdecay :        0.000500
========== Epoch 209 ==========
LR =  0.010000000000000002
Train - acc:        0.945160 loss:        0.159321
Test - acc:         0.895200 loss:        0.342444
Sparsity :          0.9688
Wdecay :        0.000500
========== Epoch 210 ==========
LR =  0.010000000000000002
Train - acc:        0.947740 loss:        0.151190
Test - acc:         0.896000 loss:        0.350154
Sparsity :          0.9688
Wdecay :        0.000500
========== Epoch 211 ==========
LR =  0.010000000000000002
Train - acc:        0.946560 loss:        0.153130
Test - acc:         0.879000 loss:        0.416847
Sparsity :          0.9688
Wdecay :        0.000500
========== Epoch 212 ==========
LR =  0.010000000000000002
Train - acc:        0.946440 loss:        0.155745
Test - acc:         0.901100 loss:        0.330965
Sparsity :          0.9688
Wdecay :        0.000500
========== Epoch 213 ==========
LR =  0.010000000000000002
Train - acc:        0.946680 loss:        0.151339
Test - acc:         0.890200 loss:        0.362063
Sparsity :          0.9688
Wdecay :        0.000500
========== Epoch 214 ==========
LR =  0.010000000000000002
Train - acc:        0.945560 loss:        0.156570
Test - acc:         0.897100 loss:        0.343880
Sparsity :          0.9688
Wdecay :        0.000500
========== Epoch 215 ==========
LR =  0.010000000000000002
Train - acc:        0.948240 loss:        0.148490
Test - acc:         0.888000 loss:        0.373167
Sparsity :          0.9688
Wdecay :        0.000500
========== Epoch 216 ==========
LR =  0.010000000000000002
Train - acc:        0.948180 loss:        0.149327
Test - acc:         0.893500 loss:        0.345842
Sparsity :          0.9688
Wdecay :        0.000500
========== Epoch 217 ==========
LR =  0.010000000000000002
Train - acc:        0.948160 loss:        0.150505
Test - acc:         0.886100 loss:        0.382424
Sparsity :          0.9688
Wdecay :        0.000500
========== Epoch 218 ==========
LR =  0.010000000000000002
Train - acc:        0.948120 loss:        0.150484
Test - acc:         0.893800 loss:        0.345184
Sparsity :          0.9688
Wdecay :        0.000500
========== Epoch 219 ==========
LR =  0.010000000000000002
Train - acc:        0.947240 loss:        0.151174
Test - acc:         0.893000 loss:        0.360799
Sparsity :          0.9688
Wdecay :        0.000500
========== Epoch 220 ==========
LR =  0.010000000000000002
Train - acc:        0.947880 loss:        0.149849
Test - acc:         0.892100 loss:        0.356330
Sparsity :          0.9688
Wdecay :        0.000500
========== Epoch 221 ==========
LR =  0.010000000000000002
Train - acc:        0.947580 loss:        0.147998
Test - acc:         0.890800 loss:        0.373229
Sparsity :          0.9688
Wdecay :        0.000500
========== Epoch 222 ==========
LR =  0.010000000000000002
Train - acc:        0.948580 loss:        0.147366
Test - acc:         0.891800 loss:        0.364039
Sparsity :          0.9688
Wdecay :        0.000500
========== Epoch 223 ==========
LR =  0.010000000000000002
Train - acc:        0.947620 loss:        0.149815
Test - acc:         0.885100 loss:        0.382888
Sparsity :          0.9688
Wdecay :        0.000500
========== Epoch 224 ==========
LR =  0.010000000000000002
Train - acc:        0.947000 loss:        0.149054
Test - acc:         0.893800 loss:        0.350085
Sparsity :          0.9688
Wdecay :        0.000500
========== Epoch 225 ==========
LR =  0.010000000000000002
Train - acc:        0.949420 loss:        0.146651
Test - acc:         0.895500 loss:        0.336633
Sparsity :          0.9688
Wdecay :        0.000500
========== Epoch 226 ==========
LR =  0.010000000000000002
Train - acc:        0.948580 loss:        0.145800
Test - acc:         0.888700 loss:        0.357751
Sparsity :          0.9688
Wdecay :        0.000500
========== Epoch 227 ==========
LR =  0.010000000000000002
Train - acc:        0.949160 loss:        0.147717
Test - acc:         0.885200 loss:        0.387871
Sparsity :          0.9688
Wdecay :        0.000500
========== Epoch 228 ==========
LR =  0.010000000000000002
Train - acc:        0.948660 loss:        0.147733
Test - acc:         0.893600 loss:        0.353155
Sparsity :          0.9688
Wdecay :        0.000500
========== Epoch 229 ==========
LR =  0.010000000000000002
Train - acc:        0.948880 loss:        0.147289
Test - acc:         0.891200 loss:        0.354455
Sparsity :          0.9688
Wdecay :        0.000500
========== Epoch 230 ==========
LR =  0.010000000000000002
Train - acc:        0.948780 loss:        0.147819
Test - acc:         0.896900 loss:        0.339317
Sparsity :          0.9688
Wdecay :        0.000500
========== Epoch 231 ==========
LR =  0.010000000000000002
Train - acc:        0.949620 loss:        0.145183
Test - acc:         0.874700 loss:        0.437728
Sparsity :          0.9688
Wdecay :        0.000500
========== Epoch 232 ==========
LR =  0.010000000000000002
Train - acc:        0.949100 loss:        0.144273
Test - acc:         0.887500 loss:        0.386274
Sparsity :          0.9688
Wdecay :        0.000500
========== Epoch 233 ==========
LR =  0.010000000000000002
Train - acc:        0.949120 loss:        0.144602
Test - acc:         0.869700 loss:        0.449274
Sparsity :          0.9688
Wdecay :        0.000500
========== Epoch 234 ==========
LR =  0.010000000000000002
Train - acc:        0.948360 loss:        0.146430
Test - acc:         0.885200 loss:        0.383397
Sparsity :          0.9844
Wdecay :        0.000500
========== Epoch 235 ==========
LR =  0.010000000000000002
Train - acc:        0.871020 loss:        0.378494
Test - acc:         0.839100 loss:        0.505178
Sparsity :          0.9844
Wdecay :        0.000500
========== Epoch 236 ==========
LR =  0.010000000000000002
Train - acc:        0.894340 loss:        0.306639
Test - acc:         0.852800 loss:        0.470107
Sparsity :          0.9844
Wdecay :        0.000500
========== Epoch 237 ==========
LR =  0.010000000000000002
Train - acc:        0.901040 loss:        0.288197
Test - acc:         0.844700 loss:        0.471539
Sparsity :          0.9844
Wdecay :        0.000500
========== Epoch 238 ==========
LR =  0.010000000000000002
Train - acc:        0.903440 loss:        0.277333
Test - acc:         0.872400 loss:        0.386397
Sparsity :          0.9844
Wdecay :        0.000500
========== Epoch 239 ==========
LR =  0.010000000000000002
Train - acc:        0.904940 loss:        0.272728
Test - acc:         0.866100 loss:        0.413756
Sparsity :          0.9844
Wdecay :        0.000500
========== Epoch 240 ==========
LR =  0.010000000000000002
Train - acc:        0.906220 loss:        0.269566
Test - acc:         0.862800 loss:        0.436665
Sparsity :          0.9844
Wdecay :        0.000500
========== Epoch 241 ==========
LR =  0.010000000000000002
Train - acc:        0.908040 loss:        0.266757
Test - acc:         0.865700 loss:        0.415192
Sparsity :          0.9844
Wdecay :        0.000500
========== Epoch 242 ==========
LR =  0.010000000000000002
Train - acc:        0.908700 loss:        0.263893
Test - acc:         0.870900 loss:        0.401841
Sparsity :          0.9844
Wdecay :        0.000500
========== Epoch 243 ==========
LR =  0.010000000000000002
Train - acc:        0.911440 loss:        0.259966
Test - acc:         0.857200 loss:        0.438046
Sparsity :          0.9844
Wdecay :        0.000500
========== Epoch 244 ==========
LR =  0.010000000000000002
Train - acc:        0.911140 loss:        0.259063
Test - acc:         0.871200 loss:        0.407563
Sparsity :          0.9844
Wdecay :        0.000500
========== Epoch 245 ==========
LR =  0.010000000000000002
Train - acc:        0.911520 loss:        0.255552
Test - acc:         0.862700 loss:        0.439560
Sparsity :          0.9844
Wdecay :        0.000500
========== Epoch 246 ==========
LR =  0.010000000000000002
Train - acc:        0.911320 loss:        0.256866
Test - acc:         0.860500 loss:        0.434848
Sparsity :          0.9844
Wdecay :        0.000500
========== Epoch 247 ==========
LR =  0.010000000000000002
Train - acc:        0.911480 loss:        0.256018
Test - acc:         0.876800 loss:        0.383603
Sparsity :          0.9844
Wdecay :        0.000500
========== Epoch 248 ==========
LR =  0.010000000000000002
Train - acc:        0.913660 loss:        0.249488
Test - acc:         0.861700 loss:        0.436288
Sparsity :          0.9844
Wdecay :        0.000500
========== Epoch 249 ==========
LR =  0.010000000000000002
Train - acc:        0.911680 loss:        0.253250
Test - acc:         0.869500 loss:        0.402918
Sparsity :          0.9844
Wdecay :        0.000500
========== Epoch 250 ==========
LR =  0.0010000000000000002
Train - acc:        0.912660 loss:        0.249273
Test - acc:         0.877000 loss:        0.378193
Sparsity :          0.9844
Wdecay :        0.000500
========== Epoch 251 ==========
LR =  0.0010000000000000002
Train - acc:        0.929940 loss:        0.199505
Test - acc:         0.895200 loss:        0.327733
Sparsity :          0.9844
Wdecay :        0.000500
========== Epoch 252 ==========
LR =  0.0010000000000000002
Train - acc:        0.936980 loss:        0.179278
Test - acc:         0.895200 loss:        0.329379
Sparsity :          0.9844
Wdecay :        0.000500
========== Epoch 253 ==========
LR =  0.0010000000000000002
Train - acc:        0.941380 loss:        0.169962
Test - acc:         0.895300 loss:        0.330862
Sparsity :          0.9844
Wdecay :        0.000500
========== Epoch 254 ==========
LR =  0.0010000000000000002
Train - acc:        0.940800 loss:        0.169613
Test - acc:         0.898600 loss:        0.330923
Sparsity :          0.9844
Wdecay :        0.000500
========== Epoch 255 ==========
LR =  0.0010000000000000002
Train - acc:        0.942660 loss:        0.164749
Test - acc:         0.896800 loss:        0.330613
Sparsity :          0.9844
Wdecay :        0.000500
========== Epoch 256 ==========
LR =  0.0010000000000000002
Train - acc:        0.943200 loss:        0.160797
Test - acc:         0.897900 loss:        0.334117
Sparsity :          0.9844
Wdecay :        0.000500
========== Epoch 257 ==========
LR =  0.0010000000000000002
Train - acc:        0.946100 loss:        0.155583
Test - acc:         0.897200 loss:        0.335270
Sparsity :          0.9844
Wdecay :        0.000500
========== Epoch 258 ==========
LR =  0.0010000000000000002
Train - acc:        0.946040 loss:        0.157218
Test - acc:         0.897600 loss:        0.334463
Sparsity :          0.9844
Wdecay :        0.000500
========== Epoch 259 ==========
LR =  0.0010000000000000002
Train - acc:        0.945400 loss:        0.156828
Test - acc:         0.896200 loss:        0.335172
Sparsity :          0.9844
Wdecay :        0.000500
========== Epoch 260 ==========
LR =  0.0010000000000000002
Train - acc:        0.946940 loss:        0.152836
Test - acc:         0.895800 loss:        0.337234
Sparsity :          0.9844
Wdecay :        0.000500
========== Epoch 261 ==========
LR =  0.0010000000000000002
Train - acc:        0.947220 loss:        0.149436
Test - acc:         0.896600 loss:        0.344475
Sparsity :          0.9844
Wdecay :        0.000500
========== Epoch 262 ==========
LR =  0.0010000000000000002
Train - acc:        0.948040 loss:        0.149797
Test - acc:         0.895400 loss:        0.336594
Sparsity :          0.9844
Wdecay :        0.000500
========== Epoch 263 ==========
LR =  0.0010000000000000002
Train - acc:        0.946880 loss:        0.150029
Test - acc:         0.895700 loss:        0.339554
Sparsity :          0.9844
Wdecay :        0.000500
========== Epoch 264 ==========
LR =  0.0010000000000000002
Train - acc:        0.947160 loss:        0.151520
Test - acc:         0.894500 loss:        0.343434
Sparsity :          0.9844
Wdecay :        0.000500
========== Epoch 265 ==========
LR =  0.0010000000000000002
Train - acc:        0.949000 loss:        0.146541
Test - acc:         0.895300 loss:        0.343051
Sparsity :          0.9844
Wdecay :        0.000500
========== Epoch 266 ==========
LR =  0.0010000000000000002
Train - acc:        0.949520 loss:        0.144579
Test - acc:         0.897000 loss:        0.339376
Sparsity :          0.9844
Wdecay :        0.000500
========== Epoch 267 ==========
LR =  0.0010000000000000002
Train - acc:        0.951360 loss:        0.143111
Test - acc:         0.898400 loss:        0.343804
Sparsity :          0.9844
Wdecay :        0.000500
========== Epoch 268 ==========
LR =  0.0010000000000000002
Train - acc:        0.948400 loss:        0.146076
Test - acc:         0.897600 loss:        0.345672
Sparsity :          0.9844
Wdecay :        0.000500
========== Epoch 269 ==========
LR =  0.0010000000000000002
Train - acc:        0.950180 loss:        0.142370
Test - acc:         0.897500 loss:        0.344149
Sparsity :          0.9844
Wdecay :        0.000500
========== Epoch 270 ==========
LR =  0.0010000000000000002
Train - acc:        0.951620 loss:        0.140116
Test - acc:         0.897700 loss:        0.343783
Sparsity :          0.9844
Wdecay :        0.000500
========== Epoch 271 ==========
LR =  0.0010000000000000002
Train - acc:        0.951660 loss:        0.139774
Test - acc:         0.898500 loss:        0.342715
Sparsity :          0.9844
Wdecay :        0.000500
========== Epoch 272 ==========
LR =  0.0010000000000000002
Train - acc:        0.952620 loss:        0.138506
Test - acc:         0.899600 loss:        0.345201
Sparsity :          0.9844
Wdecay :        0.000500
========== Epoch 273 ==========
LR =  0.0010000000000000002
Train - acc:        0.950160 loss:        0.139411
Test - acc:         0.899100 loss:        0.346163
Sparsity :          0.9922
Wdecay :        0.000500
========== Epoch 274 ==========
LR =  0.0010000000000000002
Train - acc:        0.709680 loss:        0.884008
Test - acc:         0.767400 loss:        0.699670
Sparsity :          0.9922
Wdecay :        0.000500
========== Epoch 275 ==========
LR =  0.0010000000000000002
Train - acc:        0.781760 loss:        0.639784
Test - acc:         0.791400 loss:        0.630739
Sparsity :          0.9922
Wdecay :        0.000500
========== Epoch 276 ==========
LR =  0.0010000000000000002
Train - acc:        0.800600 loss:        0.584278
Test - acc:         0.804900 loss:        0.586687
Sparsity :          0.9922
Wdecay :        0.000500
========== Epoch 277 ==========
LR =  0.0010000000000000002
Train - acc:        0.813060 loss:        0.549790
Test - acc:         0.809600 loss:        0.571738
Sparsity :          0.9922
Wdecay :        0.000500
========== Epoch 278 ==========
LR =  0.0010000000000000002
Train - acc:        0.821200 loss:        0.523010
Test - acc:         0.813800 loss:        0.554970
Sparsity :          0.9922
Wdecay :        0.000500
========== Epoch 279 ==========
LR =  0.0010000000000000002
Train - acc:        0.824900 loss:        0.509709
Test - acc:         0.820100 loss:        0.543675
Sparsity :          0.9922
Wdecay :        0.000500
========== Epoch 280 ==========
LR =  0.0010000000000000002
Train - acc:        0.828900 loss:        0.501821
Test - acc:         0.824200 loss:        0.527021
Sparsity :          0.9922
Wdecay :        0.000500
========== Epoch 281 ==========
LR =  0.0010000000000000002
Train - acc:        0.832000 loss:        0.483260
Test - acc:         0.823400 loss:        0.526916
Sparsity :          0.9922
Wdecay :        0.000500
========== Epoch 282 ==========
LR =  0.0010000000000000002
Train - acc:        0.835340 loss:        0.476192
Test - acc:         0.822000 loss:        0.527264
Sparsity :          0.9922
Wdecay :        0.000500
========== Epoch 283 ==========
LR =  0.0010000000000000002
Train - acc:        0.835980 loss:        0.473987
Test - acc:         0.824100 loss:        0.518299
Sparsity :          0.9922
Wdecay :        0.000500
========== Epoch 284 ==========
LR =  0.0010000000000000002
Train - acc:        0.841240 loss:        0.459192
Test - acc:         0.827800 loss:        0.506873
Sparsity :          0.9922
Wdecay :        0.000500
========== Epoch 285 ==========
LR =  0.0010000000000000002
Train - acc:        0.843320 loss:        0.454670
Test - acc:         0.828500 loss:        0.517615
Sparsity :          0.9922
Wdecay :        0.000500
========== Epoch 286 ==========
LR =  0.0010000000000000002
Train - acc:        0.843340 loss:        0.448787
Test - acc:         0.829100 loss:        0.503461
Sparsity :          0.9922
Wdecay :        0.000500
========== Epoch 287 ==========
LR =  0.0010000000000000002
Train - acc:        0.846720 loss:        0.441565
Test - acc:         0.831700 loss:        0.499502
Sparsity :          0.9922
Wdecay :        0.000500
========== Epoch 288 ==========
LR =  0.0010000000000000002
Train - acc:        0.846400 loss:        0.439562
Test - acc:         0.831500 loss:        0.501794
Sparsity :          0.9922
Wdecay :        0.000500
========== Epoch 289 ==========
LR =  0.0010000000000000002
Train - acc:        0.849280 loss:        0.437013
Test - acc:         0.832600 loss:        0.504541
Sparsity :          0.9922
Wdecay :        0.000500
========== Epoch 290 ==========
LR =  0.0010000000000000002
Train - acc:        0.850400 loss:        0.430139
Test - acc:         0.834700 loss:        0.496049
Sparsity :          0.9922
Wdecay :        0.000500
========== Epoch 291 ==========
LR =  0.0010000000000000002
Train - acc:        0.851140 loss:        0.427883
Test - acc:         0.828400 loss:        0.509788
Sparsity :          0.9922
Wdecay :        0.000500
========== Epoch 292 ==========
LR =  0.0010000000000000002
Train - acc:        0.851580 loss:        0.429799
Test - acc:         0.835800 loss:        0.491183
Sparsity :          0.9922
Wdecay :        0.000500
========== Epoch 293 ==========
LR =  0.0010000000000000002
Train - acc:        0.854860 loss:        0.421433
Test - acc:         0.836700 loss:        0.489066
Sparsity :          0.9922
Wdecay :        0.000500
========== Epoch 294 ==========
LR =  0.0010000000000000002
Train - acc:        0.852240 loss:        0.420152
Test - acc:         0.838100 loss:        0.482788
Sparsity :          0.9922
Wdecay :        0.000500
========== Epoch 295 ==========
LR =  0.0010000000000000002
Train - acc:        0.855740 loss:        0.414815
Test - acc:         0.832800 loss:        0.491658
Sparsity :          0.9922
Wdecay :        0.000500
========== Epoch 296 ==========
LR =  0.0010000000000000002
Train - acc:        0.857480 loss:        0.414202
Test - acc:         0.832900 loss:        0.497811
Sparsity :          0.9922
Wdecay :        0.000500
========== Epoch 297 ==========
LR =  0.0010000000000000002
Train - acc:        0.857300 loss:        0.410387
Test - acc:         0.838500 loss:        0.488721
Sparsity :          0.9922
Wdecay :        0.000500
========== Epoch 298 ==========
LR =  0.0010000000000000002
Train - acc:        0.858820 loss:        0.407207
Test - acc:         0.834900 loss:        0.495658
Sparsity :          0.9922
Wdecay :        0.000500
========== Epoch 299 ==========
LR =  0.0010000000000000002
Train - acc:        0.858140 loss:        0.407886
Test - acc:         0.836000 loss:        0.485301
Sparsity :          0.9922
Wdecay :        0.000500
========== Epoch 300 ==========
LR =  0.0010000000000000002
Train - acc:        0.860820 loss:        0.400875
Test - acc:         0.839900 loss:        0.477204
Sparsity :          0.9922
Wdecay :        0.000500
========== Epoch 301 ==========
LR =  0.0010000000000000002
Train - acc:        0.858720 loss:        0.403701
Test - acc:         0.838900 loss:        0.480990
Sparsity :          0.9922
Wdecay :        0.000500
========== Epoch 302 ==========
LR =  0.0010000000000000002
Train - acc:        0.861820 loss:        0.399515
Test - acc:         0.835300 loss:        0.489682
Sparsity :          0.9922
Wdecay :        0.000500
========== Epoch 303 ==========
LR =  0.0010000000000000002
Train - acc:        0.863360 loss:        0.391585
Test - acc:         0.835300 loss:        0.497428
Sparsity :          0.9922
Wdecay :        0.000500
========== Epoch 304 ==========
LR =  0.0010000000000000002
Train - acc:        0.862800 loss:        0.394437
Test - acc:         0.842600 loss:        0.478585
Sparsity :          0.9922
Wdecay :        0.000500
========== Epoch 305 ==========
LR =  0.0010000000000000002
Train - acc:        0.861760 loss:        0.391579
Test - acc:         0.842800 loss:        0.469801
Sparsity :          0.9922
Wdecay :        0.000500
========== Epoch 306 ==========
LR =  0.0010000000000000002
Train - acc:        0.863480 loss:        0.393237
Test - acc:         0.844700 loss:        0.466345
Sparsity :          0.9922
Wdecay :        0.000500
========== Epoch 307 ==========
LR =  0.0010000000000000002
Train - acc:        0.865140 loss:        0.387651
Test - acc:         0.844400 loss:        0.468231
Sparsity :          0.9922
Wdecay :        0.000500
========== Epoch 308 ==========
LR =  0.0010000000000000002
Train - acc:        0.864580 loss:        0.387316
Test - acc:         0.845700 loss:        0.465608
Sparsity :          0.9922
Wdecay :        0.000500
========== Epoch 309 ==========
LR =  0.0010000000000000002
Train - acc:        0.863260 loss:        0.389913
Test - acc:         0.842200 loss:        0.467263
Sparsity :          0.9922
Wdecay :        0.000500
========== Epoch 310 ==========
LR =  0.0010000000000000002
Train - acc:        0.865980 loss:        0.387892
Test - acc:         0.845300 loss:        0.462498
Sparsity :          0.9922
Wdecay :        0.000500
========== Epoch 311 ==========
LR =  0.0010000000000000002
Train - acc:        0.864300 loss:        0.388095
Test - acc:         0.846500 loss:        0.468323
Sparsity :          0.9922
Wdecay :        0.000500
========== Epoch 312 ==========
LR =  0.0010000000000000002
Train - acc:        0.864960 loss:        0.383560
Test - acc:         0.848200 loss:        0.461814
Sparsity :          0.9961
Wdecay :        0.000500
========== Epoch 313 ==========
LR =  0.0010000000000000002
Train - acc:        0.515420 loss:        1.467524
Test - acc:         0.100000 loss:       17.435233
Sparsity :          0.9961
Wdecay :        0.000500
========== Epoch 314 ==========
LR =  0.0010000000000000002
Train - acc:        0.617680 loss:        1.167218
Test - acc:         0.502200 loss:        1.524366
Sparsity :          0.9961
Wdecay :        0.000500
========== Epoch 315 ==========
LR =  0.0010000000000000002
Train - acc:        0.654420 loss:        1.074540
Test - acc:         0.586800 loss:        1.254174
Sparsity :          0.9961
Wdecay :        0.000500
========== Epoch 316 ==========
LR =  0.0010000000000000002
Train - acc:        0.674420 loss:        1.011439
Test - acc:         0.100000 loss:        5.404911
Sparsity :          0.9961
Wdecay :        0.000500
========== Epoch 317 ==========
LR =  0.0010000000000000002
Train - acc:        0.687700 loss:        0.962057
Test - acc:         0.100100 loss:        5.269079
Sparsity :          0.9961
Wdecay :        0.000500
========== Epoch 318 ==========
LR =  0.0010000000000000002
Train - acc:        0.698400 loss:        0.926678
Test - acc:         0.581100 loss:        1.284789
Sparsity :          0.9961
Wdecay :        0.000500
========== Epoch 319 ==========
LR =  0.0010000000000000002
Train - acc:        0.706640 loss:        0.895666
Test - acc:         0.588000 loss:        1.248249
Sparsity :          0.9961
Wdecay :        0.000500
========== Epoch 320 ==========
LR =  0.0010000000000000002
Train - acc:        0.713560 loss:        0.872219
Test - acc:         0.649400 loss:        1.051102
Sparsity :          0.9961
Wdecay :        0.000500
========== Epoch 321 ==========
LR =  0.0010000000000000002
Train - acc:        0.718100 loss:        0.851568
Test - acc:         0.100000 loss:       13.221867
Sparsity :          0.9961
Wdecay :        0.000500
========== Epoch 322 ==========
LR =  0.0010000000000000002
Train - acc:        0.721800 loss:        0.835298
Test - acc:         0.658800 loss:        1.028349
Sparsity :          0.9961
Wdecay :        0.000500
========== Epoch 323 ==========
LR =  0.0010000000000000002
Train - acc:        0.729220 loss:        0.818697
Test - acc:         0.627600 loss:        1.120091
Sparsity :          0.9961
Wdecay :        0.000500
========== Epoch 324 ==========
LR =  0.0010000000000000002
Train - acc:        0.729160 loss:        0.807795
Test - acc:         0.647800 loss:        1.061525
Sparsity :          0.9961
Wdecay :        0.000500
========== Epoch 325 ==========
LR =  0.0010000000000000002
Train - acc:        0.735080 loss:        0.792065
Test - acc:         0.160300 loss:        3.391854
Sparsity :          0.9961
Wdecay :        0.000500
========== Epoch 326 ==========
LR =  0.0010000000000000002
Train - acc:        0.735280 loss:        0.790117
Test - acc:         0.744900 loss:        0.772309
Sparsity :          0.9961
Wdecay :        0.000500
========== Epoch 327 ==========
LR =  0.0010000000000000002
Train - acc:        0.738360 loss:        0.781702
Test - acc:         0.711700 loss:        0.868565
Sparsity :          0.9961
Wdecay :        0.000500
========== Epoch 328 ==========
LR =  0.0010000000000000002
Train - acc:        0.742680 loss:        0.766929
Test - acc:         0.735700 loss:        0.797405
Sparsity :          0.9961
Wdecay :        0.000500
========== Epoch 329 ==========
LR =  0.0010000000000000002
Train - acc:        0.739660 loss:        0.765670
Test - acc:         0.736400 loss:        0.791108
Sparsity :          0.9961
Wdecay :        0.000500
========== Epoch 330 ==========
LR =  0.0010000000000000002
Train - acc:        0.745080 loss:        0.756810
Test - acc:         0.693800 loss:        0.914482
Sparsity :          0.9961
Wdecay :        0.000500
========== Epoch 331 ==========
LR =  0.0010000000000000002
Train - acc:        0.745720 loss:        0.753319
Test - acc:         0.697200 loss:        0.890520
Sparsity :          0.9961
Wdecay :        0.000500
========== Epoch 332 ==========
LR =  0.0010000000000000002
Train - acc:        0.749200 loss:        0.743158
Test - acc:         0.184600 loss:        3.916982
Sparsity :          0.9961
Wdecay :        0.000500
========== Epoch 333 ==========
LR =  0.0010000000000000002
Train - acc:        0.750800 loss:        0.740449
Test - acc:         0.736800 loss:        0.786397
Sparsity :          0.9961
Wdecay :        0.000500
========== Epoch 334 ==========
LR =  0.0010000000000000002
Train - acc:        0.750480 loss:        0.738042
Test - acc:         0.701100 loss:        0.886901
Sparsity :          0.9961
Wdecay :        0.000500
========== Epoch 335 ==========
LR =  0.0010000000000000002
Train - acc:        0.751340 loss:        0.731523
Test - acc:         0.741400 loss:        0.786340
Sparsity :          0.9961
Wdecay :        0.000500
========== Epoch 336 ==========
LR =  0.0010000000000000002
Train - acc:        0.754340 loss:        0.724417
Test - acc:         0.376800 loss:        2.079862
Sparsity :          0.9961
Wdecay :        0.000500
========== Epoch 337 ==========
LR =  0.0010000000000000002
Train - acc:        0.757480 loss:        0.715691
Test - acc:         0.752600 loss:        0.738734
Sparsity :          0.9961
Wdecay :        0.000500
========== Epoch 338 ==========
LR =  0.0010000000000000002
Train - acc:        0.757000 loss:        0.714975
Test - acc:         0.288400 loss:        2.714836
Sparsity :          0.9961
Wdecay :        0.000500
========== Epoch 339 ==========
LR =  0.0010000000000000002
Train - acc:        0.757120 loss:        0.715292
Test - acc:         0.526600 loss:        1.441303
Sparsity :          0.9961
Wdecay :        0.000500
========== Epoch 340 ==========
LR =  0.0010000000000000002
Train - acc:        0.758340 loss:        0.709983
Test - acc:         0.717700 loss:        0.833247
Sparsity :          0.9961
Wdecay :        0.000500
========== Epoch 341 ==========
LR =  0.0010000000000000002
Train - acc:        0.758840 loss:        0.707141
Test - acc:         0.702800 loss:        0.870309
Sparsity :          0.9961
Wdecay :        0.000500
========== Epoch 342 ==========
LR =  0.0010000000000000002
Train - acc:        0.760600 loss:        0.703297
Test - acc:         0.714200 loss:        0.841105
Sparsity :          0.9961
Wdecay :        0.000500
========== Epoch 343 ==========
LR =  0.0010000000000000002
Train - acc:        0.761340 loss:        0.702109
Test - acc:         0.716000 loss:        0.836525
Sparsity :          0.9961
Wdecay :        0.000500
========== Epoch 344 ==========
LR =  0.0010000000000000002
Train - acc:        0.761140 loss:        0.701399
Test - acc:         0.476500 loss:        1.719613
Sparsity :          0.9961
Wdecay :        0.000500
========== Epoch 345 ==========
LR =  0.0010000000000000002
Train - acc:        0.763980 loss:        0.695905
Test - acc:         0.732000 loss:        0.809581
Sparsity :          0.9961
Wdecay :        0.000500
========== Epoch 346 ==========
LR =  0.0010000000000000002
Train - acc:        0.762760 loss:        0.693367
Test - acc:         0.723900 loss:        0.811288
Sparsity :          0.9961
Wdecay :        0.000500
========== Epoch 347 ==========
LR =  0.0010000000000000002
Train - acc:        0.765260 loss:        0.687443
Test - acc:         0.680900 loss:        0.968518
Sparsity :          0.9961
Wdecay :        0.000500
========== Epoch 348 ==========
LR =  0.0010000000000000002
Train - acc:        0.767100 loss:        0.686289
Test - acc:         0.172400 loss:        4.211217
Sparsity :          0.9961
Wdecay :        0.000500
========== Epoch 349 ==========
LR =  0.0010000000000000002
Train - acc:        0.766800 loss:        0.684081
Test - acc:         0.579200 loss:        1.301321
Sparsity :          0.9961
Wdecay :        0.000500
========== Epoch 350 ==========
LR =  0.0010000000000000002
Train - acc:        0.763640 loss:        0.685396
Test - acc:         0.760800 loss:        0.713847
Sparsity :          0.9961
Wdecay :        0.000500
