Running --prune_criterion magnitude --seed 42 --prune_freq 50 --prune_rate 0.5 --comment=vgg19_crit=magnitude_pf=50_seed=42 --save_model=pre-finetune/vgg19_magnitude_pf50_s42
******************************
Running
{
    "model": "vgg19",
    "dataset": "cifar10",
    "batch_size": 128,
    "test_batch_size": 2000,
    "epochs": 350,
    "lr": 0.1,
    "device": "cuda",
    "seed": 42,
    "prune_criterion": "magnitude",
    "prune_freq": 50,
    "prune_rate": 0.5,
    "sensitivity": 0,
    "flip_threshold": 1,
    "stop_pruning_at": -1,
    "prune_bias": false,
    "use_ema_flips": false,
    "beta_ema_flips": null,
    "reset_flip_cts": false,
    "normalize_magnitudes": false,
    "logdir": "criterion_experiment_no_bias/vgg19",
    "opt": "sgd",
    "momentum": 0.9,
    "use_scheduler": true,
    "milestones": [
        150,
        250
    ],
    "reg_type": "wdecay",
    "lambda": 0.0005,
    "anneal_lambda": false,
    "anneal_lr": false,
    "add_noise": false,
    "scale_noise_by_lr": false,
    "stop_noise_at": -1,
    "noise_only_prunable": false,
    "noise_scale_factor": 1,
    "snip_sparsity": 0.0,
    "beta_ema": 0.999,
    "lambas": [
        1.0,
        1.0,
        1.0,
        1.0
    ],
    "local_rep": false,
    "temperature": 0.6666666666666666,
    "save_model": "pre-finetune/vgg19_magnitude_pf50_s42",
    "load_model": null,
    "parallel": false
}
******************************
Files already downloaded and verified
Files already downloaded and verified
Total prunable params of model: 20024000
Model has 20040522 total params.
num_weights=20029504
num_biases=11018
---Biases omitted from pruning---
========== Epoch 1 ==========
LR =  0.1
Train - acc:        0.106580 loss:        2.520409
Test - acc:         0.107600 loss:        2.294274
Sparsity :          0.0000
Wdecay :        0.000500
========== Epoch 2 ==========
LR =  0.1
Train - acc:        0.121620 loss:        2.275786
Test - acc:         0.128800 loss:        2.258387
Sparsity :          0.0000
Wdecay :        0.000500
========== Epoch 3 ==========
LR =  0.1
Train - acc:        0.167360 loss:        2.134492
Test - acc:         0.208100 loss:        1.905877
Sparsity :          0.0000
Wdecay :        0.000500
========== Epoch 4 ==========
LR =  0.1
Train - acc:        0.258380 loss:        1.859667
Test - acc:         0.287600 loss:        1.767105
Sparsity :          0.0000
Wdecay :        0.000500
========== Epoch 5 ==========
LR =  0.1
Train - acc:        0.322920 loss:        1.699367
Test - acc:         0.410600 loss:        1.501470
Sparsity :          0.0000
Wdecay :        0.000500
========== Epoch 6 ==========
LR =  0.1
Train - acc:        0.445160 loss:        1.456379
Test - acc:         0.508200 loss:        1.356367
Sparsity :          0.0000
Wdecay :        0.000500
========== Epoch 7 ==========
LR =  0.1
Train - acc:        0.546300 loss:        1.241191
Test - acc:         0.498200 loss:        1.477734
Sparsity :          0.0000
Wdecay :        0.000500
========== Epoch 8 ==========
LR =  0.1
Train - acc:        0.604540 loss:        1.101290
Test - acc:         0.483800 loss:        1.743679
Sparsity :          0.0000
Wdecay :        0.000500
========== Epoch 9 ==========
LR =  0.1
Train - acc:        0.650880 loss:        0.993529
Test - acc:         0.619700 loss:        1.166982
Sparsity :          0.0000
Wdecay :        0.000500
========== Epoch 10 ==========
LR =  0.1
Train - acc:        0.703160 loss:        0.882477
Test - acc:         0.659900 loss:        1.012752
Sparsity :          0.0000
Wdecay :        0.000500
========== Epoch 11 ==========
LR =  0.1
Train - acc:        0.733140 loss:        0.808711
Test - acc:         0.648500 loss:        1.121658
Sparsity :          0.0000
Wdecay :        0.000500
========== Epoch 12 ==========
LR =  0.1
Train - acc:        0.752060 loss:        0.763825
Test - acc:         0.697100 loss:        0.950123
Sparsity :          0.0000
Wdecay :        0.000500
========== Epoch 13 ==========
LR =  0.1
Train - acc:        0.763380 loss:        0.735478
Test - acc:         0.647600 loss:        1.210369
Sparsity :          0.0000
Wdecay :        0.000500
========== Epoch 14 ==========
LR =  0.1
Train - acc:        0.773560 loss:        0.706368
Test - acc:         0.717500 loss:        0.901679
Sparsity :          0.0000
Wdecay :        0.000500
========== Epoch 15 ==========
LR =  0.1
Train - acc:        0.780940 loss:        0.681272
Test - acc:         0.682800 loss:        1.025874
Sparsity :          0.0000
Wdecay :        0.000500
========== Epoch 16 ==========
LR =  0.1
Train - acc:        0.791420 loss:        0.649883
Test - acc:         0.736800 loss:        0.872370
Sparsity :          0.0000
Wdecay :        0.000500
========== Epoch 17 ==========
LR =  0.1
Train - acc:        0.796700 loss:        0.634338
Test - acc:         0.700800 loss:        0.932917
Sparsity :          0.0000
Wdecay :        0.000500
========== Epoch 18 ==========
LR =  0.1
Train - acc:        0.801840 loss:        0.615529
Test - acc:         0.797400 loss:        0.635734
Sparsity :          0.0000
Wdecay :        0.000500
========== Epoch 19 ==========
LR =  0.1
Train - acc:        0.804520 loss:        0.605495
Test - acc:         0.786700 loss:        0.672975
Sparsity :          0.0000
Wdecay :        0.000500
========== Epoch 20 ==========
LR =  0.1
Train - acc:        0.811300 loss:        0.586166
Test - acc:         0.692500 loss:        1.006768
Sparsity :          0.0000
Wdecay :        0.000500
========== Epoch 21 ==========
LR =  0.1
Train - acc:        0.818600 loss:        0.574597
Test - acc:         0.764600 loss:        0.752744
Sparsity :          0.0000
Wdecay :        0.000500
========== Epoch 22 ==========
LR =  0.1
Train - acc:        0.819720 loss:        0.564470
Test - acc:         0.732800 loss:        0.858983
Sparsity :          0.0000
Wdecay :        0.000500
========== Epoch 23 ==========
LR =  0.1
Train - acc:        0.822020 loss:        0.561122
Test - acc:         0.767600 loss:        0.719709
Sparsity :          0.0000
Wdecay :        0.000500
========== Epoch 24 ==========
LR =  0.1
Train - acc:        0.821520 loss:        0.558114
Test - acc:         0.744500 loss:        0.842082
Sparsity :          0.0000
Wdecay :        0.000500
========== Epoch 25 ==========
LR =  0.1
Train - acc:        0.827620 loss:        0.542572
Test - acc:         0.761300 loss:        0.789428
Sparsity :          0.0000
Wdecay :        0.000500
========== Epoch 26 ==========
LR =  0.1
Train - acc:        0.830100 loss:        0.535151
Test - acc:         0.741300 loss:        0.871493
Sparsity :          0.0000
Wdecay :        0.000500
========== Epoch 27 ==========
LR =  0.1
Train - acc:        0.828600 loss:        0.532575
Test - acc:         0.787500 loss:        0.687972
Sparsity :          0.0000
Wdecay :        0.000500
========== Epoch 28 ==========
LR =  0.1
Train - acc:        0.833340 loss:        0.523183
Test - acc:         0.781500 loss:        0.714158
Sparsity :          0.0000
Wdecay :        0.000500
========== Epoch 29 ==========
LR =  0.1
Train - acc:        0.832740 loss:        0.525514
Test - acc:         0.761200 loss:        0.775278
Sparsity :          0.0000
Wdecay :        0.000500
========== Epoch 30 ==========
LR =  0.1
Train - acc:        0.831200 loss:        0.525716
Test - acc:         0.754700 loss:        0.881011
Sparsity :          0.0000
Wdecay :        0.000500
========== Epoch 31 ==========
LR =  0.1
Train - acc:        0.838100 loss:        0.512746
Test - acc:         0.776500 loss:        0.724635
Sparsity :          0.0000
Wdecay :        0.000500
========== Epoch 32 ==========
LR =  0.1
Train - acc:        0.839420 loss:        0.504651
Test - acc:         0.760400 loss:        0.863967
Sparsity :          0.0000
Wdecay :        0.000500
========== Epoch 33 ==========
LR =  0.1
Train - acc:        0.838440 loss:        0.504414
Test - acc:         0.785700 loss:        0.718698
Sparsity :          0.0000
Wdecay :        0.000500
========== Epoch 34 ==========
LR =  0.1
Train - acc:        0.838460 loss:        0.503714
Test - acc:         0.815300 loss:        0.567434
Sparsity :          0.0000
Wdecay :        0.000500
========== Epoch 35 ==========
LR =  0.1
Train - acc:        0.840220 loss:        0.497685
Test - acc:         0.662800 loss:        1.328712
Sparsity :          0.0000
Wdecay :        0.000500
========== Epoch 36 ==========
LR =  0.1
Train - acc:        0.842920 loss:        0.493377
Test - acc:         0.732000 loss:        0.900541
Sparsity :          0.0000
Wdecay :        0.000500
========== Epoch 37 ==========
LR =  0.1
Train - acc:        0.841740 loss:        0.493601
Test - acc:         0.813600 loss:        0.592560
Sparsity :          0.0000
Wdecay :        0.000500
========== Epoch 38 ==========
LR =  0.1
Train - acc:        0.841380 loss:        0.496394
Test - acc:         0.789100 loss:        0.683082
Sparsity :          0.0000
Wdecay :        0.000500
========== Epoch 39 ==========
LR =  0.1
Train - acc:        0.846480 loss:        0.485149
Test - acc:         0.747100 loss:        0.824019
Sparsity :          0.0000
Wdecay :        0.000500
========== Epoch 40 ==========
LR =  0.1
Train - acc:        0.844420 loss:        0.494730
Test - acc:         0.760400 loss:        0.826573
Sparsity :          0.0000
Wdecay :        0.000500
========== Epoch 41 ==========
LR =  0.1
Train - acc:        0.844160 loss:        0.488179
Test - acc:         0.778400 loss:        0.727026
Sparsity :          0.0000
Wdecay :        0.000500
========== Epoch 42 ==========
LR =  0.1
Train - acc:        0.844580 loss:        0.484431
Test - acc:         0.789900 loss:        0.706319
Sparsity :          0.0000
Wdecay :        0.000500
========== Epoch 43 ==========
LR =  0.1
Train - acc:        0.848200 loss:        0.477011
Test - acc:         0.799900 loss:        0.643258
Sparsity :          0.0000
Wdecay :        0.000500
========== Epoch 44 ==========
LR =  0.1
Train - acc:        0.848440 loss:        0.471032
Test - acc:         0.698000 loss:        1.080359
Sparsity :          0.0000
Wdecay :        0.000500
========== Epoch 45 ==========
LR =  0.1
Train - acc:        0.845960 loss:        0.481293
Test - acc:         0.705900 loss:        1.076335
Sparsity :          0.0000
Wdecay :        0.000500
========== Epoch 46 ==========
LR =  0.1
Train - acc:        0.848320 loss:        0.476802
Test - acc:         0.775000 loss:        0.792201
Sparsity :          0.0000
Wdecay :        0.000500
========== Epoch 47 ==========
LR =  0.1
Train - acc:        0.849920 loss:        0.475338
Test - acc:         0.805700 loss:        0.608078
Sparsity :          0.0000
Wdecay :        0.000500
========== Epoch 48 ==========
LR =  0.1
Train - acc:        0.850620 loss:        0.476133
Test - acc:         0.752100 loss:        0.806073
Sparsity :          0.0000
Wdecay :        0.000500
========== Epoch 49 ==========
LR =  0.1
Train - acc:        0.850460 loss:        0.467818
Test - acc:         0.784000 loss:        0.724835
Sparsity :          0.0000
Wdecay :        0.000500
========== Epoch 50 ==========
LR =  0.1
Train - acc:        0.850640 loss:        0.472186
Test - acc:         0.675200 loss:        1.208476
Sparsity :          0.5000
Wdecay :        0.000500
========== Epoch 51 ==========
LR =  0.1
Train - acc:        0.868180 loss:        0.415168
Test - acc:         0.769000 loss:        0.761180
Sparsity :          0.5000
Wdecay :        0.000500
========== Epoch 52 ==========
LR =  0.1
Train - acc:        0.864340 loss:        0.419460
Test - acc:         0.604600 loss:        1.592599
Sparsity :          0.5000
Wdecay :        0.000500
========== Epoch 53 ==========
LR =  0.1
Train - acc:        0.865080 loss:        0.420955
Test - acc:         0.814100 loss:        0.623704
Sparsity :          0.5000
Wdecay :        0.000500
========== Epoch 54 ==========
LR =  0.1
Train - acc:        0.865500 loss:        0.420997
Test - acc:         0.811600 loss:        0.631097
Sparsity :          0.5000
Wdecay :        0.000500
========== Epoch 55 ==========
LR =  0.1
Train - acc:        0.864280 loss:        0.421044
Test - acc:         0.773700 loss:        0.774271
Sparsity :          0.5000
Wdecay :        0.000500
========== Epoch 56 ==========
LR =  0.1
Train - acc:        0.862100 loss:        0.427825
Test - acc:         0.809500 loss:        0.613091
Sparsity :          0.5000
Wdecay :        0.000500
========== Epoch 57 ==========
LR =  0.1
Train - acc:        0.865340 loss:        0.420045
Test - acc:         0.722700 loss:        1.088849
Sparsity :          0.5000
Wdecay :        0.000500
========== Epoch 58 ==========
LR =  0.1
Train - acc:        0.867060 loss:        0.420220
Test - acc:         0.791600 loss:        0.759526
Sparsity :          0.5000
Wdecay :        0.000500
========== Epoch 59 ==========
LR =  0.1
Train - acc:        0.865160 loss:        0.418582
Test - acc:         0.815400 loss:        0.580808
Sparsity :          0.5000
Wdecay :        0.000500
========== Epoch 60 ==========
LR =  0.1
Train - acc:        0.867300 loss:        0.417103
Test - acc:         0.785500 loss:        0.720414
Sparsity :          0.5000
Wdecay :        0.000500
========== Epoch 61 ==========
LR =  0.1
Train - acc:        0.867720 loss:        0.414698
Test - acc:         0.790900 loss:        0.696411
Sparsity :          0.5000
Wdecay :        0.000500
========== Epoch 62 ==========
LR =  0.1
Train - acc:        0.866040 loss:        0.420809
Test - acc:         0.787100 loss:        0.692167
Sparsity :          0.5000
Wdecay :        0.000500
========== Epoch 63 ==========
LR =  0.1
Train - acc:        0.868080 loss:        0.414063
Test - acc:         0.802300 loss:        0.657713
Sparsity :          0.5000
Wdecay :        0.000500
========== Epoch 64 ==========
LR =  0.1
Train - acc:        0.869060 loss:        0.408958
Test - acc:         0.774700 loss:        0.721658
Sparsity :          0.5000
Wdecay :        0.000500
========== Epoch 65 ==========
LR =  0.1
Train - acc:        0.863800 loss:        0.425306
Test - acc:         0.816100 loss:        0.582647
Sparsity :          0.5000
Wdecay :        0.000500
========== Epoch 66 ==========
LR =  0.1
Train - acc:        0.870920 loss:        0.403750
Test - acc:         0.757300 loss:        0.756191
Sparsity :          0.5000
Wdecay :        0.000500
========== Epoch 67 ==========
LR =  0.1
Train - acc:        0.869120 loss:        0.414705
Test - acc:         0.795200 loss:        0.661953
Sparsity :          0.5000
Wdecay :        0.000500
========== Epoch 68 ==========
LR =  0.1
Train - acc:        0.866640 loss:        0.419252
Test - acc:         0.798900 loss:        0.675127
Sparsity :          0.5000
Wdecay :        0.000500
========== Epoch 69 ==========
LR =  0.1
Train - acc:        0.868520 loss:        0.413391
Test - acc:         0.843900 loss:        0.492616
Sparsity :          0.5000
Wdecay :        0.000500
========== Epoch 70 ==========
LR =  0.1
Train - acc:        0.868860 loss:        0.407775
Test - acc:         0.796800 loss:        0.658597
Sparsity :          0.5000
Wdecay :        0.000500
========== Epoch 71 ==========
LR =  0.1
Train - acc:        0.867600 loss:        0.415877
Test - acc:         0.791700 loss:        0.708068
Sparsity :          0.5000
Wdecay :        0.000500
========== Epoch 72 ==========
LR =  0.1
Train - acc:        0.869300 loss:        0.414308
Test - acc:         0.836400 loss:        0.519695
Sparsity :          0.5000
Wdecay :        0.000500
========== Epoch 73 ==========
LR =  0.1
Train - acc:        0.872060 loss:        0.404361
Test - acc:         0.802100 loss:        0.678862
Sparsity :          0.5000
Wdecay :        0.000500
========== Epoch 74 ==========
LR =  0.1
Train - acc:        0.869900 loss:        0.410379
Test - acc:         0.838100 loss:        0.526436
Sparsity :          0.5000
Wdecay :        0.000500
========== Epoch 75 ==========
LR =  0.1
Train - acc:        0.868320 loss:        0.409643
Test - acc:         0.757800 loss:        0.835398
Sparsity :          0.5000
Wdecay :        0.000500
========== Epoch 76 ==========
LR =  0.1
Train - acc:        0.869140 loss:        0.410024
Test - acc:         0.812000 loss:        0.616625
Sparsity :          0.5000
Wdecay :        0.000500
========== Epoch 77 ==========
LR =  0.1
Train - acc:        0.868520 loss:        0.411943
Test - acc:         0.787700 loss:        0.668032
Sparsity :          0.5000
Wdecay :        0.000500
========== Epoch 78 ==========
LR =  0.1
Train - acc:        0.867200 loss:        0.418826
Test - acc:         0.792300 loss:        0.659236
Sparsity :          0.5000
Wdecay :        0.000500
========== Epoch 79 ==========
LR =  0.1
Train - acc:        0.868240 loss:        0.410401
Test - acc:         0.802700 loss:        0.618431
Sparsity :          0.5000
Wdecay :        0.000500
========== Epoch 80 ==========
LR =  0.1
Train - acc:        0.868820 loss:        0.408267
Test - acc:         0.823800 loss:        0.561461
Sparsity :          0.5000
Wdecay :        0.000500
========== Epoch 81 ==========
LR =  0.1
Train - acc:        0.867840 loss:        0.408806
Test - acc:         0.752300 loss:        0.817219
Sparsity :          0.5000
Wdecay :        0.000500
========== Epoch 82 ==========
LR =  0.1
Train - acc:        0.869680 loss:        0.407274
Test - acc:         0.752900 loss:        0.912181
Sparsity :          0.5000
Wdecay :        0.000500
========== Epoch 83 ==========
LR =  0.1
Train - acc:        0.865680 loss:        0.414994
Test - acc:         0.742500 loss:        0.885356
Sparsity :          0.5000
Wdecay :        0.000500
========== Epoch 84 ==========
LR =  0.1
Train - acc:        0.869540 loss:        0.405691
Test - acc:         0.791700 loss:        0.726625
Sparsity :          0.5000
Wdecay :        0.000500
========== Epoch 85 ==========
LR =  0.1
Train - acc:        0.870320 loss:        0.405904
Test - acc:         0.826300 loss:        0.540973
Sparsity :          0.5000
Wdecay :        0.000500
========== Epoch 86 ==========
LR =  0.1
Train - acc:        0.870120 loss:        0.402567
Test - acc:         0.796100 loss:        0.650764
Sparsity :          0.5000
Wdecay :        0.000500
========== Epoch 87 ==========
LR =  0.1
Train - acc:        0.869040 loss:        0.410386
Test - acc:         0.826800 loss:        0.570393
Sparsity :          0.5000
Wdecay :        0.000500
========== Epoch 88 ==========
LR =  0.1
Train - acc:        0.871480 loss:        0.404393
Test - acc:         0.756300 loss:        0.803439
Sparsity :          0.5000
Wdecay :        0.000500
========== Epoch 89 ==========
LR =  0.1
Train - acc:        0.870180 loss:        0.403000
Test - acc:         0.796600 loss:        0.684306
Sparsity :          0.5000
Wdecay :        0.000500
========== Epoch 90 ==========
LR =  0.1
Train - acc:        0.869720 loss:        0.408525
Test - acc:         0.775600 loss:        0.745939
Sparsity :          0.5000
Wdecay :        0.000500
========== Epoch 91 ==========
LR =  0.1
Train - acc:        0.874140 loss:        0.399005
Test - acc:         0.837000 loss:        0.505640
Sparsity :          0.5000
Wdecay :        0.000500
========== Epoch 92 ==========
LR =  0.1
Train - acc:        0.868740 loss:        0.409996
Test - acc:         0.786100 loss:        0.696253
Sparsity :          0.5000
Wdecay :        0.000500
========== Epoch 93 ==========
LR =  0.1
Train - acc:        0.869300 loss:        0.411733
Test - acc:         0.791700 loss:        0.668933
Sparsity :          0.5000
Wdecay :        0.000500
========== Epoch 94 ==========
LR =  0.1
Train - acc:        0.869820 loss:        0.406108
Test - acc:         0.747800 loss:        0.900005
Sparsity :          0.5000
Wdecay :        0.000500
========== Epoch 95 ==========
LR =  0.1
Train - acc:        0.870640 loss:        0.407462
Test - acc:         0.767600 loss:        0.821993
Sparsity :          0.5000
Wdecay :        0.000500
========== Epoch 96 ==========
LR =  0.1
Train - acc:        0.870720 loss:        0.405399
Test - acc:         0.793600 loss:        0.685813
Sparsity :          0.5000
Wdecay :        0.000500
========== Epoch 97 ==========
LR =  0.1
Train - acc:        0.870000 loss:        0.403356
Test - acc:         0.841500 loss:        0.503396
Sparsity :          0.5000
Wdecay :        0.000500
========== Epoch 98 ==========
LR =  0.1
Train - acc:        0.870960 loss:        0.403729
Test - acc:         0.796300 loss:        0.643391
Sparsity :          0.5000
Wdecay :        0.000500
========== Epoch 99 ==========
LR =  0.1
Train - acc:        0.870480 loss:        0.402046
Test - acc:         0.827800 loss:        0.568622
Sparsity :          0.5000
Wdecay :        0.000500
========== Epoch 100 ==========
LR =  0.1
Train - acc:        0.871080 loss:        0.400169
Test - acc:         0.833200 loss:        0.547051
Sparsity :          0.7500
Wdecay :        0.000500
========== Epoch 101 ==========
LR =  0.1
Train - acc:        0.886040 loss:        0.356686
Test - acc:         0.831900 loss:        0.561762
Sparsity :          0.7500
Wdecay :        0.000500
========== Epoch 102 ==========
LR =  0.1
Train - acc:        0.885540 loss:        0.359185
Test - acc:         0.797400 loss:        0.659003
Sparsity :          0.7500
Wdecay :        0.000500
========== Epoch 103 ==========
LR =  0.1
Train - acc:        0.883040 loss:        0.367527
Test - acc:         0.834100 loss:        0.570454
Sparsity :          0.7500
Wdecay :        0.000500
========== Epoch 104 ==========
LR =  0.1
Train - acc:        0.878260 loss:        0.374863
Test - acc:         0.802700 loss:        0.639855
Sparsity :          0.7500
Wdecay :        0.000500
========== Epoch 105 ==========
LR =  0.1
Train - acc:        0.881900 loss:        0.363405
Test - acc:         0.791200 loss:        0.704858
Sparsity :          0.7500
Wdecay :        0.000500
========== Epoch 106 ==========
LR =  0.1
Train - acc:        0.880040 loss:        0.370802
Test - acc:         0.798100 loss:        0.637032
Sparsity :          0.7500
Wdecay :        0.000500
========== Epoch 107 ==========
LR =  0.1
Train - acc:        0.880680 loss:        0.369675
Test - acc:         0.780800 loss:        0.740777
Sparsity :          0.7500
Wdecay :        0.000500
========== Epoch 108 ==========
LR =  0.1
Train - acc:        0.881960 loss:        0.366013
Test - acc:         0.839300 loss:        0.526808
Sparsity :          0.7500
Wdecay :        0.000500
========== Epoch 109 ==========
LR =  0.1
Train - acc:        0.879980 loss:        0.376817
Test - acc:         0.843300 loss:        0.511265
Sparsity :          0.7500
Wdecay :        0.000500
========== Epoch 110 ==========
LR =  0.1
Train - acc:        0.880680 loss:        0.369160
Test - acc:         0.807700 loss:        0.700922
Sparsity :          0.7500
Wdecay :        0.000500
========== Epoch 111 ==========
LR =  0.1
Train - acc:        0.879940 loss:        0.370172
Test - acc:         0.837500 loss:        0.540838
Sparsity :          0.7500
Wdecay :        0.000500
========== Epoch 112 ==========
LR =  0.1
Train - acc:        0.882020 loss:        0.363360
Test - acc:         0.855400 loss:        0.444769
Sparsity :          0.7500
Wdecay :        0.000500
========== Epoch 113 ==========
LR =  0.1
Train - acc:        0.878660 loss:        0.372237
Test - acc:         0.774300 loss:        0.789333
Sparsity :          0.7500
Wdecay :        0.000500
========== Epoch 114 ==========
LR =  0.1
Train - acc:        0.881860 loss:        0.366450
Test - acc:         0.857600 loss:        0.431028
Sparsity :          0.7500
Wdecay :        0.000500
========== Epoch 115 ==========
LR =  0.1
Train - acc:        0.881700 loss:        0.367865
Test - acc:         0.843500 loss:        0.500035
Sparsity :          0.7500
Wdecay :        0.000500
========== Epoch 116 ==========
LR =  0.1
Train - acc:        0.882600 loss:        0.367785
Test - acc:         0.819200 loss:        0.544763
Sparsity :          0.7500
Wdecay :        0.000500
========== Epoch 117 ==========
LR =  0.1
Train - acc:        0.884300 loss:        0.359468
Test - acc:         0.860000 loss:        0.457905
Sparsity :          0.7500
Wdecay :        0.000500
========== Epoch 118 ==========
LR =  0.1
Train - acc:        0.882880 loss:        0.367870
Test - acc:         0.810900 loss:        0.664396
Sparsity :          0.7500
Wdecay :        0.000500
========== Epoch 119 ==========
LR =  0.1
Train - acc:        0.883260 loss:        0.362529
Test - acc:         0.799000 loss:        0.669705
Sparsity :          0.7500
Wdecay :        0.000500
========== Epoch 120 ==========
LR =  0.1
Train - acc:        0.884740 loss:        0.361617
Test - acc:         0.813500 loss:        0.610884
Sparsity :          0.7500
Wdecay :        0.000500
========== Epoch 121 ==========
LR =  0.1
Train - acc:        0.879880 loss:        0.369345
Test - acc:         0.818000 loss:        0.594556
Sparsity :          0.7500
Wdecay :        0.000500
========== Epoch 122 ==========
LR =  0.1
Train - acc:        0.880560 loss:        0.369857
Test - acc:         0.818400 loss:        0.609015
Sparsity :          0.7500
Wdecay :        0.000500
========== Epoch 123 ==========
LR =  0.1
Train - acc:        0.883980 loss:        0.363872
Test - acc:         0.768600 loss:        0.797673
Sparsity :          0.7500
Wdecay :        0.000500
========== Epoch 124 ==========
LR =  0.1
Train - acc:        0.883780 loss:        0.359660
Test - acc:         0.805300 loss:        0.668803
Sparsity :          0.7500
Wdecay :        0.000500
========== Epoch 125 ==========
LR =  0.1
Train - acc:        0.884040 loss:        0.362546
Test - acc:         0.803800 loss:        0.651350
Sparsity :          0.7500
Wdecay :        0.000500
========== Epoch 126 ==========
LR =  0.1
Train - acc:        0.883180 loss:        0.362686
Test - acc:         0.812200 loss:        0.673521
Sparsity :          0.7500
Wdecay :        0.000500
========== Epoch 127 ==========
LR =  0.1
Train - acc:        0.882320 loss:        0.367507
Test - acc:         0.857400 loss:        0.448830
Sparsity :          0.7500
Wdecay :        0.000500
========== Epoch 128 ==========
LR =  0.1
Train - acc:        0.882820 loss:        0.365449
Test - acc:         0.826900 loss:        0.538236
Sparsity :          0.7500
Wdecay :        0.000500
========== Epoch 129 ==========
LR =  0.1
Train - acc:        0.884140 loss:        0.358678
Test - acc:         0.848400 loss:        0.492707
Sparsity :          0.7500
Wdecay :        0.000500
========== Epoch 130 ==========
LR =  0.1
Train - acc:        0.881200 loss:        0.366365
Test - acc:         0.803200 loss:        0.670346
Sparsity :          0.7500
Wdecay :        0.000500
========== Epoch 131 ==========
LR =  0.1
Train - acc:        0.882060 loss:        0.360947
Test - acc:         0.767400 loss:        0.823681
Sparsity :          0.7500
Wdecay :        0.000500
========== Epoch 132 ==========
LR =  0.1
Train - acc:        0.880900 loss:        0.362599
Test - acc:         0.811800 loss:        0.622343
Sparsity :          0.7500
Wdecay :        0.000500
========== Epoch 133 ==========
LR =  0.1
Train - acc:        0.885200 loss:        0.354324
Test - acc:         0.820800 loss:        0.633607
Sparsity :          0.7500
Wdecay :        0.000500
========== Epoch 134 ==========
LR =  0.1
Train - acc:        0.883320 loss:        0.362133
Test - acc:         0.769600 loss:        0.852869
Sparsity :          0.7500
Wdecay :        0.000500
========== Epoch 135 ==========
LR =  0.1
Train - acc:        0.884300 loss:        0.357462
Test - acc:         0.828800 loss:        0.541927
Sparsity :          0.7500
Wdecay :        0.000500
========== Epoch 136 ==========
LR =  0.1
Train - acc:        0.885960 loss:        0.351799
Test - acc:         0.794600 loss:        0.714391
Sparsity :          0.7500
Wdecay :        0.000500
========== Epoch 137 ==========
LR =  0.1
Train - acc:        0.885040 loss:        0.348565
Test - acc:         0.811200 loss:        0.624613
Sparsity :          0.7500
Wdecay :        0.000500
========== Epoch 138 ==========
LR =  0.1
Train - acc:        0.887500 loss:        0.347465
Test - acc:         0.815600 loss:        0.662377
Sparsity :          0.7500
Wdecay :        0.000500
========== Epoch 139 ==========
LR =  0.1
Train - acc:        0.884800 loss:        0.351912
Test - acc:         0.827300 loss:        0.546393
Sparsity :          0.7500
Wdecay :        0.000500
========== Epoch 140 ==========
LR =  0.1
Train - acc:        0.885760 loss:        0.350146
Test - acc:         0.755400 loss:        0.877238
Sparsity :          0.7500
Wdecay :        0.000500
========== Epoch 141 ==========
LR =  0.1
Train - acc:        0.883580 loss:        0.358230
Test - acc:         0.836800 loss:        0.533602
Sparsity :          0.7500
Wdecay :        0.000500
========== Epoch 142 ==========
LR =  0.1
Train - acc:        0.884140 loss:        0.356837
Test - acc:         0.821000 loss:        0.579655
Sparsity :          0.7500
Wdecay :        0.000500
========== Epoch 143 ==========
LR =  0.1
Train - acc:        0.886420 loss:        0.351292
Test - acc:         0.804800 loss:        0.670760
Sparsity :          0.7500
Wdecay :        0.000500
========== Epoch 144 ==========
LR =  0.1
Train - acc:        0.883300 loss:        0.358577
Test - acc:         0.851700 loss:        0.463248
Sparsity :          0.7500
Wdecay :        0.000500
========== Epoch 145 ==========
LR =  0.1
Train - acc:        0.884800 loss:        0.352947
Test - acc:         0.831400 loss:        0.524803
Sparsity :          0.7500
Wdecay :        0.000500
========== Epoch 146 ==========
LR =  0.1
Train - acc:        0.885600 loss:        0.350613
Test - acc:         0.804700 loss:        0.627214
Sparsity :          0.7500
Wdecay :        0.000500
========== Epoch 147 ==========
LR =  0.1
Train - acc:        0.886540 loss:        0.349160
Test - acc:         0.861100 loss:        0.453249
Sparsity :          0.7500
Wdecay :        0.000500
========== Epoch 148 ==========
LR =  0.1
Train - acc:        0.883660 loss:        0.352823
Test - acc:         0.836900 loss:        0.501199
Sparsity :          0.7500
Wdecay :        0.000500
========== Epoch 149 ==========
LR =  0.1
Train - acc:        0.887100 loss:        0.348753
Test - acc:         0.827700 loss:        0.551564
Sparsity :          0.7500
Wdecay :        0.000500
========== Epoch 150 ==========
LR =  0.010000000000000002
Train - acc:        0.883440 loss:        0.353022
Test - acc:         0.774400 loss:        0.735984
Sparsity :          0.8750
Wdecay :        0.000500
========== Epoch 151 ==========
LR =  0.010000000000000002
Train - acc:        0.922980 loss:        0.238786
Test - acc:         0.911000 loss:        0.278239
Sparsity :          0.8750
Wdecay :        0.000500
========== Epoch 152 ==========
LR =  0.010000000000000002
Train - acc:        0.941880 loss:        0.180646
Test - acc:         0.915300 loss:        0.261053
Sparsity :          0.8750
Wdecay :        0.000500
========== Epoch 153 ==========
LR =  0.010000000000000002
Train - acc:        0.947060 loss:        0.161503
Test - acc:         0.918700 loss:        0.254530
Sparsity :          0.8750
Wdecay :        0.000500
========== Epoch 154 ==========
LR =  0.010000000000000002
Train - acc:        0.952100 loss:        0.147808
Test - acc:         0.918100 loss:        0.258311
Sparsity :          0.8750
Wdecay :        0.000500
========== Epoch 155 ==========
LR =  0.010000000000000002
Train - acc:        0.955920 loss:        0.134757
Test - acc:         0.915500 loss:        0.266390
Sparsity :          0.8750
Wdecay :        0.000500
========== Epoch 156 ==========
LR =  0.010000000000000002
Train - acc:        0.956480 loss:        0.130668
Test - acc:         0.919500 loss:        0.254800
Sparsity :          0.8750
Wdecay :        0.000500
========== Epoch 157 ==========
LR =  0.010000000000000002
Train - acc:        0.959820 loss:        0.121437
Test - acc:         0.920500 loss:        0.259546
Sparsity :          0.8750
Wdecay :        0.000500
========== Epoch 158 ==========
LR =  0.010000000000000002
Train - acc:        0.960600 loss:        0.120146
Test - acc:         0.920800 loss:        0.249412
Sparsity :          0.8750
Wdecay :        0.000500
========== Epoch 159 ==========
LR =  0.010000000000000002
Train - acc:        0.964160 loss:        0.111583
Test - acc:         0.914700 loss:        0.261495
Sparsity :          0.8750
Wdecay :        0.000500
========== Epoch 160 ==========
LR =  0.010000000000000002
Train - acc:        0.965060 loss:        0.105934
Test - acc:         0.917100 loss:        0.263437
Sparsity :          0.8750
Wdecay :        0.000500
========== Epoch 161 ==========
LR =  0.010000000000000002
Train - acc:        0.966480 loss:        0.101258
Test - acc:         0.918500 loss:        0.264135
Sparsity :          0.8750
Wdecay :        0.000500
========== Epoch 162 ==========
LR =  0.010000000000000002
Train - acc:        0.966180 loss:        0.101326
Test - acc:         0.920500 loss:        0.260821
Sparsity :          0.8750
Wdecay :        0.000500
========== Epoch 163 ==========
LR =  0.010000000000000002
Train - acc:        0.967300 loss:        0.097025
Test - acc:         0.918200 loss:        0.274339
Sparsity :          0.8750
Wdecay :        0.000500
========== Epoch 164 ==========
LR =  0.010000000000000002
Train - acc:        0.968660 loss:        0.092930
Test - acc:         0.919400 loss:        0.269170
Sparsity :          0.8750
Wdecay :        0.000500
========== Epoch 165 ==========
LR =  0.010000000000000002
Train - acc:        0.969980 loss:        0.092596
Test - acc:         0.917000 loss:        0.285943
Sparsity :          0.8750
Wdecay :        0.000500
========== Epoch 166 ==========
LR =  0.010000000000000002
Train - acc:        0.970180 loss:        0.088896
Test - acc:         0.916800 loss:        0.283397
Sparsity :          0.8750
Wdecay :        0.000500
========== Epoch 167 ==========
LR =  0.010000000000000002
Train - acc:        0.971280 loss:        0.087731
Test - acc:         0.917300 loss:        0.282207
Sparsity :          0.8750
Wdecay :        0.000500
========== Epoch 168 ==========
LR =  0.010000000000000002
Train - acc:        0.972860 loss:        0.083789
Test - acc:         0.916800 loss:        0.296347
Sparsity :          0.8750
Wdecay :        0.000500
========== Epoch 169 ==========
LR =  0.010000000000000002
Train - acc:        0.972600 loss:        0.081270
Test - acc:         0.914400 loss:        0.301560
Sparsity :          0.8750
Wdecay :        0.000500
========== Epoch 170 ==========
LR =  0.010000000000000002
Train - acc:        0.971160 loss:        0.085447
Test - acc:         0.914500 loss:        0.297100
Sparsity :          0.8750
Wdecay :        0.000500
========== Epoch 171 ==========
LR =  0.010000000000000002
Train - acc:        0.971800 loss:        0.084895
Test - acc:         0.918500 loss:        0.281717
Sparsity :          0.8750
Wdecay :        0.000500
========== Epoch 172 ==========
LR =  0.010000000000000002
Train - acc:        0.971200 loss:        0.085971
Test - acc:         0.916700 loss:        0.289414
Sparsity :          0.8750
Wdecay :        0.000500
========== Epoch 173 ==========
LR =  0.010000000000000002
Train - acc:        0.972100 loss:        0.082501
Test - acc:         0.913700 loss:        0.298467
Sparsity :          0.8750
Wdecay :        0.000500
========== Epoch 174 ==========
LR =  0.010000000000000002
Train - acc:        0.972100 loss:        0.081836
Test - acc:         0.913400 loss:        0.299541
Sparsity :          0.8750
Wdecay :        0.000500
========== Epoch 175 ==========
LR =  0.010000000000000002
Train - acc:        0.972880 loss:        0.081155
Test - acc:         0.912600 loss:        0.312554
Sparsity :          0.8750
Wdecay :        0.000500
========== Epoch 176 ==========
LR =  0.010000000000000002
Train - acc:        0.972940 loss:        0.082062
Test - acc:         0.914900 loss:        0.296497
Sparsity :          0.8750
Wdecay :        0.000500
========== Epoch 177 ==========
LR =  0.010000000000000002
Train - acc:        0.972360 loss:        0.083879
Test - acc:         0.913300 loss:        0.305385
Sparsity :          0.8750
Wdecay :        0.000500
========== Epoch 178 ==========
LR =  0.010000000000000002
Train - acc:        0.970680 loss:        0.086940
Test - acc:         0.912900 loss:        0.319095
Sparsity :          0.8750
Wdecay :        0.000500
========== Epoch 179 ==========
LR =  0.010000000000000002
Train - acc:        0.972500 loss:        0.082571
Test - acc:         0.905200 loss:        0.329808
Sparsity :          0.8750
Wdecay :        0.000500
========== Epoch 180 ==========
LR =  0.010000000000000002
Train - acc:        0.971660 loss:        0.082314
Test - acc:         0.919600 loss:        0.285112
Sparsity :          0.8750
Wdecay :        0.000500
========== Epoch 181 ==========
LR =  0.010000000000000002
Train - acc:        0.973220 loss:        0.080219
Test - acc:         0.913700 loss:        0.314655
Sparsity :          0.8750
Wdecay :        0.000500
========== Epoch 182 ==========
LR =  0.010000000000000002
Train - acc:        0.972100 loss:        0.083512
Test - acc:         0.911500 loss:        0.312935
Sparsity :          0.8750
Wdecay :        0.000500
========== Epoch 183 ==========
LR =  0.010000000000000002
Train - acc:        0.972160 loss:        0.083719
Test - acc:         0.916600 loss:        0.286738
Sparsity :          0.8750
Wdecay :        0.000500
========== Epoch 184 ==========
LR =  0.010000000000000002
Train - acc:        0.972640 loss:        0.082432
Test - acc:         0.914700 loss:        0.300123
Sparsity :          0.8750
Wdecay :        0.000500
========== Epoch 185 ==========
LR =  0.010000000000000002
Train - acc:        0.971440 loss:        0.085630
Test - acc:         0.905500 loss:        0.323625
Sparsity :          0.8750
Wdecay :        0.000500
========== Epoch 186 ==========
LR =  0.010000000000000002
Train - acc:        0.970240 loss:        0.086571
Test - acc:         0.911800 loss:        0.303712
Sparsity :          0.8750
Wdecay :        0.000500
========== Epoch 187 ==========
LR =  0.010000000000000002
Train - acc:        0.970900 loss:        0.087337
Test - acc:         0.911900 loss:        0.305853
Sparsity :          0.8750
Wdecay :        0.000500
========== Epoch 188 ==========
LR =  0.010000000000000002
Train - acc:        0.971520 loss:        0.083062
Test - acc:         0.909400 loss:        0.319283
Sparsity :          0.8750
Wdecay :        0.000500
========== Epoch 189 ==========
LR =  0.010000000000000002
Train - acc:        0.969320 loss:        0.088806
Test - acc:         0.902900 loss:        0.340523
Sparsity :          0.8750
Wdecay :        0.000500
========== Epoch 190 ==========
LR =  0.010000000000000002
Train - acc:        0.971220 loss:        0.086054
Test - acc:         0.899700 loss:        0.344954
Sparsity :          0.8750
Wdecay :        0.000500
========== Epoch 191 ==========
LR =  0.010000000000000002
Train - acc:        0.971320 loss:        0.085540
Test - acc:         0.910100 loss:        0.314307
Sparsity :          0.8750
Wdecay :        0.000500
========== Epoch 192 ==========
LR =  0.010000000000000002
Train - acc:        0.969500 loss:        0.089382
Test - acc:         0.901400 loss:        0.364605
Sparsity :          0.8750
Wdecay :        0.000500
========== Epoch 193 ==========
LR =  0.010000000000000002
Train - acc:        0.968940 loss:        0.090909
Test - acc:         0.906100 loss:        0.350454
Sparsity :          0.8750
Wdecay :        0.000500
========== Epoch 194 ==========
LR =  0.010000000000000002
Train - acc:        0.971100 loss:        0.086047
Test - acc:         0.903900 loss:        0.339250
Sparsity :          0.8750
Wdecay :        0.000500
========== Epoch 195 ==========
LR =  0.010000000000000002
Train - acc:        0.969240 loss:        0.092995
Test - acc:         0.910000 loss:        0.317414
Sparsity :          0.8750
Wdecay :        0.000500
========== Epoch 196 ==========
LR =  0.010000000000000002
Train - acc:        0.969660 loss:        0.088207
Test - acc:         0.910900 loss:        0.321281
Sparsity :          0.8750
Wdecay :        0.000500
========== Epoch 197 ==========
LR =  0.010000000000000002
Train - acc:        0.971740 loss:        0.084769
Test - acc:         0.905400 loss:        0.322233
Sparsity :          0.8750
Wdecay :        0.000500
========== Epoch 198 ==========
LR =  0.010000000000000002
Train - acc:        0.971140 loss:        0.086449
Test - acc:         0.914800 loss:        0.309167
Sparsity :          0.8750
Wdecay :        0.000500
========== Epoch 199 ==========
LR =  0.010000000000000002
Train - acc:        0.970680 loss:        0.086333
Test - acc:         0.898100 loss:        0.367613
Sparsity :          0.8750
Wdecay :        0.000500
========== Epoch 200 ==========
LR =  0.010000000000000002
Train - acc:        0.968720 loss:        0.092568
Test - acc:         0.901500 loss:        0.348925
Sparsity :          0.9375
Wdecay :        0.000500
========== Epoch 201 ==========
LR =  0.010000000000000002
Train - acc:        0.941920 loss:        0.176682
Test - acc:         0.897600 loss:        0.337986
Sparsity :          0.9375
Wdecay :        0.000500
========== Epoch 202 ==========
LR =  0.010000000000000002
Train - acc:        0.956520 loss:        0.133170
Test - acc:         0.896600 loss:        0.359388
Sparsity :          0.9375
Wdecay :        0.000500
========== Epoch 203 ==========
LR =  0.010000000000000002
Train - acc:        0.959000 loss:        0.121891
Test - acc:         0.900800 loss:        0.349589
Sparsity :          0.9375
Wdecay :        0.000500
========== Epoch 204 ==========
LR =  0.010000000000000002
Train - acc:        0.960620 loss:        0.117754
Test - acc:         0.893400 loss:        0.372433
Sparsity :          0.9375
Wdecay :        0.000500
========== Epoch 205 ==========
LR =  0.010000000000000002
Train - acc:        0.960780 loss:        0.114581
Test - acc:         0.898100 loss:        0.358400
Sparsity :          0.9375
Wdecay :        0.000500
========== Epoch 206 ==========
LR =  0.010000000000000002
Train - acc:        0.963060 loss:        0.109573
Test - acc:         0.896200 loss:        0.363954
Sparsity :          0.9375
Wdecay :        0.000500
========== Epoch 207 ==========
LR =  0.010000000000000002
Train - acc:        0.962040 loss:        0.111781
Test - acc:         0.905900 loss:        0.329808
Sparsity :          0.9375
Wdecay :        0.000500
========== Epoch 208 ==========
LR =  0.010000000000000002
Train - acc:        0.964660 loss:        0.103667
Test - acc:         0.893700 loss:        0.364290
Sparsity :          0.9375
Wdecay :        0.000500
========== Epoch 209 ==========
LR =  0.010000000000000002
Train - acc:        0.963300 loss:        0.109877
Test - acc:         0.902800 loss:        0.347665
Sparsity :          0.9375
Wdecay :        0.000500
========== Epoch 210 ==========
LR =  0.010000000000000002
Train - acc:        0.963300 loss:        0.108150
Test - acc:         0.901700 loss:        0.341640
Sparsity :          0.9375
Wdecay :        0.000500
========== Epoch 211 ==========
LR =  0.010000000000000002
Train - acc:        0.965280 loss:        0.103257
Test - acc:         0.901000 loss:        0.349854
Sparsity :          0.9375
Wdecay :        0.000500
========== Epoch 212 ==========
LR =  0.010000000000000002
Train - acc:        0.964980 loss:        0.101606
Test - acc:         0.903200 loss:        0.333702
Sparsity :          0.9375
Wdecay :        0.000500
========== Epoch 213 ==========
LR =  0.010000000000000002
Train - acc:        0.965860 loss:        0.101635
Test - acc:         0.893500 loss:        0.371687
Sparsity :          0.9375
Wdecay :        0.000500
========== Epoch 214 ==========
LR =  0.010000000000000002
Train - acc:        0.965380 loss:        0.100285
Test - acc:         0.891500 loss:        0.390604
Sparsity :          0.9375
Wdecay :        0.000500
========== Epoch 215 ==========
LR =  0.010000000000000002
Train - acc:        0.965360 loss:        0.101849
Test - acc:         0.904600 loss:        0.350143
Sparsity :          0.9375
Wdecay :        0.000500
========== Epoch 216 ==========
LR =  0.010000000000000002
Train - acc:        0.965200 loss:        0.101275
Test - acc:         0.900600 loss:        0.356766
Sparsity :          0.9375
Wdecay :        0.000500
========== Epoch 217 ==========
LR =  0.010000000000000002
Train - acc:        0.965980 loss:        0.100645
Test - acc:         0.896000 loss:        0.380299
Sparsity :          0.9375
Wdecay :        0.000500
========== Epoch 218 ==========
LR =  0.010000000000000002
Train - acc:        0.966340 loss:        0.099762
Test - acc:         0.898300 loss:        0.360041
Sparsity :          0.9375
Wdecay :        0.000500
========== Epoch 219 ==========
LR =  0.010000000000000002
Train - acc:        0.964920 loss:        0.102577
Test - acc:         0.903100 loss:        0.344108
Sparsity :          0.9375
Wdecay :        0.000500
========== Epoch 220 ==========
LR =  0.010000000000000002
Train - acc:        0.967820 loss:        0.096700
Test - acc:         0.902600 loss:        0.341154
Sparsity :          0.9375
Wdecay :        0.000500
========== Epoch 221 ==========
LR =  0.010000000000000002
Train - acc:        0.966780 loss:        0.097535
Test - acc:         0.909500 loss:        0.311751
Sparsity :          0.9375
Wdecay :        0.000500
========== Epoch 222 ==========
LR =  0.010000000000000002
Train - acc:        0.965160 loss:        0.104181
Test - acc:         0.904700 loss:        0.336310
Sparsity :          0.9375
Wdecay :        0.000500
========== Epoch 223 ==========
LR =  0.010000000000000002
Train - acc:        0.967460 loss:        0.097844
Test - acc:         0.897800 loss:        0.365068
Sparsity :          0.9375
Wdecay :        0.000500
========== Epoch 224 ==========
LR =  0.010000000000000002
Train - acc:        0.966280 loss:        0.099172
Test - acc:         0.908000 loss:        0.336019
Sparsity :          0.9375
Wdecay :        0.000500
========== Epoch 225 ==========
LR =  0.010000000000000002
Train - acc:        0.967420 loss:        0.097892
Test - acc:         0.892100 loss:        0.384137
Sparsity :          0.9375
Wdecay :        0.000500
========== Epoch 226 ==========
LR =  0.010000000000000002
Train - acc:        0.965880 loss:        0.101868
Test - acc:         0.906600 loss:        0.337039
Sparsity :          0.9375
Wdecay :        0.000500
========== Epoch 227 ==========
LR =  0.010000000000000002
Train - acc:        0.966540 loss:        0.099912
Test - acc:         0.895400 loss:        0.385385
Sparsity :          0.9375
Wdecay :        0.000500
========== Epoch 228 ==========
LR =  0.010000000000000002
Train - acc:        0.965620 loss:        0.099804
Test - acc:         0.897700 loss:        0.382209
Sparsity :          0.9375
Wdecay :        0.000500
========== Epoch 229 ==========
LR =  0.010000000000000002
Train - acc:        0.966900 loss:        0.098418
Test - acc:         0.898700 loss:        0.360117
Sparsity :          0.9375
Wdecay :        0.000500
========== Epoch 230 ==========
LR =  0.010000000000000002
Train - acc:        0.968260 loss:        0.094716
Test - acc:         0.901900 loss:        0.351520
Sparsity :          0.9375
Wdecay :        0.000500
========== Epoch 231 ==========
LR =  0.010000000000000002
Train - acc:        0.965960 loss:        0.101930
Test - acc:         0.905200 loss:        0.347639
Sparsity :          0.9375
Wdecay :        0.000500
========== Epoch 232 ==========
LR =  0.010000000000000002
Train - acc:        0.967300 loss:        0.095634
Test - acc:         0.902300 loss:        0.362573
Sparsity :          0.9375
Wdecay :        0.000500
========== Epoch 233 ==========
LR =  0.010000000000000002
Train - acc:        0.967620 loss:        0.096256
Test - acc:         0.892000 loss:        0.401795
Sparsity :          0.9375
Wdecay :        0.000500
========== Epoch 234 ==========
LR =  0.010000000000000002
Train - acc:        0.965180 loss:        0.101665
Test - acc:         0.904200 loss:        0.332217
Sparsity :          0.9375
Wdecay :        0.000500
========== Epoch 235 ==========
LR =  0.010000000000000002
Train - acc:        0.966800 loss:        0.098989
Test - acc:         0.894200 loss:        0.393704
Sparsity :          0.9375
Wdecay :        0.000500
========== Epoch 236 ==========
LR =  0.010000000000000002
Train - acc:        0.965540 loss:        0.099181
Test - acc:         0.907400 loss:        0.340212
Sparsity :          0.9375
Wdecay :        0.000500
========== Epoch 237 ==========
LR =  0.010000000000000002
Train - acc:        0.966100 loss:        0.098740
Test - acc:         0.903500 loss:        0.342186
Sparsity :          0.9375
Wdecay :        0.000500
========== Epoch 238 ==========
LR =  0.010000000000000002
Train - acc:        0.966640 loss:        0.099078
Test - acc:         0.898700 loss:        0.335822
Sparsity :          0.9375
Wdecay :        0.000500
========== Epoch 239 ==========
LR =  0.010000000000000002
Train - acc:        0.967460 loss:        0.099669
Test - acc:         0.900900 loss:        0.364820
Sparsity :          0.9375
Wdecay :        0.000500
========== Epoch 240 ==========
LR =  0.010000000000000002
Train - acc:        0.966660 loss:        0.097573
Test - acc:         0.905200 loss:        0.329831
Sparsity :          0.9375
Wdecay :        0.000500
========== Epoch 241 ==========
LR =  0.010000000000000002
Train - acc:        0.968420 loss:        0.094869
Test - acc:         0.902600 loss:        0.358875
Sparsity :          0.9375
Wdecay :        0.000500
========== Epoch 242 ==========
LR =  0.010000000000000002
Train - acc:        0.967960 loss:        0.093660
Test - acc:         0.905400 loss:        0.344088
Sparsity :          0.9375
Wdecay :        0.000500
========== Epoch 243 ==========
LR =  0.010000000000000002
Train - acc:        0.967420 loss:        0.094606
Test - acc:         0.903200 loss:        0.347685
Sparsity :          0.9375
Wdecay :        0.000500
========== Epoch 244 ==========
LR =  0.010000000000000002
Train - acc:        0.967360 loss:        0.096063
Test - acc:         0.904000 loss:        0.349129
Sparsity :          0.9375
Wdecay :        0.000500
========== Epoch 245 ==========
LR =  0.010000000000000002
Train - acc:        0.968720 loss:        0.094463
Test - acc:         0.901100 loss:        0.343539
Sparsity :          0.9375
Wdecay :        0.000500
========== Epoch 246 ==========
LR =  0.010000000000000002
Train - acc:        0.966080 loss:        0.098929
Test - acc:         0.901500 loss:        0.345577
Sparsity :          0.9375
Wdecay :        0.000500
========== Epoch 247 ==========
LR =  0.010000000000000002
Train - acc:        0.966760 loss:        0.097519
Test - acc:         0.898600 loss:        0.372095
Sparsity :          0.9375
Wdecay :        0.000500
========== Epoch 248 ==========
LR =  0.010000000000000002
Train - acc:        0.966600 loss:        0.099772
Test - acc:         0.894700 loss:        0.371729
Sparsity :          0.9375
Wdecay :        0.000500
========== Epoch 249 ==========
LR =  0.010000000000000002
Train - acc:        0.967620 loss:        0.095933
Test - acc:         0.901900 loss:        0.344709
Sparsity :          0.9375
Wdecay :        0.000500
========== Epoch 250 ==========
LR =  0.0010000000000000002
Train - acc:        0.968120 loss:        0.094052
Test - acc:         0.899400 loss:        0.370832
Sparsity :          0.9688
Wdecay :        0.000500
========== Epoch 251 ==========
LR =  0.0010000000000000002
Train - acc:        0.903500 loss:        0.294538
Test - acc:         0.884800 loss:        0.367252
Sparsity :          0.9688
Wdecay :        0.000500
========== Epoch 252 ==========
LR =  0.0010000000000000002
Train - acc:        0.936160 loss:        0.191846
Test - acc:         0.893700 loss:        0.340581
Sparsity :          0.9688
Wdecay :        0.000500
========== Epoch 253 ==========
LR =  0.0010000000000000002
Train - acc:        0.945320 loss:        0.164302
Test - acc:         0.896500 loss:        0.335566
Sparsity :          0.9688
Wdecay :        0.000500
========== Epoch 254 ==========
LR =  0.0010000000000000002
Train - acc:        0.951340 loss:        0.146343
Test - acc:         0.899400 loss:        0.335834
Sparsity :          0.9688
Wdecay :        0.000500
========== Epoch 255 ==========
LR =  0.0010000000000000002
Train - acc:        0.953660 loss:        0.138426
Test - acc:         0.900700 loss:        0.329871
Sparsity :          0.9688
Wdecay :        0.000500
========== Epoch 256 ==========
LR =  0.0010000000000000002
Train - acc:        0.956760 loss:        0.127719
Test - acc:         0.902900 loss:        0.330597
Sparsity :          0.9688
Wdecay :        0.000500
========== Epoch 257 ==========
LR =  0.0010000000000000002
Train - acc:        0.959900 loss:        0.121420
Test - acc:         0.903800 loss:        0.332060
Sparsity :          0.9688
Wdecay :        0.000500
========== Epoch 258 ==========
LR =  0.0010000000000000002
Train - acc:        0.961480 loss:        0.114187
Test - acc:         0.906400 loss:        0.333720
Sparsity :          0.9688
Wdecay :        0.000500
========== Epoch 259 ==========
LR =  0.0010000000000000002
Train - acc:        0.963780 loss:        0.108663
Test - acc:         0.905700 loss:        0.330326
Sparsity :          0.9688
Wdecay :        0.000500
========== Epoch 260 ==========
LR =  0.0010000000000000002
Train - acc:        0.964340 loss:        0.104326
Test - acc:         0.906100 loss:        0.329948
Sparsity :          0.9688
Wdecay :        0.000500
========== Epoch 261 ==========
LR =  0.0010000000000000002
Train - acc:        0.965620 loss:        0.100794
Test - acc:         0.907500 loss:        0.334831
Sparsity :          0.9688
Wdecay :        0.000500
========== Epoch 262 ==========
LR =  0.0010000000000000002
Train - acc:        0.965900 loss:        0.101804
Test - acc:         0.908500 loss:        0.332767
Sparsity :          0.9688
Wdecay :        0.000500
========== Epoch 263 ==========
LR =  0.0010000000000000002
Train - acc:        0.967880 loss:        0.094760
Test - acc:         0.904800 loss:        0.336331
Sparsity :          0.9688
Wdecay :        0.000500
========== Epoch 264 ==========
LR =  0.0010000000000000002
Train - acc:        0.968200 loss:        0.092723
Test - acc:         0.906100 loss:        0.336555
Sparsity :          0.9688
Wdecay :        0.000500
========== Epoch 265 ==========
LR =  0.0010000000000000002
Train - acc:        0.969220 loss:        0.091222
Test - acc:         0.906800 loss:        0.334567
Sparsity :          0.9688
Wdecay :        0.000500
========== Epoch 266 ==========
LR =  0.0010000000000000002
Train - acc:        0.970100 loss:        0.086667
Test - acc:         0.908900 loss:        0.329975
Sparsity :          0.9688
Wdecay :        0.000500
========== Epoch 267 ==========
LR =  0.0010000000000000002
Train - acc:        0.970760 loss:        0.085814
Test - acc:         0.910300 loss:        0.334478
Sparsity :          0.9688
Wdecay :        0.000500
========== Epoch 268 ==========
LR =  0.0010000000000000002
Train - acc:        0.971280 loss:        0.085981
Test - acc:         0.906100 loss:        0.339306
Sparsity :          0.9688
Wdecay :        0.000500
========== Epoch 269 ==========
LR =  0.0010000000000000002
Train - acc:        0.972640 loss:        0.081566
Test - acc:         0.909000 loss:        0.336293
Sparsity :          0.9688
Wdecay :        0.000500
========== Epoch 270 ==========
LR =  0.0010000000000000002
Train - acc:        0.973580 loss:        0.078901
Test - acc:         0.910800 loss:        0.335029
Sparsity :          0.9688
Wdecay :        0.000500
========== Epoch 271 ==========
LR =  0.0010000000000000002
Train - acc:        0.973320 loss:        0.078881
Test - acc:         0.910600 loss:        0.337509
Sparsity :          0.9688
Wdecay :        0.000500
========== Epoch 272 ==========
LR =  0.0010000000000000002
Train - acc:        0.974580 loss:        0.075898
Test - acc:         0.907400 loss:        0.342141
Sparsity :          0.9688
Wdecay :        0.000500
========== Epoch 273 ==========
LR =  0.0010000000000000002
Train - acc:        0.975240 loss:        0.074852
Test - acc:         0.909100 loss:        0.348271
Sparsity :          0.9688
Wdecay :        0.000500
========== Epoch 274 ==========
LR =  0.0010000000000000002
Train - acc:        0.976500 loss:        0.070533
Test - acc:         0.908600 loss:        0.342818
Sparsity :          0.9688
Wdecay :        0.000500
========== Epoch 275 ==========
LR =  0.0010000000000000002
Train - acc:        0.973920 loss:        0.075228
Test - acc:         0.908000 loss:        0.344844
Sparsity :          0.9688
Wdecay :        0.000500
========== Epoch 276 ==========
LR =  0.0010000000000000002
Train - acc:        0.975760 loss:        0.072867
Test - acc:         0.908800 loss:        0.343898
Sparsity :          0.9688
Wdecay :        0.000500
========== Epoch 277 ==========
LR =  0.0010000000000000002
Train - acc:        0.975240 loss:        0.072144
Test - acc:         0.908000 loss:        0.345756
Sparsity :          0.9688
Wdecay :        0.000500
========== Epoch 278 ==========
LR =  0.0010000000000000002
Train - acc:        0.976180 loss:        0.070145
Test - acc:         0.909700 loss:        0.348125
Sparsity :          0.9688
Wdecay :        0.000500
========== Epoch 279 ==========
LR =  0.0010000000000000002
Train - acc:        0.976040 loss:        0.068739
Test - acc:         0.907900 loss:        0.353275
Sparsity :          0.9688
Wdecay :        0.000500
========== Epoch 280 ==========
LR =  0.0010000000000000002
Train - acc:        0.977220 loss:        0.067133
Test - acc:         0.911800 loss:        0.352314
Sparsity :          0.9688
Wdecay :        0.000500
========== Epoch 281 ==========
LR =  0.0010000000000000002
Train - acc:        0.977620 loss:        0.066875
Test - acc:         0.911100 loss:        0.345919
Sparsity :          0.9688
Wdecay :        0.000500
========== Epoch 282 ==========
LR =  0.0010000000000000002
Train - acc:        0.978500 loss:        0.065560
Test - acc:         0.910100 loss:        0.351647
Sparsity :          0.9688
Wdecay :        0.000500
========== Epoch 283 ==========
LR =  0.0010000000000000002
Train - acc:        0.977340 loss:        0.066982
Test - acc:         0.910900 loss:        0.357158
Sparsity :          0.9688
Wdecay :        0.000500
========== Epoch 284 ==========
LR =  0.0010000000000000002
Train - acc:        0.976660 loss:        0.068060
Test - acc:         0.908700 loss:        0.353812
Sparsity :          0.9688
Wdecay :        0.000500
========== Epoch 285 ==========
LR =  0.0010000000000000002
Train - acc:        0.977180 loss:        0.064837
Test - acc:         0.910600 loss:        0.351637
Sparsity :          0.9688
Wdecay :        0.000500
========== Epoch 286 ==========
LR =  0.0010000000000000002
Train - acc:        0.978420 loss:        0.062510
Test - acc:         0.910600 loss:        0.352618
Sparsity :          0.9688
Wdecay :        0.000500
========== Epoch 287 ==========
LR =  0.0010000000000000002
Train - acc:        0.979200 loss:        0.061097
Test - acc:         0.910400 loss:        0.358345
Sparsity :          0.9688
Wdecay :        0.000500
========== Epoch 288 ==========
LR =  0.0010000000000000002
Train - acc:        0.978140 loss:        0.062715
Test - acc:         0.910900 loss:        0.355930
Sparsity :          0.9688
Wdecay :        0.000500
========== Epoch 289 ==========
LR =  0.0010000000000000002
Train - acc:        0.980580 loss:        0.058710
Test - acc:         0.909000 loss:        0.369563
Sparsity :          0.9688
Wdecay :        0.000500
========== Epoch 290 ==========
LR =  0.0010000000000000002
Train - acc:        0.979020 loss:        0.062175
Test - acc:         0.912900 loss:        0.358118
Sparsity :          0.9688
Wdecay :        0.000500
========== Epoch 291 ==========
LR =  0.0010000000000000002
Train - acc:        0.978660 loss:        0.061334
Test - acc:         0.909900 loss:        0.358971
Sparsity :          0.9688
Wdecay :        0.000500
========== Epoch 292 ==========
LR =  0.0010000000000000002
Train - acc:        0.979980 loss:        0.059478
Test - acc:         0.910500 loss:        0.360278
Sparsity :          0.9688
Wdecay :        0.000500
========== Epoch 293 ==========
LR =  0.0010000000000000002
Train - acc:        0.979700 loss:        0.059526
Test - acc:         0.909500 loss:        0.360389
Sparsity :          0.9688
Wdecay :        0.000500
========== Epoch 294 ==========
LR =  0.0010000000000000002
Train - acc:        0.980880 loss:        0.056487
Test - acc:         0.907600 loss:        0.368811
Sparsity :          0.9688
Wdecay :        0.000500
========== Epoch 295 ==========
LR =  0.0010000000000000002
Train - acc:        0.980980 loss:        0.056364
Test - acc:         0.912000 loss:        0.361540
Sparsity :          0.9688
Wdecay :        0.000500
========== Epoch 296 ==========
LR =  0.0010000000000000002
Train - acc:        0.980100 loss:        0.058828
Test - acc:         0.908700 loss:        0.369431
Sparsity :          0.9688
Wdecay :        0.000500
========== Epoch 297 ==========
LR =  0.0010000000000000002
Train - acc:        0.980500 loss:        0.057544
Test - acc:         0.912100 loss:        0.358161
Sparsity :          0.9688
Wdecay :        0.000500
========== Epoch 298 ==========
LR =  0.0010000000000000002
Train - acc:        0.981280 loss:        0.057681
Test - acc:         0.911000 loss:        0.366419
Sparsity :          0.9688
Wdecay :        0.000500
========== Epoch 299 ==========
LR =  0.0010000000000000002
Train - acc:        0.981340 loss:        0.055104
Test - acc:         0.912300 loss:        0.361195
Sparsity :          0.9688
Wdecay :        0.000500
========== Epoch 300 ==========
LR =  0.0010000000000000002
Train - acc:        0.981000 loss:        0.056781
Test - acc:         0.909900 loss:        0.363494
Sparsity :          0.9844
Wdecay :        0.000500
========== Epoch 301 ==========
LR =  0.0010000000000000002
Train - acc:        0.759400 loss:        0.750677
Test - acc:         0.780500 loss:        0.665942
Sparsity :          0.9844
Wdecay :        0.000500
========== Epoch 302 ==========
LR =  0.0010000000000000002
Train - acc:        0.837500 loss:        0.488277
Test - acc:         0.833400 loss:        0.515953
Sparsity :          0.9844
Wdecay :        0.000500
========== Epoch 303 ==========
LR =  0.0010000000000000002
Train - acc:        0.855460 loss:        0.427212
Test - acc:         0.829500 loss:        0.525315
Sparsity :          0.9844
Wdecay :        0.000500
========== Epoch 304 ==========
LR =  0.0010000000000000002
Train - acc:        0.868480 loss:        0.388449
Test - acc:         0.838000 loss:        0.488296
Sparsity :          0.9844
Wdecay :        0.000500
========== Epoch 305 ==========
LR =  0.0010000000000000002
Train - acc:        0.875240 loss:        0.366499
Test - acc:         0.852200 loss:        0.460361
Sparsity :          0.9844
Wdecay :        0.000500
========== Epoch 306 ==========
LR =  0.0010000000000000002
Train - acc:        0.885040 loss:        0.341858
Test - acc:         0.852800 loss:        0.463395
Sparsity :          0.9844
Wdecay :        0.000500
========== Epoch 307 ==========
LR =  0.0010000000000000002
Train - acc:        0.885400 loss:        0.338135
Test - acc:         0.860400 loss:        0.437722
Sparsity :          0.9844
Wdecay :        0.000500
========== Epoch 308 ==========
LR =  0.0010000000000000002
Train - acc:        0.891160 loss:        0.322566
Test - acc:         0.857700 loss:        0.448037
Sparsity :          0.9844
Wdecay :        0.000500
========== Epoch 309 ==========
LR =  0.0010000000000000002
Train - acc:        0.895320 loss:        0.315113
Test - acc:         0.856400 loss:        0.445304
Sparsity :          0.9844
Wdecay :        0.000500
========== Epoch 310 ==========
LR =  0.0010000000000000002
Train - acc:        0.896720 loss:        0.305751
Test - acc:         0.851600 loss:        0.473599
Sparsity :          0.9844
Wdecay :        0.000500
========== Epoch 311 ==========
LR =  0.0010000000000000002
Train - acc:        0.900080 loss:        0.294422
Test - acc:         0.866200 loss:        0.420495
Sparsity :          0.9844
Wdecay :        0.000500
========== Epoch 312 ==========
LR =  0.0010000000000000002
Train - acc:        0.899780 loss:        0.291856
Test - acc:         0.860600 loss:        0.432445
Sparsity :          0.9844
Wdecay :        0.000500
========== Epoch 313 ==========
LR =  0.0010000000000000002
Train - acc:        0.903500 loss:        0.284331
Test - acc:         0.862900 loss:        0.432905
Sparsity :          0.9844
Wdecay :        0.000500
========== Epoch 314 ==========
LR =  0.0010000000000000002
Train - acc:        0.905780 loss:        0.278312
Test - acc:         0.861700 loss:        0.445431
Sparsity :          0.9844
Wdecay :        0.000500
========== Epoch 315 ==========
LR =  0.0010000000000000002
Train - acc:        0.906600 loss:        0.273442
Test - acc:         0.865400 loss:        0.431975
Sparsity :          0.9844
Wdecay :        0.000500
========== Epoch 316 ==========
LR =  0.0010000000000000002
Train - acc:        0.909400 loss:        0.268525
Test - acc:         0.867400 loss:        0.413380
Sparsity :          0.9844
Wdecay :        0.000500
========== Epoch 317 ==========
LR =  0.0010000000000000002
Train - acc:        0.910200 loss:        0.267378
Test - acc:         0.866700 loss:        0.409551
Sparsity :          0.9844
Wdecay :        0.000500
========== Epoch 318 ==========
LR =  0.0010000000000000002
Train - acc:        0.910720 loss:        0.259416
Test - acc:         0.869400 loss:        0.408931
Sparsity :          0.9844
Wdecay :        0.000500
========== Epoch 319 ==========
LR =  0.0010000000000000002
Train - acc:        0.911380 loss:        0.261408
Test - acc:         0.864500 loss:        0.422442
Sparsity :          0.9844
Wdecay :        0.000500
========== Epoch 320 ==========
LR =  0.0010000000000000002
Train - acc:        0.911920 loss:        0.258743
Test - acc:         0.872500 loss:        0.398293
Sparsity :          0.9844
Wdecay :        0.000500
========== Epoch 321 ==========
LR =  0.0010000000000000002
Train - acc:        0.912900 loss:        0.254500
Test - acc:         0.866500 loss:        0.432546
Sparsity :          0.9844
Wdecay :        0.000500
========== Epoch 322 ==========
LR =  0.0010000000000000002
Train - acc:        0.916420 loss:        0.248622
Test - acc:         0.870300 loss:        0.405615
Sparsity :          0.9844
Wdecay :        0.000500
========== Epoch 323 ==========
LR =  0.0010000000000000002
Train - acc:        0.914520 loss:        0.248932
Test - acc:         0.871000 loss:        0.413415
Sparsity :          0.9844
Wdecay :        0.000500
========== Epoch 324 ==========
LR =  0.0010000000000000002
Train - acc:        0.915340 loss:        0.244650
Test - acc:         0.869400 loss:        0.409123
Sparsity :          0.9844
Wdecay :        0.000500
========== Epoch 325 ==========
LR =  0.0010000000000000002
Train - acc:        0.917440 loss:        0.243701
Test - acc:         0.858200 loss:        0.464365
Sparsity :          0.9844
Wdecay :        0.000500
========== Epoch 326 ==========
LR =  0.0010000000000000002
Train - acc:        0.915620 loss:        0.244694
Test - acc:         0.875900 loss:        0.400588
Sparsity :          0.9844
Wdecay :        0.000500
========== Epoch 327 ==========
LR =  0.0010000000000000002
Train - acc:        0.918720 loss:        0.239031
Test - acc:         0.861400 loss:        0.451483
Sparsity :          0.9844
Wdecay :        0.000500
========== Epoch 328 ==========
LR =  0.0010000000000000002
Train - acc:        0.919820 loss:        0.237718
Test - acc:         0.871800 loss:        0.405707
Sparsity :          0.9844
Wdecay :        0.000500
========== Epoch 329 ==========
LR =  0.0010000000000000002
Train - acc:        0.920640 loss:        0.233354
Test - acc:         0.870900 loss:        0.413515
Sparsity :          0.9844
Wdecay :        0.000500
========== Epoch 330 ==========
LR =  0.0010000000000000002
Train - acc:        0.921960 loss:        0.229444
Test - acc:         0.866600 loss:        0.438358
Sparsity :          0.9844
Wdecay :        0.000500
========== Epoch 331 ==========
LR =  0.0010000000000000002
Train - acc:        0.922180 loss:        0.226740
Test - acc:         0.876100 loss:        0.398360
Sparsity :          0.9844
Wdecay :        0.000500
========== Epoch 332 ==========
LR =  0.0010000000000000002
Train - acc:        0.920000 loss:        0.232751
Test - acc:         0.878000 loss:        0.381638
Sparsity :          0.9844
Wdecay :        0.000500
========== Epoch 333 ==========
LR =  0.0010000000000000002
Train - acc:        0.921640 loss:        0.229009
Test - acc:         0.870400 loss:        0.410905
Sparsity :          0.9844
Wdecay :        0.000500
========== Epoch 334 ==========
LR =  0.0010000000000000002
Train - acc:        0.921700 loss:        0.226675
Test - acc:         0.879100 loss:        0.386734
Sparsity :          0.9844
Wdecay :        0.000500
========== Epoch 335 ==========
LR =  0.0010000000000000002
Train - acc:        0.923620 loss:        0.223003
Test - acc:         0.859900 loss:        0.462527
Sparsity :          0.9844
Wdecay :        0.000500
========== Epoch 336 ==========
LR =  0.0010000000000000002
Train - acc:        0.923520 loss:        0.223530
Test - acc:         0.869000 loss:        0.420249
Sparsity :          0.9844
Wdecay :        0.000500
========== Epoch 337 ==========
LR =  0.0010000000000000002
Train - acc:        0.925540 loss:        0.218393
Test - acc:         0.878000 loss:        0.397977
Sparsity :          0.9844
Wdecay :        0.000500
========== Epoch 338 ==========
LR =  0.0010000000000000002
Train - acc:        0.925000 loss:        0.220258
Test - acc:         0.864900 loss:        0.446964
Sparsity :          0.9844
Wdecay :        0.000500
========== Epoch 339 ==========
LR =  0.0010000000000000002
Train - acc:        0.924140 loss:        0.219085
Test - acc:         0.880700 loss:        0.388488
Sparsity :          0.9844
Wdecay :        0.000500
========== Epoch 340 ==========
LR =  0.0010000000000000002
Train - acc:        0.925440 loss:        0.216602
Test - acc:         0.863000 loss:        0.447481
Sparsity :          0.9844
Wdecay :        0.000500
========== Epoch 341 ==========
LR =  0.0010000000000000002
Train - acc:        0.923720 loss:        0.220110
Test - acc:         0.877000 loss:        0.394891
Sparsity :          0.9844
Wdecay :        0.000500
========== Epoch 342 ==========
LR =  0.0010000000000000002
Train - acc:        0.925020 loss:        0.218239
Test - acc:         0.874300 loss:        0.402101
Sparsity :          0.9844
Wdecay :        0.000500
========== Epoch 343 ==========
LR =  0.0010000000000000002
Train - acc:        0.924520 loss:        0.217270
Test - acc:         0.875500 loss:        0.393314
Sparsity :          0.9844
Wdecay :        0.000500
========== Epoch 344 ==========
LR =  0.0010000000000000002
Train - acc:        0.924880 loss:        0.213563
Test - acc:         0.883400 loss:        0.384527
Sparsity :          0.9844
Wdecay :        0.000500
========== Epoch 345 ==========
LR =  0.0010000000000000002
Train - acc:        0.925940 loss:        0.213752
Test - acc:         0.876600 loss:        0.415284
Sparsity :          0.9844
Wdecay :        0.000500
========== Epoch 346 ==========
LR =  0.0010000000000000002
Train - acc:        0.924880 loss:        0.218261
Test - acc:         0.878500 loss:        0.388536
Sparsity :          0.9844
Wdecay :        0.000500
========== Epoch 347 ==========
LR =  0.0010000000000000002
Train - acc:        0.928640 loss:        0.208589
Test - acc:         0.876700 loss:        0.407229
Sparsity :          0.9844
Wdecay :        0.000500
========== Epoch 348 ==========
LR =  0.0010000000000000002
Train - acc:        0.928380 loss:        0.208887
Test - acc:         0.874000 loss:        0.402217
Sparsity :          0.9844
Wdecay :        0.000500
========== Epoch 349 ==========
LR =  0.0010000000000000002
Train - acc:        0.927200 loss:        0.211643
Test - acc:         0.878200 loss:        0.389722
Sparsity :          0.9844
Wdecay :        0.000500
========== Epoch 350 ==========
LR =  0.0010000000000000002
Train - acc:        0.928960 loss:        0.205690
Test - acc:         0.879700 loss:        0.387335
Sparsity :          0.9844
Wdecay :        0.000500
