Running --prune_criterion topflip --seed 42 --prune_freq 39 --prune_rate 0.5 --noise --comment=vgg19_crit=topflip_pf=39_seed=42 --save_model=pre-finetune/vgg19_topflip_pf39_s42
******************************
Running
{
    "model": "vgg19",
    "dataset": "cifar10",
    "batch_size": 128,
    "test_batch_size": 2000,
    "epochs": 350,
    "lr": 0.1,
    "device": "cuda",
    "seed": 42,
    "prune_criterion": "topflip",
    "prune_freq": 39,
    "prune_rate": 0.5,
    "sensitivity": 0,
    "flip_threshold": 1,
    "stop_pruning_at": -1,
    "prune_bias": false,
    "use_ema_flips": false,
    "beta_ema_flips": null,
    "reset_flip_cts": false,
    "normalize_magnitudes": false,
    "logdir": "criterion_experiment_no_bias/vgg19",
    "opt": "sgd",
    "momentum": 0.9,
    "use_scheduler": true,
    "milestones": [
        150,
        250
    ],
    "reg_type": "wdecay",
    "lambda": 0.0005,
    "anneal_lambda": false,
    "anneal_lr": false,
    "add_noise": true,
    "scale_noise_by_lr": false,
    "stop_noise_at": -1,
    "noise_only_prunable": false,
    "noise_scale_factor": 1,
    "snip_sparsity": 0.0,
    "beta_ema": 0.999,
    "lambas": [
        1.0,
        1.0,
        1.0,
        1.0
    ],
    "local_rep": false,
    "temperature": 0.6666666666666666,
    "save_model": "pre-finetune/vgg19_topflip_pf39_s42",
    "load_model": null,
    "parallel": false
}
******************************
Files already downloaded and verified
Files already downloaded and verified
Total prunable params of model: 20024000
Model has 20040522 total params.
num_weights=20029504
num_biases=11018
---Biases omitted from pruning---
========== Epoch 1 ==========
LR =  0.1
Train - acc:        0.112220 loss:        2.707889
Test - acc:         0.115500 loss:        2.285625
Sparsity :          0.0000
Wdecay :        0.000500
========== Epoch 2 ==========
LR =  0.1
Train - acc:        0.171100 loss:        2.119530
Test - acc:         0.247800 loss:        1.889029
Sparsity :          0.0000
Wdecay :        0.000500
========== Epoch 3 ==========
LR =  0.1
Train - acc:        0.260180 loss:        1.845003
Test - acc:         0.293800 loss:        1.793629
Sparsity :          0.0000
Wdecay :        0.000500
========== Epoch 4 ==========
LR =  0.1
Train - acc:        0.351700 loss:        1.666860
Test - acc:         0.365700 loss:        1.606198
Sparsity :          0.0000
Wdecay :        0.000500
========== Epoch 5 ==========
LR =  0.1
Train - acc:        0.442140 loss:        1.475611
Test - acc:         0.498800 loss:        1.346169
Sparsity :          0.0000
Wdecay :        0.000500
========== Epoch 6 ==========
LR =  0.1
Train - acc:        0.541180 loss:        1.260178
Test - acc:         0.453900 loss:        1.738315
Sparsity :          0.0000
Wdecay :        0.000500
========== Epoch 7 ==========
LR =  0.1
Train - acc:        0.619740 loss:        1.083854
Test - acc:         0.532000 loss:        1.515536
Sparsity :          0.0000
Wdecay :        0.000500
========== Epoch 8 ==========
LR =  0.1
Train - acc:        0.675980 loss:        0.929632
Test - acc:         0.621200 loss:        1.227844
Sparsity :          0.0000
Wdecay :        0.000500
========== Epoch 9 ==========
LR =  0.1
Train - acc:        0.710540 loss:        0.855181
Test - acc:         0.638900 loss:        1.146975
Sparsity :          0.0000
Wdecay :        0.000500
========== Epoch 10 ==========
LR =  0.1
Train - acc:        0.730440 loss:        0.803610
Test - acc:         0.680300 loss:        1.070751
Sparsity :          0.0000
Wdecay :        0.000500
========== Epoch 11 ==========
LR =  0.1
Train - acc:        0.752360 loss:        0.752724
Test - acc:         0.695200 loss:        0.963042
Sparsity :          0.0000
Wdecay :        0.000500
========== Epoch 12 ==========
LR =  0.1
Train - acc:        0.761480 loss:        0.725837
Test - acc:         0.731800 loss:        0.838521
Sparsity :          0.0000
Wdecay :        0.000500
========== Epoch 13 ==========
LR =  0.1
Train - acc:        0.771840 loss:        0.701123
Test - acc:         0.694700 loss:        0.991394
Sparsity :          0.0000
Wdecay :        0.000500
========== Epoch 14 ==========
LR =  0.1
Train - acc:        0.778780 loss:        0.676362
Test - acc:         0.667800 loss:        1.115059
Sparsity :          0.0000
Wdecay :        0.000500
========== Epoch 15 ==========
LR =  0.1
Train - acc:        0.781940 loss:        0.664950
Test - acc:         0.744500 loss:        0.805362
Sparsity :          0.0000
Wdecay :        0.000500
========== Epoch 16 ==========
LR =  0.1
Train - acc:        0.790840 loss:        0.641081
Test - acc:         0.779400 loss:        0.675063
Sparsity :          0.0000
Wdecay :        0.000500
========== Epoch 17 ==========
LR =  0.1
Train - acc:        0.795240 loss:        0.630031
Test - acc:         0.697300 loss:        0.917811
Sparsity :          0.0000
Wdecay :        0.000500
========== Epoch 18 ==========
LR =  0.1
Train - acc:        0.800100 loss:        0.615935
Test - acc:         0.719800 loss:        0.926714
Sparsity :          0.0000
Wdecay :        0.000500
========== Epoch 19 ==========
LR =  0.1
Train - acc:        0.800380 loss:        0.612391
Test - acc:         0.752900 loss:        0.813506
Sparsity :          0.0000
Wdecay :        0.000500
========== Epoch 20 ==========
LR =  0.1
Train - acc:        0.802400 loss:        0.604146
Test - acc:         0.770800 loss:        0.743486
Sparsity :          0.0000
Wdecay :        0.000500
========== Epoch 21 ==========
LR =  0.1
Train - acc:        0.807380 loss:        0.594119
Test - acc:         0.665200 loss:        1.083300
Sparsity :          0.0000
Wdecay :        0.000500
========== Epoch 22 ==========
LR =  0.1
Train - acc:        0.810160 loss:        0.585650
Test - acc:         0.778600 loss:        0.685493
Sparsity :          0.0000
Wdecay :        0.000500
========== Epoch 23 ==========
LR =  0.1
Train - acc:        0.809940 loss:        0.585200
Test - acc:         0.780900 loss:        0.664840
Sparsity :          0.0000
Wdecay :        0.000500
========== Epoch 24 ==========
LR =  0.1
Train - acc:        0.811000 loss:        0.585315
Test - acc:         0.780700 loss:        0.692555
Sparsity :          0.0000
Wdecay :        0.000500
========== Epoch 25 ==========
LR =  0.1
Train - acc:        0.812760 loss:        0.576658
Test - acc:         0.723800 loss:        0.945873
Sparsity :          0.0000
Wdecay :        0.000500
========== Epoch 26 ==========
LR =  0.1
Train - acc:        0.819780 loss:        0.555273
Test - acc:         0.759000 loss:        0.754278
Sparsity :          0.0000
Wdecay :        0.000500
========== Epoch 27 ==========
LR =  0.1
Train - acc:        0.816960 loss:        0.567006
Test - acc:         0.759200 loss:        0.769223
Sparsity :          0.0000
Wdecay :        0.000500
========== Epoch 28 ==========
LR =  0.1
Train - acc:        0.818100 loss:        0.561920
Test - acc:         0.784400 loss:        0.689784
Sparsity :          0.0000
Wdecay :        0.000500
========== Epoch 29 ==========
LR =  0.1
Train - acc:        0.818680 loss:        0.560318
Test - acc:         0.781500 loss:        0.680860
Sparsity :          0.0000
Wdecay :        0.000500
========== Epoch 30 ==========
LR =  0.1
Train - acc:        0.818160 loss:        0.564143
Test - acc:         0.704200 loss:        0.952644
Sparsity :          0.0000
Wdecay :        0.000500
========== Epoch 31 ==========
LR =  0.1
Train - acc:        0.824040 loss:        0.548989
Test - acc:         0.768300 loss:        0.734637
Sparsity :          0.0000
Wdecay :        0.000500
========== Epoch 32 ==========
LR =  0.1
Train - acc:        0.822460 loss:        0.552491
Test - acc:         0.795300 loss:        0.651316
Sparsity :          0.0000
Wdecay :        0.000500
========== Epoch 33 ==========
LR =  0.1
Train - acc:        0.822260 loss:        0.549665
Test - acc:         0.776000 loss:        0.726616
Sparsity :          0.0000
Wdecay :        0.000500
========== Epoch 34 ==========
LR =  0.1
Train - acc:        0.824040 loss:        0.545305
Test - acc:         0.696300 loss:        1.066222
Sparsity :          0.0000
Wdecay :        0.000500
========== Epoch 35 ==========
LR =  0.1
Train - acc:        0.828700 loss:        0.532606
Test - acc:         0.763700 loss:        0.736834
Sparsity :          0.0000
Wdecay :        0.000500
========== Epoch 36 ==========
LR =  0.1
Train - acc:        0.825980 loss:        0.536146
Test - acc:         0.797400 loss:        0.639977
Sparsity :          0.0000
Wdecay :        0.000500
========== Epoch 37 ==========
LR =  0.1
Train - acc:        0.825080 loss:        0.541546
Test - acc:         0.783400 loss:        0.693384
Sparsity :          0.0000
Wdecay :        0.000500
========== Epoch 38 ==========
LR =  0.1
Train - acc:        0.827300 loss:        0.528451
Test - acc:         0.736300 loss:        0.862552
Sparsity :          0.0000
Wdecay :        0.000500
========== Epoch 39 ==========
LR =  0.1
Train - acc:        0.824660 loss:        0.537154
Test - acc:         0.745800 loss:        0.838598
Sparsity :          0.5000
Wdecay :        0.000500
========== Epoch 40 ==========
LR =  0.1
Train - acc:        0.830680 loss:        0.521679
Test - acc:         0.770700 loss:        0.749977
Sparsity :          0.5000
Wdecay :        0.000500
========== Epoch 41 ==========
LR =  0.1
Train - acc:        0.838140 loss:        0.496894
Test - acc:         0.804500 loss:        0.604905
Sparsity :          0.5000
Wdecay :        0.000500
========== Epoch 42 ==========
LR =  0.1
Train - acc:        0.839540 loss:        0.490909
Test - acc:         0.788300 loss:        0.679626
Sparsity :          0.5000
Wdecay :        0.000500
========== Epoch 43 ==========
LR =  0.1
Train - acc:        0.840900 loss:        0.486759
Test - acc:         0.808000 loss:        0.600155
Sparsity :          0.5000
Wdecay :        0.000500
========== Epoch 44 ==========
LR =  0.1
Train - acc:        0.840860 loss:        0.479140
Test - acc:         0.785400 loss:        0.657909
Sparsity :          0.5000
Wdecay :        0.000500
========== Epoch 45 ==========
LR =  0.1
Train - acc:        0.844560 loss:        0.476762
Test - acc:         0.772400 loss:        0.781764
Sparsity :          0.5000
Wdecay :        0.000500
========== Epoch 46 ==========
LR =  0.1
Train - acc:        0.844000 loss:        0.475592
Test - acc:         0.805500 loss:        0.604056
Sparsity :          0.5000
Wdecay :        0.000500
========== Epoch 47 ==========
LR =  0.1
Train - acc:        0.846200 loss:        0.467617
Test - acc:         0.833800 loss:        0.525876
Sparsity :          0.5000
Wdecay :        0.000500
========== Epoch 48 ==========
LR =  0.1
Train - acc:        0.844560 loss:        0.472841
Test - acc:         0.807600 loss:        0.634081
Sparsity :          0.5000
Wdecay :        0.000500
========== Epoch 49 ==========
LR =  0.1
Train - acc:        0.843500 loss:        0.477044
Test - acc:         0.787800 loss:        0.638381
Sparsity :          0.5000
Wdecay :        0.000500
========== Epoch 50 ==========
LR =  0.1
Train - acc:        0.846640 loss:        0.467037
Test - acc:         0.787300 loss:        0.652310
Sparsity :          0.5000
Wdecay :        0.000500
========== Epoch 51 ==========
LR =  0.1
Train - acc:        0.849400 loss:        0.459460
Test - acc:         0.773900 loss:        0.733167
Sparsity :          0.5000
Wdecay :        0.000500
========== Epoch 52 ==========
LR =  0.1
Train - acc:        0.848820 loss:        0.461009
Test - acc:         0.761000 loss:        0.811505
Sparsity :          0.5000
Wdecay :        0.000500
========== Epoch 53 ==========
LR =  0.1
Train - acc:        0.846680 loss:        0.465020
Test - acc:         0.702800 loss:        1.025343
Sparsity :          0.5000
Wdecay :        0.000500
========== Epoch 54 ==========
LR =  0.1
Train - acc:        0.847000 loss:        0.458878
Test - acc:         0.765300 loss:        0.734984
Sparsity :          0.5000
Wdecay :        0.000500
========== Epoch 55 ==========
LR =  0.1
Train - acc:        0.848160 loss:        0.459972
Test - acc:         0.790300 loss:        0.636749
Sparsity :          0.5000
Wdecay :        0.000500
========== Epoch 56 ==========
LR =  0.1
Train - acc:        0.847880 loss:        0.460958
Test - acc:         0.822700 loss:        0.542182
Sparsity :          0.5000
Wdecay :        0.000500
========== Epoch 57 ==========
LR =  0.1
Train - acc:        0.849560 loss:        0.450204
Test - acc:         0.766700 loss:        0.803994
Sparsity :          0.5000
Wdecay :        0.000500
========== Epoch 58 ==========
LR =  0.1
Train - acc:        0.849320 loss:        0.456139
Test - acc:         0.800400 loss:        0.617753
Sparsity :          0.5000
Wdecay :        0.000500
========== Epoch 59 ==========
LR =  0.1
Train - acc:        0.848380 loss:        0.454738
Test - acc:         0.786000 loss:        0.687378
Sparsity :          0.5000
Wdecay :        0.000500
========== Epoch 60 ==========
LR =  0.1
Train - acc:        0.848580 loss:        0.455879
Test - acc:         0.798900 loss:        0.621313
Sparsity :          0.5000
Wdecay :        0.000500
========== Epoch 61 ==========
LR =  0.1
Train - acc:        0.847640 loss:        0.453878
Test - acc:         0.754700 loss:        0.818127
Sparsity :          0.5000
Wdecay :        0.000500
========== Epoch 62 ==========
LR =  0.1
Train - acc:        0.848520 loss:        0.458052
Test - acc:         0.825200 loss:        0.545930
Sparsity :          0.5000
Wdecay :        0.000500
========== Epoch 63 ==========
LR =  0.1
Train - acc:        0.849800 loss:        0.451957
Test - acc:         0.763600 loss:        0.742098
Sparsity :          0.5000
Wdecay :        0.000500
========== Epoch 64 ==========
LR =  0.1
Train - acc:        0.850600 loss:        0.450670
Test - acc:         0.799600 loss:        0.628205
Sparsity :          0.5000
Wdecay :        0.000500
========== Epoch 65 ==========
LR =  0.1
Train - acc:        0.848360 loss:        0.459591
Test - acc:         0.763300 loss:        0.820599
Sparsity :          0.5000
Wdecay :        0.000500
========== Epoch 66 ==========
LR =  0.1
Train - acc:        0.850120 loss:        0.448992
Test - acc:         0.775200 loss:        0.714004
Sparsity :          0.5000
Wdecay :        0.000500
========== Epoch 67 ==========
LR =  0.1
Train - acc:        0.850300 loss:        0.450920
Test - acc:         0.774800 loss:        0.692629
Sparsity :          0.5000
Wdecay :        0.000500
========== Epoch 68 ==========
LR =  0.1
Train - acc:        0.847680 loss:        0.457818
Test - acc:         0.753800 loss:        0.743279
Sparsity :          0.5000
Wdecay :        0.000500
========== Epoch 69 ==========
LR =  0.1
Train - acc:        0.848640 loss:        0.452210
Test - acc:         0.798400 loss:        0.649271
Sparsity :          0.5000
Wdecay :        0.000500
========== Epoch 70 ==========
LR =  0.1
Train - acc:        0.849480 loss:        0.450225
Test - acc:         0.808100 loss:        0.607287
Sparsity :          0.5000
Wdecay :        0.000500
========== Epoch 71 ==========
LR =  0.1
Train - acc:        0.849780 loss:        0.451148
Test - acc:         0.783800 loss:        0.666155
Sparsity :          0.5000
Wdecay :        0.000500
========== Epoch 72 ==========
LR =  0.1
Train - acc:        0.850420 loss:        0.449921
Test - acc:         0.745600 loss:        0.854408
Sparsity :          0.5000
Wdecay :        0.000500
========== Epoch 73 ==========
LR =  0.1
Train - acc:        0.851780 loss:        0.450087
Test - acc:         0.770500 loss:        0.744873
Sparsity :          0.5000
Wdecay :        0.000500
========== Epoch 74 ==========
LR =  0.1
Train - acc:        0.850440 loss:        0.450962
Test - acc:         0.828700 loss:        0.516769
Sparsity :          0.5000
Wdecay :        0.000500
========== Epoch 75 ==========
LR =  0.1
Train - acc:        0.849720 loss:        0.446275
Test - acc:         0.746000 loss:        0.826159
Sparsity :          0.5000
Wdecay :        0.000500
========== Epoch 76 ==========
LR =  0.1
Train - acc:        0.852840 loss:        0.445530
Test - acc:         0.778700 loss:        0.728814
Sparsity :          0.5000
Wdecay :        0.000500
========== Epoch 77 ==========
LR =  0.1
Train - acc:        0.849700 loss:        0.452668
Test - acc:         0.780100 loss:        0.698496
Sparsity :          0.5000
Wdecay :        0.000500
========== Epoch 78 ==========
LR =  0.1
Train - acc:        0.851200 loss:        0.446182
Test - acc:         0.759400 loss:        0.745101
Sparsity :          0.7500
Wdecay :        0.000500
========== Epoch 79 ==========
LR =  0.1
Train - acc:        0.862240 loss:        0.407672
Test - acc:         0.796500 loss:        0.628871
Sparsity :          0.7500
Wdecay :        0.000500
========== Epoch 80 ==========
LR =  0.1
Train - acc:        0.864140 loss:        0.408725
Test - acc:         0.807400 loss:        0.612190
Sparsity :          0.7500
Wdecay :        0.000500
========== Epoch 81 ==========
LR =  0.1
Train - acc:        0.866000 loss:        0.402219
Test - acc:         0.734600 loss:        0.963425
Sparsity :          0.7500
Wdecay :        0.000500
========== Epoch 82 ==========
LR =  0.1
Train - acc:        0.862840 loss:        0.405699
Test - acc:         0.827300 loss:        0.521656
Sparsity :          0.7500
Wdecay :        0.000500
========== Epoch 83 ==========
LR =  0.1
Train - acc:        0.861640 loss:        0.408437
Test - acc:         0.777800 loss:        0.683496
Sparsity :          0.7500
Wdecay :        0.000500
========== Epoch 84 ==========
LR =  0.1
Train - acc:        0.868580 loss:        0.392346
Test - acc:         0.796600 loss:        0.678472
Sparsity :          0.7500
Wdecay :        0.000500
========== Epoch 85 ==========
LR =  0.1
Train - acc:        0.866520 loss:        0.397246
Test - acc:         0.828000 loss:        0.527399
Sparsity :          0.7500
Wdecay :        0.000500
========== Epoch 86 ==========
LR =  0.1
Train - acc:        0.868240 loss:        0.396565
Test - acc:         0.812000 loss:        0.579858
Sparsity :          0.7500
Wdecay :        0.000500
========== Epoch 87 ==========
LR =  0.1
Train - acc:        0.866500 loss:        0.401128
Test - acc:         0.825300 loss:        0.544334
Sparsity :          0.7500
Wdecay :        0.000500
========== Epoch 88 ==========
LR =  0.1
Train - acc:        0.865680 loss:        0.401109
Test - acc:         0.798600 loss:        0.654411
Sparsity :          0.7500
Wdecay :        0.000500
========== Epoch 89 ==========
LR =  0.1
Train - acc:        0.866860 loss:        0.398076
Test - acc:         0.797900 loss:        0.592790
Sparsity :          0.7500
Wdecay :        0.000500
========== Epoch 90 ==========
LR =  0.1
Train - acc:        0.865500 loss:        0.399785
Test - acc:         0.830900 loss:        0.520904
Sparsity :          0.7500
Wdecay :        0.000500
========== Epoch 91 ==========
LR =  0.1
Train - acc:        0.866420 loss:        0.395450
Test - acc:         0.816600 loss:        0.561389
Sparsity :          0.7500
Wdecay :        0.000500
========== Epoch 92 ==========
LR =  0.1
Train - acc:        0.866440 loss:        0.394220
Test - acc:         0.831800 loss:        0.487249
Sparsity :          0.7500
Wdecay :        0.000500
========== Epoch 93 ==========
LR =  0.1
Train - acc:        0.868520 loss:        0.391095
Test - acc:         0.796700 loss:        0.641788
Sparsity :          0.7500
Wdecay :        0.000500
========== Epoch 94 ==========
LR =  0.1
Train - acc:        0.869240 loss:        0.387826
Test - acc:         0.849200 loss:        0.451573
Sparsity :          0.7500
Wdecay :        0.000500
========== Epoch 95 ==========
LR =  0.1
Train - acc:        0.867340 loss:        0.396630
Test - acc:         0.819300 loss:        0.558048
Sparsity :          0.7500
Wdecay :        0.000500
========== Epoch 96 ==========
LR =  0.1
Train - acc:        0.866860 loss:        0.397076
Test - acc:         0.793900 loss:        0.661130
Sparsity :          0.7500
Wdecay :        0.000500
========== Epoch 97 ==========
LR =  0.1
Train - acc:        0.869460 loss:        0.390883
Test - acc:         0.767800 loss:        0.716053
Sparsity :          0.7500
Wdecay :        0.000500
========== Epoch 98 ==========
LR =  0.1
Train - acc:        0.867020 loss:        0.392539
Test - acc:         0.833800 loss:        0.508049
Sparsity :          0.7500
Wdecay :        0.000500
========== Epoch 99 ==========
LR =  0.1
Train - acc:        0.867040 loss:        0.392424
Test - acc:         0.819900 loss:        0.548844
Sparsity :          0.7500
Wdecay :        0.000500
========== Epoch 100 ==========
LR =  0.1
Train - acc:        0.865740 loss:        0.394177
Test - acc:         0.815000 loss:        0.549574
Sparsity :          0.7500
Wdecay :        0.000500
========== Epoch 101 ==========
LR =  0.1
Train - acc:        0.869420 loss:        0.389447
Test - acc:         0.809000 loss:        0.573909
Sparsity :          0.7500
Wdecay :        0.000500
========== Epoch 102 ==========
LR =  0.1
Train - acc:        0.866200 loss:        0.392349
Test - acc:         0.776100 loss:        0.699949
Sparsity :          0.7500
Wdecay :        0.000500
========== Epoch 103 ==========
LR =  0.1
Train - acc:        0.867020 loss:        0.392696
Test - acc:         0.778700 loss:        0.735822
Sparsity :          0.7500
Wdecay :        0.000500
========== Epoch 104 ==========
LR =  0.1
Train - acc:        0.868900 loss:        0.389762
Test - acc:         0.858100 loss:        0.414649
Sparsity :          0.7500
Wdecay :        0.000500
========== Epoch 105 ==========
LR =  0.1
Train - acc:        0.870760 loss:        0.387867
Test - acc:         0.802700 loss:        0.619702
Sparsity :          0.7500
Wdecay :        0.000500
========== Epoch 106 ==========
LR =  0.1
Train - acc:        0.866580 loss:        0.397025
Test - acc:         0.807700 loss:        0.572932
Sparsity :          0.7500
Wdecay :        0.000500
========== Epoch 107 ==========
LR =  0.1
Train - acc:        0.869260 loss:        0.389297
Test - acc:         0.754100 loss:        0.801924
Sparsity :          0.7500
Wdecay :        0.000500
========== Epoch 108 ==========
LR =  0.1
Train - acc:        0.869060 loss:        0.388759
Test - acc:         0.802100 loss:        0.613791
Sparsity :          0.7500
Wdecay :        0.000500
========== Epoch 109 ==========
LR =  0.1
Train - acc:        0.868100 loss:        0.395218
Test - acc:         0.842300 loss:        0.472520
Sparsity :          0.7500
Wdecay :        0.000500
========== Epoch 110 ==========
LR =  0.1
Train - acc:        0.866660 loss:        0.391784
Test - acc:         0.793400 loss:        0.654279
Sparsity :          0.7500
Wdecay :        0.000500
========== Epoch 111 ==========
LR =  0.1
Train - acc:        0.865800 loss:        0.397716
Test - acc:         0.769400 loss:        0.718633
Sparsity :          0.7500
Wdecay :        0.000500
========== Epoch 112 ==========
LR =  0.1
Train - acc:        0.867800 loss:        0.389359
Test - acc:         0.855500 loss:        0.446066
Sparsity :          0.7500
Wdecay :        0.000500
========== Epoch 113 ==========
LR =  0.1
Train - acc:        0.868040 loss:        0.388666
Test - acc:         0.818100 loss:        0.557452
Sparsity :          0.7500
Wdecay :        0.000500
========== Epoch 114 ==========
LR =  0.1
Train - acc:        0.867140 loss:        0.392562
Test - acc:         0.845800 loss:        0.460009
Sparsity :          0.7500
Wdecay :        0.000500
========== Epoch 115 ==========
LR =  0.1
Train - acc:        0.865640 loss:        0.399436
Test - acc:         0.807000 loss:        0.598990
Sparsity :          0.7500
Wdecay :        0.000500
========== Epoch 116 ==========
LR =  0.1
Train - acc:        0.869660 loss:        0.389916
Test - acc:         0.829600 loss:        0.494665
Sparsity :          0.7500
Wdecay :        0.000500
========== Epoch 117 ==========
LR =  0.1
Train - acc:        0.866640 loss:        0.392413
Test - acc:         0.805900 loss:        0.597463
Sparsity :          0.8750
Wdecay :        0.000500
========== Epoch 118 ==========
LR =  0.1
Train - acc:        0.874860 loss:        0.371055
Test - acc:         0.831500 loss:        0.488607
Sparsity :          0.8750
Wdecay :        0.000500
========== Epoch 119 ==========
LR =  0.1
Train - acc:        0.873320 loss:        0.376092
Test - acc:         0.837100 loss:        0.489470
Sparsity :          0.8750
Wdecay :        0.000500
========== Epoch 120 ==========
LR =  0.1
Train - acc:        0.870660 loss:        0.377057
Test - acc:         0.801700 loss:        0.593033
Sparsity :          0.8750
Wdecay :        0.000500
========== Epoch 121 ==========
LR =  0.1
Train - acc:        0.874800 loss:        0.373220
Test - acc:         0.836500 loss:        0.483066
Sparsity :          0.8750
Wdecay :        0.000500
========== Epoch 122 ==========
LR =  0.1
Train - acc:        0.874840 loss:        0.374710
Test - acc:         0.823700 loss:        0.520089
Sparsity :          0.8750
Wdecay :        0.000500
========== Epoch 123 ==========
LR =  0.1
Train - acc:        0.871460 loss:        0.377580
Test - acc:         0.818300 loss:        0.592779
Sparsity :          0.8750
Wdecay :        0.000500
========== Epoch 124 ==========
LR =  0.1
Train - acc:        0.876240 loss:        0.369662
Test - acc:         0.776700 loss:        0.706063
Sparsity :          0.8750
Wdecay :        0.000500
========== Epoch 125 ==========
LR =  0.1
Train - acc:        0.876060 loss:        0.368581
Test - acc:         0.780400 loss:        0.685484
Sparsity :          0.8750
Wdecay :        0.000500
========== Epoch 126 ==========
LR =  0.1
Train - acc:        0.873600 loss:        0.371792
Test - acc:         0.789000 loss:        0.687415
Sparsity :          0.8750
Wdecay :        0.000500
========== Epoch 127 ==========
LR =  0.1
Train - acc:        0.874480 loss:        0.374633
Test - acc:         0.819700 loss:        0.559290
Sparsity :          0.8750
Wdecay :        0.000500
========== Epoch 128 ==========
LR =  0.1
Train - acc:        0.873200 loss:        0.377605
Test - acc:         0.778700 loss:        0.711359
Sparsity :          0.8750
Wdecay :        0.000500
========== Epoch 129 ==========
LR =  0.1
Train - acc:        0.871700 loss:        0.371501
Test - acc:         0.849200 loss:        0.455591
Sparsity :          0.8750
Wdecay :        0.000500
========== Epoch 130 ==========
LR =  0.1
Train - acc:        0.874340 loss:        0.374205
Test - acc:         0.785200 loss:        0.718413
Sparsity :          0.8750
Wdecay :        0.000500
========== Epoch 131 ==========
LR =  0.1
Train - acc:        0.875400 loss:        0.371397
Test - acc:         0.825700 loss:        0.519205
Sparsity :          0.8750
Wdecay :        0.000500
========== Epoch 132 ==========
LR =  0.1
Train - acc:        0.874980 loss:        0.368819
Test - acc:         0.824700 loss:        0.556466
Sparsity :          0.8750
Wdecay :        0.000500
========== Epoch 133 ==========
LR =  0.1
Train - acc:        0.872860 loss:        0.373974
Test - acc:         0.817600 loss:        0.558689
Sparsity :          0.8750
Wdecay :        0.000500
========== Epoch 134 ==========
LR =  0.1
Train - acc:        0.873160 loss:        0.378275
Test - acc:         0.825100 loss:        0.535842
Sparsity :          0.8750
Wdecay :        0.000500
========== Epoch 135 ==========
LR =  0.1
Train - acc:        0.874560 loss:        0.369805
Test - acc:         0.826100 loss:        0.558145
Sparsity :          0.8750
Wdecay :        0.000500
========== Epoch 136 ==========
LR =  0.1
Train - acc:        0.876960 loss:        0.368926
Test - acc:         0.830400 loss:        0.503944
Sparsity :          0.8750
Wdecay :        0.000500
========== Epoch 137 ==========
LR =  0.1
Train - acc:        0.872720 loss:        0.373174
Test - acc:         0.820600 loss:        0.545723
Sparsity :          0.8750
Wdecay :        0.000500
========== Epoch 138 ==========
LR =  0.1
Train - acc:        0.875120 loss:        0.370624
Test - acc:         0.825300 loss:        0.559052
Sparsity :          0.8750
Wdecay :        0.000500
========== Epoch 139 ==========
LR =  0.1
Train - acc:        0.873800 loss:        0.368240
Test - acc:         0.828000 loss:        0.510146
Sparsity :          0.8750
Wdecay :        0.000500
========== Epoch 140 ==========
LR =  0.1
Train - acc:        0.873340 loss:        0.375088
Test - acc:         0.799600 loss:        0.646764
Sparsity :          0.8750
Wdecay :        0.000500
========== Epoch 141 ==========
LR =  0.1
Train - acc:        0.873320 loss:        0.369990
Test - acc:         0.844800 loss:        0.479391
Sparsity :          0.8750
Wdecay :        0.000500
========== Epoch 142 ==========
LR =  0.1
Train - acc:        0.872720 loss:        0.371539
Test - acc:         0.768800 loss:        0.723308
Sparsity :          0.8750
Wdecay :        0.000500
========== Epoch 143 ==========
LR =  0.1
Train - acc:        0.873400 loss:        0.373710
Test - acc:         0.847100 loss:        0.464093
Sparsity :          0.8750
Wdecay :        0.000500
========== Epoch 144 ==========
LR =  0.1
Train - acc:        0.872500 loss:        0.374414
Test - acc:         0.795900 loss:        0.644038
Sparsity :          0.8750
Wdecay :        0.000500
========== Epoch 145 ==========
LR =  0.1
Train - acc:        0.874160 loss:        0.372993
Test - acc:         0.824700 loss:        0.550730
Sparsity :          0.8750
Wdecay :        0.000500
========== Epoch 146 ==========
LR =  0.1
Train - acc:        0.873780 loss:        0.369195
Test - acc:         0.822400 loss:        0.540442
Sparsity :          0.8750
Wdecay :        0.000500
========== Epoch 147 ==========
LR =  0.1
Train - acc:        0.874080 loss:        0.373139
Test - acc:         0.774700 loss:        0.718476
Sparsity :          0.8750
Wdecay :        0.000500
========== Epoch 148 ==========
LR =  0.1
Train - acc:        0.868960 loss:        0.385633
Test - acc:         0.836200 loss:        0.502263
Sparsity :          0.8750
Wdecay :        0.000500
========== Epoch 149 ==========
LR =  0.1
Train - acc:        0.875360 loss:        0.368104
Test - acc:         0.800800 loss:        0.607051
Sparsity :          0.8750
Wdecay :        0.000500
========== Epoch 150 ==========
LR =  0.010000000000000002
Train - acc:        0.873100 loss:        0.373884
Test - acc:         0.834100 loss:        0.495609
Sparsity :          0.8750
Wdecay :        0.000500
========== Epoch 151 ==========
LR =  0.010000000000000002
Train - acc:        0.917220 loss:        0.247537
Test - acc:         0.899300 loss:        0.300204
Sparsity :          0.8750
Wdecay :        0.000500
========== Epoch 152 ==========
LR =  0.010000000000000002
Train - acc:        0.928360 loss:        0.211050
Test - acc:         0.903900 loss:        0.285625
Sparsity :          0.8750
Wdecay :        0.000500
========== Epoch 153 ==========
LR =  0.010000000000000002
Train - acc:        0.933220 loss:        0.196787
Test - acc:         0.905900 loss:        0.285331
Sparsity :          0.8750
Wdecay :        0.000500
========== Epoch 154 ==========
LR =  0.010000000000000002
Train - acc:        0.935340 loss:        0.184458
Test - acc:         0.905600 loss:        0.286364
Sparsity :          0.8750
Wdecay :        0.000500
========== Epoch 155 ==========
LR =  0.010000000000000002
Train - acc:        0.940940 loss:        0.173283
Test - acc:         0.907400 loss:        0.284600
Sparsity :          0.8750
Wdecay :        0.000500
========== Epoch 156 ==========
LR =  0.010000000000000002
Train - acc:        0.940820 loss:        0.170984
Test - acc:         0.905700 loss:        0.292337
Sparsity :          0.9375
Wdecay :        0.000500
========== Epoch 157 ==========
LR =  0.010000000000000002
Train - acc:        0.936600 loss:        0.184884
Test - acc:         0.903700 loss:        0.288663
Sparsity :          0.9375
Wdecay :        0.000500
========== Epoch 158 ==========
LR =  0.010000000000000002
Train - acc:        0.940980 loss:        0.175697
Test - acc:         0.905200 loss:        0.284929
Sparsity :          0.9375
Wdecay :        0.000500
========== Epoch 159 ==========
LR =  0.010000000000000002
Train - acc:        0.942680 loss:        0.169718
Test - acc:         0.905600 loss:        0.287744
Sparsity :          0.9375
Wdecay :        0.000500
========== Epoch 160 ==========
LR =  0.010000000000000002
Train - acc:        0.943440 loss:        0.163123
Test - acc:         0.902900 loss:        0.291798
Sparsity :          0.9375
Wdecay :        0.000500
========== Epoch 161 ==========
LR =  0.010000000000000002
Train - acc:        0.946320 loss:        0.158761
Test - acc:         0.902800 loss:        0.296501
Sparsity :          0.9375
Wdecay :        0.000500
========== Epoch 162 ==========
LR =  0.010000000000000002
Train - acc:        0.946660 loss:        0.157813
Test - acc:         0.906800 loss:        0.297820
Sparsity :          0.9375
Wdecay :        0.000500
========== Epoch 163 ==========
LR =  0.010000000000000002
Train - acc:        0.947660 loss:        0.153619
Test - acc:         0.903400 loss:        0.294174
Sparsity :          0.9375
Wdecay :        0.000500
========== Epoch 164 ==========
LR =  0.010000000000000002
Train - acc:        0.947700 loss:        0.150665
Test - acc:         0.905900 loss:        0.299320
Sparsity :          0.9375
Wdecay :        0.000500
========== Epoch 165 ==========
LR =  0.010000000000000002
Train - acc:        0.948400 loss:        0.152676
Test - acc:         0.901800 loss:        0.305795
Sparsity :          0.9375
Wdecay :        0.000500
========== Epoch 166 ==========
LR =  0.010000000000000002
Train - acc:        0.950140 loss:        0.145985
Test - acc:         0.900600 loss:        0.317296
Sparsity :          0.9375
Wdecay :        0.000500
========== Epoch 167 ==========
LR =  0.010000000000000002
Train - acc:        0.950080 loss:        0.146800
Test - acc:         0.905900 loss:        0.304910
Sparsity :          0.9375
Wdecay :        0.000500
========== Epoch 168 ==========
LR =  0.010000000000000002
Train - acc:        0.949440 loss:        0.147114
Test - acc:         0.904100 loss:        0.303740
Sparsity :          0.9375
Wdecay :        0.000500
========== Epoch 169 ==========
LR =  0.010000000000000002
Train - acc:        0.949920 loss:        0.143181
Test - acc:         0.903400 loss:        0.307291
Sparsity :          0.9375
Wdecay :        0.000500
========== Epoch 170 ==========
LR =  0.010000000000000002
Train - acc:        0.949500 loss:        0.144736
Test - acc:         0.902700 loss:        0.302312
Sparsity :          0.9375
Wdecay :        0.000500
========== Epoch 171 ==========
LR =  0.010000000000000002
Train - acc:        0.949480 loss:        0.144654
Test - acc:         0.903500 loss:        0.310485
Sparsity :          0.9375
Wdecay :        0.000500
========== Epoch 172 ==========
LR =  0.010000000000000002
Train - acc:        0.950800 loss:        0.143315
Test - acc:         0.901300 loss:        0.325590
Sparsity :          0.9375
Wdecay :        0.000500
========== Epoch 173 ==========
LR =  0.010000000000000002
Train - acc:        0.950240 loss:        0.141903
Test - acc:         0.903100 loss:        0.315619
Sparsity :          0.9375
Wdecay :        0.000500
========== Epoch 174 ==========
LR =  0.010000000000000002
Train - acc:        0.950220 loss:        0.142522
Test - acc:         0.901400 loss:        0.336091
Sparsity :          0.9375
Wdecay :        0.000500
========== Epoch 175 ==========
LR =  0.010000000000000002
Train - acc:        0.950320 loss:        0.142404
Test - acc:         0.901400 loss:        0.325254
Sparsity :          0.9375
Wdecay :        0.000500
========== Epoch 176 ==========
LR =  0.010000000000000002
Train - acc:        0.947820 loss:        0.147718
Test - acc:         0.901400 loss:        0.314088
Sparsity :          0.9375
Wdecay :        0.000500
========== Epoch 177 ==========
LR =  0.010000000000000002
Train - acc:        0.950580 loss:        0.143768
Test - acc:         0.902400 loss:        0.307084
Sparsity :          0.9375
Wdecay :        0.000500
========== Epoch 178 ==========
LR =  0.010000000000000002
Train - acc:        0.947460 loss:        0.147709
Test - acc:         0.900000 loss:        0.333402
Sparsity :          0.9375
Wdecay :        0.000500
========== Epoch 179 ==========
LR =  0.010000000000000002
Train - acc:        0.948720 loss:        0.146575
Test - acc:         0.890700 loss:        0.348174
Sparsity :          0.9375
Wdecay :        0.000500
========== Epoch 180 ==========
LR =  0.010000000000000002
Train - acc:        0.950700 loss:        0.142319
Test - acc:         0.902200 loss:        0.320173
Sparsity :          0.9375
Wdecay :        0.000500
========== Epoch 181 ==========
LR =  0.010000000000000002
Train - acc:        0.950980 loss:        0.142127
Test - acc:         0.896800 loss:        0.353698
Sparsity :          0.9375
Wdecay :        0.000500
========== Epoch 182 ==========
LR =  0.010000000000000002
Train - acc:        0.949720 loss:        0.146877
Test - acc:         0.890800 loss:        0.362470
Sparsity :          0.9375
Wdecay :        0.000500
========== Epoch 183 ==========
LR =  0.010000000000000002
Train - acc:        0.948640 loss:        0.145578
Test - acc:         0.901700 loss:        0.322840
Sparsity :          0.9375
Wdecay :        0.000500
========== Epoch 184 ==========
LR =  0.010000000000000002
Train - acc:        0.949840 loss:        0.145187
Test - acc:         0.896200 loss:        0.332572
Sparsity :          0.9375
Wdecay :        0.000500
========== Epoch 185 ==========
LR =  0.010000000000000002
Train - acc:        0.948320 loss:        0.147640
Test - acc:         0.892200 loss:        0.360627
Sparsity :          0.9375
Wdecay :        0.000500
========== Epoch 186 ==========
LR =  0.010000000000000002
Train - acc:        0.947840 loss:        0.147929
Test - acc:         0.901700 loss:        0.318878
Sparsity :          0.9375
Wdecay :        0.000500
========== Epoch 187 ==========
LR =  0.010000000000000002
Train - acc:        0.949340 loss:        0.144993
Test - acc:         0.894900 loss:        0.344900
Sparsity :          0.9375
Wdecay :        0.000500
========== Epoch 188 ==========
LR =  0.010000000000000002
Train - acc:        0.948660 loss:        0.146647
Test - acc:         0.903200 loss:        0.322290
Sparsity :          0.9375
Wdecay :        0.000500
========== Epoch 189 ==========
LR =  0.010000000000000002
Train - acc:        0.948720 loss:        0.146283
Test - acc:         0.894100 loss:        0.339011
Sparsity :          0.9375
Wdecay :        0.000500
========== Epoch 190 ==========
LR =  0.010000000000000002
Train - acc:        0.947940 loss:        0.147733
Test - acc:         0.899000 loss:        0.321227
Sparsity :          0.9375
Wdecay :        0.000500
========== Epoch 191 ==========
LR =  0.010000000000000002
Train - acc:        0.948540 loss:        0.148416
Test - acc:         0.902600 loss:        0.321551
Sparsity :          0.9375
Wdecay :        0.000500
========== Epoch 192 ==========
LR =  0.010000000000000002
Train - acc:        0.948280 loss:        0.147644
Test - acc:         0.891900 loss:        0.353340
Sparsity :          0.9375
Wdecay :        0.000500
========== Epoch 193 ==========
LR =  0.010000000000000002
Train - acc:        0.948360 loss:        0.146481
Test - acc:         0.894000 loss:        0.337342
Sparsity :          0.9375
Wdecay :        0.000500
========== Epoch 194 ==========
LR =  0.010000000000000002
Train - acc:        0.948340 loss:        0.150128
Test - acc:         0.898600 loss:        0.336031
Sparsity :          0.9375
Wdecay :        0.000500
========== Epoch 195 ==========
LR =  0.010000000000000002
Train - acc:        0.948800 loss:        0.146442
Test - acc:         0.894800 loss:        0.348451
Sparsity :          0.9688
Wdecay :        0.000500
========== Epoch 196 ==========
LR =  0.010000000000000002
Train - acc:        0.938600 loss:        0.175512
Test - acc:         0.893500 loss:        0.336505
Sparsity :          0.9688
Wdecay :        0.000500
========== Epoch 197 ==========
LR =  0.010000000000000002
Train - acc:        0.944020 loss:        0.163629
Test - acc:         0.894300 loss:        0.348769
Sparsity :          0.9688
Wdecay :        0.000500
========== Epoch 198 ==========
LR =  0.010000000000000002
Train - acc:        0.944740 loss:        0.160433
Test - acc:         0.902900 loss:        0.316894
Sparsity :          0.9688
Wdecay :        0.000500
========== Epoch 199 ==========
LR =  0.010000000000000002
Train - acc:        0.943300 loss:        0.162675
Test - acc:         0.896500 loss:        0.334209
Sparsity :          0.9688
Wdecay :        0.000500
========== Epoch 200 ==========
LR =  0.010000000000000002
Train - acc:        0.944820 loss:        0.163175
Test - acc:         0.887600 loss:        0.349981
Sparsity :          0.9688
Wdecay :        0.000500
========== Epoch 201 ==========
LR =  0.010000000000000002
Train - acc:        0.945220 loss:        0.159571
Test - acc:         0.892400 loss:        0.340221
Sparsity :          0.9688
Wdecay :        0.000500
========== Epoch 202 ==========
LR =  0.010000000000000002
Train - acc:        0.943980 loss:        0.161313
Test - acc:         0.900300 loss:        0.312303
Sparsity :          0.9688
Wdecay :        0.000500
========== Epoch 203 ==========
LR =  0.010000000000000002
Train - acc:        0.945060 loss:        0.158698
Test - acc:         0.895500 loss:        0.340857
Sparsity :          0.9688
Wdecay :        0.000500
========== Epoch 204 ==========
LR =  0.010000000000000002
Train - acc:        0.943000 loss:        0.163756
Test - acc:         0.897500 loss:        0.329544
Sparsity :          0.9688
Wdecay :        0.000500
========== Epoch 205 ==========
LR =  0.010000000000000002
Train - acc:        0.943620 loss:        0.160556
Test - acc:         0.893400 loss:        0.332395
Sparsity :          0.9688
Wdecay :        0.000500
========== Epoch 206 ==========
LR =  0.010000000000000002
Train - acc:        0.943660 loss:        0.158832
Test - acc:         0.894000 loss:        0.335958
Sparsity :          0.9688
Wdecay :        0.000500
========== Epoch 207 ==========
LR =  0.010000000000000002
Train - acc:        0.943920 loss:        0.160379
Test - acc:         0.897200 loss:        0.334215
Sparsity :          0.9688
Wdecay :        0.000500
========== Epoch 208 ==========
LR =  0.010000000000000002
Train - acc:        0.943180 loss:        0.161373
Test - acc:         0.888900 loss:        0.357869
Sparsity :          0.9688
Wdecay :        0.000500
========== Epoch 209 ==========
LR =  0.010000000000000002
Train - acc:        0.945760 loss:        0.158326
Test - acc:         0.897300 loss:        0.337909
Sparsity :          0.9688
Wdecay :        0.000500
========== Epoch 210 ==========
LR =  0.010000000000000002
Train - acc:        0.943680 loss:        0.158226
Test - acc:         0.896400 loss:        0.338648
Sparsity :          0.9688
Wdecay :        0.000500
========== Epoch 211 ==========
LR =  0.010000000000000002
Train - acc:        0.944120 loss:        0.161459
Test - acc:         0.894500 loss:        0.333129
Sparsity :          0.9688
Wdecay :        0.000500
========== Epoch 212 ==========
LR =  0.010000000000000002
Train - acc:        0.946460 loss:        0.154490
Test - acc:         0.896000 loss:        0.326167
Sparsity :          0.9688
Wdecay :        0.000500
========== Epoch 213 ==========
LR =  0.010000000000000002
Train - acc:        0.943560 loss:        0.160436
Test - acc:         0.891000 loss:        0.347544
Sparsity :          0.9688
Wdecay :        0.000500
========== Epoch 214 ==========
LR =  0.010000000000000002
Train - acc:        0.947700 loss:        0.152848
Test - acc:         0.889300 loss:        0.363042
Sparsity :          0.9688
Wdecay :        0.000500
========== Epoch 215 ==========
LR =  0.010000000000000002
Train - acc:        0.945180 loss:        0.158950
Test - acc:         0.899900 loss:        0.326515
Sparsity :          0.9688
Wdecay :        0.000500
========== Epoch 216 ==========
LR =  0.010000000000000002
Train - acc:        0.945380 loss:        0.158235
Test - acc:         0.872100 loss:        0.423018
Sparsity :          0.9688
Wdecay :        0.000500
========== Epoch 217 ==========
LR =  0.010000000000000002
Train - acc:        0.944160 loss:        0.161292
Test - acc:         0.889300 loss:        0.356017
Sparsity :          0.9688
Wdecay :        0.000500
========== Epoch 218 ==========
LR =  0.010000000000000002
Train - acc:        0.945440 loss:        0.154767
Test - acc:         0.901400 loss:        0.321080
Sparsity :          0.9688
Wdecay :        0.000500
========== Epoch 219 ==========
LR =  0.010000000000000002
Train - acc:        0.945720 loss:        0.154267
Test - acc:         0.902500 loss:        0.317373
Sparsity :          0.9688
Wdecay :        0.000500
========== Epoch 220 ==========
LR =  0.010000000000000002
Train - acc:        0.946260 loss:        0.155088
Test - acc:         0.902500 loss:        0.314737
Sparsity :          0.9688
Wdecay :        0.000500
========== Epoch 221 ==========
LR =  0.010000000000000002
Train - acc:        0.942680 loss:        0.160532
Test - acc:         0.901600 loss:        0.321606
Sparsity :          0.9688
Wdecay :        0.000500
========== Epoch 222 ==========
LR =  0.010000000000000002
Train - acc:        0.945020 loss:        0.155390
Test - acc:         0.898700 loss:        0.335086
Sparsity :          0.9688
Wdecay :        0.000500
========== Epoch 223 ==========
LR =  0.010000000000000002
Train - acc:        0.945920 loss:        0.152919
Test - acc:         0.890100 loss:        0.364013
Sparsity :          0.9688
Wdecay :        0.000500
========== Epoch 224 ==========
LR =  0.010000000000000002
Train - acc:        0.945800 loss:        0.157078
Test - acc:         0.890700 loss:        0.350991
Sparsity :          0.9688
Wdecay :        0.000500
========== Epoch 225 ==========
LR =  0.010000000000000002
Train - acc:        0.946280 loss:        0.154707
Test - acc:         0.891100 loss:        0.351659
Sparsity :          0.9688
Wdecay :        0.000500
========== Epoch 226 ==========
LR =  0.010000000000000002
Train - acc:        0.946900 loss:        0.152013
Test - acc:         0.893700 loss:        0.343045
Sparsity :          0.9688
Wdecay :        0.000500
========== Epoch 227 ==========
LR =  0.010000000000000002
Train - acc:        0.945880 loss:        0.157025
Test - acc:         0.900200 loss:        0.321951
Sparsity :          0.9688
Wdecay :        0.000500
========== Epoch 228 ==========
LR =  0.010000000000000002
Train - acc:        0.946220 loss:        0.154921
Test - acc:         0.894900 loss:        0.340726
Sparsity :          0.9688
Wdecay :        0.000500
========== Epoch 229 ==========
LR =  0.010000000000000002
Train - acc:        0.947020 loss:        0.153585
Test - acc:         0.895300 loss:        0.334118
Sparsity :          0.9688
Wdecay :        0.000500
========== Epoch 230 ==========
LR =  0.010000000000000002
Train - acc:        0.945780 loss:        0.156754
Test - acc:         0.894200 loss:        0.332075
Sparsity :          0.9688
Wdecay :        0.000500
========== Epoch 231 ==========
LR =  0.010000000000000002
Train - acc:        0.944340 loss:        0.157644
Test - acc:         0.895300 loss:        0.339735
Sparsity :          0.9688
Wdecay :        0.000500
========== Epoch 232 ==========
LR =  0.010000000000000002
Train - acc:        0.946020 loss:        0.151728
Test - acc:         0.894300 loss:        0.340042
Sparsity :          0.9688
Wdecay :        0.000500
========== Epoch 233 ==========
LR =  0.010000000000000002
Train - acc:        0.942880 loss:        0.160604
Test - acc:         0.890600 loss:        0.357876
Sparsity :          0.9688
Wdecay :        0.000500
========== Epoch 234 ==========
LR =  0.010000000000000002
Train - acc:        0.945780 loss:        0.156242
Test - acc:         0.892200 loss:        0.346726
Sparsity :          0.9844
Wdecay :        0.000500
========== Epoch 235 ==========
LR =  0.010000000000000002
Train - acc:        0.935380 loss:        0.185688
Test - acc:         0.891700 loss:        0.335477
Sparsity :          0.9844
Wdecay :        0.000500
========== Epoch 236 ==========
LR =  0.010000000000000002
Train - acc:        0.939660 loss:        0.175238
Test - acc:         0.896800 loss:        0.319392
Sparsity :          0.9844
Wdecay :        0.000500
========== Epoch 237 ==========
LR =  0.010000000000000002
Train - acc:        0.938560 loss:        0.177162
Test - acc:         0.893100 loss:        0.336101
Sparsity :          0.9844
Wdecay :        0.000500
========== Epoch 238 ==========
LR =  0.010000000000000002
Train - acc:        0.938580 loss:        0.177019
Test - acc:         0.897200 loss:        0.318494
Sparsity :          0.9844
Wdecay :        0.000500
========== Epoch 239 ==========
LR =  0.010000000000000002
Train - acc:        0.941240 loss:        0.170930
Test - acc:         0.891200 loss:        0.351924
Sparsity :          0.9844
Wdecay :        0.000500
========== Epoch 240 ==========
LR =  0.010000000000000002
Train - acc:        0.942260 loss:        0.165668
Test - acc:         0.897200 loss:        0.340194
Sparsity :          0.9844
Wdecay :        0.000500
========== Epoch 241 ==========
LR =  0.010000000000000002
Train - acc:        0.941080 loss:        0.169634
Test - acc:         0.890700 loss:        0.346246
Sparsity :          0.9844
Wdecay :        0.000500
========== Epoch 242 ==========
LR =  0.010000000000000002
Train - acc:        0.942780 loss:        0.165579
Test - acc:         0.897400 loss:        0.327370
Sparsity :          0.9844
Wdecay :        0.000500
========== Epoch 243 ==========
LR =  0.010000000000000002
Train - acc:        0.943020 loss:        0.163789
Test - acc:         0.893600 loss:        0.341894
Sparsity :          0.9844
Wdecay :        0.000500
========== Epoch 244 ==========
LR =  0.010000000000000002
Train - acc:        0.941020 loss:        0.171588
Test - acc:         0.898200 loss:        0.314942
Sparsity :          0.9844
Wdecay :        0.000500
========== Epoch 245 ==========
LR =  0.010000000000000002
Train - acc:        0.940900 loss:        0.165952
Test - acc:         0.893600 loss:        0.330689
Sparsity :          0.9844
Wdecay :        0.000500
========== Epoch 246 ==========
LR =  0.010000000000000002
Train - acc:        0.942200 loss:        0.165736
Test - acc:         0.892200 loss:        0.337459
Sparsity :          0.9844
Wdecay :        0.000500
========== Epoch 247 ==========
LR =  0.010000000000000002
Train - acc:        0.941600 loss:        0.165750
Test - acc:         0.878800 loss:        0.389953
Sparsity :          0.9844
Wdecay :        0.000500
========== Epoch 248 ==========
LR =  0.010000000000000002
Train - acc:        0.941760 loss:        0.166108
Test - acc:         0.897500 loss:        0.327907
Sparsity :          0.9844
Wdecay :        0.000500
========== Epoch 249 ==========
LR =  0.010000000000000002
Train - acc:        0.941080 loss:        0.165471
Test - acc:         0.894000 loss:        0.339270
Sparsity :          0.9844
Wdecay :        0.000500
========== Epoch 250 ==========
LR =  0.0010000000000000002
Train - acc:        0.943160 loss:        0.162707
Test - acc:         0.890600 loss:        0.354944
Sparsity :          0.9844
Wdecay :        0.000500
========== Epoch 251 ==========
LR =  0.0010000000000000002
Train - acc:        0.954780 loss:        0.131175
Test - acc:         0.909700 loss:        0.289798
Sparsity :          0.9844
Wdecay :        0.000500
========== Epoch 252 ==========
LR =  0.0010000000000000002
Train - acc:        0.960560 loss:        0.114699
Test - acc:         0.910200 loss:        0.287456
Sparsity :          0.9844
Wdecay :        0.000500
========== Epoch 253 ==========
LR =  0.0010000000000000002
Train - acc:        0.963200 loss:        0.106098
Test - acc:         0.912400 loss:        0.285562
Sparsity :          0.9844
Wdecay :        0.000500
========== Epoch 254 ==========
LR =  0.0010000000000000002
Train - acc:        0.964340 loss:        0.102802
Test - acc:         0.913000 loss:        0.288685
Sparsity :          0.9844
Wdecay :        0.000500
========== Epoch 255 ==========
LR =  0.0010000000000000002
Train - acc:        0.964740 loss:        0.102611
Test - acc:         0.914900 loss:        0.287091
Sparsity :          0.9844
Wdecay :        0.000500
========== Epoch 256 ==========
LR =  0.0010000000000000002
Train - acc:        0.967880 loss:        0.096739
Test - acc:         0.914800 loss:        0.286835
Sparsity :          0.9844
Wdecay :        0.000500
========== Epoch 257 ==========
LR =  0.0010000000000000002
Train - acc:        0.966580 loss:        0.096261
Test - acc:         0.913300 loss:        0.290750
Sparsity :          0.9844
Wdecay :        0.000500
========== Epoch 258 ==========
LR =  0.0010000000000000002
Train - acc:        0.967580 loss:        0.093352
Test - acc:         0.912600 loss:        0.291598
Sparsity :          0.9844
Wdecay :        0.000500
========== Epoch 259 ==========
LR =  0.0010000000000000002
Train - acc:        0.968240 loss:        0.092345
Test - acc:         0.913000 loss:        0.295379
Sparsity :          0.9844
Wdecay :        0.000500
========== Epoch 260 ==========
LR =  0.0010000000000000002
Train - acc:        0.969460 loss:        0.088390
Test - acc:         0.912600 loss:        0.293711
Sparsity :          0.9844
Wdecay :        0.000500
========== Epoch 261 ==========
LR =  0.0010000000000000002
Train - acc:        0.969160 loss:        0.088337
Test - acc:         0.914200 loss:        0.295201
Sparsity :          0.9844
Wdecay :        0.000500
========== Epoch 262 ==========
LR =  0.0010000000000000002
Train - acc:        0.968620 loss:        0.090352
Test - acc:         0.913100 loss:        0.293864
Sparsity :          0.9844
Wdecay :        0.000500
========== Epoch 263 ==========
LR =  0.0010000000000000002
Train - acc:        0.968680 loss:        0.088564
Test - acc:         0.912700 loss:        0.295849
Sparsity :          0.9844
Wdecay :        0.000500
========== Epoch 264 ==========
LR =  0.0010000000000000002
Train - acc:        0.970160 loss:        0.087184
Test - acc:         0.912700 loss:        0.296382
Sparsity :          0.9844
Wdecay :        0.000500
========== Epoch 265 ==========
LR =  0.0010000000000000002
Train - acc:        0.969640 loss:        0.085978
Test - acc:         0.913400 loss:        0.298241
Sparsity :          0.9844
Wdecay :        0.000500
========== Epoch 266 ==========
LR =  0.0010000000000000002
Train - acc:        0.973360 loss:        0.079957
Test - acc:         0.912600 loss:        0.298140
Sparsity :          0.9844
Wdecay :        0.000500
========== Epoch 267 ==========
LR =  0.0010000000000000002
Train - acc:        0.972560 loss:        0.080440
Test - acc:         0.911100 loss:        0.301078
Sparsity :          0.9844
Wdecay :        0.000500
========== Epoch 268 ==========
LR =  0.0010000000000000002
Train - acc:        0.971980 loss:        0.082220
Test - acc:         0.912400 loss:        0.301314
Sparsity :          0.9844
Wdecay :        0.000500
========== Epoch 269 ==========
LR =  0.0010000000000000002
Train - acc:        0.972280 loss:        0.081719
Test - acc:         0.910400 loss:        0.303214
Sparsity :          0.9844
Wdecay :        0.000500
========== Epoch 270 ==========
LR =  0.0010000000000000002
Train - acc:        0.973540 loss:        0.077384
Test - acc:         0.912000 loss:        0.305438
Sparsity :          0.9844
Wdecay :        0.000500
========== Epoch 271 ==========
LR =  0.0010000000000000002
Train - acc:        0.972640 loss:        0.079427
Test - acc:         0.912500 loss:        0.304928
Sparsity :          0.9844
Wdecay :        0.000500
========== Epoch 272 ==========
LR =  0.0010000000000000002
Train - acc:        0.972020 loss:        0.080282
Test - acc:         0.912400 loss:        0.303575
Sparsity :          0.9844
Wdecay :        0.000500
========== Epoch 273 ==========
LR =  0.0010000000000000002
Train - acc:        0.973140 loss:        0.077759
Test - acc:         0.910200 loss:        0.308268
Sparsity :          0.9922
Wdecay :        0.000500
========== Epoch 274 ==========
LR =  0.0010000000000000002
Train - acc:        0.945160 loss:        0.155128
Test - acc:         0.901900 loss:        0.320501
Sparsity :          0.9922
Wdecay :        0.000500
========== Epoch 275 ==========
LR =  0.0010000000000000002
Train - acc:        0.952600 loss:        0.135916
Test - acc:         0.905000 loss:        0.311828
Sparsity :          0.9922
Wdecay :        0.000500
========== Epoch 276 ==========
LR =  0.0010000000000000002
Train - acc:        0.952420 loss:        0.133812
Test - acc:         0.905900 loss:        0.305928
Sparsity :          0.9922
Wdecay :        0.000500
========== Epoch 277 ==========
LR =  0.0010000000000000002
Train - acc:        0.954800 loss:        0.126783
Test - acc:         0.907100 loss:        0.309207
Sparsity :          0.9922
Wdecay :        0.000500
========== Epoch 278 ==========
LR =  0.0010000000000000002
Train - acc:        0.957360 loss:        0.123410
Test - acc:         0.906400 loss:        0.308857
Sparsity :          0.9922
Wdecay :        0.000500
========== Epoch 279 ==========
LR =  0.0010000000000000002
Train - acc:        0.957020 loss:        0.122700
Test - acc:         0.906000 loss:        0.306147
Sparsity :          0.9922
Wdecay :        0.000500
========== Epoch 280 ==========
LR =  0.0010000000000000002
Train - acc:        0.957520 loss:        0.120475
Test - acc:         0.906100 loss:        0.305122
Sparsity :          0.9922
Wdecay :        0.000500
========== Epoch 281 ==========
LR =  0.0010000000000000002
Train - acc:        0.957720 loss:        0.120578
Test - acc:         0.906800 loss:        0.308260
Sparsity :          0.9922
Wdecay :        0.000500
========== Epoch 282 ==========
LR =  0.0010000000000000002
Train - acc:        0.957860 loss:        0.117575
Test - acc:         0.906500 loss:        0.306854
Sparsity :          0.9922
Wdecay :        0.000500
========== Epoch 283 ==========
LR =  0.0010000000000000002
Train - acc:        0.959940 loss:        0.115150
Test - acc:         0.907100 loss:        0.308142
Sparsity :          0.9922
Wdecay :        0.000500
========== Epoch 284 ==========
LR =  0.0010000000000000002
Train - acc:        0.959580 loss:        0.112625
Test - acc:         0.907600 loss:        0.306326
Sparsity :          0.9922
Wdecay :        0.000500
========== Epoch 285 ==========
LR =  0.0010000000000000002
Train - acc:        0.962440 loss:        0.110058
Test - acc:         0.909000 loss:        0.308977
Sparsity :          0.9922
Wdecay :        0.000500
========== Epoch 286 ==========
LR =  0.0010000000000000002
Train - acc:        0.960440 loss:        0.111794
Test - acc:         0.907500 loss:        0.305345
Sparsity :          0.9922
Wdecay :        0.000500
========== Epoch 287 ==========
LR =  0.0010000000000000002
Train - acc:        0.961280 loss:        0.109982
Test - acc:         0.906400 loss:        0.309698
Sparsity :          0.9922
Wdecay :        0.000500
========== Epoch 288 ==========
LR =  0.0010000000000000002
Train - acc:        0.962260 loss:        0.106851
Test - acc:         0.906400 loss:        0.309965
Sparsity :          0.9922
Wdecay :        0.000500
========== Epoch 289 ==========
LR =  0.0010000000000000002
Train - acc:        0.963020 loss:        0.106547
Test - acc:         0.909200 loss:        0.316603
Sparsity :          0.9922
Wdecay :        0.000500
========== Epoch 290 ==========
LR =  0.0010000000000000002
Train - acc:        0.962200 loss:        0.108954
Test - acc:         0.908300 loss:        0.307904
Sparsity :          0.9922
Wdecay :        0.000500
========== Epoch 291 ==========
LR =  0.0010000000000000002
Train - acc:        0.963740 loss:        0.107182
Test - acc:         0.906300 loss:        0.316881
Sparsity :          0.9922
Wdecay :        0.000500
========== Epoch 292 ==========
LR =  0.0010000000000000002
Train - acc:        0.962560 loss:        0.106050
Test - acc:         0.908400 loss:        0.313446
Sparsity :          0.9922
Wdecay :        0.000500
========== Epoch 293 ==========
LR =  0.0010000000000000002
Train - acc:        0.963540 loss:        0.105224
Test - acc:         0.906200 loss:        0.315853
Sparsity :          0.9922
Wdecay :        0.000500
========== Epoch 294 ==========
LR =  0.0010000000000000002
Train - acc:        0.962400 loss:        0.105187
Test - acc:         0.907200 loss:        0.318023
Sparsity :          0.9922
Wdecay :        0.000500
========== Epoch 295 ==========
LR =  0.0010000000000000002
Train - acc:        0.963660 loss:        0.103544
Test - acc:         0.908900 loss:        0.312447
Sparsity :          0.9922
Wdecay :        0.000500
========== Epoch 296 ==========
LR =  0.0010000000000000002
Train - acc:        0.963360 loss:        0.105117
Test - acc:         0.907000 loss:        0.312321
Sparsity :          0.9922
Wdecay :        0.000500
========== Epoch 297 ==========
LR =  0.0010000000000000002
Train - acc:        0.963680 loss:        0.103107
Test - acc:         0.905100 loss:        0.316753
Sparsity :          0.9922
Wdecay :        0.000500
========== Epoch 298 ==========
LR =  0.0010000000000000002
Train - acc:        0.963840 loss:        0.102748
Test - acc:         0.906200 loss:        0.318668
Sparsity :          0.9922
Wdecay :        0.000500
========== Epoch 299 ==========
LR =  0.0010000000000000002
Train - acc:        0.963780 loss:        0.104093
Test - acc:         0.907800 loss:        0.313940
Sparsity :          0.9922
Wdecay :        0.000500
========== Epoch 300 ==========
LR =  0.0010000000000000002
Train - acc:        0.965360 loss:        0.100358
Test - acc:         0.908000 loss:        0.321776
Sparsity :          0.9922
Wdecay :        0.000500
========== Epoch 301 ==========
LR =  0.0010000000000000002
Train - acc:        0.965600 loss:        0.099417
Test - acc:         0.907200 loss:        0.319352
Sparsity :          0.9922
Wdecay :        0.000500
========== Epoch 302 ==========
LR =  0.0010000000000000002
Train - acc:        0.964260 loss:        0.100225
Test - acc:         0.908700 loss:        0.319128
Sparsity :          0.9922
Wdecay :        0.000500
========== Epoch 303 ==========
LR =  0.0010000000000000002
Train - acc:        0.965640 loss:        0.097522
Test - acc:         0.906500 loss:        0.317377
Sparsity :          0.9922
Wdecay :        0.000500
========== Epoch 304 ==========
LR =  0.0010000000000000002
Train - acc:        0.965840 loss:        0.099363
Test - acc:         0.908500 loss:        0.317187
Sparsity :          0.9922
Wdecay :        0.000500
========== Epoch 305 ==========
LR =  0.0010000000000000002
Train - acc:        0.965300 loss:        0.100241
Test - acc:         0.911100 loss:        0.313255
Sparsity :          0.9922
Wdecay :        0.000500
========== Epoch 306 ==========
LR =  0.0010000000000000002
Train - acc:        0.965700 loss:        0.097548
Test - acc:         0.906800 loss:        0.318526
Sparsity :          0.9922
Wdecay :        0.000500
========== Epoch 307 ==========
LR =  0.0010000000000000002
Train - acc:        0.964860 loss:        0.098504
Test - acc:         0.909600 loss:        0.319697
Sparsity :          0.9922
Wdecay :        0.000500
========== Epoch 308 ==========
LR =  0.0010000000000000002
Train - acc:        0.966360 loss:        0.096660
Test - acc:         0.910400 loss:        0.316809
Sparsity :          0.9922
Wdecay :        0.000500
========== Epoch 309 ==========
LR =  0.0010000000000000002
Train - acc:        0.966060 loss:        0.097015
Test - acc:         0.908800 loss:        0.316381
Sparsity :          0.9922
Wdecay :        0.000500
========== Epoch 310 ==========
LR =  0.0010000000000000002
Train - acc:        0.966200 loss:        0.096859
Test - acc:         0.909700 loss:        0.315797
Sparsity :          0.9922
Wdecay :        0.000500
========== Epoch 311 ==========
LR =  0.0010000000000000002
Train - acc:        0.966640 loss:        0.095042
Test - acc:         0.909500 loss:        0.315839
Sparsity :          0.9922
Wdecay :        0.000500
========== Epoch 312 ==========
LR =  0.0010000000000000002
Train - acc:        0.967680 loss:        0.093167
Test - acc:         0.907200 loss:        0.321587
Sparsity :          0.9961
Wdecay :        0.000500
========== Epoch 313 ==========
LR =  0.0010000000000000002
Train - acc:        0.910900 loss:        0.262397
Test - acc:         0.887800 loss:        0.355404
Sparsity :          0.9961
Wdecay :        0.000500
========== Epoch 314 ==========
LR =  0.0010000000000000002
Train - acc:        0.926400 loss:        0.215292
Test - acc:         0.891900 loss:        0.342954
Sparsity :          0.9961
Wdecay :        0.000500
========== Epoch 315 ==========
LR =  0.0010000000000000002
Train - acc:        0.928580 loss:        0.205546
Test - acc:         0.896500 loss:        0.332557
Sparsity :          0.9961
Wdecay :        0.000500
========== Epoch 316 ==========
LR =  0.0010000000000000002
Train - acc:        0.931200 loss:        0.198113
Test - acc:         0.895000 loss:        0.332296
Sparsity :          0.9961
Wdecay :        0.000500
========== Epoch 317 ==========
LR =  0.0010000000000000002
Train - acc:        0.932500 loss:        0.192648
Test - acc:         0.897900 loss:        0.329747
Sparsity :          0.9961
Wdecay :        0.000500
========== Epoch 318 ==========
LR =  0.0010000000000000002
Train - acc:        0.933760 loss:        0.190339
Test - acc:         0.897100 loss:        0.328125
Sparsity :          0.9961
Wdecay :        0.000500
========== Epoch 319 ==========
LR =  0.0010000000000000002
Train - acc:        0.935520 loss:        0.186394
Test - acc:         0.899900 loss:        0.323148
Sparsity :          0.9961
Wdecay :        0.000500
========== Epoch 320 ==========
LR =  0.0010000000000000002
Train - acc:        0.936940 loss:        0.181176
Test - acc:         0.900600 loss:        0.329615
Sparsity :          0.9961
Wdecay :        0.000500
========== Epoch 321 ==========
LR =  0.0010000000000000002
Train - acc:        0.938100 loss:        0.176725
Test - acc:         0.899400 loss:        0.324533
Sparsity :          0.9961
Wdecay :        0.000500
========== Epoch 322 ==========
LR =  0.0010000000000000002
Train - acc:        0.938060 loss:        0.179813
Test - acc:         0.898800 loss:        0.325340
Sparsity :          0.9961
Wdecay :        0.000500
========== Epoch 323 ==========
LR =  0.0010000000000000002
Train - acc:        0.939600 loss:        0.174911
Test - acc:         0.897700 loss:        0.326634
Sparsity :          0.9961
Wdecay :        0.000500
========== Epoch 324 ==========
LR =  0.0010000000000000002
Train - acc:        0.940000 loss:        0.171545
Test - acc:         0.899700 loss:        0.323201
Sparsity :          0.9961
Wdecay :        0.000500
========== Epoch 325 ==========
LR =  0.0010000000000000002
Train - acc:        0.939700 loss:        0.171005
Test - acc:         0.897400 loss:        0.330969
Sparsity :          0.9961
Wdecay :        0.000500
========== Epoch 326 ==========
LR =  0.0010000000000000002
Train - acc:        0.941560 loss:        0.167218
Test - acc:         0.898600 loss:        0.324843
Sparsity :          0.9961
Wdecay :        0.000500
========== Epoch 327 ==========
LR =  0.0010000000000000002
Train - acc:        0.941240 loss:        0.167978
Test - acc:         0.900300 loss:        0.325084
Sparsity :          0.9961
Wdecay :        0.000500
========== Epoch 328 ==========
LR =  0.0010000000000000002
Train - acc:        0.940260 loss:        0.170179
Test - acc:         0.902400 loss:        0.323917
Sparsity :          0.9961
Wdecay :        0.000500
========== Epoch 329 ==========
LR =  0.0010000000000000002
Train - acc:        0.941360 loss:        0.168031
Test - acc:         0.899800 loss:        0.324642
Sparsity :          0.9961
Wdecay :        0.000500
========== Epoch 330 ==========
LR =  0.0010000000000000002
Train - acc:        0.943520 loss:        0.162956
Test - acc:         0.898300 loss:        0.324082
Sparsity :          0.9961
Wdecay :        0.000500
========== Epoch 331 ==========
LR =  0.0010000000000000002
Train - acc:        0.943320 loss:        0.162628
Test - acc:         0.900000 loss:        0.328393
Sparsity :          0.9961
Wdecay :        0.000500
========== Epoch 332 ==========
LR =  0.0010000000000000002
Train - acc:        0.943860 loss:        0.161430
Test - acc:         0.901000 loss:        0.323137
Sparsity :          0.9961
Wdecay :        0.000500
========== Epoch 333 ==========
LR =  0.0010000000000000002
Train - acc:        0.943400 loss:        0.159477
Test - acc:         0.901900 loss:        0.320148
Sparsity :          0.9961
Wdecay :        0.000500
========== Epoch 334 ==========
LR =  0.0010000000000000002
Train - acc:        0.945200 loss:        0.157906
Test - acc:         0.902700 loss:        0.321581
Sparsity :          0.9961
Wdecay :        0.000500
========== Epoch 335 ==========
LR =  0.0010000000000000002
Train - acc:        0.945080 loss:        0.156666
Test - acc:         0.902500 loss:        0.324347
Sparsity :          0.9961
Wdecay :        0.000500
========== Epoch 336 ==========
LR =  0.0010000000000000002
Train - acc:        0.944620 loss:        0.158795
Test - acc:         0.901300 loss:        0.322827
Sparsity :          0.9961
Wdecay :        0.000500
========== Epoch 337 ==========
LR =  0.0010000000000000002
Train - acc:        0.944620 loss:        0.158399
Test - acc:         0.901100 loss:        0.328745
Sparsity :          0.9961
Wdecay :        0.000500
========== Epoch 338 ==========
LR =  0.0010000000000000002
Train - acc:        0.947040 loss:        0.152237
Test - acc:         0.902000 loss:        0.329421
Sparsity :          0.9961
Wdecay :        0.000500
========== Epoch 339 ==========
LR =  0.0010000000000000002
Train - acc:        0.945440 loss:        0.157594
Test - acc:         0.900400 loss:        0.323983
Sparsity :          0.9961
Wdecay :        0.000500
========== Epoch 340 ==========
LR =  0.0010000000000000002
Train - acc:        0.945380 loss:        0.154383
Test - acc:         0.898300 loss:        0.329742
Sparsity :          0.9961
Wdecay :        0.000500
========== Epoch 341 ==========
LR =  0.0010000000000000002
Train - acc:        0.944480 loss:        0.156717
Test - acc:         0.901000 loss:        0.329556
Sparsity :          0.9961
Wdecay :        0.000500
========== Epoch 342 ==========
LR =  0.0010000000000000002
Train - acc:        0.945680 loss:        0.155261
Test - acc:         0.897300 loss:        0.330341
Sparsity :          0.9961
Wdecay :        0.000500
========== Epoch 343 ==========
LR =  0.0010000000000000002
Train - acc:        0.946340 loss:        0.152135
Test - acc:         0.899400 loss:        0.327923
Sparsity :          0.9961
Wdecay :        0.000500
========== Epoch 344 ==========
LR =  0.0010000000000000002
Train - acc:        0.947160 loss:        0.151229
Test - acc:         0.899600 loss:        0.332083
Sparsity :          0.9961
Wdecay :        0.000500
========== Epoch 345 ==========
LR =  0.0010000000000000002
Train - acc:        0.946360 loss:        0.151012
Test - acc:         0.897900 loss:        0.336573
Sparsity :          0.9961
Wdecay :        0.000500
========== Epoch 346 ==========
LR =  0.0010000000000000002
Train - acc:        0.948100 loss:        0.148681
Test - acc:         0.898200 loss:        0.331057
Sparsity :          0.9961
Wdecay :        0.000500
========== Epoch 347 ==========
LR =  0.0010000000000000002
Train - acc:        0.947600 loss:        0.150639
Test - acc:         0.899700 loss:        0.331939
Sparsity :          0.9961
Wdecay :        0.000500
========== Epoch 348 ==========
LR =  0.0010000000000000002
Train - acc:        0.947860 loss:        0.146444
Test - acc:         0.898600 loss:        0.333403
Sparsity :          0.9961
Wdecay :        0.000500
========== Epoch 349 ==========
LR =  0.0010000000000000002
Train - acc:        0.948400 loss:        0.148474
Test - acc:         0.898700 loss:        0.332904
Sparsity :          0.9961
Wdecay :        0.000500
========== Epoch 350 ==========
LR =  0.0010000000000000002
Train - acc:        0.947580 loss:        0.149830
Test - acc:         0.899200 loss:        0.323309
Sparsity :          0.9961
Wdecay :        0.000500
