Running --model resnet18 --prune_criterion magnitude --seed 42 --prune_freq 32 --prune_rate 0.5 --comment=resnet18_crit=magnitude_pf=32_seed=42 --save_model=pre-finetune/resnet18_magnitude_pf32_s42 --logdir=criterion_experiment_no_bias/resnet18
******************************
Running
{
    "model": "resnet18",
    "dataset": "cifar10",
    "batch_size": 128,
    "test_batch_size": 2000,
    "epochs": 350,
    "lr": 0.1,
    "device": "cuda",
    "seed": 42,
    "prune_criterion": "magnitude",
    "prune_freq": 32,
    "prune_rate": 0.5,
    "sensitivity": 0,
    "flip_threshold": 1,
    "stop_pruning_at": -1,
    "prune_bias": false,
    "prune_bnorm": false,
    "use_ema_flips": false,
    "beta_ema_flips": null,
    "reset_flip_cts": false,
    "normalize_magnitudes": false,
    "beta_ema_maghists": null,
    "logdir": "criterion_experiment_no_bias/resnet18",
    "opt": "sgd",
    "momentum": 0.9,
    "use_scheduler": true,
    "milestones": [
        150,
        250
    ],
    "reg_type": "wdecay",
    "lambda": 0.0005,
    "anneal_lambda": false,
    "anneal_lr": false,
    "add_noise": false,
    "scale_noise_by_lr": false,
    "stop_noise_at": -1,
    "noise_only_prunable": false,
    "noise_scale_factor": 1,
    "snip_sparsity": 0.0,
    "beta_ema": 0.999,
    "lambas": [
        1.0,
        1.0,
        1.0,
        1.0
    ],
    "local_rep": false,
    "temperature": 0.6666666666666666,
    "save_model": "pre-finetune/resnet18_magnitude_pf32_s42",
    "load_model": null,
    "parallel": false
}
******************************
Files already downloaded and verified
Files already downloaded and verified
Total prunable params of model: 11164352
Model has 11173962 total params.
num_weights=11169152
num_biases=4810
---Biases omitted from pruning---
========== Epoch 1 ==========
LR =  0.1
Train - acc:        0.314940 loss:        1.878041
Test - acc:         0.435800 loss:        1.523629
Sparsity :          0.0000
Wdecay :        0.000500
========== Epoch 2 ==========
LR =  0.1
Train - acc:        0.486540 loss:        1.393735
Test - acc:         0.544700 loss:        1.248046
Sparsity :          0.0000
Wdecay :        0.000500
========== Epoch 3 ==========
LR =  0.1
Train - acc:        0.596620 loss:        1.116283
Test - acc:         0.606000 loss:        1.122062
Sparsity :          0.0000
Wdecay :        0.000500
========== Epoch 4 ==========
LR =  0.1
Train - acc:        0.668000 loss:        0.935051
Test - acc:         0.626100 loss:        1.067730
Sparsity :          0.0000
Wdecay :        0.000500
========== Epoch 5 ==========
LR =  0.1
Train - acc:        0.720100 loss:        0.804828
Test - acc:         0.702000 loss:        0.888096
Sparsity :          0.0000
Wdecay :        0.000500
========== Epoch 6 ==========
LR =  0.1
Train - acc:        0.761560 loss:        0.685870
Test - acc:         0.699000 loss:        0.853650
Sparsity :          0.0000
Wdecay :        0.000500
========== Epoch 7 ==========
LR =  0.1
Train - acc:        0.787240 loss:        0.615040
Test - acc:         0.773100 loss:        0.658646
Sparsity :          0.0000
Wdecay :        0.000500
========== Epoch 8 ==========
LR =  0.1
Train - acc:        0.804960 loss:        0.565471
Test - acc:         0.792800 loss:        0.602051
Sparsity :          0.0000
Wdecay :        0.000500
========== Epoch 9 ==========
LR =  0.1
Train - acc:        0.813040 loss:        0.537862
Test - acc:         0.740800 loss:        0.815277
Sparsity :          0.0000
Wdecay :        0.000500
========== Epoch 10 ==========
LR =  0.1
Train - acc:        0.826920 loss:        0.505267
Test - acc:         0.694300 loss:        0.917833
Sparsity :          0.0000
Wdecay :        0.000500
========== Epoch 11 ==========
LR =  0.1
Train - acc:        0.833640 loss:        0.483014
Test - acc:         0.746800 loss:        0.775968
Sparsity :          0.0000
Wdecay :        0.000500
========== Epoch 12 ==========
LR =  0.1
Train - acc:        0.840240 loss:        0.464427
Test - acc:         0.760900 loss:        0.763097
Sparsity :          0.0000
Wdecay :        0.000500
========== Epoch 13 ==========
LR =  0.1
Train - acc:        0.847800 loss:        0.448224
Test - acc:         0.828900 loss:        0.508553
Sparsity :          0.0000
Wdecay :        0.000500
========== Epoch 14 ==========
LR =  0.1
Train - acc:        0.847600 loss:        0.444935
Test - acc:         0.774100 loss:        0.694553
Sparsity :          0.0000
Wdecay :        0.000500
========== Epoch 15 ==========
LR =  0.1
Train - acc:        0.852480 loss:        0.431459
Test - acc:         0.830600 loss:        0.505960
Sparsity :          0.0000
Wdecay :        0.000500
========== Epoch 16 ==========
LR =  0.1
Train - acc:        0.855420 loss:        0.421620
Test - acc:         0.841100 loss:        0.473837
Sparsity :          0.0000
Wdecay :        0.000500
========== Epoch 17 ==========
LR =  0.1
Train - acc:        0.856580 loss:        0.414233
Test - acc:         0.776600 loss:        0.692520
Sparsity :          0.0000
Wdecay :        0.000500
========== Epoch 18 ==========
LR =  0.1
Train - acc:        0.861980 loss:        0.403805
Test - acc:         0.838500 loss:        0.467352
Sparsity :          0.0000
Wdecay :        0.000500
========== Epoch 19 ==========
LR =  0.1
Train - acc:        0.864380 loss:        0.397561
Test - acc:         0.831300 loss:        0.485505
Sparsity :          0.0000
Wdecay :        0.000500
========== Epoch 20 ==========
LR =  0.1
Train - acc:        0.864280 loss:        0.392246
Test - acc:         0.830200 loss:        0.541550
Sparsity :          0.0000
Wdecay :        0.000500
========== Epoch 21 ==========
LR =  0.1
Train - acc:        0.868380 loss:        0.385116
Test - acc:         0.826100 loss:        0.520540
Sparsity :          0.0000
Wdecay :        0.000500
========== Epoch 22 ==========
LR =  0.1
Train - acc:        0.869220 loss:        0.381565
Test - acc:         0.826100 loss:        0.532683
Sparsity :          0.0000
Wdecay :        0.000500
========== Epoch 23 ==========
LR =  0.1
Train - acc:        0.871500 loss:        0.378418
Test - acc:         0.827400 loss:        0.509242
Sparsity :          0.0000
Wdecay :        0.000500
========== Epoch 24 ==========
LR =  0.1
Train - acc:        0.872600 loss:        0.371732
Test - acc:         0.807100 loss:        0.601565
Sparsity :          0.0000
Wdecay :        0.000500
========== Epoch 25 ==========
LR =  0.1
Train - acc:        0.873800 loss:        0.368222
Test - acc:         0.813700 loss:        0.570644
Sparsity :          0.0000
Wdecay :        0.000500
========== Epoch 26 ==========
LR =  0.1
Train - acc:        0.874760 loss:        0.369126
Test - acc:         0.825300 loss:        0.542713
Sparsity :          0.0000
Wdecay :        0.000500
========== Epoch 27 ==========
LR =  0.1
Train - acc:        0.877480 loss:        0.362290
Test - acc:         0.838900 loss:        0.472458
Sparsity :          0.0000
Wdecay :        0.000500
========== Epoch 28 ==========
LR =  0.1
Train - acc:        0.874340 loss:        0.366924
Test - acc:         0.840700 loss:        0.467696
Sparsity :          0.0000
Wdecay :        0.000500
========== Epoch 29 ==========
LR =  0.1
Train - acc:        0.878780 loss:        0.356626
Test - acc:         0.813000 loss:        0.609081
Sparsity :          0.0000
Wdecay :        0.000500
========== Epoch 30 ==========
LR =  0.1
Train - acc:        0.876760 loss:        0.359111
Test - acc:         0.780000 loss:        0.711481
Sparsity :          0.0000
Wdecay :        0.000500
========== Epoch 31 ==========
LR =  0.1
Train - acc:        0.877420 loss:        0.355311
Test - acc:         0.845400 loss:        0.458797
Sparsity :          0.0000
Wdecay :        0.000500
========== Epoch 32 ==========
LR =  0.1
Train - acc:        0.878700 loss:        0.354907
Test - acc:         0.770800 loss:        0.689277
Sparsity :          0.5000
Wdecay :        0.000500
========== Epoch 33 ==========
LR =  0.1
Train - acc:        0.895940 loss:        0.302701
Test - acc:         0.834200 loss:        0.491485
Sparsity :          0.5000
Wdecay :        0.000500
========== Epoch 34 ==========
LR =  0.1
Train - acc:        0.894640 loss:        0.307891
Test - acc:         0.871700 loss:        0.387255
Sparsity :          0.5000
Wdecay :        0.000500
========== Epoch 35 ==========
LR =  0.1
Train - acc:        0.894520 loss:        0.307309
Test - acc:         0.835500 loss:        0.527145
Sparsity :          0.5000
Wdecay :        0.000500
========== Epoch 36 ==========
LR =  0.1
Train - acc:        0.894740 loss:        0.306758
Test - acc:         0.857600 loss:        0.432050
Sparsity :          0.5000
Wdecay :        0.000500
========== Epoch 37 ==========
LR =  0.1
Train - acc:        0.895500 loss:        0.306893
Test - acc:         0.862900 loss:        0.414728
Sparsity :          0.5000
Wdecay :        0.000500
========== Epoch 38 ==========
LR =  0.1
Train - acc:        0.894080 loss:        0.308924
Test - acc:         0.859900 loss:        0.420467
Sparsity :          0.5000
Wdecay :        0.000500
========== Epoch 39 ==========
LR =  0.1
Train - acc:        0.895300 loss:        0.308020
Test - acc:         0.829100 loss:        0.507887
Sparsity :          0.5000
Wdecay :        0.000500
========== Epoch 40 ==========
LR =  0.1
Train - acc:        0.897700 loss:        0.298895
Test - acc:         0.849800 loss:        0.454709
Sparsity :          0.5000
Wdecay :        0.000500
========== Epoch 41 ==========
LR =  0.1
Train - acc:        0.895400 loss:        0.307158
Test - acc:         0.815000 loss:        0.604188
Sparsity :          0.5000
Wdecay :        0.000500
========== Epoch 42 ==========
LR =  0.1
Train - acc:        0.898840 loss:        0.295478
Test - acc:         0.840100 loss:        0.491871
Sparsity :          0.5000
Wdecay :        0.000500
========== Epoch 43 ==========
LR =  0.1
Train - acc:        0.898920 loss:        0.294459
Test - acc:         0.854200 loss:        0.429059
Sparsity :          0.5000
Wdecay :        0.000500
========== Epoch 44 ==========
LR =  0.1
Train - acc:        0.896640 loss:        0.297662
Test - acc:         0.862000 loss:        0.414297
Sparsity :          0.5000
Wdecay :        0.000500
========== Epoch 45 ==========
LR =  0.1
Train - acc:        0.896060 loss:        0.301389
Test - acc:         0.847000 loss:        0.458525
Sparsity :          0.5000
Wdecay :        0.000500
========== Epoch 46 ==========
LR =  0.1
Train - acc:        0.894840 loss:        0.303803
Test - acc:         0.839800 loss:        0.508591
Sparsity :          0.5000
Wdecay :        0.000500
========== Epoch 47 ==========
LR =  0.1
Train - acc:        0.897220 loss:        0.300505
Test - acc:         0.856700 loss:        0.423037
Sparsity :          0.5000
Wdecay :        0.000500
========== Epoch 48 ==========
LR =  0.1
Train - acc:        0.897300 loss:        0.300888
Test - acc:         0.783100 loss:        0.660303
Sparsity :          0.5000
Wdecay :        0.000500
========== Epoch 49 ==========
LR =  0.1
Train - acc:        0.899840 loss:        0.293975
Test - acc:         0.761100 loss:        0.840907
Sparsity :          0.5000
Wdecay :        0.000500
========== Epoch 50 ==========
LR =  0.1
Train - acc:        0.898800 loss:        0.295398
Test - acc:         0.854000 loss:        0.439010
Sparsity :          0.5000
Wdecay :        0.000500
========== Epoch 51 ==========
LR =  0.1
Train - acc:        0.898060 loss:        0.298086
Test - acc:         0.835400 loss:        0.534575
Sparsity :          0.5000
Wdecay :        0.000500
========== Epoch 52 ==========
LR =  0.1
Train - acc:        0.897840 loss:        0.296339
Test - acc:         0.865900 loss:        0.410498
Sparsity :          0.5000
Wdecay :        0.000500
========== Epoch 53 ==========
LR =  0.1
Train - acc:        0.899480 loss:        0.294156
Test - acc:         0.879000 loss:        0.373957
Sparsity :          0.5000
Wdecay :        0.000500
========== Epoch 54 ==========
LR =  0.1
Train - acc:        0.900240 loss:        0.291030
Test - acc:         0.842200 loss:        0.477272
Sparsity :          0.5000
Wdecay :        0.000500
========== Epoch 55 ==========
LR =  0.1
Train - acc:        0.900920 loss:        0.293261
Test - acc:         0.844800 loss:        0.463015
Sparsity :          0.5000
Wdecay :        0.000500
========== Epoch 56 ==========
LR =  0.1
Train - acc:        0.897460 loss:        0.298449
Test - acc:         0.849000 loss:        0.447342
Sparsity :          0.5000
Wdecay :        0.000500
========== Epoch 57 ==========
LR =  0.1
Train - acc:        0.899980 loss:        0.293405
Test - acc:         0.835300 loss:        0.496052
Sparsity :          0.5000
Wdecay :        0.000500
========== Epoch 58 ==========
LR =  0.1
Train - acc:        0.897700 loss:        0.296072
Test - acc:         0.869200 loss:        0.386809
Sparsity :          0.5000
Wdecay :        0.000500
========== Epoch 59 ==========
LR =  0.1
Train - acc:        0.899020 loss:        0.292206
Test - acc:         0.842600 loss:        0.492478
Sparsity :          0.5000
Wdecay :        0.000500
========== Epoch 60 ==========
LR =  0.1
Train - acc:        0.897220 loss:        0.297170
Test - acc:         0.852000 loss:        0.436367
Sparsity :          0.5000
Wdecay :        0.000500
========== Epoch 61 ==========
LR =  0.1
Train - acc:        0.899780 loss:        0.290109
Test - acc:         0.859800 loss:        0.415319
Sparsity :          0.5000
Wdecay :        0.000500
========== Epoch 62 ==========
LR =  0.1
Train - acc:        0.897640 loss:        0.296814
Test - acc:         0.848100 loss:        0.463635
Sparsity :          0.5000
Wdecay :        0.000500
========== Epoch 63 ==========
LR =  0.1
Train - acc:        0.899160 loss:        0.294051
Test - acc:         0.856100 loss:        0.437124
Sparsity :          0.5000
Wdecay :        0.000500
========== Epoch 64 ==========
LR =  0.1
Train - acc:        0.901480 loss:        0.290489
Test - acc:         0.824700 loss:        0.528923
Sparsity :          0.7500
Wdecay :        0.000500
========== Epoch 65 ==========
LR =  0.1
Train - acc:        0.911160 loss:        0.258639
Test - acc:         0.862900 loss:        0.418195
Sparsity :          0.7500
Wdecay :        0.000500
========== Epoch 66 ==========
LR =  0.1
Train - acc:        0.912760 loss:        0.254385
Test - acc:         0.869700 loss:        0.405294
Sparsity :          0.7500
Wdecay :        0.000500
========== Epoch 67 ==========
LR =  0.1
Train - acc:        0.910300 loss:        0.261370
Test - acc:         0.881800 loss:        0.357448
Sparsity :          0.7500
Wdecay :        0.000500
========== Epoch 68 ==========
LR =  0.1
Train - acc:        0.910080 loss:        0.260343
Test - acc:         0.853400 loss:        0.449364
Sparsity :          0.7500
Wdecay :        0.000500
========== Epoch 69 ==========
LR =  0.1
Train - acc:        0.911200 loss:        0.258527
Test - acc:         0.843000 loss:        0.503336
Sparsity :          0.7500
Wdecay :        0.000500
========== Epoch 70 ==========
LR =  0.1
Train - acc:        0.908700 loss:        0.266129
Test - acc:         0.847500 loss:        0.450718
Sparsity :          0.7500
Wdecay :        0.000500
========== Epoch 71 ==========
LR =  0.1
Train - acc:        0.910260 loss:        0.259782
Test - acc:         0.801700 loss:        0.663694
Sparsity :          0.7500
Wdecay :        0.000500
========== Epoch 72 ==========
LR =  0.1
Train - acc:        0.909040 loss:        0.263468
Test - acc:         0.818400 loss:        0.572976
Sparsity :          0.7500
Wdecay :        0.000500
========== Epoch 73 ==========
LR =  0.1
Train - acc:        0.908980 loss:        0.260914
Test - acc:         0.872500 loss:        0.380057
Sparsity :          0.7500
Wdecay :        0.000500
========== Epoch 74 ==========
LR =  0.1
Train - acc:        0.909640 loss:        0.262740
Test - acc:         0.849600 loss:        0.441964
Sparsity :          0.7500
Wdecay :        0.000500
========== Epoch 75 ==========
LR =  0.1
Train - acc:        0.911300 loss:        0.256584
Test - acc:         0.866400 loss:        0.400986
Sparsity :          0.7500
Wdecay :        0.000500
========== Epoch 76 ==========
LR =  0.1
Train - acc:        0.910180 loss:        0.262718
Test - acc:         0.819100 loss:        0.593161
Sparsity :          0.7500
Wdecay :        0.000500
========== Epoch 77 ==========
LR =  0.1
Train - acc:        0.910900 loss:        0.262240
Test - acc:         0.864600 loss:        0.420330
Sparsity :          0.7500
Wdecay :        0.000500
========== Epoch 78 ==========
LR =  0.1
Train - acc:        0.911220 loss:        0.259490
Test - acc:         0.825100 loss:        0.530965
Sparsity :          0.7500
Wdecay :        0.000500
========== Epoch 79 ==========
LR =  0.1
Train - acc:        0.910380 loss:        0.258965
Test - acc:         0.850800 loss:        0.470725
Sparsity :          0.7500
Wdecay :        0.000500
========== Epoch 80 ==========
LR =  0.1
Train - acc:        0.912380 loss:        0.256853
Test - acc:         0.850100 loss:        0.473294
Sparsity :          0.7500
Wdecay :        0.000500
========== Epoch 81 ==========
LR =  0.1
Train - acc:        0.911460 loss:        0.261486
Test - acc:         0.866700 loss:        0.404108
Sparsity :          0.7500
Wdecay :        0.000500
========== Epoch 82 ==========
LR =  0.1
Train - acc:        0.911360 loss:        0.259809
Test - acc:         0.864500 loss:        0.428995
Sparsity :          0.7500
Wdecay :        0.000500
========== Epoch 83 ==========
LR =  0.1
Train - acc:        0.909640 loss:        0.260383
Test - acc:         0.848900 loss:        0.465152
Sparsity :          0.7500
Wdecay :        0.000500
========== Epoch 84 ==========
LR =  0.1
Train - acc:        0.911000 loss:        0.254795
Test - acc:         0.864800 loss:        0.426721
Sparsity :          0.7500
Wdecay :        0.000500
========== Epoch 85 ==========
LR =  0.1
Train - acc:        0.910160 loss:        0.263084
Test - acc:         0.868000 loss:        0.380719
Sparsity :          0.7500
Wdecay :        0.000500
========== Epoch 86 ==========
LR =  0.1
Train - acc:        0.910080 loss:        0.259409
Test - acc:         0.883000 loss:        0.348118
Sparsity :          0.7500
Wdecay :        0.000500
========== Epoch 87 ==========
LR =  0.1
Train - acc:        0.909400 loss:        0.262274
Test - acc:         0.874600 loss:        0.384785
Sparsity :          0.7500
Wdecay :        0.000500
========== Epoch 88 ==========
LR =  0.1
Train - acc:        0.909720 loss:        0.260814
Test - acc:         0.861700 loss:        0.401182
Sparsity :          0.7500
Wdecay :        0.000500
========== Epoch 89 ==========
LR =  0.1
Train - acc:        0.910140 loss:        0.261221
Test - acc:         0.810000 loss:        0.640937
Sparsity :          0.7500
Wdecay :        0.000500
========== Epoch 90 ==========
LR =  0.1
Train - acc:        0.911720 loss:        0.258650
Test - acc:         0.875500 loss:        0.376642
Sparsity :          0.7500
Wdecay :        0.000500
========== Epoch 91 ==========
LR =  0.1
Train - acc:        0.909580 loss:        0.263276
Test - acc:         0.822100 loss:        0.574724
Sparsity :          0.7500
Wdecay :        0.000500
========== Epoch 92 ==========
LR =  0.1
Train - acc:        0.910400 loss:        0.259274
Test - acc:         0.882400 loss:        0.351628
Sparsity :          0.7500
Wdecay :        0.000500
========== Epoch 93 ==========
LR =  0.1
Train - acc:        0.911980 loss:        0.259336
Test - acc:         0.876000 loss:        0.378944
Sparsity :          0.7500
Wdecay :        0.000500
========== Epoch 94 ==========
LR =  0.1
Train - acc:        0.909880 loss:        0.263506
Test - acc:         0.850800 loss:        0.453962
Sparsity :          0.7500
Wdecay :        0.000500
========== Epoch 95 ==========
LR =  0.1
Train - acc:        0.911240 loss:        0.256924
Test - acc:         0.877400 loss:        0.369093
Sparsity :          0.7500
Wdecay :        0.000500
========== Epoch 96 ==========
LR =  0.1
Train - acc:        0.911080 loss:        0.259063
Test - acc:         0.855600 loss:        0.450704
Sparsity :          0.8750
Wdecay :        0.000500
========== Epoch 97 ==========
LR =  0.1
Train - acc:        0.919060 loss:        0.237942
Test - acc:         0.893100 loss:        0.336720
Sparsity :          0.8750
Wdecay :        0.000500
========== Epoch 98 ==========
LR =  0.1
Train - acc:        0.918500 loss:        0.240183
Test - acc:         0.868700 loss:        0.395459
Sparsity :          0.8750
Wdecay :        0.000500
========== Epoch 99 ==========
LR =  0.1
Train - acc:        0.917120 loss:        0.243158
Test - acc:         0.873000 loss:        0.394920
Sparsity :          0.8750
Wdecay :        0.000500
========== Epoch 100 ==========
LR =  0.1
Train - acc:        0.916860 loss:        0.243950
Test - acc:         0.832500 loss:        0.515911
Sparsity :          0.8750
Wdecay :        0.000500
========== Epoch 101 ==========
LR =  0.1
Train - acc:        0.915180 loss:        0.246185
Test - acc:         0.850800 loss:        0.455973
Sparsity :          0.8750
Wdecay :        0.000500
========== Epoch 102 ==========
LR =  0.1
Train - acc:        0.916920 loss:        0.242527
Test - acc:         0.878700 loss:        0.373294
Sparsity :          0.8750
Wdecay :        0.000500
========== Epoch 103 ==========
LR =  0.1
Train - acc:        0.917060 loss:        0.242872
Test - acc:         0.860400 loss:        0.425384
Sparsity :          0.8750
Wdecay :        0.000500
========== Epoch 104 ==========
LR =  0.1
Train - acc:        0.915360 loss:        0.244900
Test - acc:         0.875400 loss:        0.383691
Sparsity :          0.8750
Wdecay :        0.000500
========== Epoch 105 ==========
LR =  0.1
Train - acc:        0.916460 loss:        0.242516
Test - acc:         0.852300 loss:        0.469734
Sparsity :          0.8750
Wdecay :        0.000500
========== Epoch 106 ==========
LR =  0.1
Train - acc:        0.914740 loss:        0.245768
Test - acc:         0.852400 loss:        0.482895
Sparsity :          0.8750
Wdecay :        0.000500
========== Epoch 107 ==========
LR =  0.1
Train - acc:        0.918720 loss:        0.237491
Test - acc:         0.858700 loss:        0.438528
Sparsity :          0.8750
Wdecay :        0.000500
========== Epoch 108 ==========
LR =  0.1
Train - acc:        0.915840 loss:        0.241514
Test - acc:         0.855400 loss:        0.446269
Sparsity :          0.8750
Wdecay :        0.000500
========== Epoch 109 ==========
LR =  0.1
Train - acc:        0.915040 loss:        0.244630
Test - acc:         0.875000 loss:        0.395547
Sparsity :          0.8750
Wdecay :        0.000500
========== Epoch 110 ==========
LR =  0.1
Train - acc:        0.916080 loss:        0.245917
Test - acc:         0.881300 loss:        0.358395
Sparsity :          0.8750
Wdecay :        0.000500
========== Epoch 111 ==========
LR =  0.1
Train - acc:        0.915040 loss:        0.246437
Test - acc:         0.797800 loss:        0.685000
Sparsity :          0.8750
Wdecay :        0.000500
========== Epoch 112 ==========
LR =  0.1
Train - acc:        0.916020 loss:        0.241090
Test - acc:         0.845500 loss:        0.495218
Sparsity :          0.8750
Wdecay :        0.000500
========== Epoch 113 ==========
LR =  0.1
Train - acc:        0.915960 loss:        0.242878
Test - acc:         0.855600 loss:        0.444885
Sparsity :          0.8750
Wdecay :        0.000500
========== Epoch 114 ==========
LR =  0.1
Train - acc:        0.917240 loss:        0.239499
Test - acc:         0.856200 loss:        0.468465
Sparsity :          0.8750
Wdecay :        0.000500
========== Epoch 115 ==========
LR =  0.1
Train - acc:        0.915460 loss:        0.246419
Test - acc:         0.865000 loss:        0.403287
Sparsity :          0.8750
Wdecay :        0.000500
========== Epoch 116 ==========
LR =  0.1
Train - acc:        0.915300 loss:        0.245365
Test - acc:         0.873000 loss:        0.392631
Sparsity :          0.8750
Wdecay :        0.000500
========== Epoch 117 ==========
LR =  0.1
Train - acc:        0.917680 loss:        0.239197
Test - acc:         0.877600 loss:        0.377879
Sparsity :          0.8750
Wdecay :        0.000500
========== Epoch 118 ==========
LR =  0.1
Train - acc:        0.917120 loss:        0.242957
Test - acc:         0.850100 loss:        0.462267
Sparsity :          0.8750
Wdecay :        0.000500
========== Epoch 119 ==========
LR =  0.1
Train - acc:        0.917820 loss:        0.241786
Test - acc:         0.869500 loss:        0.413068
Sparsity :          0.8750
Wdecay :        0.000500
========== Epoch 120 ==========
LR =  0.1
Train - acc:        0.914840 loss:        0.248180
Test - acc:         0.836600 loss:        0.529397
Sparsity :          0.8750
Wdecay :        0.000500
========== Epoch 121 ==========
LR =  0.1
Train - acc:        0.915940 loss:        0.240149
Test - acc:         0.870200 loss:        0.383981
Sparsity :          0.8750
Wdecay :        0.000500
========== Epoch 122 ==========
LR =  0.1
Train - acc:        0.916980 loss:        0.241871
Test - acc:         0.858000 loss:        0.450093
Sparsity :          0.8750
Wdecay :        0.000500
========== Epoch 123 ==========
LR =  0.1
Train - acc:        0.915840 loss:        0.241874
Test - acc:         0.869600 loss:        0.397823
Sparsity :          0.8750
Wdecay :        0.000500
========== Epoch 124 ==========
LR =  0.1
Train - acc:        0.916760 loss:        0.241829
Test - acc:         0.871300 loss:        0.406466
Sparsity :          0.8750
Wdecay :        0.000500
========== Epoch 125 ==========
LR =  0.1
Train - acc:        0.918220 loss:        0.242120
Test - acc:         0.862500 loss:        0.425109
Sparsity :          0.8750
Wdecay :        0.000500
========== Epoch 126 ==========
LR =  0.1
Train - acc:        0.915160 loss:        0.245793
Test - acc:         0.842300 loss:        0.496927
Sparsity :          0.8750
Wdecay :        0.000500
========== Epoch 127 ==========
LR =  0.1
Train - acc:        0.917720 loss:        0.239616
Test - acc:         0.855200 loss:        0.466257
Sparsity :          0.8750
Wdecay :        0.000500
========== Epoch 128 ==========
LR =  0.1
Train - acc:        0.916060 loss:        0.241948
Test - acc:         0.864500 loss:        0.414154
Sparsity :          0.9375
Wdecay :        0.000500
========== Epoch 129 ==========
LR =  0.1
Train - acc:        0.914420 loss:        0.249267
Test - acc:         0.852800 loss:        0.467224
Sparsity :          0.9375
Wdecay :        0.000500
========== Epoch 130 ==========
LR =  0.1
Train - acc:        0.914840 loss:        0.245555
Test - acc:         0.863500 loss:        0.412594
Sparsity :          0.9375
Wdecay :        0.000500
========== Epoch 131 ==========
LR =  0.1
Train - acc:        0.915980 loss:        0.245278
Test - acc:         0.879600 loss:        0.369548
Sparsity :          0.9375
Wdecay :        0.000500
========== Epoch 132 ==========
LR =  0.1
Train - acc:        0.914660 loss:        0.248570
Test - acc:         0.883600 loss:        0.360993
Sparsity :          0.9375
Wdecay :        0.000500
========== Epoch 133 ==========
LR =  0.1
Train - acc:        0.914720 loss:        0.247636
Test - acc:         0.838700 loss:        0.500131
Sparsity :          0.9375
Wdecay :        0.000500
========== Epoch 134 ==========
LR =  0.1
Train - acc:        0.915940 loss:        0.243019
Test - acc:         0.858300 loss:        0.459885
Sparsity :          0.9375
Wdecay :        0.000500
========== Epoch 135 ==========
LR =  0.1
Train - acc:        0.916940 loss:        0.246633
Test - acc:         0.862400 loss:        0.428728
Sparsity :          0.9375
Wdecay :        0.000500
========== Epoch 136 ==========
LR =  0.1
Train - acc:        0.916660 loss:        0.242906
Test - acc:         0.821100 loss:        0.583956
Sparsity :          0.9375
Wdecay :        0.000500
========== Epoch 137 ==========
LR =  0.1
Train - acc:        0.915560 loss:        0.245161
Test - acc:         0.861700 loss:        0.415837
Sparsity :          0.9375
Wdecay :        0.000500
========== Epoch 138 ==========
LR =  0.1
Train - acc:        0.917020 loss:        0.244235
Test - acc:         0.862900 loss:        0.432737
Sparsity :          0.9375
Wdecay :        0.000500
========== Epoch 139 ==========
LR =  0.1
Train - acc:        0.915620 loss:        0.242472
Test - acc:         0.830200 loss:        0.545534
Sparsity :          0.9375
Wdecay :        0.000500
========== Epoch 140 ==========
LR =  0.1
Train - acc:        0.913960 loss:        0.251801
Test - acc:         0.842400 loss:        0.492159
Sparsity :          0.9375
Wdecay :        0.000500
========== Epoch 141 ==========
LR =  0.1
Train - acc:        0.914940 loss:        0.245457
Test - acc:         0.865900 loss:        0.424890
Sparsity :          0.9375
Wdecay :        0.000500
========== Epoch 142 ==========
LR =  0.1
Train - acc:        0.915160 loss:        0.246678
Test - acc:         0.873800 loss:        0.399412
Sparsity :          0.9375
Wdecay :        0.000500
========== Epoch 143 ==========
LR =  0.1
Train - acc:        0.915300 loss:        0.246652
Test - acc:         0.878300 loss:        0.374699
Sparsity :          0.9375
Wdecay :        0.000500
========== Epoch 144 ==========
LR =  0.1
Train - acc:        0.915840 loss:        0.243905
Test - acc:         0.863300 loss:        0.435901
Sparsity :          0.9375
Wdecay :        0.000500
========== Epoch 145 ==========
LR =  0.1
Train - acc:        0.915440 loss:        0.249919
Test - acc:         0.892600 loss:        0.336366
Sparsity :          0.9375
Wdecay :        0.000500
========== Epoch 146 ==========
LR =  0.1
Train - acc:        0.916140 loss:        0.243381
Test - acc:         0.871900 loss:        0.385312
Sparsity :          0.9375
Wdecay :        0.000500
========== Epoch 147 ==========
LR =  0.1
Train - acc:        0.914940 loss:        0.249301
Test - acc:         0.876700 loss:        0.388589
Sparsity :          0.9375
Wdecay :        0.000500
========== Epoch 148 ==========
LR =  0.1
Train - acc:        0.915760 loss:        0.244599
Test - acc:         0.873400 loss:        0.392179
Sparsity :          0.9375
Wdecay :        0.000500
========== Epoch 149 ==========
LR =  0.1
Train - acc:        0.914220 loss:        0.246733
Test - acc:         0.861300 loss:        0.430371
Sparsity :          0.9375
Wdecay :        0.000500
========== Epoch 150 ==========
LR =  0.010000000000000002
Train - acc:        0.916240 loss:        0.240192
Test - acc:         0.834500 loss:        0.526179
Sparsity :          0.9375
Wdecay :        0.000500
========== Epoch 151 ==========
LR =  0.010000000000000002
Train - acc:        0.952440 loss:        0.140712
Test - acc:         0.933600 loss:        0.198926
Sparsity :          0.9375
Wdecay :        0.000500
========== Epoch 152 ==========
LR =  0.010000000000000002
Train - acc:        0.965180 loss:        0.103548
Test - acc:         0.934700 loss:        0.194344
Sparsity :          0.9375
Wdecay :        0.000500
========== Epoch 153 ==========
LR =  0.010000000000000002
Train - acc:        0.969360 loss:        0.092135
Test - acc:         0.938700 loss:        0.186063
Sparsity :          0.9375
Wdecay :        0.000500
========== Epoch 154 ==========
LR =  0.010000000000000002
Train - acc:        0.972680 loss:        0.081636
Test - acc:         0.937900 loss:        0.188500
Sparsity :          0.9375
Wdecay :        0.000500
========== Epoch 155 ==========
LR =  0.010000000000000002
Train - acc:        0.975280 loss:        0.074734
Test - acc:         0.941200 loss:        0.188438
Sparsity :          0.9375
Wdecay :        0.000500
========== Epoch 156 ==========
LR =  0.010000000000000002
Train - acc:        0.977380 loss:        0.068142
Test - acc:         0.940500 loss:        0.191657
Sparsity :          0.9375
Wdecay :        0.000500
========== Epoch 157 ==========
LR =  0.010000000000000002
Train - acc:        0.978940 loss:        0.063726
Test - acc:         0.943100 loss:        0.186515
Sparsity :          0.9375
Wdecay :        0.000500
========== Epoch 158 ==========
LR =  0.010000000000000002
Train - acc:        0.980320 loss:        0.060749
Test - acc:         0.940900 loss:        0.187020
Sparsity :          0.9375
Wdecay :        0.000500
========== Epoch 159 ==========
LR =  0.010000000000000002
Train - acc:        0.981720 loss:        0.057004
Test - acc:         0.939400 loss:        0.193488
Sparsity :          0.9375
Wdecay :        0.000500
========== Epoch 160 ==========
LR =  0.010000000000000002
Train - acc:        0.983360 loss:        0.051981
Test - acc:         0.940000 loss:        0.199157
Sparsity :          0.9688
Wdecay :        0.000500
========== Epoch 161 ==========
LR =  0.010000000000000002
Train - acc:        0.966780 loss:        0.107997
Test - acc:         0.931900 loss:        0.209955
Sparsity :          0.9688
Wdecay :        0.000500
========== Epoch 162 ==========
LR =  0.010000000000000002
Train - acc:        0.973700 loss:        0.081197
Test - acc:         0.932200 loss:        0.214296
Sparsity :          0.9688
Wdecay :        0.000500
========== Epoch 163 ==========
LR =  0.010000000000000002
Train - acc:        0.976100 loss:        0.072878
Test - acc:         0.934300 loss:        0.212524
Sparsity :          0.9688
Wdecay :        0.000500
========== Epoch 164 ==========
LR =  0.010000000000000002
Train - acc:        0.977160 loss:        0.069626
Test - acc:         0.933300 loss:        0.217327
Sparsity :          0.9688
Wdecay :        0.000500
========== Epoch 165 ==========
LR =  0.010000000000000002
Train - acc:        0.978080 loss:        0.065175
Test - acc:         0.936000 loss:        0.212118
Sparsity :          0.9688
Wdecay :        0.000500
========== Epoch 166 ==========
LR =  0.010000000000000002
Train - acc:        0.979540 loss:        0.062651
Test - acc:         0.932100 loss:        0.228709
Sparsity :          0.9688
Wdecay :        0.000500
========== Epoch 167 ==========
LR =  0.010000000000000002
Train - acc:        0.979200 loss:        0.061977
Test - acc:         0.934000 loss:        0.218537
Sparsity :          0.9688
Wdecay :        0.000500
========== Epoch 168 ==========
LR =  0.010000000000000002
Train - acc:        0.980720 loss:        0.059251
Test - acc:         0.933600 loss:        0.221595
Sparsity :          0.9688
Wdecay :        0.000500
========== Epoch 169 ==========
LR =  0.010000000000000002
Train - acc:        0.981120 loss:        0.058792
Test - acc:         0.932200 loss:        0.232335
Sparsity :          0.9688
Wdecay :        0.000500
========== Epoch 170 ==========
LR =  0.010000000000000002
Train - acc:        0.981060 loss:        0.057724
Test - acc:         0.932200 loss:        0.229410
Sparsity :          0.9688
Wdecay :        0.000500
========== Epoch 171 ==========
LR =  0.010000000000000002
Train - acc:        0.980200 loss:        0.058219
Test - acc:         0.928600 loss:        0.236698
Sparsity :          0.9688
Wdecay :        0.000500
========== Epoch 172 ==========
LR =  0.010000000000000002
Train - acc:        0.981100 loss:        0.056181
Test - acc:         0.929600 loss:        0.233927
Sparsity :          0.9688
Wdecay :        0.000500
========== Epoch 173 ==========
LR =  0.010000000000000002
Train - acc:        0.979700 loss:        0.059137
Test - acc:         0.926700 loss:        0.242832
Sparsity :          0.9688
Wdecay :        0.000500
========== Epoch 174 ==========
LR =  0.010000000000000002
Train - acc:        0.980360 loss:        0.058077
Test - acc:         0.931000 loss:        0.234592
Sparsity :          0.9688
Wdecay :        0.000500
========== Epoch 175 ==========
LR =  0.010000000000000002
Train - acc:        0.979740 loss:        0.060296
Test - acc:         0.931600 loss:        0.222659
Sparsity :          0.9688
Wdecay :        0.000500
========== Epoch 176 ==========
LR =  0.010000000000000002
Train - acc:        0.980100 loss:        0.059123
Test - acc:         0.928900 loss:        0.238996
Sparsity :          0.9688
Wdecay :        0.000500
========== Epoch 177 ==========
LR =  0.010000000000000002
Train - acc:        0.980640 loss:        0.056984
Test - acc:         0.933900 loss:        0.237839
Sparsity :          0.9688
Wdecay :        0.000500
========== Epoch 178 ==========
LR =  0.010000000000000002
Train - acc:        0.980240 loss:        0.059063
Test - acc:         0.931500 loss:        0.232811
Sparsity :          0.9688
Wdecay :        0.000500
========== Epoch 179 ==========
LR =  0.010000000000000002
Train - acc:        0.981080 loss:        0.057827
Test - acc:         0.930300 loss:        0.247168
Sparsity :          0.9688
Wdecay :        0.000500
========== Epoch 180 ==========
LR =  0.010000000000000002
Train - acc:        0.979180 loss:        0.060807
Test - acc:         0.931600 loss:        0.240448
Sparsity :          0.9688
Wdecay :        0.000500
========== Epoch 181 ==========
LR =  0.010000000000000002
Train - acc:        0.980620 loss:        0.056811
Test - acc:         0.931400 loss:        0.235074
Sparsity :          0.9688
Wdecay :        0.000500
========== Epoch 182 ==========
LR =  0.010000000000000002
Train - acc:        0.981400 loss:        0.056924
Test - acc:         0.924900 loss:        0.246754
Sparsity :          0.9688
Wdecay :        0.000500
========== Epoch 183 ==========
LR =  0.010000000000000002
Train - acc:        0.979400 loss:        0.062746
Test - acc:         0.924700 loss:        0.262790
Sparsity :          0.9688
Wdecay :        0.000500
========== Epoch 184 ==========
LR =  0.010000000000000002
Train - acc:        0.978960 loss:        0.061686
Test - acc:         0.924300 loss:        0.258987
Sparsity :          0.9688
Wdecay :        0.000500
========== Epoch 185 ==========
LR =  0.010000000000000002
Train - acc:        0.979460 loss:        0.060588
Test - acc:         0.928500 loss:        0.252473
Sparsity :          0.9688
Wdecay :        0.000500
========== Epoch 186 ==========
LR =  0.010000000000000002
Train - acc:        0.979040 loss:        0.061703
Test - acc:         0.925200 loss:        0.248692
Sparsity :          0.9688
Wdecay :        0.000500
========== Epoch 187 ==========
LR =  0.010000000000000002
Train - acc:        0.978240 loss:        0.064214
Test - acc:         0.923200 loss:        0.254007
Sparsity :          0.9688
Wdecay :        0.000500
========== Epoch 188 ==========
LR =  0.010000000000000002
Train - acc:        0.977920 loss:        0.065734
Test - acc:         0.931100 loss:        0.243376
Sparsity :          0.9688
Wdecay :        0.000500
========== Epoch 189 ==========
LR =  0.010000000000000002
Train - acc:        0.979080 loss:        0.061696
Test - acc:         0.927300 loss:        0.247402
Sparsity :          0.9688
Wdecay :        0.000500
========== Epoch 190 ==========
LR =  0.010000000000000002
Train - acc:        0.978620 loss:        0.062235
Test - acc:         0.923100 loss:        0.261377
Sparsity :          0.9688
Wdecay :        0.000500
========== Epoch 191 ==========
LR =  0.010000000000000002
Train - acc:        0.977220 loss:        0.067399
Test - acc:         0.924300 loss:        0.262882
Sparsity :          0.9688
Wdecay :        0.000500
========== Epoch 192 ==========
LR =  0.010000000000000002
Train - acc:        0.977140 loss:        0.066422
Test - acc:         0.927000 loss:        0.248700
Sparsity :          0.9844
Wdecay :        0.000500
========== Epoch 193 ==========
LR =  0.010000000000000002
Train - acc:        0.914240 loss:        0.255469
Test - acc:         0.891400 loss:        0.333199
Sparsity :          0.9844
Wdecay :        0.000500
========== Epoch 194 ==========
LR =  0.010000000000000002
Train - acc:        0.940860 loss:        0.176614
Test - acc:         0.896000 loss:        0.336099
Sparsity :          0.9844
Wdecay :        0.000500
========== Epoch 195 ==========
LR =  0.010000000000000002
Train - acc:        0.945160 loss:        0.160703
Test - acc:         0.906200 loss:        0.305418
Sparsity :          0.9844
Wdecay :        0.000500
========== Epoch 196 ==========
LR =  0.010000000000000002
Train - acc:        0.948460 loss:        0.151031
Test - acc:         0.908200 loss:        0.291606
Sparsity :          0.9844
Wdecay :        0.000500
========== Epoch 197 ==========
LR =  0.010000000000000002
Train - acc:        0.949800 loss:        0.147427
Test - acc:         0.901700 loss:        0.312106
Sparsity :          0.9844
Wdecay :        0.000500
========== Epoch 198 ==========
LR =  0.010000000000000002
Train - acc:        0.952400 loss:        0.140286
Test - acc:         0.902100 loss:        0.316592
Sparsity :          0.9844
Wdecay :        0.000500
========== Epoch 199 ==========
LR =  0.010000000000000002
Train - acc:        0.951620 loss:        0.136017
Test - acc:         0.909500 loss:        0.294378
Sparsity :          0.9844
Wdecay :        0.000500
========== Epoch 200 ==========
LR =  0.010000000000000002
Train - acc:        0.953580 loss:        0.135873
Test - acc:         0.916500 loss:        0.272339
Sparsity :          0.9844
Wdecay :        0.000500
========== Epoch 201 ==========
LR =  0.010000000000000002
Train - acc:        0.953940 loss:        0.131641
Test - acc:         0.912600 loss:        0.286615
Sparsity :          0.9844
Wdecay :        0.000500
========== Epoch 202 ==========
LR =  0.010000000000000002
Train - acc:        0.953680 loss:        0.132239
Test - acc:         0.910700 loss:        0.294599
Sparsity :          0.9844
Wdecay :        0.000500
========== Epoch 203 ==========
LR =  0.010000000000000002
Train - acc:        0.956200 loss:        0.125186
Test - acc:         0.905700 loss:        0.309020
Sparsity :          0.9844
Wdecay :        0.000500
========== Epoch 204 ==========
LR =  0.010000000000000002
Train - acc:        0.955540 loss:        0.127821
Test - acc:         0.911700 loss:        0.287807
Sparsity :          0.9844
Wdecay :        0.000500
========== Epoch 205 ==========
LR =  0.010000000000000002
Train - acc:        0.958140 loss:        0.120401
Test - acc:         0.909700 loss:        0.287002
Sparsity :          0.9844
Wdecay :        0.000500
========== Epoch 206 ==========
LR =  0.010000000000000002
Train - acc:        0.955860 loss:        0.125514
Test - acc:         0.910400 loss:        0.289084
Sparsity :          0.9844
Wdecay :        0.000500
========== Epoch 207 ==========
LR =  0.010000000000000002
Train - acc:        0.958160 loss:        0.121806
Test - acc:         0.908200 loss:        0.300095
Sparsity :          0.9844
Wdecay :        0.000500
========== Epoch 208 ==========
LR =  0.010000000000000002
Train - acc:        0.958120 loss:        0.119254
Test - acc:         0.905400 loss:        0.311960
Sparsity :          0.9844
Wdecay :        0.000500
========== Epoch 209 ==========
LR =  0.010000000000000002
Train - acc:        0.958140 loss:        0.121266
Test - acc:         0.905600 loss:        0.300693
Sparsity :          0.9844
Wdecay :        0.000500
========== Epoch 210 ==========
LR =  0.010000000000000002
Train - acc:        0.957380 loss:        0.122674
Test - acc:         0.912700 loss:        0.291017
Sparsity :          0.9844
Wdecay :        0.000500
========== Epoch 211 ==========
LR =  0.010000000000000002
Train - acc:        0.958740 loss:        0.119106
Test - acc:         0.913600 loss:        0.288783
Sparsity :          0.9844
Wdecay :        0.000500
========== Epoch 212 ==========
LR =  0.010000000000000002
Train - acc:        0.961080 loss:        0.115678
Test - acc:         0.912800 loss:        0.289666
Sparsity :          0.9844
Wdecay :        0.000500
========== Epoch 213 ==========
LR =  0.010000000000000002
Train - acc:        0.958760 loss:        0.118040
Test - acc:         0.909900 loss:        0.304064
Sparsity :          0.9844
Wdecay :        0.000500
========== Epoch 214 ==========
LR =  0.010000000000000002
Train - acc:        0.960100 loss:        0.115803
Test - acc:         0.911300 loss:        0.284976
Sparsity :          0.9844
Wdecay :        0.000500
========== Epoch 215 ==========
LR =  0.010000000000000002
Train - acc:        0.959980 loss:        0.116759
Test - acc:         0.907500 loss:        0.310453
Sparsity :          0.9844
Wdecay :        0.000500
========== Epoch 216 ==========
LR =  0.010000000000000002
Train - acc:        0.960900 loss:        0.114380
Test - acc:         0.909400 loss:        0.301423
Sparsity :          0.9844
Wdecay :        0.000500
========== Epoch 217 ==========
LR =  0.010000000000000002
Train - acc:        0.959680 loss:        0.117425
Test - acc:         0.912400 loss:        0.282572
Sparsity :          0.9844
Wdecay :        0.000500
========== Epoch 218 ==========
LR =  0.010000000000000002
Train - acc:        0.962100 loss:        0.111789
Test - acc:         0.911200 loss:        0.285145
Sparsity :          0.9844
Wdecay :        0.000500
========== Epoch 219 ==========
LR =  0.010000000000000002
Train - acc:        0.959080 loss:        0.117713
Test - acc:         0.907900 loss:        0.314762
Sparsity :          0.9844
Wdecay :        0.000500
========== Epoch 220 ==========
LR =  0.010000000000000002
Train - acc:        0.960220 loss:        0.114558
Test - acc:         0.914500 loss:        0.294362
Sparsity :          0.9844
Wdecay :        0.000500
========== Epoch 221 ==========
LR =  0.010000000000000002
Train - acc:        0.961420 loss:        0.110094
Test - acc:         0.916000 loss:        0.287206
Sparsity :          0.9844
Wdecay :        0.000500
========== Epoch 222 ==========
LR =  0.010000000000000002
Train - acc:        0.959860 loss:        0.114529
Test - acc:         0.911000 loss:        0.295858
Sparsity :          0.9844
Wdecay :        0.000500
========== Epoch 223 ==========
LR =  0.010000000000000002
Train - acc:        0.959300 loss:        0.116781
Test - acc:         0.912500 loss:        0.290545
Sparsity :          0.9844
Wdecay :        0.000500
========== Epoch 224 ==========
LR =  0.010000000000000002
Train - acc:        0.960360 loss:        0.113789
Test - acc:         0.910500 loss:        0.292688
Sparsity :          0.9922
Wdecay :        0.000500
========== Epoch 225 ==========
LR =  0.010000000000000002
Train - acc:        0.880380 loss:        0.361097
Test - acc:         0.857200 loss:        0.439911
Sparsity :          0.9922
Wdecay :        0.000500
========== Epoch 226 ==========
LR =  0.010000000000000002
Train - acc:        0.909180 loss:        0.265202
Test - acc:         0.884300 loss:        0.359245
Sparsity :          0.9922
Wdecay :        0.000500
========== Epoch 227 ==========
LR =  0.010000000000000002
Train - acc:        0.911920 loss:        0.255983
Test - acc:         0.885500 loss:        0.352372
Sparsity :          0.9922
Wdecay :        0.000500
========== Epoch 228 ==========
LR =  0.010000000000000002
Train - acc:        0.915860 loss:        0.243607
Test - acc:         0.892900 loss:        0.328122
Sparsity :          0.9922
Wdecay :        0.000500
========== Epoch 229 ==========
LR =  0.010000000000000002
Train - acc:        0.918980 loss:        0.234787
Test - acc:         0.887700 loss:        0.348664
Sparsity :          0.9922
Wdecay :        0.000500
========== Epoch 230 ==========
LR =  0.010000000000000002
Train - acc:        0.918620 loss:        0.234299
Test - acc:         0.880700 loss:        0.364667
Sparsity :          0.9922
Wdecay :        0.000500
========== Epoch 231 ==========
LR =  0.010000000000000002
Train - acc:        0.922180 loss:        0.225819
Test - acc:         0.896000 loss:        0.337684
Sparsity :          0.9922
Wdecay :        0.000500
========== Epoch 232 ==========
LR =  0.010000000000000002
Train - acc:        0.924420 loss:        0.216814
Test - acc:         0.882800 loss:        0.364499
Sparsity :          0.9922
Wdecay :        0.000500
========== Epoch 233 ==========
LR =  0.010000000000000002
Train - acc:        0.923140 loss:        0.220495
Test - acc:         0.888900 loss:        0.343613
Sparsity :          0.9922
Wdecay :        0.000500
========== Epoch 234 ==========
LR =  0.010000000000000002
Train - acc:        0.923800 loss:        0.219727
Test - acc:         0.886000 loss:        0.352453
Sparsity :          0.9922
Wdecay :        0.000500
========== Epoch 235 ==========
LR =  0.010000000000000002
Train - acc:        0.925140 loss:        0.216946
Test - acc:         0.890300 loss:        0.345817
Sparsity :          0.9922
Wdecay :        0.000500
========== Epoch 236 ==========
LR =  0.010000000000000002
Train - acc:        0.924480 loss:        0.216670
Test - acc:         0.888600 loss:        0.351733
Sparsity :          0.9922
Wdecay :        0.000500
========== Epoch 237 ==========
LR =  0.010000000000000002
Train - acc:        0.923940 loss:        0.217658
Test - acc:         0.894800 loss:        0.329117
Sparsity :          0.9922
Wdecay :        0.000500
========== Epoch 238 ==========
LR =  0.010000000000000002
Train - acc:        0.925780 loss:        0.212756
Test - acc:         0.894200 loss:        0.324489
Sparsity :          0.9922
Wdecay :        0.000500
========== Epoch 239 ==========
LR =  0.010000000000000002
Train - acc:        0.925400 loss:        0.210506
Test - acc:         0.888400 loss:        0.345611
Sparsity :          0.9922
Wdecay :        0.000500
========== Epoch 240 ==========
LR =  0.010000000000000002
Train - acc:        0.927360 loss:        0.211170
Test - acc:         0.892900 loss:        0.330587
Sparsity :          0.9922
Wdecay :        0.000500
========== Epoch 241 ==========
LR =  0.010000000000000002
Train - acc:        0.926320 loss:        0.209912
Test - acc:         0.890700 loss:        0.331635
Sparsity :          0.9922
Wdecay :        0.000500
========== Epoch 242 ==========
LR =  0.010000000000000002
Train - acc:        0.928080 loss:        0.206692
Test - acc:         0.886700 loss:        0.359932
Sparsity :          0.9922
Wdecay :        0.000500
========== Epoch 243 ==========
LR =  0.010000000000000002
Train - acc:        0.926760 loss:        0.209332
Test - acc:         0.888000 loss:        0.349376
Sparsity :          0.9922
Wdecay :        0.000500
========== Epoch 244 ==========
LR =  0.010000000000000002
Train - acc:        0.928000 loss:        0.204612
Test - acc:         0.894200 loss:        0.333678
Sparsity :          0.9922
Wdecay :        0.000500
========== Epoch 245 ==========
LR =  0.010000000000000002
Train - acc:        0.926460 loss:        0.207299
Test - acc:         0.891600 loss:        0.338022
Sparsity :          0.9922
Wdecay :        0.000500
========== Epoch 246 ==========
LR =  0.010000000000000002
Train - acc:        0.927920 loss:        0.206395
Test - acc:         0.889600 loss:        0.353267
Sparsity :          0.9922
Wdecay :        0.000500
========== Epoch 247 ==========
LR =  0.010000000000000002
Train - acc:        0.928400 loss:        0.205196
Test - acc:         0.888500 loss:        0.353494
Sparsity :          0.9922
Wdecay :        0.000500
========== Epoch 248 ==========
LR =  0.010000000000000002
Train - acc:        0.927160 loss:        0.204614
Test - acc:         0.892600 loss:        0.338687
Sparsity :          0.9922
Wdecay :        0.000500
========== Epoch 249 ==========
LR =  0.010000000000000002
Train - acc:        0.930840 loss:        0.200199
Test - acc:         0.883400 loss:        0.366999
Sparsity :          0.9922
Wdecay :        0.000500
========== Epoch 250 ==========
LR =  0.0010000000000000002
Train - acc:        0.929200 loss:        0.201431
Test - acc:         0.889400 loss:        0.352387
Sparsity :          0.9922
Wdecay :        0.000500
========== Epoch 251 ==========
LR =  0.0010000000000000002
Train - acc:        0.944700 loss:        0.159404
Test - acc:         0.914100 loss:        0.274356
Sparsity :          0.9922
Wdecay :        0.000500
========== Epoch 252 ==========
LR =  0.0010000000000000002
Train - acc:        0.951500 loss:        0.141815
Test - acc:         0.914700 loss:        0.272502
Sparsity :          0.9922
Wdecay :        0.000500
========== Epoch 253 ==========
LR =  0.0010000000000000002
Train - acc:        0.953580 loss:        0.136203
Test - acc:         0.917300 loss:        0.269062
Sparsity :          0.9922
Wdecay :        0.000500
========== Epoch 254 ==========
LR =  0.0010000000000000002
Train - acc:        0.954820 loss:        0.131642
Test - acc:         0.916300 loss:        0.269046
Sparsity :          0.9922
Wdecay :        0.000500
========== Epoch 255 ==========
LR =  0.0010000000000000002
Train - acc:        0.957140 loss:        0.128644
Test - acc:         0.917700 loss:        0.270089
Sparsity :          0.9922
Wdecay :        0.000500
========== Epoch 256 ==========
LR =  0.0010000000000000002
Train - acc:        0.958480 loss:        0.123925
Test - acc:         0.916500 loss:        0.271438
Sparsity :          0.9961
Wdecay :        0.000500
========== Epoch 257 ==========
LR =  0.0010000000000000002
Train - acc:        0.597460 loss:        1.417771
Test - acc:         0.568500 loss:        1.512148
Sparsity :          0.9961
Wdecay :        0.000500
========== Epoch 258 ==========
LR =  0.0010000000000000002
Train - acc:        0.669620 loss:        1.019969
Test - acc:         0.627300 loss:        1.192755
Sparsity :          0.9961
Wdecay :        0.000500
========== Epoch 259 ==========
LR =  0.0010000000000000002
Train - acc:        0.695000 loss:        0.912338
Test - acc:         0.517600 loss:        1.724398
Sparsity :          0.9961
Wdecay :        0.000500
========== Epoch 260 ==========
LR =  0.0010000000000000002
Train - acc:        0.714600 loss:        0.838029
Test - acc:         0.705200 loss:        0.840618
Sparsity :          0.9961
Wdecay :        0.000500
========== Epoch 261 ==========
LR =  0.0010000000000000002
Train - acc:        0.721600 loss:        0.788863
Test - acc:         0.673700 loss:        0.941966
Sparsity :          0.9961
Wdecay :        0.000500
========== Epoch 262 ==========
LR =  0.0010000000000000002
Train - acc:        0.732760 loss:        0.748149
Test - acc:         0.688600 loss:        0.878528
Sparsity :          0.9961
Wdecay :        0.000500
========== Epoch 263 ==========
LR =  0.0010000000000000002
Train - acc:        0.738180 loss:        0.720888
Test - acc:         0.740200 loss:        0.697689
Sparsity :          0.9961
Wdecay :        0.000500
========== Epoch 264 ==========
LR =  0.0010000000000000002
Train - acc:        0.742020 loss:        0.701566
Test - acc:         0.239800 loss:        5.049809
Sparsity :          0.9961
Wdecay :        0.000500
========== Epoch 265 ==========
LR =  0.0010000000000000002
Train - acc:        0.745000 loss:        0.682936
Test - acc:         0.721500 loss:        0.755915
Sparsity :          0.9961
Wdecay :        0.000500
========== Epoch 266 ==========
LR =  0.0010000000000000002
Train - acc:        0.749340 loss:        0.661670
Test - acc:         0.744400 loss:        0.664171
Sparsity :          0.9961
Wdecay :        0.000500
========== Epoch 267 ==========
LR =  0.0010000000000000002
Train - acc:        0.750880 loss:        0.646618
Test - acc:         0.718400 loss:        0.760132
Sparsity :          0.9961
Wdecay :        0.000500
========== Epoch 268 ==========
LR =  0.0010000000000000002
Train - acc:        0.756000 loss:        0.636352
Test - acc:         0.731100 loss:        0.710981
Sparsity :          0.9961
Wdecay :        0.000500
========== Epoch 269 ==========
LR =  0.0010000000000000002
Train - acc:        0.755820 loss:        0.630424
Test - acc:         0.590100 loss:        1.298969
Sparsity :          0.9961
Wdecay :        0.000500
========== Epoch 270 ==========
LR =  0.0010000000000000002
Train - acc:        0.759160 loss:        0.618172
Test - acc:         0.754100 loss:        0.625827
Sparsity :          0.9961
Wdecay :        0.000500
========== Epoch 271 ==========
LR =  0.0010000000000000002
Train - acc:        0.761520 loss:        0.604002
Test - acc:         0.750400 loss:        0.628930
Sparsity :          0.9961
Wdecay :        0.000500
========== Epoch 272 ==========
LR =  0.0010000000000000002
Train - acc:        0.762960 loss:        0.600194
Test - acc:         0.742200 loss:        0.662846
Sparsity :          0.9961
Wdecay :        0.000500
========== Epoch 273 ==========
LR =  0.0010000000000000002
Train - acc:        0.766020 loss:        0.591640
Test - acc:         0.759700 loss:        0.601435
Sparsity :          0.9961
Wdecay :        0.000500
========== Epoch 274 ==========
LR =  0.0010000000000000002
Train - acc:        0.767320 loss:        0.587421
Test - acc:         0.756500 loss:        0.615399
Sparsity :          0.9961
Wdecay :        0.000500
========== Epoch 275 ==========
LR =  0.0010000000000000002
Train - acc:        0.765800 loss:        0.585168
Test - acc:         0.748100 loss:        0.642617
Sparsity :          0.9961
Wdecay :        0.000500
========== Epoch 276 ==========
LR =  0.0010000000000000002
Train - acc:        0.771600 loss:        0.580980
Test - acc:         0.749100 loss:        0.635721
Sparsity :          0.9961
Wdecay :        0.000500
========== Epoch 277 ==========
LR =  0.0010000000000000002
Train - acc:        0.770440 loss:        0.573586
Test - acc:         0.566600 loss:        1.417375
Sparsity :          0.9961
Wdecay :        0.000500
========== Epoch 278 ==========
LR =  0.0010000000000000002
Train - acc:        0.770800 loss:        0.570427
Test - acc:         0.753500 loss:        0.606690
Sparsity :          0.9961
Wdecay :        0.000500
========== Epoch 279 ==========
LR =  0.0010000000000000002
Train - acc:        0.778940 loss:        0.567285
Test - acc:         0.750800 loss:        0.637302
Sparsity :          0.9961
Wdecay :        0.000500
========== Epoch 280 ==========
LR =  0.0010000000000000002
Train - acc:        0.778880 loss:        0.562050
Test - acc:         0.743100 loss:        0.652064
Sparsity :          0.9961
Wdecay :        0.000500
========== Epoch 281 ==========
LR =  0.0010000000000000002
Train - acc:        0.780820 loss:        0.560256
Test - acc:         0.755400 loss:        0.605360
Sparsity :          0.9961
Wdecay :        0.000500
========== Epoch 282 ==========
LR =  0.0010000000000000002
Train - acc:        0.780260 loss:        0.555231
Test - acc:         0.440500 loss:        2.196207
Sparsity :          0.9961
Wdecay :        0.000500
========== Epoch 283 ==========
LR =  0.0010000000000000002
Train - acc:        0.786980 loss:        0.551372
Test - acc:         0.751000 loss:        0.615931
Sparsity :          0.9961
Wdecay :        0.000500
========== Epoch 284 ==========
LR =  0.0010000000000000002
Train - acc:        0.774520 loss:        0.549640
Test - acc:         0.744500 loss:        0.644530
Sparsity :          0.9961
Wdecay :        0.000500
========== Epoch 285 ==========
LR =  0.0010000000000000002
Train - acc:        0.780940 loss:        0.546881
Test - acc:         0.753400 loss:        0.615800
Sparsity :          0.9961
Wdecay :        0.000500
========== Epoch 286 ==========
LR =  0.0010000000000000002
Train - acc:        0.778360 loss:        0.543001
Test - acc:         0.770200 loss:        0.625626
Sparsity :          0.9961
Wdecay :        0.000500
========== Epoch 287 ==========
LR =  0.0010000000000000002
Train - acc:        0.787260 loss:        0.538534
Test - acc:         0.782500 loss:        0.573685
Sparsity :          0.9961
Wdecay :        0.000500
========== Epoch 288 ==========
LR =  0.0010000000000000002
Train - acc:        0.779320 loss:        0.537536
Test - acc:         0.757200 loss:        0.597081
Sparsity :          0.9980
Wdecay :        0.000500
========== Epoch 289 ==========
LR =  0.0010000000000000002
Train - acc:        0.395800 loss:        1.778350
Test - acc:         0.345700 loss:        2.300296
Sparsity :          0.9980
Wdecay :        0.000500
========== Epoch 290 ==========
LR =  0.0010000000000000002
Train - acc:        0.536880 loss:        1.303968
Test - acc:         0.496800 loss:        1.430373
Sparsity :          0.9980
Wdecay :        0.000500
========== Epoch 291 ==========
LR =  0.0010000000000000002
Train - acc:        0.567340 loss:        1.190431
Test - acc:         0.495400 loss:        1.366626
Sparsity :          0.9980
Wdecay :        0.000500
========== Epoch 292 ==========
LR =  0.0010000000000000002
Train - acc:        0.593440 loss:        1.136242
Test - acc:         0.534200 loss:        1.321212
Sparsity :          0.9980
Wdecay :        0.000500
========== Epoch 293 ==========
LR =  0.0010000000000000002
Train - acc:        0.599180 loss:        1.097750
Test - acc:         0.355800 loss:        2.376153
Sparsity :          0.9980
Wdecay :        0.000500
========== Epoch 294 ==========
LR =  0.0010000000000000002
Train - acc:        0.617520 loss:        1.072785
Test - acc:         0.510300 loss:        1.463558
Sparsity :          0.9980
Wdecay :        0.000500
========== Epoch 295 ==========
LR =  0.0010000000000000002
Train - acc:        0.623560 loss:        1.051535
Test - acc:         0.599100 loss:        1.077528
Sparsity :          0.9980
Wdecay :        0.000500
========== Epoch 296 ==========
LR =  0.0010000000000000002
Train - acc:        0.618060 loss:        1.033932
Test - acc:         0.564800 loss:        1.168937
Sparsity :          0.9980
Wdecay :        0.000500
========== Epoch 297 ==========
LR =  0.0010000000000000002
Train - acc:        0.631880 loss:        1.026264
Test - acc:         0.642700 loss:        1.005335
Sparsity :          0.9980
Wdecay :        0.000500
========== Epoch 298 ==========
LR =  0.0010000000000000002
Train - acc:        0.632080 loss:        1.011914
Test - acc:         0.636600 loss:        1.008829
Sparsity :          0.9980
Wdecay :        0.000500
========== Epoch 299 ==========
LR =  0.0010000000000000002
Train - acc:        0.635360 loss:        1.003197
Test - acc:         0.594300 loss:        1.144481
Sparsity :          0.9980
Wdecay :        0.000500
========== Epoch 300 ==========
LR =  0.0010000000000000002
Train - acc:        0.642140 loss:        0.986161
Test - acc:         0.612600 loss:        1.127790
Sparsity :          0.9980
Wdecay :        0.000500
========== Epoch 301 ==========
LR =  0.0010000000000000002
Train - acc:        0.644300 loss:        0.979055
Test - acc:         0.632100 loss:        1.060604
Sparsity :          0.9980
Wdecay :        0.000500
========== Epoch 302 ==========
LR =  0.0010000000000000002
Train - acc:        0.644800 loss:        0.972767
Test - acc:         0.560600 loss:        1.359038
Sparsity :          0.9980
Wdecay :        0.000500
========== Epoch 303 ==========
LR =  0.0010000000000000002
Train - acc:        0.652020 loss:        0.961234
Test - acc:         0.600600 loss:        1.122374
Sparsity :          0.9980
Wdecay :        0.000500
========== Epoch 304 ==========
LR =  0.0010000000000000002
Train - acc:        0.652280 loss:        0.960804
Test - acc:         0.619200 loss:        1.046087
Sparsity :          0.9980
Wdecay :        0.000500
========== Epoch 305 ==========
LR =  0.0010000000000000002
Train - acc:        0.653400 loss:        0.954585
Test - acc:         0.560100 loss:        1.247196
Sparsity :          0.9980
Wdecay :        0.000500
========== Epoch 306 ==========
LR =  0.0010000000000000002
Train - acc:        0.655800 loss:        0.946423
Test - acc:         0.612400 loss:        1.076438
Sparsity :          0.9980
Wdecay :        0.000500
========== Epoch 307 ==========
LR =  0.0010000000000000002
Train - acc:        0.654860 loss:        0.943629
Test - acc:         0.621200 loss:        1.038834
Sparsity :          0.9980
Wdecay :        0.000500
========== Epoch 308 ==========
LR =  0.0010000000000000002
Train - acc:        0.652920 loss:        0.942151
Test - acc:         0.629000 loss:        1.018874
Sparsity :          0.9980
Wdecay :        0.000500
========== Epoch 309 ==========
LR =  0.0010000000000000002
Train - acc:        0.655700 loss:        0.934308
Test - acc:         0.646500 loss:        0.933062
Sparsity :          0.9980
Wdecay :        0.000500
========== Epoch 310 ==========
LR =  0.0010000000000000002
Train - acc:        0.665140 loss:        0.929890
Test - acc:         0.645800 loss:        0.949201
Sparsity :          0.9980
Wdecay :        0.000500
========== Epoch 311 ==========
LR =  0.0010000000000000002
Train - acc:        0.659200 loss:        0.921220
Test - acc:         0.609200 loss:        1.091585
Sparsity :          0.9980
Wdecay :        0.000500
========== Epoch 312 ==========
LR =  0.0010000000000000002
Train - acc:        0.651840 loss:        0.924047
Test - acc:         0.657700 loss:        0.911376
Sparsity :          0.9980
Wdecay :        0.000500
========== Epoch 313 ==========
LR =  0.0010000000000000002
Train - acc:        0.663140 loss:        0.920227
Test - acc:         0.581000 loss:        1.218172
Sparsity :          0.9980
Wdecay :        0.000500
========== Epoch 314 ==========
LR =  0.0010000000000000002
Train - acc:        0.668180 loss:        0.918182
Test - acc:         0.649100 loss:        0.983017
Sparsity :          0.9980
Wdecay :        0.000500
========== Epoch 315 ==========
LR =  0.0010000000000000002
Train - acc:        0.659860 loss:        0.910459
Test - acc:         0.586400 loss:        1.159555
Sparsity :          0.9980
Wdecay :        0.000500
========== Epoch 316 ==========
LR =  0.0010000000000000002
Train - acc:        0.660660 loss:        0.905253
Test - acc:         0.681700 loss:        0.888456
Sparsity :          0.9980
Wdecay :        0.000500
========== Epoch 317 ==========
LR =  0.0010000000000000002
Train - acc:        0.671980 loss:        0.904201
Test - acc:         0.588700 loss:        1.199962
Sparsity :          0.9980
Wdecay :        0.000500
========== Epoch 318 ==========
LR =  0.0010000000000000002
Train - acc:        0.676120 loss:        0.902615
Test - acc:         0.651400 loss:        0.930952
Sparsity :          0.9980
Wdecay :        0.000500
========== Epoch 319 ==========
LR =  0.0010000000000000002
Train - acc:        0.675460 loss:        0.898185
Test - acc:         0.677400 loss:        0.909412
Sparsity :          0.9980
Wdecay :        0.000500
========== Epoch 320 ==========
LR =  0.0010000000000000002
Train - acc:        0.666460 loss:        0.899078
Test - acc:         0.626300 loss:        1.006812
Sparsity :          0.9990
Wdecay :        0.000500
========== Epoch 321 ==========
LR =  0.0010000000000000002
Train - acc:        0.250440 loss:        2.537221
Test - acc:         0.103000 loss:        5.657840
Sparsity :          0.9990
Wdecay :        0.000500
========== Epoch 322 ==========
LR =  0.0010000000000000002
Train - acc:        0.295920 loss:        2.220869
Test - acc:         0.172100 loss:        3.497358
Sparsity :          0.9990
Wdecay :        0.000500
========== Epoch 323 ==========
LR =  0.0010000000000000002
Train - acc:        0.309980 loss:        2.054420
Test - acc:         0.134600 loss:        4.571669
Sparsity :          0.9990
Wdecay :        0.000500
========== Epoch 324 ==========
LR =  0.0010000000000000002
Train - acc:        0.320060 loss:        1.943067
Test - acc:         0.102100 loss:       10.042792
Sparsity :          0.9990
Wdecay :        0.000500
========== Epoch 325 ==========
LR =  0.0010000000000000002
Train - acc:        0.336340 loss:        1.868714
Test - acc:         0.264000 loss:        2.206871
Sparsity :          0.9990
Wdecay :        0.000500
========== Epoch 326 ==========
LR =  0.0010000000000000002
Train - acc:        0.331240 loss:        1.829018
Test - acc:         0.154600 loss:        3.429992
Sparsity :          0.9990
Wdecay :        0.000500
========== Epoch 327 ==========
LR =  0.0010000000000000002
Train - acc:        0.334200 loss:        1.801663
Test - acc:         0.158800 loss:       10.735310
Sparsity :          0.9990
Wdecay :        0.000500
========== Epoch 328 ==========
LR =  0.0010000000000000002
Train - acc:        0.347660 loss:        1.779730
Test - acc:         0.109600 loss:       14.188852
Sparsity :          0.9990
Wdecay :        0.000500
========== Epoch 329 ==========
LR =  0.0010000000000000002
Train - acc:        0.352400 loss:        1.772320
Test - acc:         0.138500 loss:        7.809085
Sparsity :          0.9990
Wdecay :        0.000500
========== Epoch 330 ==========
LR =  0.0010000000000000002
Train - acc:        0.357680 loss:        1.757849
Test - acc:         0.146500 loss:        9.758952
Sparsity :          0.9990
Wdecay :        0.000500
========== Epoch 331 ==========
LR =  0.0010000000000000002
Train - acc:        0.353340 loss:        1.749605
Test - acc:         0.219100 loss:        3.038235
Sparsity :          0.9990
Wdecay :        0.000500
========== Epoch 332 ==========
LR =  0.0010000000000000002
Train - acc:        0.354220 loss:        1.745114
Test - acc:         0.241000 loss:        2.123310
Sparsity :          0.9990
Wdecay :        0.000500
========== Epoch 333 ==========
LR =  0.0010000000000000002
Train - acc:        0.353980 loss:        1.736252
Test - acc:         0.336500 loss:        1.834177
Sparsity :          0.9990
Wdecay :        0.000500
========== Epoch 334 ==========
LR =  0.0010000000000000002
Train - acc:        0.365940 loss:        1.728640
Test - acc:         0.259000 loss:        2.188985
Sparsity :          0.9990
Wdecay :        0.000500
========== Epoch 335 ==========
LR =  0.0010000000000000002
Train - acc:        0.362480 loss:        1.728900
Test - acc:         0.242800 loss:        2.264406
Sparsity :          0.9990
Wdecay :        0.000500
========== Epoch 336 ==========
LR =  0.0010000000000000002
Train - acc:        0.367820 loss:        1.718444
Test - acc:         0.290400 loss:        1.959795
Sparsity :          0.9990
Wdecay :        0.000500
========== Epoch 337 ==========
LR =  0.0010000000000000002
Train - acc:        0.362140 loss:        1.717991
Test - acc:         0.359300 loss:        1.795559
Sparsity :          0.9990
Wdecay :        0.000500
========== Epoch 338 ==========
LR =  0.0010000000000000002
Train - acc:        0.366060 loss:        1.713273
Test - acc:         0.199200 loss:        3.215674
Sparsity :          0.9990
Wdecay :        0.000500
========== Epoch 339 ==========
LR =  0.0010000000000000002
Train - acc:        0.373600 loss:        1.709103
Test - acc:         0.100000 loss:       38.860695
Sparsity :          0.9990
Wdecay :        0.000500
========== Epoch 340 ==========
LR =  0.0010000000000000002
Train - acc:        0.370860 loss:        1.703048
Test - acc:         0.236400 loss:        2.204261
Sparsity :          0.9990
Wdecay :        0.000500
========== Epoch 341 ==========
LR =  0.0010000000000000002
Train - acc:        0.368660 loss:        1.701373
Test - acc:         0.100000 loss:       26.709073
Sparsity :          0.9990
Wdecay :        0.000500
========== Epoch 342 ==========
LR =  0.0010000000000000002
Train - acc:        0.364980 loss:        1.699145
Test - acc:         0.356800 loss:        1.737489
Sparsity :          0.9990
Wdecay :        0.000500
========== Epoch 343 ==========
LR =  0.0010000000000000002
Train - acc:        0.371600 loss:        1.692716
Test - acc:         0.353000 loss:        1.837968
Sparsity :          0.9990
Wdecay :        0.000500
========== Epoch 344 ==========
LR =  0.0010000000000000002
Train - acc:        0.374620 loss:        1.693958
Test - acc:         0.100000 loss:       13.509945
Sparsity :          0.9990
Wdecay :        0.000500
========== Epoch 345 ==========
LR =  0.0010000000000000002
Train - acc:        0.377660 loss:        1.687757
Test - acc:         0.110100 loss:        6.623239
Sparsity :          0.9990
Wdecay :        0.000500
========== Epoch 346 ==========
LR =  0.0010000000000000002
Train - acc:        0.384800 loss:        1.681544
Test - acc:         0.100000 loss:       45.702168
Sparsity :          0.9990
Wdecay :        0.000500
========== Epoch 347 ==========
LR =  0.0010000000000000002
Train - acc:        0.372280 loss:        1.689106
Test - acc:         0.100000 loss:       19.360313
Sparsity :          0.9990
Wdecay :        0.000500
========== Epoch 348 ==========
LR =  0.0010000000000000002
Train - acc:        0.364980 loss:        1.682459
Test - acc:         0.100000 loss:       30.158909
Sparsity :          0.9990
Wdecay :        0.000500
========== Epoch 349 ==========
LR =  0.0010000000000000002
Train - acc:        0.376460 loss:        1.678403
Test - acc:         0.100000 loss:       44.557656
Sparsity :          0.9990
Wdecay :        0.000500
========== Epoch 350 ==========
LR =  0.0010000000000000002
Train - acc:        0.378860 loss:        1.676392
Test - acc:         0.330000 loss:        1.893400
Sparsity :          0.9990
Wdecay :        0.000500
